[
  {
    "struct name": "list_head",
    "No.fields": 2,
    "No.classified fields": 0
  }
]
[
  {
    "struct name": "device",
    "No.fields": 35,
    "No.classified fields": 0
  }
]
[
  {
    "struct name": "dma_map_ops",
    "No.fields": 16,
    "No.classified fields": 0
  }
]
[
  {
    "struct name": "kobject",
    "No.fields": 12,
    "No.classified fields": 0
  }
]
[
  {
    "struct name": "device_driver",
    "No.fields": 16,
    "No.classified fields": 0
  }
]
[
  {
    "struct name": "static_key",
    "No.fields": 3,
    "No.classified fields": 0
  }
]
[
  {
    "struct name": "spinlock",
    "No.fields": 1,
    "No.classified fields": 0
  }
]
[
  {
    "struct name": "device_node",
    "No.fields": 13,
    "No.classified fields": 0
  }
]
[
  {
    "struct name": "resource",
    "No.fields": 8,
    "No.classified fields": 0
  }
]
[
  {
    "struct name": "platform_device",
    "No.fields": 10,
    "No.classified fields": 0
  }
]
[
  {
    "struct name": "kmem_cache",
    "No.fields": 24,
    "No.classified fields": 0
  }
]
