[]
[]
[]
[]
[]
[]
[
  {
    "id": "6",
    "risky": "numeric-arith",
    "acc_path": "reg",
    "src": "https://gitlab.flux.utah.edu/xcap/xcap-capability-linux/-/blob/llvm_v4.8/drivers/base/regmap/regmap.c#L2529",
    "dst": "https://gitlab.flux.utah.edu/xcap/xcap-capability-linux/-/blob/llvm_v4.8/drivers/base/regmap/regmap.c#L1285",
    "drv caller (param)": "[ ltc2945_reg_to_val | https://gitlab.flux.utah.edu/xcap/xcap-capability-linux/-/blob/llvm_v4.8/drivers/hwmon/ltc2945.c#L84 ], ",
    "call path (param)": " [ltc2945_reg_to_val->regmap_bulk_read->regmap_raw_read->_regmap_raw_read->_regmap_select_page] ",
    "cond_num": "22",
    "isControl": "0"
  }
]
[]
[]
[
  {
    "id": "9",
    "risky": "val-sen-api (kmalloc)",
    "acc_path": "reg",
    "src": "https://gitlab.flux.utah.edu/xcap/xcap-capability-linux/-/blob/llvm_v4.8/drivers/base/regmap/regmap.c#L1906",
    "dst": "https://gitlab.flux.utah.edu/xcap/xcap-capability-linux/-/blob/llvm_v4.8/./include/linux/slab.h#L415",
    "drv caller (param)": "[ ltc2945_set_value | https://gitlab.flux.utah.edu/xcap/xcap-capability-linux/-/blob/llvm_v4.8/drivers/hwmon/ltc2945.c#L272 ], ",
    "call path (param)": " [ltc2945_set_value->regmap_bulk_write->_regmap_raw_write->kzalloc.15] ",
    "cond_num": "27",
    "isControl": "0"
  },
  {
    "id": "9",
    "risky": "numeric-arith",
    "acc_path": "reg",
    "src": "https://gitlab.flux.utah.edu/xcap/xcap-capability-linux/-/blob/llvm_v4.8/drivers/base/regmap/regmap.c#L1906",
    "dst": "https://gitlab.flux.utah.edu/xcap/xcap-capability-linux/-/blob/llvm_v4.8/./include/linux/slab.h#L421",
    "drv caller (param)": "[ ltc2945_set_value | https://gitlab.flux.utah.edu/xcap/xcap-capability-linux/-/blob/llvm_v4.8/drivers/hwmon/ltc2945.c#L272 ], ",
    "call path (param)": " [ltc2945_set_value->regmap_bulk_write->_regmap_raw_write->kzalloc.15] ",
    "cond_num": "27",
    "isControl": "0"
  },
  {
    "id": "9",
    "risky": "val-sen-branch (kmalloc)",
    "acc_path": "reg",
    "src": "https://gitlab.flux.utah.edu/xcap/xcap-capability-linux/-/blob/llvm_v4.8/drivers/base/regmap/regmap.c#L1906",
    "dst": "https://gitlab.flux.utah.edu/xcap/xcap-capability-linux/-/blob/llvm_v4.8/./include/linux/slab.h#L292",
    "drv caller (param)": "[ ltc2945_set_value | https://gitlab.flux.utah.edu/xcap/xcap-capability-linux/-/blob/llvm_v4.8/drivers/hwmon/ltc2945.c#L272 ], ",
    "call path (param)": " [ltc2945_set_value->regmap_bulk_write->_regmap_raw_write->kzalloc.15] ",
    "cond_num": "27",
    "isControl": "0"
  },
  {
    "id": "9",
    "risky": "arr-idx",
    "acc_path": "reg",
    "src": "https://gitlab.flux.utah.edu/xcap/xcap-capability-linux/-/blob/llvm_v4.8/drivers/base/regmap/regmap.c#L1906",
    "dst": "https://gitlab.flux.utah.edu/xcap/xcap-capability-linux/-/blob/llvm_v4.8/drivers/base/regmap/regmap.c#L1359",
    "drv caller (param)": "[ ltc2945_set_value | https://gitlab.flux.utah.edu/xcap/xcap-capability-linux/-/blob/llvm_v4.8/drivers/hwmon/ltc2945.c#L272 ], ",
    "call path (param)": " [ltc2945_set_value->regmap_bulk_write->_regmap_raw_write] ",
    "cond_num": "14",
    "isControl": "0"
  }
]
[]
[]
[]
