[]
[]
[]
[
  {
    "id": "33",
    "risky": "numeric-arith",
    "acc_path": "order",
    "src": "https://gitlab.flux.utah.edu/xcap/xcap-capability-linux/-/blob/llvm_v4.8/mm/page_alloc.c#L3757",
    "dst": "https://gitlab.flux.utah.edu/xcap/xcap-capability-linux/-/blob/llvm_v4.8/mm/page_alloc.c#L808",
    "drv caller (param)": "[ lo_read_transfer | https://gitlab.flux.utah.edu/xcap/xcap-capability-linux/-/blob/llvm_v4.8/drivers/block/loop.c#L410 ], ",
    "call path (param)": " [lo_read_transfer->alloc_pages_node->__alloc_pages_node->__alloc_pages->__alloc_pages_nodemask->__free_pages->free_hot_cold_page->free_one_page->__free_one_page] ",
    "cond_num": "19",
    "isControl": "0"
  },
  {
    "id": "33",
    "risky": "arr-idx",
    "acc_path": "order",
    "src": "https://gitlab.flux.utah.edu/xcap/xcap-capability-linux/-/blob/llvm_v4.8/mm/page_alloc.c#L3757",
    "dst": "https://gitlab.flux.utah.edu/xcap/xcap-capability-linux/-/blob/llvm_v4.8/mm/page_alloc.c#L860",
    "drv caller (param)": "[ lo_read_transfer | https://gitlab.flux.utah.edu/xcap/xcap-capability-linux/-/blob/llvm_v4.8/drivers/block/loop.c#L410 ], ",
    "call path (param)": " [lo_read_transfer->alloc_pages_node->__alloc_pages_node->__alloc_pages->__alloc_pages_nodemask->__free_pages->free_hot_cold_page->free_one_page->__free_one_page] ",
    "cond_num": "20",
    "isControl": "0"
  },
  {
    "id": "33",
    "risky": "val-sen-branch (memcpy)",
    "acc_path": "order",
    "src": "https://gitlab.flux.utah.edu/xcap/xcap-capability-linux/-/blob/llvm_v4.8/mm/page_alloc.c#L3757",
    "dst": "https://gitlab.flux.utah.edu/xcap/xcap-capability-linux/-/blob/llvm_v4.8/mm/page_alloc.c#L719",
    "drv caller (param)": "[ lo_read_transfer | https://gitlab.flux.utah.edu/xcap/xcap-capability-linux/-/blob/llvm_v4.8/drivers/block/loop.c#L410 ], ",
    "call path (param)": " [lo_read_transfer->alloc_pages_node->__alloc_pages_node->__alloc_pages->__alloc_pages_nodemask->__free_pages->free_hot_cold_page->free_one_page->__free_one_page->page_is_buddy] ",
    "cond_num": "20",
    "isControl": "0"
  },
  {
    "id": "33",
    "risky": "val-sen-api (memcpy)",
    "acc_path": "order",
    "src": "https://gitlab.flux.utah.edu/xcap/xcap-capability-linux/-/blob/llvm_v4.8/mm/page_alloc.c#L3757",
    "dst": "https://gitlab.flux.utah.edu/xcap/xcap-capability-linux/-/blob/llvm_v4.8/./include/linux/compiler.h#L252",
    "drv caller (param)": "[ lo_read_transfer | https://gitlab.flux.utah.edu/xcap/xcap-capability-linux/-/blob/llvm_v4.8/drivers/block/loop.c#L410 ], ",
    "call path (param)": " [lo_read_transfer->alloc_pages_node->__alloc_pages_node->__alloc_pages->__alloc_pages_nodemask->get_page_from_freelist->buffered_rmqueue->rmqueue_bulk->list_add.1059->__list_add.1060] ",
    "cond_num": "21",
    "isControl": "0"
  }
]
[
  {
    "id": "34",
    "risky": "val-sen-branch (memset)",
    "acc_path": "id",
    "src": "https://gitlab.flux.utah.edu/xcap/xcap-capability-linux/-/blob/llvm_v4.8/lib/idr.c#L563",
    "dst": "https://gitlab.flux.utah.edu/xcap/xcap-capability-linux/-/blob/llvm_v4.8/lib/idr.c#L527",
    "drv caller (param)": "[ loop_control_ioctl | https://gitlab.flux.utah.edu/xcap/xcap-capability-linux/-/blob/llvm_v4.8/drivers/block/loop.c#L1913 ], ",
    "call path (param)": " [loop_control_ioctl->idr_remove->sub_remove] ",
    "cond_num": "4",
    "isControl": "0"
  },
  {
    "id": "34",
    "risky": "numeric-arith",
    "acc_path": "id",
    "src": "https://gitlab.flux.utah.edu/xcap/xcap-capability-linux/-/blob/llvm_v4.8/lib/idr.c#L563",
    "dst": "https://gitlab.flux.utah.edu/xcap/xcap-capability-linux/-/blob/llvm_v4.8/lib/idr.c#L531",
    "drv caller (param)": "[ loop_control_ioctl | https://gitlab.flux.utah.edu/xcap/xcap-capability-linux/-/blob/llvm_v4.8/drivers/block/loop.c#L1913 ], ",
    "call path (param)": " [loop_control_ioctl->idr_remove->sub_remove] ",
    "cond_num": "7",
    "isControl": "0"
  },
  {
    "id": "34",
    "risky": "arr-idx",
    "acc_path": "id",
    "src": "https://gitlab.flux.utah.edu/xcap/xcap-capability-linux/-/blob/llvm_v4.8/lib/idr.c#L563",
    "dst": "https://gitlab.flux.utah.edu/xcap/xcap-capability-linux/-/blob/llvm_v4.8/lib/idr.c#L529",
    "drv caller (param)": "[ loop_control_ioctl | https://gitlab.flux.utah.edu/xcap/xcap-capability-linux/-/blob/llvm_v4.8/drivers/block/loop.c#L1913 ], ",
    "call path (param)": " [loop_control_ioctl->idr_remove->sub_remove] ",
    "cond_num": "5",
    "isControl": "0"
  },
  {
    "id": "34",
    "risky": "val-sen-api (memcpy)",
    "acc_path": "id",
    "src": "https://gitlab.flux.utah.edu/xcap/xcap-capability-linux/-/blob/llvm_v4.8/lib/idr.c#L563",
    "dst": "https://gitlab.flux.utah.edu/xcap/xcap-capability-linux/-/blob/llvm_v4.8/./include/linux/compiler.h#L252",
    "drv caller (param)": "[ loop_control_ioctl | https://gitlab.flux.utah.edu/xcap/xcap-capability-linux/-/blob/llvm_v4.8/drivers/block/loop.c#L1913 ], ",
    "call path (param)": " [loop_control_ioctl->idr_remove->sub_remove] ",
    "cond_num": "6",
    "isControl": "0"
  }
]
[]
[]
[
  {
    "id": "37",
    "risky": "numeric-arith",
    "acc_path": "start",
    "src": "https://gitlab.flux.utah.edu/xcap/xcap-capability-linux/-/blob/llvm_v4.8/lib/idr.c#L465",
    "dst": "https://gitlab.flux.utah.edu/xcap/xcap-capability-linux/-/blob/llvm_v4.8/lib/idr.c#L263",
    "drv caller (param)": "[ loop_add | https://gitlab.flux.utah.edu/xcap/xcap-capability-linux/-/blob/llvm_v4.8/drivers/block/loop.c#L1729 ], ",
    "call path (param)": " [loop_add->blk_mq_init_queue->blk_alloc_queue_node->ida_simple_get->ida_get_new_above->idr_get_empty_slot->sub_alloc] ",
    "cond_num": "9",
    "isControl": "0"
  },
  {
    "id": "37",
    "risky": "val-sen-branch (memcpy)",
    "acc_path": "start",
    "src": "https://gitlab.flux.utah.edu/xcap/xcap-capability-linux/-/blob/llvm_v4.8/lib/idr.c#L465",
    "dst": "https://gitlab.flux.utah.edu/xcap/xcap-capability-linux/-/blob/llvm_v4.8/lib/idr.c#L245",
    "drv caller (param)": "[ loop_add | https://gitlab.flux.utah.edu/xcap/xcap-capability-linux/-/blob/llvm_v4.8/drivers/block/loop.c#L1729 ], ",
    "call path (param)": " [loop_add->blk_mq_init_queue->blk_alloc_queue_node->ida_simple_get->ida_get_new_above->idr_get_empty_slot->sub_alloc] ",
    "cond_num": "8",
    "isControl": "0"
  }
]
[]
[
  {
    "id": "39",
    "risky": "val-sen-api (kmem_cache_alloc)",
    "acc_path": "gfp_mask",
    "src": "https://gitlab.flux.utah.edu/xcap/xcap-capability-linux/-/blob/llvm_v4.8/lib/idr.c#L465",
    "dst": "https://gitlab.flux.utah.edu/xcap/xcap-capability-linux/-/blob/llvm_v4.8/./include/linux/slab.h#L626",
    "drv caller (param)": "[ loop_add | https://gitlab.flux.utah.edu/xcap/xcap-capability-linux/-/blob/llvm_v4.8/drivers/block/loop.c#L1729 ], ",
    "call path (param)": " [loop_add->blk_mq_init_queue->blk_alloc_queue_node->ida_simple_get->ida_pre_get->__idr_pre_get->kmem_cache_zalloc.903] ",
    "cond_num": "12",
    "isControl": "0"
  }
]
[
  {
    "id": "40",
    "risky": "arr-idx",
    "acc_path": "action",
    "src": "https://gitlab.flux.utah.edu/xcap/xcap-capability-linux/-/blob/llvm_v4.8/lib/kobject_uevent.c#L374",
    "dst": "https://gitlab.flux.utah.edu/xcap/xcap-capability-linux/-/blob/llvm_v4.8/lib/kobject_uevent.c#L168",
    "drv caller (param)": "[ loop_clr_fd | https://gitlab.flux.utah.edu/xcap/xcap-capability-linux/-/blob/llvm_v4.8/drivers/block/loop.c#L1059 ], ",
    "call path (param)": " [loop_clr_fd->kobject_uevent->kobject_uevent_env] ",
    "cond_num": "0",
    "isControl": "1",
    "t_trace": "[ ACTUAL_IN || PARAMETER_INkobject_action ] -> [ FORMAL_IN || PARAMETER_INaction ] -> [ INST || PARAMETER_IN || https://gitlab.flux.utah.edu/xcap/xcap-capability-linux/-/blob/llvm_v4.8/lib/kobject_uevent.c#L168 ] -> [ INST || DATA_DEF_USE || https://gitlab.flux.utah.edu/xcap/xcap-capability-linux/-/blob/llvm_v4.8/lib/kobject_uevent.c#L168 ] -> ",
    "isTrue": "-",
    "atk_reason": "",
    "defense": ""
  }
]
[]
[]
[]
[]
[
  {
    "id": "45",
    "risky": "arr-idx",
    "acc_path": "fd",
    "src": "https://gitlab.flux.utah.edu/xcap/xcap-capability-linux/-/blob/llvm_v4.8/fs/file.c#L719",
    "dst": "https://gitlab.flux.utah.edu/xcap/xcap-capability-linux/-/blob/llvm_v4.8/./include/linux/fdtable.h#L85",
    "drv caller (param)": "[ loop_change_fd | https://gitlab.flux.utah.edu/xcap/xcap-capability-linux/-/blob/llvm_v4.8/drivers/block/loop.c#L665 ], ",
    "call path (param)": " [loop_change_fd->fget->__fget->fcheck_files->__fcheck_files] ",
    "cond_num": "2",
    "isControl": "0"
  },
  {
    "id": "45",
    "risky": "val-sen-branch (memcpy)",
    "acc_path": "fd",
    "src": "https://gitlab.flux.utah.edu/xcap/xcap-capability-linux/-/blob/llvm_v4.8/fs/file.c#L719",
    "dst": "https://gitlab.flux.utah.edu/xcap/xcap-capability-linux/-/blob/llvm_v4.8/./include/linux/fdtable.h#L84",
    "drv caller (param)": "[ loop_change_fd | https://gitlab.flux.utah.edu/xcap/xcap-capability-linux/-/blob/llvm_v4.8/drivers/block/loop.c#L665 ], ",
    "call path (param)": " [loop_change_fd->fget->__fget->fcheck_files->__fcheck_files] ",
    "cond_num": "1",
    "isControl": "0"
  },
  {
    "id": "45",
    "risky": "val-sen-api (memcpy)",
    "acc_path": "fd",
    "src": "https://gitlab.flux.utah.edu/xcap/xcap-capability-linux/-/blob/llvm_v4.8/fs/file.c#L719",
    "dst": "https://gitlab.flux.utah.edu/xcap/xcap-capability-linux/-/blob/llvm_v4.8/./include/linux/compiler.h#L220",
    "drv caller (param)": "[ loop_change_fd | https://gitlab.flux.utah.edu/xcap/xcap-capability-linux/-/blob/llvm_v4.8/drivers/block/loop.c#L665 ], ",
    "call path (param)": " [loop_change_fd->fget->__fget->fcheck_files->__fcheck_files] ",
    "cond_num": "3",
    "isControl": "0"
  }
]
[]
[]
[]
[]
[]
[]
[]
[]
[]
[]
[]
[]
[]
[]
