[
  {
    "struct name": "idr",
    "No.fields": 7,
    "No.classified fields": 0
  }
]
[
  {
    "struct name": "idr_layer",
    "No.fields": 5,
    "No.classified fields": 0
  }
]
[
  {
    "struct name": "bvec_iter",
    "No.fields": 4,
    "No.classified fields": 0
  }
]
[
  {
    "struct name": "request",
    "No.fields": 41,
    "No.classified fields": 0
  }
]
[
  {
    "struct name": "blk_mq_ops",
    "No.fields": 10,
    "No.classified fields": 3,
    "FUNC_PTR": 3
  }
]
[
  {
    "struct name": "bio_vec",
    "No.fields": 3,
    "No.classified fields": 3,
    "PTR_READ": 1,
    "PTR_WRITE": 1,
    "PTR_BUFFER": 1,
    "PTR_ARITH_BASE": 1,
    "ARR_IDX": 2,
    "NUM_ARITH": 2,
    "CONTROL_SENB_RANCH": 2,
    "SEN_API": 3
  },
  {
    "id": "3",
    "risky": "ptr-read",
    "acc_path": "bio_vec->bv_page",
    "src": "https://gitlab.flux.utah.edu/xcap/xcap-capability-linux/-/blob/llvm_v4.8/block/bio.c#L828",
    "dst": "https://gitlab.flux.utah.edu/xcap/xcap-capability-linux/-/blob/llvm_v4.8/block/bio.c#L828",
    "drv_update loc (shared field)": "[ (lo_read_transfer)https://gitlab.flux.utah.edu/xcap/xcap-capability-linux/-/blob/llvm_v4.8/drivers/block/loop.c#L381 ], [ (lo_write_transfer)https://gitlab.flux.utah.edu/xcap/xcap-capability-linux/-/blob/llvm_v4.8/drivers/block/loop.c#L323 ], ",
    "call path (type)": "",
    "cond_num": "0",
    "isControl": "1",
    "t_trace": "",
    "isTrue": "-",
    "atk_reason": "",
    "defense": ""
  },
  {
    "id": "3",
    "risky": "ptr-sen-api (memcpy)",
    "acc_path": "bio_vec->bv_page",
    "src": "https://gitlab.flux.utah.edu/xcap/xcap-capability-linux/-/blob/llvm_v4.8/lib/iov_iter.c#L377",
    "dst": "https://gitlab.flux.utah.edu/xcap/xcap-capability-linux/-/blob/llvm_v4.8/lib/iov_iter.c#L377",
    "drv_update loc (shared field)": "[ (lo_read_transfer)https://gitlab.flux.utah.edu/xcap/xcap-capability-linux/-/blob/llvm_v4.8/drivers/block/loop.c#L381 ], [ (lo_write_transfer)https://gitlab.flux.utah.edu/xcap/xcap-capability-linux/-/blob/llvm_v4.8/drivers/block/loop.c#L323 ], ",
    "call path (type)": "",
    "cond_num": "0",
    "isControl": "1",
    "t_trace": "[ INST || DATA_DEF_USE || https://gitlab.flux.utah.edu/xcap/xcap-capability-linux/-/blob/llvm_v4.8/lib/iov_iter.c#L377 ] -> ",
    "isTrue": "-",
    "atk_reason": "",
    "defense": ""
  },
  {
    "id": "3",
    "risky": "ptr-write",
    "acc_path": "bio_vec->bv_page",
    "src": "https://gitlab.flux.utah.edu/xcap/xcap-capability-linux/-/blob/llvm_v4.8/lib/iov_iter.c#L597",
    "dst": "https://gitlab.flux.utah.edu/xcap/xcap-capability-linux/-/blob/llvm_v4.8/./include/linux/compiler.h#L220",
    "drv_update loc (shared field)": "[ (lo_read_transfer)https://gitlab.flux.utah.edu/xcap/xcap-capability-linux/-/blob/llvm_v4.8/drivers/block/loop.c#L381 ], [ (lo_write_transfer)https://gitlab.flux.utah.edu/xcap/xcap-capability-linux/-/blob/llvm_v4.8/drivers/block/loop.c#L323 ], ",
    "call path (type)": "",
    "cond_num": "1",
    "isControl": "0"
  },
  {
    "id": "3",
    "risky": "ptr-sen-branch (vfree)",
    "acc_path": "bio_vec->bv_page",
    "src": "https://gitlab.flux.utah.edu/xcap/xcap-capability-linux/-/blob/llvm_v4.8/lib/iov_iter.c#L597",
    "dst": "https://gitlab.flux.utah.edu/xcap/xcap-capability-linux/-/blob/llvm_v4.8/lib/iov_iter.c#L597",
    "drv_update loc (shared field)": "[ (lo_read_transfer)https://gitlab.flux.utah.edu/xcap/xcap-capability-linux/-/blob/llvm_v4.8/drivers/block/loop.c#L381 ], [ (lo_write_transfer)https://gitlab.flux.utah.edu/xcap/xcap-capability-linux/-/blob/llvm_v4.8/drivers/block/loop.c#L323 ], ",
    "call path (type)": "",
    "cond_num": "0",
    "isControl": "1",
    "t_trace": "",
    "isTrue": "-",
    "atk_reason": "",
    "defense": ""
  },
  {
    "id": "3",
    "risky": "ptr-array",
    "acc_path": "bio_vec->bv_page",
    "src": "https://gitlab.flux.utah.edu/xcap/xcap-capability-linux/-/blob/llvm_v4.8/block/bio.c#L924",
    "dst": "https://gitlab.flux.utah.edu/xcap/xcap-capability-linux/-/blob/llvm_v4.8/./arch/x86/include/asm/bitops.h#L114",
    "drv caller (param)": "",
    "call path (param)": "",
    "drv_update loc (shared field)": "[ (lo_read_transfer)https://gitlab.flux.utah.edu/xcap/xcap-capability-linux/-/blob/llvm_v4.8/drivers/block/loop.c#L381 ], [ (lo_write_transfer)https://gitlab.flux.utah.edu/xcap/xcap-capability-linux/-/blob/llvm_v4.8/drivers/block/loop.c#L323 ], ",
    "call path (type)": " [__free_pages->free_hot_cold_page->free_pcp_prepare->ClearPageDoubleMap] ",
    "cond_num": "18",
    "isControl": "0"
  },
  {
    "id": "3",
    "risky": "ptr-arith",
    "acc_path": "bio_vec->bv_page",
    "src": "https://gitlab.flux.utah.edu/xcap/xcap-capability-linux/-/blob/llvm_v4.8/block/bio.c#L924",
    "dst": "https://gitlab.flux.utah.edu/xcap/xcap-capability-linux/-/blob/llvm_v4.8/./arch/x86/include/asm/bitops.h#L114",
    "drv caller (param)": "",
    "call path (param)": "",
    "drv_update loc (shared field)": "[ (lo_read_transfer)https://gitlab.flux.utah.edu/xcap/xcap-capability-linux/-/blob/llvm_v4.8/drivers/block/loop.c#L381 ], [ (lo_write_transfer)https://gitlab.flux.utah.edu/xcap/xcap-capability-linux/-/blob/llvm_v4.8/drivers/block/loop.c#L323 ], ",
    "call path (type)": " [__free_pages->free_hot_cold_page->free_pcp_prepare->ClearPageDoubleMap] ",
    "cond_num": "18",
    "isControl": "0"
  },
  {
    "id": "4",
    "risky": "numeric-arith",
    "acc_path": "bio_vec->bv_len",
    "src": "https://gitlab.flux.utah.edu/xcap/xcap-capability-linux/-/blob/llvm_v4.8/lib/iov_iter.c#L676",
    "dst": "https://gitlab.flux.utah.edu/xcap/xcap-capability-linux/-/blob/llvm_v4.8/lib/iov_iter.c#L676",
    "drv_update loc (shared field)": "[ (lo_read_transfer)https://gitlab.flux.utah.edu/xcap/xcap-capability-linux/-/blob/llvm_v4.8/drivers/block/loop.c#L383 ], [ (lo_write_transfer)https://gitlab.flux.utah.edu/xcap/xcap-capability-linux/-/blob/llvm_v4.8/drivers/block/loop.c#L325 ], ",
    "call path (type)": "",
    "cond_num": "3",
    "isControl": "0"
  },
  {
    "id": "4",
    "risky": "val-sen-api (copy_to_user)",
    "acc_path": "bio_vec->bv_len",
    "src": "https://gitlab.flux.utah.edu/xcap/xcap-capability-linux/-/blob/llvm_v4.8/lib/iov_iter.c#L676",
    "dst": "https://gitlab.flux.utah.edu/xcap/xcap-capability-linux/-/blob/llvm_v4.8/lib/iov_iter.c#L676",
    "drv_update loc (shared field)": "[ (lo_read_transfer)https://gitlab.flux.utah.edu/xcap/xcap-capability-linux/-/blob/llvm_v4.8/drivers/block/loop.c#L383 ], [ (lo_write_transfer)https://gitlab.flux.utah.edu/xcap/xcap-capability-linux/-/blob/llvm_v4.8/drivers/block/loop.c#L325 ], ",
    "call path (type)": "",
    "cond_num": "0",
    "isControl": "1",
    "t_trace": "[ INST || DATA_DEF_USE || https://gitlab.flux.utah.edu/xcap/xcap-capability-linux/-/blob/llvm_v4.8/lib/iov_iter.c#L676 ] -> [ INST || DATA_DEF_USE || https://gitlab.flux.utah.edu/xcap/xcap-capability-linux/-/blob/llvm_v4.8/lib/iov_iter.c#L676 ] -> [ INST || DATA_DEF_USE || https://gitlab.flux.utah.edu/xcap/xcap-capability-linux/-/blob/llvm_v4.8/lib/iov_iter.c#L676 ] -> [ INST || DATA_ST || https://gitlab.flux.utah.edu/xcap/xcap-capability-linux/-/blob/llvm_v4.8/lib/iov_iter.c#L669 |   %9 = alloca i8*, align 8 ] -> [ INST || DATA_DEF_USE || https://gitlab.flux.utah.edu/xcap/xcap-capability-linux/-/blob/llvm_v4.8/lib/iov_iter.c#L676 ] -> [ INST || DATA_DEF_USE || https://gitlab.flux.utah.edu/xcap/xcap-capability-linux/-/blob/llvm_v4.8/lib/iov_iter.c#L676 ] -> [ INST || DATA_DEF_USE || https://gitlab.flux.utah.edu/xcap/xcap-capability-linux/-/blob/llvm_v4.8/lib/iov_iter.c#L676 ] -> ",
    "isTrue": "-",
    "atk_reason": "",
    "defense": ""
  },
  {
    "id": "4",
    "risky": "arr-idx",
    "acc_path": "bio_vec->bv_len",
    "src": "https://gitlab.flux.utah.edu/xcap/xcap-capability-linux/-/blob/llvm_v4.8/lib/iov_iter.c#L676",
    "dst": "https://gitlab.flux.utah.edu/xcap/xcap-capability-linux/-/blob/llvm_v4.8/lib/iov_iter.c#L676",
    "drv_update loc (shared field)": "[ (lo_read_transfer)https://gitlab.flux.utah.edu/xcap/xcap-capability-linux/-/blob/llvm_v4.8/drivers/block/loop.c#L383 ], [ (lo_write_transfer)https://gitlab.flux.utah.edu/xcap/xcap-capability-linux/-/blob/llvm_v4.8/drivers/block/loop.c#L325 ], ",
    "call path (type)": "",
    "cond_num": "0",
    "isControl": "1",
    "t_trace": "[ INST || DATA_DEF_USE || https://gitlab.flux.utah.edu/xcap/xcap-capability-linux/-/blob/llvm_v4.8/lib/iov_iter.c#L676 ] -> [ INST || DATA_DEF_USE || https://gitlab.flux.utah.edu/xcap/xcap-capability-linux/-/blob/llvm_v4.8/lib/iov_iter.c#L676 ] -> ",
    "isTrue": "-",
    "atk_reason": "",
    "defense": ""
  },
  {
    "id": "4",
    "risky": "val-sen-branch (memcpy)",
    "acc_path": "bio_vec->bv_len",
    "src": "https://gitlab.flux.utah.edu/xcap/xcap-capability-linux/-/blob/llvm_v4.8/lib/iov_iter.c#L377",
    "dst": "https://gitlab.flux.utah.edu/xcap/xcap-capability-linux/-/blob/llvm_v4.8/lib/iov_iter.c#L341",
    "drv_update loc (shared field)": "[ (lo_read_transfer)https://gitlab.flux.utah.edu/xcap/xcap-capability-linux/-/blob/llvm_v4.8/drivers/block/loop.c#L383 ], [ (lo_write_transfer)https://gitlab.flux.utah.edu/xcap/xcap-capability-linux/-/blob/llvm_v4.8/drivers/block/loop.c#L325 ], ",
    "call path (type)": "",
    "cond_num": "1",
    "isControl": "0"
  },
  {
    "id": "5",
    "risky": "numeric-arith",
    "acc_path": "bio_vec->bv_offset",
    "src": "https://gitlab.flux.utah.edu/xcap/xcap-capability-linux/-/blob/llvm_v4.8/block/bio.c#L829",
    "dst": "https://gitlab.flux.utah.edu/xcap/xcap-capability-linux/-/blob/llvm_v4.8/block/bio.c#L829",
    "drv_update loc (shared field)": "[ (lo_read_transfer)https://gitlab.flux.utah.edu/xcap/xcap-capability-linux/-/blob/llvm_v4.8/drivers/block/loop.c#L382 ], [ (lo_write_transfer)https://gitlab.flux.utah.edu/xcap/xcap-capability-linux/-/blob/llvm_v4.8/drivers/block/loop.c#L324 ], ",
    "call path (type)": "",
    "cond_num": "0",
    "isControl": "1",
    "t_trace": "[ INST || DATA_DEF_USE || https://gitlab.flux.utah.edu/xcap/xcap-capability-linux/-/blob/llvm_v4.8/block/bio.c#L829 ] -> ",
    "isTrue": "-",
    "atk_reason": "",
    "defense": ""
  },
  {
    "id": "5",
    "risky": "val-sen-api (memcpy)",
    "acc_path": "bio_vec->bv_offset",
    "src": "https://gitlab.flux.utah.edu/xcap/xcap-capability-linux/-/blob/llvm_v4.8/block/bio.c#L980",
    "dst": "https://gitlab.flux.utah.edu/xcap/xcap-capability-linux/-/blob/llvm_v4.8/block/bio.c#L980",
    "drv_update loc (shared field)": "[ (lo_read_transfer)https://gitlab.flux.utah.edu/xcap/xcap-capability-linux/-/blob/llvm_v4.8/drivers/block/loop.c#L382 ], [ (lo_write_transfer)https://gitlab.flux.utah.edu/xcap/xcap-capability-linux/-/blob/llvm_v4.8/drivers/block/loop.c#L324 ], ",
    "call path (type)": "",
    "cond_num": "0",
    "isControl": "1",
    "t_trace": "[ INST || DATA_DEF_USE || https://gitlab.flux.utah.edu/xcap/xcap-capability-linux/-/blob/llvm_v4.8/block/bio.c#L980 ] -> [ INST || DATA_DEF_USE || https://gitlab.flux.utah.edu/xcap/xcap-capability-linux/-/blob/llvm_v4.8/block/bio.c#L980 ] -> [ INST || DATA_DEF_USE || https://gitlab.flux.utah.edu/xcap/xcap-capability-linux/-/blob/llvm_v4.8/block/bio.c#L980 ] -> ",
    "isTrue": "-",
    "atk_reason": "",
    "defense": ""
  },
  {
    "id": "5",
    "risky": "arr-idx",
    "acc_path": "bio_vec->bv_offset",
    "src": "https://gitlab.flux.utah.edu/xcap/xcap-capability-linux/-/blob/llvm_v4.8/block/bio.c#L980",
    "dst": "https://gitlab.flux.utah.edu/xcap/xcap-capability-linux/-/blob/llvm_v4.8/block/bio.c#L980",
    "drv_update loc (shared field)": "[ (lo_read_transfer)https://gitlab.flux.utah.edu/xcap/xcap-capability-linux/-/blob/llvm_v4.8/drivers/block/loop.c#L382 ], [ (lo_write_transfer)https://gitlab.flux.utah.edu/xcap/xcap-capability-linux/-/blob/llvm_v4.8/drivers/block/loop.c#L324 ], ",
    "call path (type)": "",
    "cond_num": "0",
    "isControl": "1",
    "t_trace": "[ INST || DATA_DEF_USE || https://gitlab.flux.utah.edu/xcap/xcap-capability-linux/-/blob/llvm_v4.8/block/bio.c#L980 ] -> [ INST || DATA_DEF_USE || https://gitlab.flux.utah.edu/xcap/xcap-capability-linux/-/blob/llvm_v4.8/block/bio.c#L980 ] -> ",
    "isTrue": "-",
    "atk_reason": "",
    "defense": ""
  }
]
[
  {
    "struct name": "bio",
    "No.fields": 22,
    "No.classified fields": 0
  }
]
[
  {
    "struct name": "blk_mq_tag_set",
    "No.fields": 12,
    "No.classified fields": 7,
    "PTR_READ": 2,
    "ARR_IDX": 1,
    "NUM_ARITH": 2,
    "CONTROL_SENB_RANCH": 3,
    "SEN_API": 2,
    "UNCLASSIFY": 1
  },
  {
    "id": "6",
    "risky": "ptr-read",
    "acc_path": "blk_mq_tag_set->ops",
    "src": "https://gitlab.flux.utah.edu/xcap/xcap-capability-linux/-/blob/llvm_v4.8/block/blk-mq.c#L1785",
    "dst": "https://gitlab.flux.utah.edu/xcap/xcap-capability-linux/-/blob/llvm_v4.8/block/blk-mq.c#L1785",
    "drv caller (param)": "",
    "call path (param)": "",
    "drv_update loc (shared field)": "[ (loop_add)https://gitlab.flux.utah.edu/xcap/xcap-capability-linux/-/blob/llvm_v4.8/drivers/block/loop.c#L1736 ], ",
    "call path (type)": " [blk_mq_init_queue->blk_mq_init_allocated_queue->blk_mq_realloc_hw_ctxs->blk_mq_init_hctx] ",
    "cond_num": "0",
    "isControl": "1",
    "t_trace": "[ INST || DATA_DEF_USE || https://gitlab.flux.utah.edu/xcap/xcap-capability-linux/-/blob/llvm_v4.8/block/blk-mq.c#L1785 ] -> [ INST || DATA_DEF_USE || https://gitlab.flux.utah.edu/xcap/xcap-capability-linux/-/blob/llvm_v4.8/block/blk-mq.c#L1785 ] -> ",
    "isTrue": "-",
    "atk_reason": "",
    "defense": ""
  },
  {
    "id": "6",
    "risky": "ptr-sen-branch (kzalloc)",
    "acc_path": "blk_mq_tag_set->ops",
    "src": "https://gitlab.flux.utah.edu/xcap/xcap-capability-linux/-/blob/llvm_v4.8/block/blk-mq.c#L2325",
    "dst": "https://gitlab.flux.utah.edu/xcap/xcap-capability-linux/-/blob/llvm_v4.8/block/blk-mq.c#L2325",
    "drv caller (param)": "[ loop_add | https://gitlab.flux.utah.edu/xcap/xcap-capability-linux/-/blob/llvm_v4.8/drivers/block/loop.c#L1744 ], ",
    "call path (param)": " [loop_add->blk_mq_alloc_tag_set] ",
    "drv_update loc (shared field)": "[ (loop_add)https://gitlab.flux.utah.edu/xcap/xcap-capability-linux/-/blob/llvm_v4.8/drivers/block/loop.c#L1736 ], ",
    "call path (type)": " [blk_mq_alloc_tag_set] ",
    "cond_num": "0",
    "isControl": "1",
    "t_trace": "[ INST || DATA_DEF_USE || https://gitlab.flux.utah.edu/xcap/xcap-capability-linux/-/blob/llvm_v4.8/block/blk-mq.c#L2325 ] -> [ INST || DATA_DEF_USE || https://gitlab.flux.utah.edu/xcap/xcap-capability-linux/-/blob/llvm_v4.8/block/blk-mq.c#L2325 ] -> [ INST || DATA_DEF_USE || https://gitlab.flux.utah.edu/xcap/xcap-capability-linux/-/blob/llvm_v4.8/block/blk-mq.c#L2325 ] -> ",
    "isTrue": "-",
    "atk_reason": "",
    "defense": ""
  },
  {
    "id": "7",
    "risky": "val-sen-branch (kfree)",
    "acc_path": "blk_mq_tag_set->nr_hw_queues",
    "src": "https://gitlab.flux.utah.edu/xcap/xcap-capability-linux/-/blob/llvm_v4.8/block/blk-mq.c#L2318",
    "dst": "https://gitlab.flux.utah.edu/xcap/xcap-capability-linux/-/blob/llvm_v4.8/block/blk-mq.c#L2318",
    "drv caller (param)": "[ loop_add | https://gitlab.flux.utah.edu/xcap/xcap-capability-linux/-/blob/llvm_v4.8/drivers/block/loop.c#L1744 ], ",
    "call path (param)": " [loop_add->blk_mq_alloc_tag_set] ",
    "drv_update loc (shared field)": "[ (loop_add)https://gitlab.flux.utah.edu/xcap/xcap-capability-linux/-/blob/llvm_v4.8/drivers/block/loop.c#L1737 ], ",
    "call path (type)": " [blk_mq_alloc_tag_set] ",
    "cond_num": "0",
    "isControl": "1",
    "t_trace": "[ INST || DATA_DEF_USE || https://gitlab.flux.utah.edu/xcap/xcap-capability-linux/-/blob/llvm_v4.8/block/blk-mq.c#L2318 ] -> ",
    "isTrue": "-",
    "atk_reason": "",
    "defense": ""
  },
  {
    "id": "8",
    "risky": "numeric-arith",
    "acc_path": "blk_mq_tag_set->queue_depth",
    "src": "https://gitlab.flux.utah.edu/xcap/xcap-capability-linux/-/blob/llvm_v4.8/block/blk-mq.c#L1549",
    "dst": "https://gitlab.flux.utah.edu/xcap/xcap-capability-linux/-/blob/llvm_v4.8/block/blk-mq.c#L1549",
    "drv caller (param)": "",
    "call path (param)": "",
    "drv_update loc (shared field)": "[ (loop_add)https://gitlab.flux.utah.edu/xcap/xcap-capability-linux/-/blob/llvm_v4.8/drivers/block/loop.c#L1738 ], ",
    "call path (type)": " [blk_mq_alloc_tag_set->blk_mq_alloc_rq_maps->__blk_mq_alloc_rq_maps->blk_mq_init_rq_map] ",
    "cond_num": "0",
    "isControl": "1",
    "t_trace": "[ INST || DATA_DEF_USE || https://gitlab.flux.utah.edu/xcap/xcap-capability-linux/-/blob/llvm_v4.8/block/blk-mq.c#L1549 ] -> [ INST || DATA_DEF_USE || https://gitlab.flux.utah.edu/xcap/xcap-capability-linux/-/blob/llvm_v4.8/block/blk-mq.c#L1549 ] -> ",
    "isTrue": "-",
    "atk_reason": "",
    "defense": ""
  },
  {
    "id": "8",
    "risky": "val-sen-branch (kfree)",
    "acc_path": "blk_mq_tag_set->queue_depth",
    "src": "https://gitlab.flux.utah.edu/xcap/xcap-capability-linux/-/blob/llvm_v4.8/block/blk-mq.c#L2322",
    "dst": "https://gitlab.flux.utah.edu/xcap/xcap-capability-linux/-/blob/llvm_v4.8/block/blk-mq.c#L2322",
    "drv caller (param)": "[ loop_add | https://gitlab.flux.utah.edu/xcap/xcap-capability-linux/-/blob/llvm_v4.8/drivers/block/loop.c#L1744 ], ",
    "call path (param)": " [loop_add->blk_mq_alloc_tag_set] ",
    "drv_update loc (shared field)": "[ (loop_add)https://gitlab.flux.utah.edu/xcap/xcap-capability-linux/-/blob/llvm_v4.8/drivers/block/loop.c#L1738 ], ",
    "call path (type)": " [blk_mq_alloc_tag_set] ",
    "cond_num": "0",
    "isControl": "1",
    "t_trace": "[ INST || DATA_DEF_USE || https://gitlab.flux.utah.edu/xcap/xcap-capability-linux/-/blob/llvm_v4.8/block/blk-mq.c#L2322 ] -> ",
    "isTrue": "-",
    "atk_reason": "",
    "defense": ""
  },
  {
    "id": "8",
    "risky": "val-sen-api (kmalloc)",
    "acc_path": "blk_mq_tag_set->queue_depth",
    "src": "https://gitlab.flux.utah.edu/xcap/xcap-capability-linux/-/blob/llvm_v4.8/block/blk-mq.c#L1535",
    "dst": "https://gitlab.flux.utah.edu/xcap/xcap-capability-linux/-/blob/llvm_v4.8/./include/linux/slab.h#L402",
    "drv caller (param)": "",
    "call path (param)": "",
    "drv_update loc (shared field)": "[ (loop_add)https://gitlab.flux.utah.edu/xcap/xcap-capability-linux/-/blob/llvm_v4.8/drivers/block/loop.c#L1738 ], ",
    "call path (type)": " [blk_mq_alloc_tag_set->kzalloc_node] ",
    "cond_num": "6",
    "isControl": "0"
  },
  {
    "id": "9",
    "risky": "numeric-arith",
    "acc_path": "blk_mq_tag_set->cmd_size",
    "src": "https://gitlab.flux.utah.edu/xcap/xcap-capability-linux/-/blob/llvm_v4.8/block/blk-mq.c#L1547",
    "dst": "https://gitlab.flux.utah.edu/xcap/xcap-capability-linux/-/blob/llvm_v4.8/block/blk-mq.c#L1586",
    "drv caller (param)": "",
    "call path (param)": "",
    "drv_update loc (shared field)": "[ (loop_add)https://gitlab.flux.utah.edu/xcap/xcap-capability-linux/-/blob/llvm_v4.8/drivers/block/loop.c#L1740 ], ",
    "call path (type)": " [blk_mq_alloc_tag_set->blk_mq_alloc_rq_maps->__blk_mq_alloc_rq_maps->blk_mq_init_rq_map] ",
    "cond_num": "6",
    "isControl": "0"
  },
  {
    "id": "9",
    "risky": "arr-idx",
    "acc_path": "blk_mq_tag_set->cmd_size",
    "src": "https://gitlab.flux.utah.edu/xcap/xcap-capability-linux/-/blob/llvm_v4.8/block/blk-mq.c#L1547",
    "dst": "https://gitlab.flux.utah.edu/xcap/xcap-capability-linux/-/blob/llvm_v4.8/block/blk-mq.c#L1598",
    "drv caller (param)": "",
    "call path (param)": "",
    "drv_update loc (shared field)": "[ (loop_add)https://gitlab.flux.utah.edu/xcap/xcap-capability-linux/-/blob/llvm_v4.8/drivers/block/loop.c#L1740 ], ",
    "call path (type)": " [blk_mq_alloc_tag_set->blk_mq_alloc_rq_maps->__blk_mq_alloc_rq_maps->blk_mq_init_rq_map] ",
    "cond_num": "9",
    "isControl": "0"
  },
  {
    "id": "10",
    "risky": "val-sen-api (kzalloc)",
    "acc_path": "blk_mq_tag_set->numa_node",
    "src": "https://gitlab.flux.utah.edu/xcap/xcap-capability-linux/-/blob/llvm_v4.8/block/blk-mq.c#L2350",
    "dst": "https://gitlab.flux.utah.edu/xcap/xcap-capability-linux/-/blob/llvm_v4.8/block/blk-mq.c#L2350",
    "drv caller (param)": "[ loop_add | https://gitlab.flux.utah.edu/xcap/xcap-capability-linux/-/blob/llvm_v4.8/drivers/block/loop.c#L1744 ], ",
    "call path (param)": " [loop_add->blk_mq_alloc_tag_set] ",
    "drv_update loc (shared field)": "[ (loop_add)https://gitlab.flux.utah.edu/xcap/xcap-capability-linux/-/blob/llvm_v4.8/drivers/block/loop.c#L1739 ], ",
    "call path (type)": " [blk_mq_alloc_tag_set] ",
    "cond_num": "0",
    "isControl": "1",
    "t_trace": "[ INST || DATA_DEF_USE || https://gitlab.flux.utah.edu/xcap/xcap-capability-linux/-/blob/llvm_v4.8/block/blk-mq.c#L2350 ] -> ",
    "isTrue": "-",
    "atk_reason": "",
    "defense": ""
  },
  {
    "id": "12",
    "risky": "ptr-read",
    "acc_path": "blk_mq_tag_set->driver_data",
    "src": "https://gitlab.flux.utah.edu/xcap/xcap-capability-linux/-/blob/llvm_v4.8/block/blk-mq.c#L1774",
    "dst": "https://gitlab.flux.utah.edu/xcap/xcap-capability-linux/-/blob/llvm_v4.8/block/blk-mq.c#L1774",
    "drv caller (param)": "",
    "call path (param)": "",
    "drv_update loc (shared field)": "[ (loop_add)https://gitlab.flux.utah.edu/xcap/xcap-capability-linux/-/blob/llvm_v4.8/drivers/block/loop.c#L1742 ], ",
    "call path (type)": " [blk_mq_init_queue->blk_mq_init_allocated_queue->blk_mq_realloc_hw_ctxs->blk_mq_init_hctx] ",
    "cond_num": "0",
    "isControl": "1",
    "t_trace": "",
    "isTrue": "-",
    "atk_reason": "",
    "defense": ""
  }
]
[
  {
    "struct name": "blk_mq_hw_ctx",
    "No.fields": 26,
    "No.classified fields": 0
  }
]
[
  {
    "struct name": "blk_mq_queue_data",
    "No.fields": 3,
    "No.classified fields": 0
  }
]
[
  {
    "struct name": "queue_limits",
    "No.fields": 25,
    "No.classified fields": 3,
    "NUM_ARITH": 2,
    "UNCLASSIFY": 1
  },
  {
    "id": "13",
    "risky": "numeric-arith",
    "acc_path": "queue_limits->discard_granularity",
    "src": "https://gitlab.flux.utah.edu/xcap/xcap-capability-linux/-/blob/llvm_v4.8/block/blk-settings.c#L615",
    "dst": "https://gitlab.flux.utah.edu/xcap/xcap-capability-linux/-/blob/llvm_v4.8/block/blk-settings.c#L615",
    "drv caller (param)": "",
    "call path (param)": "",
    "drv_update loc (shared field)": "[ (loop_config_discard)https://gitlab.flux.utah.edu/xcap/xcap-capability-linux/-/blob/llvm_v4.8/drivers/block/loop.c#L834 ], [ (loop_config_discard)https://gitlab.flux.utah.edu/xcap/xcap-capability-linux/-/blob/llvm_v4.8/drivers/block/loop.c#L826 ], ",
    "call path (type)": "",
    "cond_num": "0",
    "isControl": "1",
    "t_trace": "[ INST || DATA_DEF_USE || https://gitlab.flux.utah.edu/xcap/xcap-capability-linux/-/blob/llvm_v4.8/block/blk-settings.c#L615 ] -> ",
    "isTrue": "-",
    "atk_reason": "",
    "defense": ""
  },
  {
    "id": "14",
    "risky": "numeric-arith",
    "acc_path": "queue_limits->discard_alignment",
    "src": "https://gitlab.flux.utah.edu/xcap/xcap-capability-linux/-/blob/llvm_v4.8/block/blk-settings.c#L615",
    "dst": "https://gitlab.flux.utah.edu/xcap/xcap-capability-linux/-/blob/llvm_v4.8/block/blk-settings.c#L615",
    "drv caller (param)": "",
    "call path (param)": "",
    "drv_update loc (shared field)": "[ (loop_config_discard)https://gitlab.flux.utah.edu/xcap/xcap-capability-linux/-/blob/llvm_v4.8/drivers/block/loop.c#L827 ], [ (loop_config_discard)https://gitlab.flux.utah.edu/xcap/xcap-capability-linux/-/blob/llvm_v4.8/drivers/block/loop.c#L835 ], ",
    "call path (type)": "",
    "cond_num": "0",
    "isControl": "1",
    "t_trace": "[ INST || DATA_DEF_USE || https://gitlab.flux.utah.edu/xcap/xcap-capability-linux/-/blob/llvm_v4.8/block/blk-settings.c#L615 ] -> ",
    "isTrue": "-",
    "atk_reason": "",
    "defense": ""
  }
]
[
  {
    "struct name": "kobject",
    "No.fields": 12,
    "No.classified fields": 0
  }
]
[
  {
    "struct name": "device_attribute",
    "No.fields": 3,
    "No.classified fields": 0
  }
]
[
  {
    "struct name": "device",
    "No.fields": 33,
    "No.classified fields": 0
  }
]
[
  {
    "struct name": "hd_struct",
    "No.fields": 15,
    "No.classified fields": 0
  }
]
[
  {
    "struct name": "module",
    "No.fields": 46,
    "No.classified fields": 0
  }
]
[
  {
    "struct name": "request_queue",
    "No.fields": 77,
    "No.classified fields": 0
  }
]
[
  {
    "struct name": "block_device_operations",
    "No.fields": 14,
    "No.classified fields": 3,
    "FUNC_PTR": 3
  }
]
[
  {
    "struct name": "gendisk",
    "No.fields": 20,
    "No.classified fields": 5,
    "PTR_READ": 2,
    "PTR_WRITE": 2,
    "PTR_BUFFER": 1,
    "PTR_ARITH_BASE": 1,
    "NUM_ARITH": 2,
    "CONTROL_SENB_RANCH": 1,
    "SEN_API": 1,
    "UNCLASSIFY": 1
  },
  {
    "id": "19",
    "risky": "numeric-arith",
    "acc_path": "gendisk->major",
    "src": "https://gitlab.flux.utah.edu/xcap/xcap-capability-linux/-/blob/llvm_v4.8/block/genhd.c#L420",
    "dst": "https://gitlab.flux.utah.edu/xcap/xcap-capability-linux/-/blob/llvm_v4.8/block/genhd.c#L420",
    "drv_update loc (shared field)": "[ (loop_add)https://gitlab.flux.utah.edu/xcap/xcap-capability-linux/-/blob/llvm_v4.8/drivers/block/loop.c#L1791 ], ",
    "call path (type)": "",
    "cond_num": "0",
    "isControl": "1",
    "t_trace": "[ INST || DATA_DEF_USE || https://gitlab.flux.utah.edu/xcap/xcap-capability-linux/-/blob/llvm_v4.8/block/genhd.c#L420 ] -> ",
    "isTrue": "-",
    "atk_reason": "",
    "defense": ""
  },
  {
    "id": "20",
    "risky": "numeric-arith",
    "acc_path": "gendisk->first_minor",
    "src": "https://gitlab.flux.utah.edu/xcap/xcap-capability-linux/-/blob/llvm_v4.8/block/genhd.c#L420",
    "dst": "https://gitlab.flux.utah.edu/xcap/xcap-capability-linux/-/blob/llvm_v4.8/block/genhd.c#L420",
    "drv_update loc (shared field)": "[ (loop_add)https://gitlab.flux.utah.edu/xcap/xcap-capability-linux/-/blob/llvm_v4.8/drivers/block/loop.c#L1792 ], ",
    "call path (type)": "",
    "cond_num": "0",
    "isControl": "1",
    "t_trace": "[ INST || DATA_DEF_USE || https://gitlab.flux.utah.edu/xcap/xcap-capability-linux/-/blob/llvm_v4.8/block/genhd.c#L420 ] -> ",
    "isTrue": "-",
    "atk_reason": "",
    "defense": ""
  },
  {
    "id": "21",
    "risky": "ptr-sen-branch (copy_to_user)",
    "acc_path": "gendisk->fops",
    "src": "https://gitlab.flux.utah.edu/xcap/xcap-capability-linux/-/blob/llvm_v4.8/block/ioctl.c#L451",
    "dst": "https://gitlab.flux.utah.edu/xcap/xcap-capability-linux/-/blob/llvm_v4.8/block/ioctl.c#L451",
    "drv caller (param)": "",
    "call path (param)": "",
    "drv_update loc (shared field)": "[ (loop_add)https://gitlab.flux.utah.edu/xcap/xcap-capability-linux/-/blob/llvm_v4.8/drivers/block/loop.c#L1793 ], ",
    "call path (type)": "",
    "cond_num": "0",
    "isControl": "1",
    "t_trace": "[ INST || DATA_DEF_USE || https://gitlab.flux.utah.edu/xcap/xcap-capability-linux/-/blob/llvm_v4.8/block/ioctl.c#L451 ] -> [ INST || DATA_DEF_USE || https://gitlab.flux.utah.edu/xcap/xcap-capability-linux/-/blob/llvm_v4.8/block/ioctl.c#L451 ] -> [ INST || DATA_DEF_USE || https://gitlab.flux.utah.edu/xcap/xcap-capability-linux/-/blob/llvm_v4.8/block/ioctl.c#L451 ] -> ",
    "isTrue": "-",
    "atk_reason": "",
    "defense": ""
  },
  {
    "id": "21",
    "risky": "ptr-read",
    "acc_path": "gendisk->fops",
    "src": "https://gitlab.flux.utah.edu/xcap/xcap-capability-linux/-/blob/llvm_v4.8/block/ioctl.c#L451",
    "dst": "https://gitlab.flux.utah.edu/xcap/xcap-capability-linux/-/blob/llvm_v4.8/block/ioctl.c#L451",
    "drv caller (param)": "",
    "call path (param)": "",
    "drv_update loc (shared field)": "[ (loop_add)https://gitlab.flux.utah.edu/xcap/xcap-capability-linux/-/blob/llvm_v4.8/drivers/block/loop.c#L1793 ], ",
    "call path (type)": "",
    "cond_num": "0",
    "isControl": "1",
    "t_trace": "[ INST || DATA_DEF_USE || https://gitlab.flux.utah.edu/xcap/xcap-capability-linux/-/blob/llvm_v4.8/block/ioctl.c#L451 ] -> [ INST || DATA_DEF_USE || https://gitlab.flux.utah.edu/xcap/xcap-capability-linux/-/blob/llvm_v4.8/block/ioctl.c#L451 ] -> ",
    "isTrue": "-",
    "atk_reason": "",
    "defense": ""
  },
  {
    "id": "21",
    "risky": "ptr-write",
    "acc_path": "gendisk->fops",
    "src": "https://gitlab.flux.utah.edu/xcap/xcap-capability-linux/-/blob/llvm_v4.8/block/ioctl.c#L302",
    "dst": "https://gitlab.flux.utah.edu/xcap/xcap-capability-linux/-/blob/llvm_v4.8/block/ioctl.c#L299 |   %10 = alloca %struct.pr_ops*, align 8",
    "drv caller (param)": "",
    "call path (param)": "",
    "drv_update loc (shared field)": "[ (loop_add)https://gitlab.flux.utah.edu/xcap/xcap-capability-linux/-/blob/llvm_v4.8/drivers/block/loop.c#L1793 ], ",
    "call path (type)": "",
    "cond_num": "0",
    "isControl": "1",
    "t_trace": "[ INST || DATA_DEF_USE || https://gitlab.flux.utah.edu/xcap/xcap-capability-linux/-/blob/llvm_v4.8/block/ioctl.c#L302 ] -> [ INST || DATA_DEF_USE || https://gitlab.flux.utah.edu/xcap/xcap-capability-linux/-/blob/llvm_v4.8/block/ioctl.c#L302 ] -> [ INST || DATA_DEF_USE || https://gitlab.flux.utah.edu/xcap/xcap-capability-linux/-/blob/llvm_v4.8/block/ioctl.c#L302 ] -> [ INST || DATA_ST || https://gitlab.flux.utah.edu/xcap/xcap-capability-linux/-/blob/llvm_v4.8/block/ioctl.c#L299 |   %10 = alloca %struct.pr_ops*, align 8 ] -> ",
    "isTrue": "-",
    "atk_reason": "",
    "defense": ""
  },
  {
    "id": "22",
    "risky": "ptr-read",
    "acc_path": "gendisk->queue",
    "src": "https://gitlab.flux.utah.edu/xcap/xcap-capability-linux/-/blob/llvm_v4.8/block/genhd.c#L616",
    "dst": "https://gitlab.flux.utah.edu/xcap/xcap-capability-linux/-/blob/llvm_v4.8/block/genhd.c#L630",
    "drv caller (param)": "",
    "call path (param)": "",
    "drv_update loc (shared field)": "[ (loop_config_discard)https://gitlab.flux.utah.edu/xcap/xcap-capability-linux/-/blob/llvm_v4.8/drivers/block/loop.c#L812 |   %5 = alloca %struct.request_queue*, align 8 ], [ (loop_add)https://gitlab.flux.utah.edu/xcap/xcap-capability-linux/-/blob/llvm_v4.8/drivers/block/loop.c#L1795 ], [ (loop_add)https://gitlab.flux.utah.edu/xcap/xcap-capability-linux/-/blob/llvm_v4.8/drivers/block/loop.c#L1748 ], ",
    "call path (type)": "",
    "cond_num": "3",
    "isControl": "0"
  },
  {
    "id": "22",
    "risky": "ptr-array",
    "acc_path": "gendisk->queue",
    "src": "https://gitlab.flux.utah.edu/xcap/xcap-capability-linux/-/blob/llvm_v4.8/block/genhd.c#L628",
    "dst": "https://gitlab.flux.utah.edu/xcap/xcap-capability-linux/-/blob/llvm_v4.8/./arch/x86/include/asm/bitops.h#L311",
    "drv caller (param)": "",
    "call path (param)": "",
    "drv_update loc (shared field)": "[ (loop_config_discard)https://gitlab.flux.utah.edu/xcap/xcap-capability-linux/-/blob/llvm_v4.8/drivers/block/loop.c#L812 |   %5 = alloca %struct.request_queue*, align 8 ], [ (loop_add)https://gitlab.flux.utah.edu/xcap/xcap-capability-linux/-/blob/llvm_v4.8/drivers/block/loop.c#L1795 ], [ (loop_add)https://gitlab.flux.utah.edu/xcap/xcap-capability-linux/-/blob/llvm_v4.8/drivers/block/loop.c#L1748 ], ",
    "call path (type)": "",
    "cond_num": "0",
    "isControl": "1",
    "t_trace": "[ INST || DATA_DEF_USE || https://gitlab.flux.utah.edu/xcap/xcap-capability-linux/-/blob/llvm_v4.8/block/genhd.c#L628 ] -> [ ACTUAL_IN || PARAMETER_IN ] -> [ FORMAL_IN || PARAMETER_INq ] -> [ INST || PARAMETER_IN || https://gitlab.flux.utah.edu/xcap/xcap-capability-linux/-/blob/llvm_v4.8/block/blk-core.c#L891 ] -> [ INST || DATA_DEF_USE || https://gitlab.flux.utah.edu/xcap/xcap-capability-linux/-/blob/llvm_v4.8/block/blk-core.c#L891 ] -> [ INST || DATA_ST || https://gitlab.flux.utah.edu/xcap/xcap-capability-linux/-/blob/llvm_v4.8/block/blk-core.c#L889 |   %3 = alloca i64*, align 8 ] -> [ INST || DATA_DEF_USE || https://gitlab.flux.utah.edu/xcap/xcap-capability-linux/-/blob/llvm_v4.8/./arch/x86/include/asm/bitops.h#L311 ] -> ",
    "isTrue": "-",
    "atk_reason": "",
    "defense": ""
  },
  {
    "id": "22",
    "risky": "ptr-arith",
    "acc_path": "gendisk->queue",
    "src": "https://gitlab.flux.utah.edu/xcap/xcap-capability-linux/-/blob/llvm_v4.8/block/genhd.c#L628",
    "dst": "https://gitlab.flux.utah.edu/xcap/xcap-capability-linux/-/blob/llvm_v4.8/./arch/x86/include/asm/bitops.h#L311",
    "drv caller (param)": "",
    "call path (param)": "",
    "drv_update loc (shared field)": "[ (loop_config_discard)https://gitlab.flux.utah.edu/xcap/xcap-capability-linux/-/blob/llvm_v4.8/drivers/block/loop.c#L812 |   %5 = alloca %struct.request_queue*, align 8 ], [ (loop_add)https://gitlab.flux.utah.edu/xcap/xcap-capability-linux/-/blob/llvm_v4.8/drivers/block/loop.c#L1795 ], [ (loop_add)https://gitlab.flux.utah.edu/xcap/xcap-capability-linux/-/blob/llvm_v4.8/drivers/block/loop.c#L1748 ], ",
    "call path (type)": "",
    "cond_num": "0",
    "isControl": "1",
    "t_trace": "[ INST || DATA_DEF_USE || https://gitlab.flux.utah.edu/xcap/xcap-capability-linux/-/blob/llvm_v4.8/block/genhd.c#L628 ] -> [ ACTUAL_IN || PARAMETER_IN ] -> [ FORMAL_IN || PARAMETER_INq ] -> [ INST || PARAMETER_IN || https://gitlab.flux.utah.edu/xcap/xcap-capability-linux/-/blob/llvm_v4.8/block/blk-core.c#L891 ] -> [ INST || DATA_DEF_USE || https://gitlab.flux.utah.edu/xcap/xcap-capability-linux/-/blob/llvm_v4.8/block/blk-core.c#L891 ] -> [ INST || DATA_ST || https://gitlab.flux.utah.edu/xcap/xcap-capability-linux/-/blob/llvm_v4.8/block/blk-core.c#L889 |   %3 = alloca i64*, align 8 ] -> [ INST || DATA_DEF_USE || https://gitlab.flux.utah.edu/xcap/xcap-capability-linux/-/blob/llvm_v4.8/./arch/x86/include/asm/bitops.h#L311 ] -> ",
    "isTrue": "-",
    "atk_reason": "",
    "defense": ""
  },
  {
    "id": "22",
    "risky": "ptr-write",
    "acc_path": "gendisk->queue",
    "src": "https://gitlab.flux.utah.edu/xcap/xcap-capability-linux/-/blob/llvm_v4.8/block/genhd.c#L996",
    "dst": "https://gitlab.flux.utah.edu/xcap/xcap-capability-linux/-/blob/llvm_v4.8/./include/linux/blkdev.h#L1264 |   %2 = alloca i32, align 4",
    "drv_update loc (shared field)": "[ (loop_config_discard)https://gitlab.flux.utah.edu/xcap/xcap-capability-linux/-/blob/llvm_v4.8/drivers/block/loop.c#L812 |   %5 = alloca %struct.request_queue*, align 8 ], [ (loop_add)https://gitlab.flux.utah.edu/xcap/xcap-capability-linux/-/blob/llvm_v4.8/drivers/block/loop.c#L1795 ], [ (loop_add)https://gitlab.flux.utah.edu/xcap/xcap-capability-linux/-/blob/llvm_v4.8/drivers/block/loop.c#L1748 ], ",
    "call path (type)": "",
    "cond_num": "0",
    "isControl": "1",
    "t_trace": "[ INST || DATA_DEF_USE || https://gitlab.flux.utah.edu/xcap/xcap-capability-linux/-/blob/llvm_v4.8/block/genhd.c#L996 ] -> [ ACTUAL_IN || PARAMETER_IN ] -> [ FORMAL_IN || PARAMETER_INq ] -> [ INST || PARAMETER_IN || https://gitlab.flux.utah.edu/xcap/xcap-capability-linux/-/blob/llvm_v4.8/./include/linux/blkdev.h#L1269 ] -> [ INST || DATA_DEF_USE || https://gitlab.flux.utah.edu/xcap/xcap-capability-linux/-/blob/llvm_v4.8/./include/linux/blkdev.h#L1269 ] -> [ INST || DATA_DEF_USE || https://gitlab.flux.utah.edu/xcap/xcap-capability-linux/-/blob/llvm_v4.8/./include/linux/blkdev.h#L1269 ] -> [ INST || DATA_DEF_USE || https://gitlab.flux.utah.edu/xcap/xcap-capability-linux/-/blob/llvm_v4.8/./include/linux/blkdev.h#L1269 ] -> [ INST || DATA_ST || https://gitlab.flux.utah.edu/xcap/xcap-capability-linux/-/blob/llvm_v4.8/./include/linux/blkdev.h#L1264 |   %2 = alloca i32, align 4 ] -> ",
    "isTrue": "-",
    "atk_reason": "",
    "defense": ""
  },
  {
    "id": "22",
    "risky": "ptr-sen-api (kobject_put)",
    "acc_path": "gendisk->queue",
    "src": "https://gitlab.flux.utah.edu/xcap/xcap-capability-linux/-/blob/llvm_v4.8/block/genhd.c#L1146",
    "dst": "https://gitlab.flux.utah.edu/xcap/xcap-capability-linux/-/blob/llvm_v4.8/block/blk-core.c#L381",
    "drv_update loc (shared field)": "[ (loop_config_discard)https://gitlab.flux.utah.edu/xcap/xcap-capability-linux/-/blob/llvm_v4.8/drivers/block/loop.c#L812 |   %5 = alloca %struct.request_queue*, align 8 ], [ (loop_add)https://gitlab.flux.utah.edu/xcap/xcap-capability-linux/-/blob/llvm_v4.8/drivers/block/loop.c#L1795 ], [ (loop_add)https://gitlab.flux.utah.edu/xcap/xcap-capability-linux/-/blob/llvm_v4.8/drivers/block/loop.c#L1748 ], ",
    "call path (type)": " [blk_mq_init_queue->blk_cleanup_queue->blk_put_queue] ",
    "cond_num": "0",
    "isControl": "1",
    "t_trace": "[ INST || DATA_DEF_USE || https://gitlab.flux.utah.edu/xcap/xcap-capability-linux/-/blob/llvm_v4.8/block/genhd.c#L1146 ] -> [ ACTUAL_IN || PARAMETER_IN ] -> [ FORMAL_IN || PARAMETER_INq ] -> [ INST || PARAMETER_IN || https://gitlab.flux.utah.edu/xcap/xcap-capability-linux/-/blob/llvm_v4.8/block/blk-core.c#L381 ] -> [ INST || DATA_DEF_USE || https://gitlab.flux.utah.edu/xcap/xcap-capability-linux/-/blob/llvm_v4.8/block/blk-core.c#L381 ] -> ",
    "isTrue": "-",
    "atk_reason": "",
    "defense": ""
  }
]
[
  {
    "struct name": "path",
    "No.fields": 2,
    "No.classified fields": 0
  }
]
[
  {
    "struct name": "iov_iter",
    "No.fields": 5,
    "No.classified fields": 1,
    "ARR_IDX": 1,
    "NUM_ARITH": 1,
    "CONTROL_SENB_RANCH": 1,
    "SEN_API": 1
  },
  {
    "id": "24",
    "risky": "val-sen-branch (memcpy)",
    "acc_path": "iov_iter->iov_offset",
    "src": "https://gitlab.flux.utah.edu/xcap/xcap-capability-linux/-/blob/llvm_v4.8/lib/iov_iter.c#L512",
    "dst": "https://gitlab.flux.utah.edu/xcap/xcap-capability-linux/-/blob/llvm_v4.8/lib/iov_iter.c#L509",
    "drv caller (param)": "",
    "call path (param)": "",
    "drv_update loc (shared field)": "[ (lo_rw_aio)https://gitlab.flux.utah.edu/xcap/xcap-capability-linux/-/blob/llvm_v4.8/drivers/block/loop.c#L496 ], ",
    "call path (type)": "",
    "cond_num": "0",
    "isControl": "1",
    "t_trace": "[ INST || DATA_DEF_USE || https://gitlab.flux.utah.edu/xcap/xcap-capability-linux/-/blob/llvm_v4.8/lib/iov_iter.c#L512 ] -> [ INST || DATA_DEF_USE || https://gitlab.flux.utah.edu/xcap/xcap-capability-linux/-/blob/llvm_v4.8/lib/iov_iter.c#L512 ] -> [ INST || DATA_ST || https://gitlab.flux.utah.edu/xcap/xcap-capability-linux/-/blob/llvm_v4.8/lib/iov_iter.c#L504 |   %5 = alloca i64, align 8 ] -> [ INST || DATA_DEF_USE || https://gitlab.flux.utah.edu/xcap/xcap-capability-linux/-/blob/llvm_v4.8/lib/iov_iter.c#L512 ] -> [ INST || UNKNOWN Edge Type || https://gitlab.flux.utah.edu/xcap/xcap-capability-linux/-/blob/llvm_v4.8/lib/iov_iter.c#L512 ] -> [ INST || UNKNOWN Edge Type || https://gitlab.flux.utah.edu/xcap/xcap-capability-linux/-/blob/llvm_v4.8/lib/iov_iter.c#L509 ] -> ",
    "isTrue": "-",
    "atk_reason": "",
    "defense": ""
  },
  {
    "id": "24",
    "risky": "numeric-arith",
    "acc_path": "iov_iter->iov_offset",
    "src": "https://gitlab.flux.utah.edu/xcap/xcap-capability-linux/-/blob/llvm_v4.8/lib/iov_iter.c#L512",
    "dst": "https://gitlab.flux.utah.edu/xcap/xcap-capability-linux/-/blob/llvm_v4.8/lib/iov_iter.c#L512",
    "drv caller (param)": "",
    "call path (param)": "",
    "drv_update loc (shared field)": "[ (lo_rw_aio)https://gitlab.flux.utah.edu/xcap/xcap-capability-linux/-/blob/llvm_v4.8/drivers/block/loop.c#L496 ], ",
    "call path (type)": "",
    "cond_num": "3",
    "isControl": "0"
  },
  {
    "id": "24",
    "risky": "arr-idx",
    "acc_path": "iov_iter->iov_offset",
    "src": "https://gitlab.flux.utah.edu/xcap/xcap-capability-linux/-/blob/llvm_v4.8/lib/iov_iter.c#L512",
    "dst": "https://gitlab.flux.utah.edu/xcap/xcap-capability-linux/-/blob/llvm_v4.8/lib/iov_iter.c#L512",
    "drv caller (param)": "",
    "call path (param)": "",
    "drv_update loc (shared field)": "[ (lo_rw_aio)https://gitlab.flux.utah.edu/xcap/xcap-capability-linux/-/blob/llvm_v4.8/drivers/block/loop.c#L496 ], ",
    "call path (type)": "",
    "cond_num": "4",
    "isControl": "0"
  },
  {
    "id": "24",
    "risky": "val-sen-api (memset)",
    "acc_path": "iov_iter->iov_offset",
    "src": "https://gitlab.flux.utah.edu/xcap/xcap-capability-linux/-/blob/llvm_v4.8/lib/iov_iter.c#L432",
    "dst": "https://gitlab.flux.utah.edu/xcap/xcap-capability-linux/-/blob/llvm_v4.8/lib/iov_iter.c#L432",
    "drv caller (param)": "",
    "call path (param)": "",
    "drv_update loc (shared field)": "[ (lo_rw_aio)https://gitlab.flux.utah.edu/xcap/xcap-capability-linux/-/blob/llvm_v4.8/drivers/block/loop.c#L496 ], ",
    "call path (type)": "",
    "cond_num": "0",
    "isControl": "1",
    "t_trace": "[ INST || DATA_DEF_USE || https://gitlab.flux.utah.edu/xcap/xcap-capability-linux/-/blob/llvm_v4.8/lib/iov_iter.c#L432 ] -> ",
    "isTrue": "-",
    "atk_reason": "",
    "defense": ""
  }
]
[
  {
    "struct name": "kiocb",
    "No.fields": 5,
    "No.classified fields": 3,
    "PTR_READ": 1,
    "PTR_WRITE": 1,
    "PTR_BUFFER": 1,
    "PTR_ARITH_BASE": 1,
    "NUM_ARITH": 1,
    "SEN_API": 1,
    "UNCLASSIFY": 1
  },
  {
    "id": "25",
    "risky": "ptr-read",
    "acc_path": "kiocb->ki_filp",
    "src": "https://gitlab.flux.utah.edu/xcap/xcap-capability-linux/-/blob/llvm_v4.8/fs/block_dev.c#L180",
    "dst": "https://gitlab.flux.utah.edu/xcap/xcap-capability-linux/-/blob/llvm_v4.8/fs/block_dev.c#L174",
    "drv caller (param)": "",
    "call path (param)": "",
    "drv_update loc (shared field)": "[ (lo_rw_aio)https://gitlab.flux.utah.edu/xcap/xcap-capability-linux/-/blob/llvm_v4.8/drivers/block/loop.c#L499 ], ",
    "call path (type)": "",
    "cond_num": "0",
    "isControl": "1",
    "t_trace": "[ INST || DATA_DEF_USE || https://gitlab.flux.utah.edu/xcap/xcap-capability-linux/-/blob/llvm_v4.8/fs/block_dev.c#L180 ] -> [ INST || UNKNOWN Edge Type || https://gitlab.flux.utah.edu/xcap/xcap-capability-linux/-/blob/llvm_v4.8/fs/block_dev.c#L181 ] -> [ ACTUAL_IN || PARAMETER_IN ] -> [ FORMAL_IN || PARAMETER_INfile ] -> [ INST || PARAMETER_IN || https://gitlab.flux.utah.edu/xcap/xcap-capability-linux/-/blob/llvm_v4.8/fs/block_dev.c#L174 ] -> [ INST || DATA_DEF_USE || https://gitlab.flux.utah.edu/xcap/xcap-capability-linux/-/blob/llvm_v4.8/fs/block_dev.c#L174 ] -> [ INST || DATA_DEF_USE || https://gitlab.flux.utah.edu/xcap/xcap-capability-linux/-/blob/llvm_v4.8/fs/block_dev.c#L174 ] -> [ INST || DATA_DEF_USE || https://gitlab.flux.utah.edu/xcap/xcap-capability-linux/-/blob/llvm_v4.8/fs/block_dev.c#L174 ] -> ",
    "isTrue": "-",
    "atk_reason": "",
    "defense": ""
  },
  {
    "id": "25",
    "risky": "ptr-write",
    "acc_path": "kiocb->ki_filp",
    "src": "https://gitlab.flux.utah.edu/xcap/xcap-capability-linux/-/blob/llvm_v4.8/fs/block_dev.c#L180",
    "dst": "https://gitlab.flux.utah.edu/xcap/xcap-capability-linux/-/blob/llvm_v4.8/fs/block_dev.c#L178 |   %6 = alloca %struct.file.2297*, align 8",
    "drv caller (param)": "",
    "call path (param)": "",
    "drv_update loc (shared field)": "[ (lo_rw_aio)https://gitlab.flux.utah.edu/xcap/xcap-capability-linux/-/blob/llvm_v4.8/drivers/block/loop.c#L499 ], ",
    "call path (type)": "",
    "cond_num": "0",
    "isControl": "1",
    "t_trace": "[ INST || DATA_DEF_USE || https://gitlab.flux.utah.edu/xcap/xcap-capability-linux/-/blob/llvm_v4.8/fs/block_dev.c#L180 ] -> [ INST || DATA_ST || https://gitlab.flux.utah.edu/xcap/xcap-capability-linux/-/blob/llvm_v4.8/fs/block_dev.c#L178 |   %6 = alloca %struct.file.2297*, align 8 ] -> ",
    "isTrue": "-",
    "atk_reason": "",
    "defense": ""
  },
  {
    "id": "25",
    "risky": "ptr-sen-api (memcpy)",
    "acc_path": "kiocb->ki_filp",
    "src": "https://gitlab.flux.utah.edu/xcap/xcap-capability-linux/-/blob/llvm_v4.8/./include/linux/fs.h#L2546",
    "dst": "https://gitlab.flux.utah.edu/xcap/xcap-capability-linux/-/blob/llvm_v4.8/./include/linux/compiler.h#L220",
    "drv caller (param)": "",
    "call path (param)": "",
    "drv_update loc (shared field)": "[ (lo_rw_aio)https://gitlab.flux.utah.edu/xcap/xcap-capability-linux/-/blob/llvm_v4.8/drivers/block/loop.c#L499 ], ",
    "call path (type)": " [flush_kthread_worker->queue_kthread_work->insert_kthread_work->wake_up_process->try_to_wake_up->ttwu_remote->__task_rq_lock->_raw_spin_lock->__raw_spin_lock->do_raw_spin_lock->__spin_lock_debug] ",
    "cond_num": "7",
    "isControl": "0"
  },
  {
    "id": "25",
    "risky": "ptr-array",
    "acc_path": "kiocb->ki_filp",
    "src": "https://gitlab.flux.utah.edu/xcap/xcap-capability-linux/-/blob/llvm_v4.8/./include/linux/fs.h#L2546",
    "dst": "https://gitlab.flux.utah.edu/xcap/xcap-capability-linux/-/blob/llvm_v4.8/kernel/locking/spinlock_debug.c#L64",
    "drv caller (param)": "",
    "call path (param)": "",
    "drv_update loc (shared field)": "[ (lo_rw_aio)https://gitlab.flux.utah.edu/xcap/xcap-capability-linux/-/blob/llvm_v4.8/drivers/block/loop.c#L499 ], ",
    "call path (type)": " [___ratelimit->_raw_spin_unlock_irqrestore->__raw_spin_unlock_irqrestore->do_raw_spin_unlock->debug_spin_unlock->spin_bug->spin_dump] ",
    "cond_num": "11",
    "isControl": "0"
  },
  {
    "id": "25",
    "risky": "ptr-arith",
    "acc_path": "kiocb->ki_filp",
    "src": "https://gitlab.flux.utah.edu/xcap/xcap-capability-linux/-/blob/llvm_v4.8/./include/linux/fs.h#L2546",
    "dst": "https://gitlab.flux.utah.edu/xcap/xcap-capability-linux/-/blob/llvm_v4.8/kernel/locking/spinlock_debug.c#L64",
    "drv caller (param)": "",
    "call path (param)": "",
    "drv_update loc (shared field)": "[ (lo_rw_aio)https://gitlab.flux.utah.edu/xcap/xcap-capability-linux/-/blob/llvm_v4.8/drivers/block/loop.c#L499 ], ",
    "call path (type)": " [___ratelimit->_raw_spin_unlock_irqrestore->__raw_spin_unlock_irqrestore->do_raw_spin_unlock->debug_spin_unlock->spin_bug->spin_dump] ",
    "cond_num": "11",
    "isControl": "0"
  },
  {
    "id": "26",
    "risky": "numeric-arith",
    "acc_path": "kiocb->ki_pos",
    "src": "https://gitlab.flux.utah.edu/xcap/xcap-capability-linux/-/blob/llvm_v4.8/./include/linux/fs.h#L2547",
    "dst": "https://gitlab.flux.utah.edu/xcap/xcap-capability-linux/-/blob/llvm_v4.8/./include/linux/fs.h#L2547",
    "drv caller (param)": "",
    "call path (param)": "",
    "drv_update loc (shared field)": "[ (lo_rw_aio)https://gitlab.flux.utah.edu/xcap/xcap-capability-linux/-/blob/llvm_v4.8/drivers/block/loop.c#L498 ], ",
    "call path (type)": "",
    "cond_num": "0",
    "isControl": "1",
    "t_trace": "[ INST || DATA_DEF_USE || https://gitlab.flux.utah.edu/xcap/xcap-capability-linux/-/blob/llvm_v4.8/./include/linux/fs.h#L2547 ] -> ",
    "isTrue": "-",
    "atk_reason": "",
    "defense": ""
  }
]
[
  {
    "struct name": "address_space_operations",
    "No.fields": 21,
    "No.classified fields": 0
  }
]
[
  {
    "struct name": "inode",
    "No.fields": 46,
    "No.classified fields": 0
  }
]
[
  {
    "struct name": "address_space",
    "No.fields": 14,
    "No.classified fields": 0
  }
]
[
  {
    "struct name": "file",
    "No.fields": 18,
    "No.classified fields": 0
  }
]
[
  {
    "struct name": "kstat",
    "No.fields": 13,
    "No.classified fields": 0
  }
]
[
  {
    "struct name": "block_device",
    "No.fields": 21,
    "No.classified fields": 0
  }
]
[
  {
    "struct name": "super_block",
    "No.fields": 55,
    "No.classified fields": 0
  }
]
[
  {
    "struct name": "file_operations",
    "No.fields": 31,
    "No.classified fields": 1,
    "FUNC_PTR": 1
  }
]
[
  {
    "struct name": "cred",
    "No.fields": 24,
    "No.classified fields": 0
  }
]
[
  {
    "struct name": "kthread_worker",
    "No.fields": 4,
    "No.classified fields": 0
  }
]
[
  {
    "struct name": "kthread_work",
    "No.fields": 3,
    "No.classified fields": 1,
    "FUNC_PTR": 1
  }
]
[
  {
    "struct name": "mutex",
    "No.fields": 5,
    "No.classified fields": 0
  }
]
[
  {
    "struct name": "zonelist",
    "No.fields": 1,
    "No.classified fields": 0
  }
]
[
  {
    "struct name": "page",
    "No.fields": 7,
    "No.classified fields": 0
  }
]
[
  {
    "struct name": "spinlock",
    "No.fields": 1,
    "No.classified fields": 0
  }
]
[
  {
    "struct name": "list_head",
    "No.fields": 2,
    "No.classified fields": 0
  }
]
[
  {
    "struct name": "task_struct",
    "No.fields": 155,
    "No.classified fields": 0
  }
]
[
  {
    "struct name": "mem_section",
    "No.fields": 2,
    "No.classified fields": 0
  }
]
[
  {
    "struct name": "kmem_cache",
    "No.fields": 0,
    "No.classified fields": 0
  }
]
