[
  {
    "id": "23",
    "risky": "val-sen-branch (memcpy)",
    "acc_path": "num_regions",
    "src": "https://gitlab.flux.utah.edu/xcap/xcap-capability-linux/-/blob/llvm_v4.8/drivers/md/dm-io.c#L527",
    "dst": "https://gitlab.flux.utah.edu/xcap/xcap-capability-linux/-/blob/llvm_v4.8/drivers/md/dm-io.c#L447",
    "drv caller (param)": "[ dm_bufio_issue_flush | https://gitlab.flux.utah.edu/xcap/xcap-capability-linux/-/blob/llvm_v4.8/drivers/md/dm-bufio.c#L1345 ], ",
    "call path (param)": " [dm_bufio_issue_flush->dm_io->async_io] ",
    "cond_num": "0",
    "isControl": "1",
    "t_trace": "[ ACTUAL_IN || PARAMETER_INunsigned int ] -> [ FORMAL_IN || PARAMETER_INnum_regions ] -> [ INST || PARAMETER_IN || https://gitlab.flux.utah.edu/xcap/xcap-capability-linux/-/blob/llvm_v4.8/drivers/md/dm-io.c#L447 ] -> ",
    "isTrue": "-",
    "atk_reason": "",
    "defense": ""
  }
]
[]
[]
[
  {
    "id": "26",
    "risky": "arr-idx",
    "acc_path": "bit",
    "src": "https://gitlab.flux.utah.edu/xcap/xcap-capability-linux/-/blob/llvm_v4.8/kernel/sched/wait.c#L482",
    "dst": "https://gitlab.flux.utah.edu/xcap/xcap-capability-linux/-/blob/llvm_v4.8/kernel/sched/wait.c#L492",
    "drv caller (param)": "[ write_endio | https://gitlab.flux.utah.edu/xcap/xcap-capability-linux/-/blob/llvm_v4.8/drivers/md/dm-bufio.c#L708 ], ",
    "call path (param)": " [write_endio->wake_up_bit->bit_waitqueue] ",
    "cond_num": "0",
    "isControl": "1",
    "t_trace": "[ ACTUAL_IN || PARAMETER_INint ] -> [ FORMAL_IN || PARAMETER_INbit ] -> [ INST || PARAMETER_IN || https://gitlab.flux.utah.edu/xcap/xcap-capability-linux/-/blob/llvm_v4.8/kernel/sched/wait.c#L490 ] -> [ INST || DATA_DEF_USE || https://gitlab.flux.utah.edu/xcap/xcap-capability-linux/-/blob/llvm_v4.8/kernel/sched/wait.c#L490 ] -> [ INST || DATA_DEF_USE || https://gitlab.flux.utah.edu/xcap/xcap-capability-linux/-/blob/llvm_v4.8/kernel/sched/wait.c#L490 ] -> [ INST || DATA_ST || https://gitlab.flux.utah.edu/xcap/xcap-capability-linux/-/blob/llvm_v4.8/kernel/sched/wait.c#L486 |   %12 = alloca i64, align 8 ] -> [ INST || DATA_DEF_USE || https://gitlab.flux.utah.edu/xcap/xcap-capability-linux/-/blob/llvm_v4.8/kernel/sched/wait.c#L492 ] -> [ INST || UNKNOWN Edge Type || https://gitlab.flux.utah.edu/xcap/xcap-capability-linux/-/blob/llvm_v4.8/./include/linux/hash.h#L81 ] -> [ INST || DATA_DEF_USE || https://gitlab.flux.utah.edu/xcap/xcap-capability-linux/-/blob/llvm_v4.8/./include/linux/hash.h#L81 ] -> [ INST || DATA_DEF_USE || https://gitlab.flux.utah.edu/xcap/xcap-capability-linux/-/blob/llvm_v4.8/./include/linux/hash.h#L81 ] -> [ INST || DATA_DEF_USE || https://gitlab.flux.utah.edu/xcap/xcap-capability-linux/-/blob/llvm_v4.8/./include/linux/hash.h#L81 ] -> [ INST || DATA_DEF_USE || https://gitlab.flux.utah.edu/xcap/xcap-capability-linux/-/blob/llvm_v4.8/kernel/sched/wait.c#L492 ] -> ",
    "isTrue": "-",
    "atk_reason": "",
    "defense": ""
  },
  {
    "id": "26",
    "risky": "numeric-arith",
    "acc_path": "bit",
    "src": "https://gitlab.flux.utah.edu/xcap/xcap-capability-linux/-/blob/llvm_v4.8/kernel/sched/wait.c#L482",
    "dst": "https://gitlab.flux.utah.edu/xcap/xcap-capability-linux/-/blob/llvm_v4.8/./include/linux/hash.h#L81",
    "drv caller (param)": "[ write_endio | https://gitlab.flux.utah.edu/xcap/xcap-capability-linux/-/blob/llvm_v4.8/drivers/md/dm-bufio.c#L708 ], ",
    "call path (param)": " [write_endio->wake_up_bit->bit_waitqueue] ",
    "cond_num": "0",
    "isControl": "1",
    "t_trace": "[ ACTUAL_IN || PARAMETER_INint ] -> [ FORMAL_IN || PARAMETER_INbit ] -> [ INST || PARAMETER_IN || https://gitlab.flux.utah.edu/xcap/xcap-capability-linux/-/blob/llvm_v4.8/kernel/sched/wait.c#L490 ] -> [ INST || DATA_DEF_USE || https://gitlab.flux.utah.edu/xcap/xcap-capability-linux/-/blob/llvm_v4.8/kernel/sched/wait.c#L490 ] -> [ INST || DATA_DEF_USE || https://gitlab.flux.utah.edu/xcap/xcap-capability-linux/-/blob/llvm_v4.8/kernel/sched/wait.c#L490 ] -> [ INST || DATA_ST || https://gitlab.flux.utah.edu/xcap/xcap-capability-linux/-/blob/llvm_v4.8/kernel/sched/wait.c#L486 |   %12 = alloca i64, align 8 ] -> [ INST || DATA_DEF_USE || https://gitlab.flux.utah.edu/xcap/xcap-capability-linux/-/blob/llvm_v4.8/kernel/sched/wait.c#L492 ] -> [ INST || UNKNOWN Edge Type || https://gitlab.flux.utah.edu/xcap/xcap-capability-linux/-/blob/llvm_v4.8/./include/linux/hash.h#L81 ] -> ",
    "isTrue": "-",
    "atk_reason": "",
    "defense": ""
  }
]
[
  {
    "id": "27",
    "risky": "val-sen-branch (vmalloc)",
    "acc_path": "size",
    "src": "https://gitlab.flux.utah.edu/xcap/xcap-capability-linux/-/blob/llvm_v4.8/mm/vmalloc.c#L1742",
    "dst": "https://gitlab.flux.utah.edu/xcap/xcap-capability-linux/-/blob/llvm_v4.8/mm/vmalloc.c#L1367",
    "drv caller (param)": "[ alloc_buffer_data | https://gitlab.flux.utah.edu/xcap/xcap-capability-linux/-/blob/llvm_v4.8/drivers/md/dm-bufio.c#L419 ], ",
    "call path (param)": " [alloc_buffer_data->__vmalloc->__vmalloc_node->__vmalloc_node_range->__get_vm_area_node] ",
    "cond_num": "7",
    "isControl": "0"
  },
  {
    "id": "27",
    "risky": "numeric-arith",
    "acc_path": "size",
    "src": "https://gitlab.flux.utah.edu/xcap/xcap-capability-linux/-/blob/llvm_v4.8/mm/vmalloc.c#L1742",
    "dst": "https://gitlab.flux.utah.edu/xcap/xcap-capability-linux/-/blob/llvm_v4.8/mm/vmalloc.c#L1366",
    "drv caller (param)": "[ alloc_buffer_data | https://gitlab.flux.utah.edu/xcap/xcap-capability-linux/-/blob/llvm_v4.8/drivers/md/dm-bufio.c#L419 ], ",
    "call path (param)": " [alloc_buffer_data->__vmalloc->__vmalloc_node->__vmalloc_node_range->__get_vm_area_node] ",
    "cond_num": "7",
    "isControl": "0"
  },
  {
    "id": "27",
    "risky": "val-sen-api (vmalloc)",
    "acc_path": "size",
    "src": "https://gitlab.flux.utah.edu/xcap/xcap-capability-linux/-/blob/llvm_v4.8/mm/vmalloc.c#L1742",
    "dst": "https://gitlab.flux.utah.edu/xcap/xcap-capability-linux/-/blob/llvm_v4.8/mm/vmalloc.c#L1736",
    "drv caller (param)": "[ alloc_buffer_data | https://gitlab.flux.utah.edu/xcap/xcap-capability-linux/-/blob/llvm_v4.8/drivers/md/dm-bufio.c#L419 ], ",
    "call path (param)": " [alloc_buffer_data->__vmalloc->__vmalloc_node] ",
    "cond_num": "0",
    "isControl": "1",
    "t_trace": "[ ACTUAL_IN || PARAMETER_INlong unsigned int ] -> [ FORMAL_IN || PARAMETER_INsize ] -> [ INST || PARAMETER_IN || https://gitlab.flux.utah.edu/xcap/xcap-capability-linux/-/blob/llvm_v4.8/mm/vmalloc.c#L1736 ] -> ",
    "isTrue": "-",
    "atk_reason": "",
    "defense": ""
  }
]
[
  {
    "id": "28",
    "risky": "numeric-arith",
    "acc_path": "gfp_mask",
    "src": "https://gitlab.flux.utah.edu/xcap/xcap-capability-linux/-/blob/llvm_v4.8/mm/vmalloc.c#L1742",
    "dst": "https://gitlab.flux.utah.edu/xcap/xcap-capability-linux/-/blob/llvm_v4.8/./include/linux/gfp.h#L382",
    "drv caller (param)": "[ alloc_buffer_data | https://gitlab.flux.utah.edu/xcap/xcap-capability-linux/-/blob/llvm_v4.8/drivers/md/dm-bufio.c#L419 ], ",
    "call path (param)": " [alloc_buffer_data->__vmalloc->__vmalloc_node->__vmalloc_node_range->__vmalloc_area_node->alloc_pages_node.807->__alloc_pages_node.811->__alloc_pages.813->__alloc_pages_nodemask->__alloc_pages_slowpath->__alloc_pages_direct_reclaim->__perform_reclaim->try_to_free_pages->gfp_zone.895] ",
    "cond_num": "38",
    "isControl": "0"
  },
  {
    "id": "28",
    "risky": "val-sen-api (kmalloc)",
    "acc_path": "gfp_mask",
    "src": "https://gitlab.flux.utah.edu/xcap/xcap-capability-linux/-/blob/llvm_v4.8/mm/vmalloc.c#L1742",
    "dst": "https://gitlab.flux.utah.edu/xcap/xcap-capability-linux/-/blob/llvm_v4.8/./include/linux/slab.h#L402",
    "drv caller (param)": "[ alloc_buffer_data | https://gitlab.flux.utah.edu/xcap/xcap-capability-linux/-/blob/llvm_v4.8/drivers/md/dm-bufio.c#L419 ], ",
    "call path (param)": " [alloc_buffer_data->__vmalloc->__vmalloc_node->__vmalloc_node_range->__get_vm_area_node->alloc_vmap_area] ",
    "cond_num": "20",
    "isControl": "0"
  },
  {
    "id": "28",
    "risky": "val-sen-branch (kmalloc)",
    "acc_path": "gfp_mask",
    "src": "https://gitlab.flux.utah.edu/xcap/xcap-capability-linux/-/blob/llvm_v4.8/mm/vmalloc.c#L1742",
    "dst": "https://gitlab.flux.utah.edu/xcap/xcap-capability-linux/-/blob/llvm_v4.8/./include/linux/slab.h#L522",
    "drv caller (param)": "[ alloc_buffer_data | https://gitlab.flux.utah.edu/xcap/xcap-capability-linux/-/blob/llvm_v4.8/drivers/md/dm-bufio.c#L419 ], ",
    "call path (param)": " [alloc_buffer_data->__vmalloc->__vmalloc_node->__vmalloc_node_range->__get_vm_area_node->alloc_vmap_area] ",
    "cond_num": "16",
    "isControl": "0"
  }
]
[]
[]
[]
[]
[
  {
    "id": "33",
    "risky": "val-sen-api (kmalloc)",
    "acc_path": "size",
    "src": "https://gitlab.flux.utah.edu/xcap/xcap-capability-linux/-/blob/llvm_v4.8/mm/slab_common.c#L1018",
    "dst": "https://gitlab.flux.utah.edu/xcap/xcap-capability-linux/-/blob/llvm_v4.8/mm/slab_common.c#L1018",
    "drv caller (param)": "[ alloc_buffer | https://gitlab.flux.utah.edu/xcap/xcap-capability-linux/-/blob/llvm_v4.8/./include/linux/slab.h#L415 ], ",
    "call path (param)": " [alloc_buffer->kmalloc_order] ",
    "cond_num": "0",
    "isControl": "1",
    "t_trace": "",
    "isTrue": "-",
    "atk_reason": "",
    "defense": ""
  }
]
[
  {
    "id": "34",
    "risky": "numeric-arith",
    "acc_path": "flags",
    "src": "https://gitlab.flux.utah.edu/xcap/xcap-capability-linux/-/blob/llvm_v4.8/mm/slab_common.c#L1015",
    "dst": "https://gitlab.flux.utah.edu/xcap/xcap-capability-linux/-/blob/llvm_v4.8/./include/linux/gfp.h#L382",
    "drv caller (param)": "[ alloc_buffer | https://gitlab.flux.utah.edu/xcap/xcap-capability-linux/-/blob/llvm_v4.8/./include/linux/slab.h#L415 ], ",
    "call path (param)": " [alloc_buffer->alloc_buffer_data->__vmalloc->__vmalloc_node->__vmalloc_node_range->__vmalloc_area_node->alloc_pages_node.807->__alloc_pages_node.811->__alloc_pages.813->__alloc_pages_nodemask->gfp_zone] ",
    "cond_num": "1",
    "isControl": "0"
  },
  {
    "id": "34",
    "risky": "val-sen-api (kmalloc)",
    "acc_path": "flags",
    "src": "https://gitlab.flux.utah.edu/xcap/xcap-capability-linux/-/blob/llvm_v4.8/mm/slab_common.c#L1018",
    "dst": "https://gitlab.flux.utah.edu/xcap/xcap-capability-linux/-/blob/llvm_v4.8/mm/slab_common.c#L1018",
    "drv caller (param)": "[ alloc_buffer | https://gitlab.flux.utah.edu/xcap/xcap-capability-linux/-/blob/llvm_v4.8/./include/linux/slab.h#L415 ], ",
    "call path (param)": " [alloc_buffer->kmalloc_order] ",
    "cond_num": "0",
    "isControl": "1",
    "t_trace": "",
    "isTrue": "-",
    "atk_reason": "",
    "defense": ""
  }
]
[
  {
    "id": "35",
    "risky": "val-sen-api (memcpy)",
    "acc_path": "order",
    "src": "https://gitlab.flux.utah.edu/xcap/xcap-capability-linux/-/blob/llvm_v4.8/mm/slab_common.c#L1015",
    "dst": "https://gitlab.flux.utah.edu/xcap/xcap-capability-linux/-/blob/llvm_v4.8/./include/linux/compiler.h#L252",
    "drv caller (param)": "[ alloc_buffer | https://gitlab.flux.utah.edu/xcap/xcap-capability-linux/-/blob/llvm_v4.8/./include/linux/slab.h#L415 ], ",
    "call path (param)": " [alloc_buffer->alloc_buffer_data->__vmalloc->__vmalloc_node->__vmalloc_node_range->__vmalloc_area_node->alloc_pages_node.807->__alloc_pages_node.811->__alloc_pages.813->__alloc_pages_nodemask->get_page_from_freelist->buffered_rmqueue->list_del.540->__list_del.544] ",
    "cond_num": "33",
    "isControl": "0"
  },
  {
    "id": "35",
    "risky": "numeric-arith",
    "acc_path": "order",
    "src": "https://gitlab.flux.utah.edu/xcap/xcap-capability-linux/-/blob/llvm_v4.8/mm/slab_common.c#L1015",
    "dst": "https://gitlab.flux.utah.edu/xcap/xcap-capability-linux/-/blob/llvm_v4.8/mm/page_alloc.c#L2735",
    "drv caller (param)": "[ alloc_buffer | https://gitlab.flux.utah.edu/xcap/xcap-capability-linux/-/blob/llvm_v4.8/./include/linux/slab.h#L415 ], ",
    "call path (param)": " [alloc_buffer->alloc_buffer_data->__vmalloc->__vmalloc_node->__vmalloc_node_range->__vmalloc_area_node->alloc_pages_node.807->__alloc_pages_node.811->__alloc_pages.813->__alloc_pages_nodemask->get_page_from_freelist->zone_watermark_fast->__zone_watermark_ok] ",
    "cond_num": "55",
    "isControl": "0"
  },
  {
    "id": "35",
    "risky": "arr-idx",
    "acc_path": "order",
    "src": "https://gitlab.flux.utah.edu/xcap/xcap-capability-linux/-/blob/llvm_v4.8/mm/slab_common.c#L1015",
    "dst": "https://gitlab.flux.utah.edu/xcap/xcap-capability-linux/-/blob/llvm_v4.8/mm/page_alloc.c#L808",
    "drv caller (param)": "[ alloc_buffer | https://gitlab.flux.utah.edu/xcap/xcap-capability-linux/-/blob/llvm_v4.8/./include/linux/slab.h#L415 ], ",
    "call path (param)": " [alloc_buffer->alloc_buffer_data->__vmalloc->__vmalloc_node->__vmalloc_node_range->__vmalloc_area_node->alloc_pages_node.807->__alloc_pages_node.811->__alloc_pages.813->__alloc_pages_nodemask->__alloc_pages_slowpath->__alloc_pages_direct_reclaim->__perform_reclaim->try_to_free_pages->do_try_to_free_pages->shrink_zones->shrink_node->shrink_node_memcg->shrink_list->shrink_inactive_list->shrink_page_list->free_hot_cold_page_list->free_hot_cold_page->free_one_page->__free_one_page] ",
    "cond_num": "32",
    "isControl": "0"
  },
  {
    "id": "35",
    "risky": "val-sen-branch (memcpy)",
    "acc_path": "order",
    "src": "https://gitlab.flux.utah.edu/xcap/xcap-capability-linux/-/blob/llvm_v4.8/mm/slab_common.c#L1015",
    "dst": "https://gitlab.flux.utah.edu/xcap/xcap-capability-linux/-/blob/llvm_v4.8/mm/page_alloc.c#L991",
    "drv caller (param)": "[ alloc_buffer | https://gitlab.flux.utah.edu/xcap/xcap-capability-linux/-/blob/llvm_v4.8/./include/linux/slab.h#L415 ], ",
    "call path (param)": " [alloc_buffer->alloc_buffer_data->__vmalloc->__vmalloc_node->__vmalloc_node_range->__vmalloc_area_node->alloc_pages_node.807->__alloc_pages_node.811->__alloc_pages.813->__alloc_pages_nodemask->__free_pages->__free_pages_ok] ",
    "cond_num": "13",
    "isControl": "0"
  }
]
[]
[
  {
    "id": "37",
    "risky": "numeric-arith",
    "acc_path": "order",
    "src": "https://gitlab.flux.utah.edu/xcap/xcap-capability-linux/-/blob/llvm_v4.8/mm/page_alloc.c#L3767",
    "dst": "https://gitlab.flux.utah.edu/xcap/xcap-capability-linux/-/blob/llvm_v4.8/mm/page_alloc.c#L867",
    "drv caller (param)": "[ free_buffer_data | https://gitlab.flux.utah.edu/xcap/xcap-capability-linux/-/blob/llvm_v4.8/drivers/md/dm-bufio.c#L439 ], ",
    "call path (param)": " [free_buffer_data->vfree->__vunmap->__free_pages->__free_pages_ok->free_one_page->__free_one_page] ",
    "cond_num": "22",
    "isControl": "0"
  },
  {
    "id": "37",
    "risky": "val-sen-api (memcpy)",
    "acc_path": "order",
    "src": "https://gitlab.flux.utah.edu/xcap/xcap-capability-linux/-/blob/llvm_v4.8/mm/page_alloc.c#L3767",
    "dst": "https://gitlab.flux.utah.edu/xcap/xcap-capability-linux/-/blob/llvm_v4.8/./include/linux/compiler.h#L252",
    "drv caller (param)": "[ free_buffer_data | https://gitlab.flux.utah.edu/xcap/xcap-capability-linux/-/blob/llvm_v4.8/drivers/md/dm-bufio.c#L439 ], ",
    "call path (param)": " [free_buffer_data->vfree->__vunmap->__free_pages->__free_pages_ok->free_one_page->__free_one_page->list_add.542->__list_add.543] ",
    "cond_num": "23",
    "isControl": "0"
  },
  {
    "id": "37",
    "risky": "val-sen-branch (memcpy)",
    "acc_path": "order",
    "src": "https://gitlab.flux.utah.edu/xcap/xcap-capability-linux/-/blob/llvm_v4.8/mm/page_alloc.c#L3767",
    "dst": "https://gitlab.flux.utah.edu/xcap/xcap-capability-linux/-/blob/llvm_v4.8/mm/page_alloc.c#L991",
    "drv caller (param)": "[ free_buffer_data | https://gitlab.flux.utah.edu/xcap/xcap-capability-linux/-/blob/llvm_v4.8/drivers/md/dm-bufio.c#L439 ], ",
    "call path (param)": " [free_buffer_data->vfree->__vunmap->__free_pages->__free_pages_ok] ",
    "cond_num": "2",
    "isControl": "0"
  },
  {
    "id": "37",
    "risky": "arr-idx",
    "acc_path": "order",
    "src": "https://gitlab.flux.utah.edu/xcap/xcap-capability-linux/-/blob/llvm_v4.8/mm/page_alloc.c#L3767",
    "dst": "https://gitlab.flux.utah.edu/xcap/xcap-capability-linux/-/blob/llvm_v4.8/mm/page_alloc.c#L860",
    "drv caller (param)": "[ free_buffer_data | https://gitlab.flux.utah.edu/xcap/xcap-capability-linux/-/blob/llvm_v4.8/drivers/md/dm-bufio.c#L439 ], ",
    "call path (param)": " [free_buffer_data->vfree->__vunmap->__free_pages->__free_pages_ok->free_one_page->__free_one_page] ",
    "cond_num": "22",
    "isControl": "0"
  }
]
[
  {
    "id": "38",
    "risky": "numeric-arith",
    "acc_path": "gfp_mask",
    "src": "https://gitlab.flux.utah.edu/xcap/xcap-capability-linux/-/blob/llvm_v4.8/mm/page_alloc.c#L3738",
    "dst": "https://gitlab.flux.utah.edu/xcap/xcap-capability-linux/-/blob/llvm_v4.8/./include/linux/gfp.h#L382",
    "drv caller (param)": "[ alloc_buffer_data | https://gitlab.flux.utah.edu/xcap/xcap-capability-linux/-/blob/llvm_v4.8/drivers/md/dm-bufio.c#L400 ], ",
    "call path (param)": " [alloc_buffer_data->__vmalloc->__vmalloc_node->__vmalloc_node_range->__vmalloc_area_node->alloc_pages_node.807->__alloc_pages_node.811->__alloc_pages.813->__alloc_pages_nodemask->gfp_zone] ",
    "cond_num": "1",
    "isControl": "0"
  }
]
[
  {
    "id": "39",
    "risky": "val-sen-api (memcpy)",
    "acc_path": "order",
    "src": "https://gitlab.flux.utah.edu/xcap/xcap-capability-linux/-/blob/llvm_v4.8/mm/page_alloc.c#L3738",
    "dst": "https://gitlab.flux.utah.edu/xcap/xcap-capability-linux/-/blob/llvm_v4.8/./include/linux/compiler.h#L252",
    "drv caller (param)": "[ alloc_buffer_data | https://gitlab.flux.utah.edu/xcap/xcap-capability-linux/-/blob/llvm_v4.8/drivers/md/dm-bufio.c#L400 ], ",
    "call path (param)": " [alloc_buffer_data->__vmalloc->__vmalloc_node->__vmalloc_node_range->__vmalloc_area_node->alloc_pages_node.807->__alloc_pages_node.811->__alloc_pages.813->__alloc_pages_nodemask->get_page_from_freelist->buffered_rmqueue->list_del.540->__list_del.544] ",
    "cond_num": "33",
    "isControl": "0"
  },
  {
    "id": "39",
    "risky": "numeric-arith",
    "acc_path": "order",
    "src": "https://gitlab.flux.utah.edu/xcap/xcap-capability-linux/-/blob/llvm_v4.8/mm/page_alloc.c#L3738",
    "dst": "https://gitlab.flux.utah.edu/xcap/xcap-capability-linux/-/blob/llvm_v4.8/mm/page_alloc.c#L2735",
    "drv caller (param)": "[ alloc_buffer_data | https://gitlab.flux.utah.edu/xcap/xcap-capability-linux/-/blob/llvm_v4.8/drivers/md/dm-bufio.c#L400 ], ",
    "call path (param)": " [alloc_buffer_data->__vmalloc->__vmalloc_node->__vmalloc_node_range->__vmalloc_area_node->alloc_pages_node.807->__alloc_pages_node.811->__alloc_pages.813->__alloc_pages_nodemask->get_page_from_freelist->zone_watermark_fast->__zone_watermark_ok] ",
    "cond_num": "55",
    "isControl": "0"
  },
  {
    "id": "39",
    "risky": "arr-idx",
    "acc_path": "order",
    "src": "https://gitlab.flux.utah.edu/xcap/xcap-capability-linux/-/blob/llvm_v4.8/mm/page_alloc.c#L3738",
    "dst": "https://gitlab.flux.utah.edu/xcap/xcap-capability-linux/-/blob/llvm_v4.8/mm/page_alloc.c#L808",
    "drv caller (param)": "[ alloc_buffer_data | https://gitlab.flux.utah.edu/xcap/xcap-capability-linux/-/blob/llvm_v4.8/drivers/md/dm-bufio.c#L400 ], ",
    "call path (param)": " [alloc_buffer_data->__vmalloc->__vmalloc_node->__vmalloc_node_range->__vmalloc_area_node->alloc_pages_node.807->__alloc_pages_node.811->__alloc_pages.813->__alloc_pages_nodemask->__alloc_pages_slowpath->__alloc_pages_direct_reclaim->__perform_reclaim->try_to_free_pages->do_try_to_free_pages->shrink_zones->shrink_node->shrink_node_memcg->shrink_list->shrink_inactive_list->shrink_page_list->free_hot_cold_page_list->free_hot_cold_page->free_one_page->__free_one_page] ",
    "cond_num": "32",
    "isControl": "0"
  },
  {
    "id": "39",
    "risky": "val-sen-branch (memcpy)",
    "acc_path": "order",
    "src": "https://gitlab.flux.utah.edu/xcap/xcap-capability-linux/-/blob/llvm_v4.8/mm/page_alloc.c#L3738",
    "dst": "https://gitlab.flux.utah.edu/xcap/xcap-capability-linux/-/blob/llvm_v4.8/mm/page_alloc.c#L991",
    "drv caller (param)": "[ alloc_buffer_data | https://gitlab.flux.utah.edu/xcap/xcap-capability-linux/-/blob/llvm_v4.8/drivers/md/dm-bufio.c#L400 ], ",
    "call path (param)": " [alloc_buffer_data->__vmalloc->__vmalloc_node->__vmalloc_node_range->__vmalloc_area_node->alloc_pages_node.807->__alloc_pages_node.811->__alloc_pages.813->__alloc_pages_nodemask->__free_pages->__free_pages_ok] ",
    "cond_num": "13",
    "isControl": "0"
  }
]
