[
  {
    "struct name": "device_attribute",
    "No.fields": 3,
    "No.classified fields": 2,
    "FUNC_PTR": 2
  }
]
[
  {
    "struct name": "bus_type",
    "No.fields": 20,
    "No.classified fields": 0
  }
]
[
  {
    "struct name": "mce",
    "No.fields": 20,
    "No.classified fields": 0
  }
]
[
  {
    "struct name": "device_type",
    "No.fields": 6,
    "No.classified fields": 1,
    "FUNC_PTR": 1
  }
]
[
  {
    "struct name": "device",
    "No.fields": 35,
    "No.classified fields": 3,
    "PTR_READ": 3,
    "PTR_WRITE": 3,
    "PTR_BUFFER": 2,
    "PTR_ARITH_BASE": 2,
    "CONTROL_SENB_RANCH": 1,
    "SEN_API": 1
  },
  {
    "id": "3",
    "risky": "ptr-read",
    "acc_path": "device->parent",
    "src": "https://gitlab.flux.utah.edu/xcap/xcap-capability-linux/-/blob/llvm_v4.8/drivers/base/core.c#L916",
    "dst": "https://gitlab.flux.utah.edu/xcap/xcap-capability-linux/-/blob/llvm_v4.8/./include/linux/kobject.h#L89",
    "drv caller (param)": "",
    "call path (param)": "",
    "drv_update loc (shared field)": "[ (i7core_inject_type_store)https://gitlab.flux.utah.edu/xcap/xcap-capability-linux/-/blob/llvm_v4.8/drivers/edac/i7core_edac.c#L722 |   %11 = alloca %struct.device*, align 8 ], [ (i7core_register_mci)https://gitlab.flux.utah.edu/xcap/xcap-capability-linux/-/blob/llvm_v4.8/drivers/edac/i7core_edac.c#L2176 ], [ (i7core_inject_section_store)https://gitlab.flux.utah.edu/xcap/xcap-capability-linux/-/blob/llvm_v4.8/drivers/edac/i7core_edac.c#L685 |   %11 = alloca %struct.device*, align 8 ], [ (i7core_inject_type_show)https://gitlab.flux.utah.edu/xcap/xcap-capability-linux/-/blob/llvm_v4.8/drivers/edac/i7core_edac.c#L742 |   %8 = alloca %struct.device*, align 8 ], [ (i7core_create_sysfs_devices)https://gitlab.flux.utah.edu/xcap/xcap-capability-linux/-/blob/llvm_v4.8/drivers/edac/i7core_edac.c#L1194 ], [ (i7core_create_sysfs_devices)https://gitlab.flux.utah.edu/xcap/xcap-capability-linux/-/blob/llvm_v4.8/drivers/edac/i7core_edac.c#L1165 ], [ (i7core_inject_eccmask_show)https://gitlab.flux.utah.edu/xcap/xcap-capability-linux/-/blob/llvm_v4.8/drivers/edac/i7core_edac.c#L782 |   %8 = alloca %struct.device*, align 8 ], [ (i7core_inject_enable_show)https://gitlab.flux.utah.edu/xcap/xcap-capability-linux/-/blob/llvm_v4.8/drivers/edac/i7core_edac.c#L1017 |   %9 = alloca %struct.device*, align 8 ], [ (i7core_create_sysfs_devices)https://gitlab.flux.utah.edu/xcap/xcap-capability-linux/-/blob/llvm_v4.8/drivers/edac/i7core_edac.c#L1172 ], [ (i7core_create_sysfs_devices)https://gitlab.flux.utah.edu/xcap/xcap-capability-linux/-/blob/llvm_v4.8/drivers/edac/i7core_edac.c#L1183 ], [ (i7core_inject_eccmask_store)https://gitlab.flux.utah.edu/xcap/xcap-capability-linux/-/blob/llvm_v4.8/drivers/edac/i7core_edac.c#L762 |   %11 = alloca %struct.device*, align 8 ], [ (i7core_inject_section_show)https://gitlab.flux.utah.edu/xcap/xcap-capability-linux/-/blob/llvm_v4.8/drivers/edac/i7core_edac.c#L705 |   %8 = alloca %struct.device*, align 8 ], [ (i7core_inject_enable_store)https://gitlab.flux.utah.edu/xcap/xcap-capability-linux/-/blob/llvm_v4.8/drivers/edac/i7core_edac.c#L913 |   %11 = alloca %struct.device*, align 8 ], ",
    "call path (type)": " [device_del->device_remove_class_symlinks->dev_name.19->kobject_name.28] ",
    "cond_num": "3",
    "isControl": "0"
  },
  {
    "id": "3",
    "risky": "ptr-write",
    "acc_path": "device->parent",
    "src": "https://gitlab.flux.utah.edu/xcap/xcap-capability-linux/-/blob/llvm_v4.8/drivers/base/core.c#L916",
    "dst": "https://gitlab.flux.utah.edu/xcap/xcap-capability-linux/-/blob/llvm_v4.8/./include/linux/device.h#L865 |   %2 = alloca i8*, align 8",
    "drv caller (param)": "",
    "call path (param)": "",
    "drv_update loc (shared field)": "[ (i7core_inject_type_store)https://gitlab.flux.utah.edu/xcap/xcap-capability-linux/-/blob/llvm_v4.8/drivers/edac/i7core_edac.c#L722 |   %11 = alloca %struct.device*, align 8 ], [ (i7core_register_mci)https://gitlab.flux.utah.edu/xcap/xcap-capability-linux/-/blob/llvm_v4.8/drivers/edac/i7core_edac.c#L2176 ], [ (i7core_inject_section_store)https://gitlab.flux.utah.edu/xcap/xcap-capability-linux/-/blob/llvm_v4.8/drivers/edac/i7core_edac.c#L685 |   %11 = alloca %struct.device*, align 8 ], [ (i7core_inject_type_show)https://gitlab.flux.utah.edu/xcap/xcap-capability-linux/-/blob/llvm_v4.8/drivers/edac/i7core_edac.c#L742 |   %8 = alloca %struct.device*, align 8 ], [ (i7core_create_sysfs_devices)https://gitlab.flux.utah.edu/xcap/xcap-capability-linux/-/blob/llvm_v4.8/drivers/edac/i7core_edac.c#L1194 ], [ (i7core_create_sysfs_devices)https://gitlab.flux.utah.edu/xcap/xcap-capability-linux/-/blob/llvm_v4.8/drivers/edac/i7core_edac.c#L1165 ], [ (i7core_inject_eccmask_show)https://gitlab.flux.utah.edu/xcap/xcap-capability-linux/-/blob/llvm_v4.8/drivers/edac/i7core_edac.c#L782 |   %8 = alloca %struct.device*, align 8 ], [ (i7core_inject_enable_show)https://gitlab.flux.utah.edu/xcap/xcap-capability-linux/-/blob/llvm_v4.8/drivers/edac/i7core_edac.c#L1017 |   %9 = alloca %struct.device*, align 8 ], [ (i7core_create_sysfs_devices)https://gitlab.flux.utah.edu/xcap/xcap-capability-linux/-/blob/llvm_v4.8/drivers/edac/i7core_edac.c#L1172 ], [ (i7core_create_sysfs_devices)https://gitlab.flux.utah.edu/xcap/xcap-capability-linux/-/blob/llvm_v4.8/drivers/edac/i7core_edac.c#L1183 ], [ (i7core_inject_eccmask_store)https://gitlab.flux.utah.edu/xcap/xcap-capability-linux/-/blob/llvm_v4.8/drivers/edac/i7core_edac.c#L762 |   %11 = alloca %struct.device*, align 8 ], [ (i7core_inject_section_show)https://gitlab.flux.utah.edu/xcap/xcap-capability-linux/-/blob/llvm_v4.8/drivers/edac/i7core_edac.c#L705 |   %8 = alloca %struct.device*, align 8 ], [ (i7core_inject_enable_store)https://gitlab.flux.utah.edu/xcap/xcap-capability-linux/-/blob/llvm_v4.8/drivers/edac/i7core_edac.c#L913 |   %11 = alloca %struct.device*, align 8 ], ",
    "call path (type)": " [device_del->device_remove_class_symlinks->dev_name.19] ",
    "cond_num": "2",
    "isControl": "0"
  },
  {
    "id": "3",
    "risky": "ptr-sen-api (kobject_put)",
    "acc_path": "device->parent",
    "src": "https://gitlab.flux.utah.edu/xcap/xcap-capability-linux/-/blob/llvm_v4.8/drivers/base/core.c#L1983",
    "dst": "https://gitlab.flux.utah.edu/xcap/xcap-capability-linux/-/blob/llvm_v4.8/drivers/base/core.c#L1215",
    "drv caller (param)": "",
    "call path (param)": "",
    "drv_update loc (shared field)": "[ (i7core_inject_type_store)https://gitlab.flux.utah.edu/xcap/xcap-capability-linux/-/blob/llvm_v4.8/drivers/edac/i7core_edac.c#L722 |   %11 = alloca %struct.device*, align 8 ], [ (i7core_register_mci)https://gitlab.flux.utah.edu/xcap/xcap-capability-linux/-/blob/llvm_v4.8/drivers/edac/i7core_edac.c#L2176 ], [ (i7core_inject_section_store)https://gitlab.flux.utah.edu/xcap/xcap-capability-linux/-/blob/llvm_v4.8/drivers/edac/i7core_edac.c#L685 |   %11 = alloca %struct.device*, align 8 ], [ (i7core_inject_type_show)https://gitlab.flux.utah.edu/xcap/xcap-capability-linux/-/blob/llvm_v4.8/drivers/edac/i7core_edac.c#L742 |   %8 = alloca %struct.device*, align 8 ], [ (i7core_create_sysfs_devices)https://gitlab.flux.utah.edu/xcap/xcap-capability-linux/-/blob/llvm_v4.8/drivers/edac/i7core_edac.c#L1194 ], [ (i7core_create_sysfs_devices)https://gitlab.flux.utah.edu/xcap/xcap-capability-linux/-/blob/llvm_v4.8/drivers/edac/i7core_edac.c#L1165 ], [ (i7core_inject_eccmask_show)https://gitlab.flux.utah.edu/xcap/xcap-capability-linux/-/blob/llvm_v4.8/drivers/edac/i7core_edac.c#L782 |   %8 = alloca %struct.device*, align 8 ], [ (i7core_inject_enable_show)https://gitlab.flux.utah.edu/xcap/xcap-capability-linux/-/blob/llvm_v4.8/drivers/edac/i7core_edac.c#L1017 |   %9 = alloca %struct.device*, align 8 ], [ (i7core_create_sysfs_devices)https://gitlab.flux.utah.edu/xcap/xcap-capability-linux/-/blob/llvm_v4.8/drivers/edac/i7core_edac.c#L1172 ], [ (i7core_create_sysfs_devices)https://gitlab.flux.utah.edu/xcap/xcap-capability-linux/-/blob/llvm_v4.8/drivers/edac/i7core_edac.c#L1183 ], [ (i7core_inject_eccmask_store)https://gitlab.flux.utah.edu/xcap/xcap-capability-linux/-/blob/llvm_v4.8/drivers/edac/i7core_edac.c#L762 |   %11 = alloca %struct.device*, align 8 ], [ (i7core_inject_section_show)https://gitlab.flux.utah.edu/xcap/xcap-capability-linux/-/blob/llvm_v4.8/drivers/edac/i7core_edac.c#L705 |   %8 = alloca %struct.device*, align 8 ], [ (i7core_inject_enable_store)https://gitlab.flux.utah.edu/xcap/xcap-capability-linux/-/blob/llvm_v4.8/drivers/edac/i7core_edac.c#L913 |   %11 = alloca %struct.device*, align 8 ], ",
    "call path (type)": " [pci_dev_put->put_device] ",
    "cond_num": "10",
    "isControl": "0"
  },
  {
    "id": "3",
    "risky": "ptr-sen-branch (kobject_put)",
    "acc_path": "device->parent",
    "src": "https://gitlab.flux.utah.edu/xcap/xcap-capability-linux/-/blob/llvm_v4.8/drivers/base/core.c#L1983",
    "dst": "https://gitlab.flux.utah.edu/xcap/xcap-capability-linux/-/blob/llvm_v4.8/drivers/base/core.c#L1214",
    "drv caller (param)": "",
    "call path (param)": "",
    "drv_update loc (shared field)": "[ (i7core_inject_type_store)https://gitlab.flux.utah.edu/xcap/xcap-capability-linux/-/blob/llvm_v4.8/drivers/edac/i7core_edac.c#L722 |   %11 = alloca %struct.device*, align 8 ], [ (i7core_register_mci)https://gitlab.flux.utah.edu/xcap/xcap-capability-linux/-/blob/llvm_v4.8/drivers/edac/i7core_edac.c#L2176 ], [ (i7core_inject_section_store)https://gitlab.flux.utah.edu/xcap/xcap-capability-linux/-/blob/llvm_v4.8/drivers/edac/i7core_edac.c#L685 |   %11 = alloca %struct.device*, align 8 ], [ (i7core_inject_type_show)https://gitlab.flux.utah.edu/xcap/xcap-capability-linux/-/blob/llvm_v4.8/drivers/edac/i7core_edac.c#L742 |   %8 = alloca %struct.device*, align 8 ], [ (i7core_create_sysfs_devices)https://gitlab.flux.utah.edu/xcap/xcap-capability-linux/-/blob/llvm_v4.8/drivers/edac/i7core_edac.c#L1194 ], [ (i7core_create_sysfs_devices)https://gitlab.flux.utah.edu/xcap/xcap-capability-linux/-/blob/llvm_v4.8/drivers/edac/i7core_edac.c#L1165 ], [ (i7core_inject_eccmask_show)https://gitlab.flux.utah.edu/xcap/xcap-capability-linux/-/blob/llvm_v4.8/drivers/edac/i7core_edac.c#L782 |   %8 = alloca %struct.device*, align 8 ], [ (i7core_inject_enable_show)https://gitlab.flux.utah.edu/xcap/xcap-capability-linux/-/blob/llvm_v4.8/drivers/edac/i7core_edac.c#L1017 |   %9 = alloca %struct.device*, align 8 ], [ (i7core_create_sysfs_devices)https://gitlab.flux.utah.edu/xcap/xcap-capability-linux/-/blob/llvm_v4.8/drivers/edac/i7core_edac.c#L1172 ], [ (i7core_create_sysfs_devices)https://gitlab.flux.utah.edu/xcap/xcap-capability-linux/-/blob/llvm_v4.8/drivers/edac/i7core_edac.c#L1183 ], [ (i7core_inject_eccmask_store)https://gitlab.flux.utah.edu/xcap/xcap-capability-linux/-/blob/llvm_v4.8/drivers/edac/i7core_edac.c#L762 |   %11 = alloca %struct.device*, align 8 ], [ (i7core_inject_section_show)https://gitlab.flux.utah.edu/xcap/xcap-capability-linux/-/blob/llvm_v4.8/drivers/edac/i7core_edac.c#L705 |   %8 = alloca %struct.device*, align 8 ], [ (i7core_inject_enable_store)https://gitlab.flux.utah.edu/xcap/xcap-capability-linux/-/blob/llvm_v4.8/drivers/edac/i7core_edac.c#L913 |   %11 = alloca %struct.device*, align 8 ], ",
    "call path (type)": " [pci_dev_put->put_device] ",
    "cond_num": "9",
    "isControl": "0"
  },
  {
    "id": "3",
    "risky": "ptr-array",
    "acc_path": "device->parent",
    "src": "https://gitlab.flux.utah.edu/xcap/xcap-capability-linux/-/blob/llvm_v4.8/drivers/base/core.c#L1234",
    "dst": "https://gitlab.flux.utah.edu/xcap/xcap-capability-linux/-/blob/llvm_v4.8/drivers/base/core.c#L1256",
    "drv caller (param)": "[ i7core_create_sysfs_devices | https://gitlab.flux.utah.edu/xcap/xcap-capability-linux/-/blob/llvm_v4.8/drivers/edac/i7core_edac.c#L1187 ], ",
    "call path (param)": " [i7core_create_sysfs_devices->device_del] ",
    "drv_update loc (shared field)": "[ (i7core_inject_type_store)https://gitlab.flux.utah.edu/xcap/xcap-capability-linux/-/blob/llvm_v4.8/drivers/edac/i7core_edac.c#L722 |   %11 = alloca %struct.device*, align 8 ], [ (i7core_register_mci)https://gitlab.flux.utah.edu/xcap/xcap-capability-linux/-/blob/llvm_v4.8/drivers/edac/i7core_edac.c#L2176 ], [ (i7core_inject_section_store)https://gitlab.flux.utah.edu/xcap/xcap-capability-linux/-/blob/llvm_v4.8/drivers/edac/i7core_edac.c#L685 |   %11 = alloca %struct.device*, align 8 ], [ (i7core_inject_type_show)https://gitlab.flux.utah.edu/xcap/xcap-capability-linux/-/blob/llvm_v4.8/drivers/edac/i7core_edac.c#L742 |   %8 = alloca %struct.device*, align 8 ], [ (i7core_create_sysfs_devices)https://gitlab.flux.utah.edu/xcap/xcap-capability-linux/-/blob/llvm_v4.8/drivers/edac/i7core_edac.c#L1194 ], [ (i7core_create_sysfs_devices)https://gitlab.flux.utah.edu/xcap/xcap-capability-linux/-/blob/llvm_v4.8/drivers/edac/i7core_edac.c#L1165 ], [ (i7core_inject_eccmask_show)https://gitlab.flux.utah.edu/xcap/xcap-capability-linux/-/blob/llvm_v4.8/drivers/edac/i7core_edac.c#L782 |   %8 = alloca %struct.device*, align 8 ], [ (i7core_inject_enable_show)https://gitlab.flux.utah.edu/xcap/xcap-capability-linux/-/blob/llvm_v4.8/drivers/edac/i7core_edac.c#L1017 |   %9 = alloca %struct.device*, align 8 ], [ (i7core_create_sysfs_devices)https://gitlab.flux.utah.edu/xcap/xcap-capability-linux/-/blob/llvm_v4.8/drivers/edac/i7core_edac.c#L1172 ], [ (i7core_create_sysfs_devices)https://gitlab.flux.utah.edu/xcap/xcap-capability-linux/-/blob/llvm_v4.8/drivers/edac/i7core_edac.c#L1183 ], [ (i7core_inject_eccmask_store)https://gitlab.flux.utah.edu/xcap/xcap-capability-linux/-/blob/llvm_v4.8/drivers/edac/i7core_edac.c#L762 |   %11 = alloca %struct.device*, align 8 ], [ (i7core_inject_section_show)https://gitlab.flux.utah.edu/xcap/xcap-capability-linux/-/blob/llvm_v4.8/drivers/edac/i7core_edac.c#L705 |   %8 = alloca %struct.device*, align 8 ], [ (i7core_inject_enable_store)https://gitlab.flux.utah.edu/xcap/xcap-capability-linux/-/blob/llvm_v4.8/drivers/edac/i7core_edac.c#L913 |   %11 = alloca %struct.device*, align 8 ], ",
    "call path (type)": " [device_del] ",
    "cond_num": "4",
    "isControl": "0"
  },
  {
    "id": "3",
    "risky": "ptr-arith",
    "acc_path": "device->parent",
    "src": "https://gitlab.flux.utah.edu/xcap/xcap-capability-linux/-/blob/llvm_v4.8/drivers/base/core.c#L1234",
    "dst": "https://gitlab.flux.utah.edu/xcap/xcap-capability-linux/-/blob/llvm_v4.8/drivers/base/core.c#L1256",
    "drv caller (param)": "[ i7core_create_sysfs_devices | https://gitlab.flux.utah.edu/xcap/xcap-capability-linux/-/blob/llvm_v4.8/drivers/edac/i7core_edac.c#L1187 ], ",
    "call path (param)": " [i7core_create_sysfs_devices->device_del] ",
    "drv_update loc (shared field)": "[ (i7core_inject_type_store)https://gitlab.flux.utah.edu/xcap/xcap-capability-linux/-/blob/llvm_v4.8/drivers/edac/i7core_edac.c#L722 |   %11 = alloca %struct.device*, align 8 ], [ (i7core_register_mci)https://gitlab.flux.utah.edu/xcap/xcap-capability-linux/-/blob/llvm_v4.8/drivers/edac/i7core_edac.c#L2176 ], [ (i7core_inject_section_store)https://gitlab.flux.utah.edu/xcap/xcap-capability-linux/-/blob/llvm_v4.8/drivers/edac/i7core_edac.c#L685 |   %11 = alloca %struct.device*, align 8 ], [ (i7core_inject_type_show)https://gitlab.flux.utah.edu/xcap/xcap-capability-linux/-/blob/llvm_v4.8/drivers/edac/i7core_edac.c#L742 |   %8 = alloca %struct.device*, align 8 ], [ (i7core_create_sysfs_devices)https://gitlab.flux.utah.edu/xcap/xcap-capability-linux/-/blob/llvm_v4.8/drivers/edac/i7core_edac.c#L1194 ], [ (i7core_create_sysfs_devices)https://gitlab.flux.utah.edu/xcap/xcap-capability-linux/-/blob/llvm_v4.8/drivers/edac/i7core_edac.c#L1165 ], [ (i7core_inject_eccmask_show)https://gitlab.flux.utah.edu/xcap/xcap-capability-linux/-/blob/llvm_v4.8/drivers/edac/i7core_edac.c#L782 |   %8 = alloca %struct.device*, align 8 ], [ (i7core_inject_enable_show)https://gitlab.flux.utah.edu/xcap/xcap-capability-linux/-/blob/llvm_v4.8/drivers/edac/i7core_edac.c#L1017 |   %9 = alloca %struct.device*, align 8 ], [ (i7core_create_sysfs_devices)https://gitlab.flux.utah.edu/xcap/xcap-capability-linux/-/blob/llvm_v4.8/drivers/edac/i7core_edac.c#L1172 ], [ (i7core_create_sysfs_devices)https://gitlab.flux.utah.edu/xcap/xcap-capability-linux/-/blob/llvm_v4.8/drivers/edac/i7core_edac.c#L1183 ], [ (i7core_inject_eccmask_store)https://gitlab.flux.utah.edu/xcap/xcap-capability-linux/-/blob/llvm_v4.8/drivers/edac/i7core_edac.c#L762 |   %11 = alloca %struct.device*, align 8 ], [ (i7core_inject_section_show)https://gitlab.flux.utah.edu/xcap/xcap-capability-linux/-/blob/llvm_v4.8/drivers/edac/i7core_edac.c#L705 |   %8 = alloca %struct.device*, align 8 ], [ (i7core_inject_enable_store)https://gitlab.flux.utah.edu/xcap/xcap-capability-linux/-/blob/llvm_v4.8/drivers/edac/i7core_edac.c#L913 |   %11 = alloca %struct.device*, align 8 ], ",
    "call path (type)": " [device_del] ",
    "cond_num": "4",
    "isControl": "0"
  },
  {
    "id": "4",
    "risky": "ptr-read",
    "acc_path": "device->type",
    "src": "https://gitlab.flux.utah.edu/xcap/xcap-capability-linux/-/blob/llvm_v4.8/drivers/base/core.c#L244",
    "dst": "https://gitlab.flux.utah.edu/xcap/xcap-capability-linux/-/blob/llvm_v4.8/drivers/base/core.c#L244",
    "drv_update loc (shared field)": "[ (i7core_create_sysfs_devices)https://gitlab.flux.utah.edu/xcap/xcap-capability-linux/-/blob/llvm_v4.8/drivers/edac/i7core_edac.c#L1191 ], [ (i7core_create_sysfs_devices)https://gitlab.flux.utah.edu/xcap/xcap-capability-linux/-/blob/llvm_v4.8/drivers/edac/i7core_edac.c#L1169 ], ",
    "call path (type)": "",
    "cond_num": "0",
    "isControl": "1",
    "t_trace": "",
    "isTrue": "-",
    "atk_reason": "",
    "defense": ""
  },
  {
    "id": "4",
    "risky": "ptr-write",
    "acc_path": "device->type",
    "src": "https://gitlab.flux.utah.edu/xcap/xcap-capability-linux/-/blob/llvm_v4.8/drivers/base/core.c#L472",
    "dst": "https://gitlab.flux.utah.edu/xcap/xcap-capability-linux/-/blob/llvm_v4.8/drivers/base/core.c#L469 |   %5 = alloca %struct.device_type.516*, align 8",
    "drv caller (param)": "",
    "call path (param)": "",
    "drv_update loc (shared field)": "[ (i7core_create_sysfs_devices)https://gitlab.flux.utah.edu/xcap/xcap-capability-linux/-/blob/llvm_v4.8/drivers/edac/i7core_edac.c#L1191 ], [ (i7core_create_sysfs_devices)https://gitlab.flux.utah.edu/xcap/xcap-capability-linux/-/blob/llvm_v4.8/drivers/edac/i7core_edac.c#L1169 ], ",
    "call path (type)": " [device_add->device_add_attrs] ",
    "cond_num": "0",
    "isControl": "1",
    "t_trace": "[ INST || DATA_DEF_USE || https://gitlab.flux.utah.edu/xcap/xcap-capability-linux/-/blob/llvm_v4.8/drivers/base/core.c#L472 ] -> [ INST || DATA_ST || https://gitlab.flux.utah.edu/xcap/xcap-capability-linux/-/blob/llvm_v4.8/drivers/base/core.c#L469 |   %5 = alloca %struct.device_type.516*, align 8 ] -> ",
    "isTrue": "-",
    "atk_reason": "",
    "defense": ""
  },
  {
    "id": "5",
    "risky": "ptr-read",
    "acc_path": "device->bus",
    "src": "https://gitlab.flux.utah.edu/xcap/xcap-capability-linux/-/blob/llvm_v4.8/drivers/base/core.c#L1116",
    "dst": "https://gitlab.flux.utah.edu/xcap/xcap-capability-linux/-/blob/llvm_v4.8/drivers/base/core.c#L1116",
    "drv caller (param)": "[ i7core_create_sysfs_devices | https://gitlab.flux.utah.edu/xcap/xcap-capability-linux/-/blob/llvm_v4.8/drivers/edac/i7core_edac.c#L1200 ], ",
    "call path (param)": " [i7core_create_sysfs_devices->device_add] ",
    "drv_update loc (shared field)": "[ (i7core_create_sysfs_devices)https://gitlab.flux.utah.edu/xcap/xcap-capability-linux/-/blob/llvm_v4.8/drivers/edac/i7core_edac.c#L1192 ], [ (i7core_create_sysfs_devices)https://gitlab.flux.utah.edu/xcap/xcap-capability-linux/-/blob/llvm_v4.8/drivers/edac/i7core_edac.c#L1170 ], ",
    "call path (type)": " [device_add] ",
    "cond_num": "0",
    "isControl": "1",
    "t_trace": "[ INST || DATA_DEF_USE || https://gitlab.flux.utah.edu/xcap/xcap-capability-linux/-/blob/llvm_v4.8/drivers/base/core.c#L1116 ] -> [ INST || DATA_DEF_USE || https://gitlab.flux.utah.edu/xcap/xcap-capability-linux/-/blob/llvm_v4.8/drivers/base/core.c#L1116 ] -> ",
    "isTrue": "-",
    "atk_reason": "",
    "defense": ""
  },
  {
    "id": "5",
    "risky": "ptr-array",
    "acc_path": "device->bus",
    "src": "https://gitlab.flux.utah.edu/xcap/xcap-capability-linux/-/blob/llvm_v4.8/drivers/base/core.c#L832",
    "dst": "https://gitlab.flux.utah.edu/xcap/xcap-capability-linux/-/blob/llvm_v4.8/drivers/base/core.c#L812",
    "drv caller (param)": "",
    "call path (param)": "",
    "drv_update loc (shared field)": "[ (i7core_create_sysfs_devices)https://gitlab.flux.utah.edu/xcap/xcap-capability-linux/-/blob/llvm_v4.8/drivers/edac/i7core_edac.c#L1192 ], [ (i7core_create_sysfs_devices)https://gitlab.flux.utah.edu/xcap/xcap-capability-linux/-/blob/llvm_v4.8/drivers/edac/i7core_edac.c#L1170 ], ",
    "call path (type)": " [device_add->get_device_parent] ",
    "cond_num": "2",
    "isControl": "0"
  },
  {
    "id": "5",
    "risky": "ptr-arith",
    "acc_path": "device->bus",
    "src": "https://gitlab.flux.utah.edu/xcap/xcap-capability-linux/-/blob/llvm_v4.8/drivers/base/core.c#L832",
    "dst": "https://gitlab.flux.utah.edu/xcap/xcap-capability-linux/-/blob/llvm_v4.8/drivers/base/core.c#L812",
    "drv caller (param)": "",
    "call path (param)": "",
    "drv_update loc (shared field)": "[ (i7core_create_sysfs_devices)https://gitlab.flux.utah.edu/xcap/xcap-capability-linux/-/blob/llvm_v4.8/drivers/edac/i7core_edac.c#L1192 ], [ (i7core_create_sysfs_devices)https://gitlab.flux.utah.edu/xcap/xcap-capability-linux/-/blob/llvm_v4.8/drivers/edac/i7core_edac.c#L1170 ], ",
    "call path (type)": " [device_add->get_device_parent] ",
    "cond_num": "2",
    "isControl": "0"
  },
  {
    "id": "5",
    "risky": "ptr-write",
    "acc_path": "device->bus",
    "src": "https://gitlab.flux.utah.edu/xcap/xcap-capability-linux/-/blob/llvm_v4.8/drivers/base/core.c#L832",
    "dst": "https://gitlab.flux.utah.edu/xcap/xcap-capability-linux/-/blob/llvm_v4.8/drivers/base/core.c#L779 |   %13 = alloca %struct.list_head*, align 8",
    "drv caller (param)": "",
    "call path (param)": "",
    "drv_update loc (shared field)": "[ (i7core_create_sysfs_devices)https://gitlab.flux.utah.edu/xcap/xcap-capability-linux/-/blob/llvm_v4.8/drivers/edac/i7core_edac.c#L1192 ], [ (i7core_create_sysfs_devices)https://gitlab.flux.utah.edu/xcap/xcap-capability-linux/-/blob/llvm_v4.8/drivers/edac/i7core_edac.c#L1170 ], ",
    "call path (type)": " [device_add->get_device_parent] ",
    "cond_num": "0",
    "isControl": "1",
    "t_trace": "",
    "isTrue": "-",
    "atk_reason": "",
    "defense": ""
  }
]
[
  {
    "struct name": "dimm_info",
    "No.fields": 11,
    "No.classified fields": 2,
    "NUM_ARITH": 1,
    "CONTROL_SENB_RANCH": 1,
    "UNCLASSIFY": 1
  },
  {
    "id": "7",
    "risky": "val-sen-branch (strcpy)",
    "acc_path": "dimm_info->nr_pages",
    "src": "https://gitlab.flux.utah.edu/xcap/xcap-capability-linux/-/blob/llvm_v4.8/drivers/edac/edac_mc.c#L1187",
    "dst": "https://gitlab.flux.utah.edu/xcap/xcap-capability-linux/-/blob/llvm_v4.8/drivers/edac/edac_mc.c#L1187",
    "drv_update loc (shared field)": "[ (get_dimm_config)https://gitlab.flux.utah.edu/xcap/xcap-capability-linux/-/blob/llvm_v4.8/drivers/edac/i7core_edac.c#L607 ], ",
    "call path (type)": " [edac_mc_handle_error] ",
    "cond_num": "0",
    "isControl": "1",
    "t_trace": "[ INST || DATA_DEF_USE || https://gitlab.flux.utah.edu/xcap/xcap-capability-linux/-/blob/llvm_v4.8/drivers/edac/edac_mc.c#L1187 ] -> ",
    "isTrue": "-",
    "atk_reason": "",
    "defense": ""
  },
  {
    "id": "7",
    "risky": "numeric-arith",
    "acc_path": "dimm_info->nr_pages",
    "src": "https://gitlab.flux.utah.edu/xcap/xcap-capability-linux/-/blob/llvm_v4.8/drivers/edac/edac_mc.c#L855",
    "dst": "https://gitlab.flux.utah.edu/xcap/xcap-capability-linux/-/blob/llvm_v4.8/drivers/edac/edac_mc.c#L855",
    "drv_update loc (shared field)": "[ (get_dimm_config)https://gitlab.flux.utah.edu/xcap/xcap-capability-linux/-/blob/llvm_v4.8/drivers/edac/i7core_edac.c#L607 ], ",
    "call path (type)": "",
    "cond_num": "0",
    "isControl": "1",
    "t_trace": "[ INST || DATA_DEF_USE || https://gitlab.flux.utah.edu/xcap/xcap-capability-linux/-/blob/llvm_v4.8/drivers/edac/edac_mc.c#L855 ] -> [ INST || DATA_DEF_USE || https://gitlab.flux.utah.edu/xcap/xcap-capability-linux/-/blob/llvm_v4.8/drivers/edac/edac_mc.c#L855 ] -> [ INST || DATA_ST || https://gitlab.flux.utah.edu/xcap/xcap-capability-linux/-/blob/llvm_v4.8/drivers/edac/edac_mc.c#L842 |   %9 = alloca i32, align 4 ] -> [ INST || DATA_DEF_USE || https://gitlab.flux.utah.edu/xcap/xcap-capability-linux/-/blob/llvm_v4.8/drivers/edac/edac_mc.c#L855 ] -> ",
    "isTrue": "-",
    "atk_reason": "",
    "defense": ""
  }
]
[
  {
    "struct name": "mem_ctl_info",
    "No.fields": 44,
    "No.classified fields": 8,
    "PTR_READ": 4,
    "PTR_WRITE": 3,
    "PTR_BUFFER": 2,
    "PTR_ARITH_BASE": 2,
    "CONTROL_SENB_RANCH": 1,
    "FUNC_PTR": 1,
    "UNCLASSIFY": 3
  },
  {
    "id": "12",
    "risky": "ptr-read",
    "acc_path": "mem_ctl_info->pdev",
    "src": "https://gitlab.flux.utah.edu/xcap/xcap-capability-linux/-/blob/llvm_v4.8/drivers/edac/edac_mc.c#L125",
    "dst": "https://gitlab.flux.utah.edu/xcap/xcap-capability-linux/-/blob/llvm_v4.8/drivers/edac/edac_mc.c#L125",
    "drv caller (param)": "",
    "call path (param)": "",
    "drv_update loc (shared field)": "[ (i7core_inject_type_store)https://gitlab.flux.utah.edu/xcap/xcap-capability-linux/-/blob/llvm_v4.8/drivers/edac/i7core_edac.c#L722 |   %11 = alloca %struct.device*, align 8 ], [ (i7core_register_mci)https://gitlab.flux.utah.edu/xcap/xcap-capability-linux/-/blob/llvm_v4.8/drivers/edac/i7core_edac.c#L2176 ], [ (i7core_inject_section_store)https://gitlab.flux.utah.edu/xcap/xcap-capability-linux/-/blob/llvm_v4.8/drivers/edac/i7core_edac.c#L685 |   %11 = alloca %struct.device*, align 8 ], [ (i7core_inject_type_show)https://gitlab.flux.utah.edu/xcap/xcap-capability-linux/-/blob/llvm_v4.8/drivers/edac/i7core_edac.c#L742 |   %8 = alloca %struct.device*, align 8 ], [ (i7core_create_sysfs_devices)https://gitlab.flux.utah.edu/xcap/xcap-capability-linux/-/blob/llvm_v4.8/drivers/edac/i7core_edac.c#L1194 ], [ (i7core_create_sysfs_devices)https://gitlab.flux.utah.edu/xcap/xcap-capability-linux/-/blob/llvm_v4.8/drivers/edac/i7core_edac.c#L1165 ], [ (i7core_inject_eccmask_show)https://gitlab.flux.utah.edu/xcap/xcap-capability-linux/-/blob/llvm_v4.8/drivers/edac/i7core_edac.c#L782 |   %8 = alloca %struct.device*, align 8 ], [ (i7core_inject_enable_show)https://gitlab.flux.utah.edu/xcap/xcap-capability-linux/-/blob/llvm_v4.8/drivers/edac/i7core_edac.c#L1017 |   %9 = alloca %struct.device*, align 8 ], [ (i7core_create_sysfs_devices)https://gitlab.flux.utah.edu/xcap/xcap-capability-linux/-/blob/llvm_v4.8/drivers/edac/i7core_edac.c#L1172 ], [ (i7core_create_sysfs_devices)https://gitlab.flux.utah.edu/xcap/xcap-capability-linux/-/blob/llvm_v4.8/drivers/edac/i7core_edac.c#L1183 ], [ (i7core_inject_eccmask_store)https://gitlab.flux.utah.edu/xcap/xcap-capability-linux/-/blob/llvm_v4.8/drivers/edac/i7core_edac.c#L762 |   %11 = alloca %struct.device*, align 8 ], [ (i7core_inject_section_show)https://gitlab.flux.utah.edu/xcap/xcap-capability-linux/-/blob/llvm_v4.8/drivers/edac/i7core_edac.c#L705 |   %8 = alloca %struct.device*, align 8 ], [ (i7core_inject_enable_store)https://gitlab.flux.utah.edu/xcap/xcap-capability-linux/-/blob/llvm_v4.8/drivers/edac/i7core_edac.c#L913 |   %11 = alloca %struct.device*, align 8 ], ",
    "call path (type)": " [edac_mc_add_mc_with_groups->edac_mc_dump_mci] ",
    "cond_num": "0",
    "isControl": "1",
    "t_trace": "",
    "isTrue": "-",
    "atk_reason": "",
    "defense": ""
  },
  {
    "id": "12",
    "risky": "ptr-write",
    "acc_path": "mem_ctl_info->pdev",
    "src": "https://gitlab.flux.utah.edu/xcap/xcap-capability-linux/-/blob/llvm_v4.8/drivers/edac/edac_mc.c#L612",
    "dst": "https://gitlab.flux.utah.edu/xcap/xcap-capability-linux/-/blob/llvm_v4.8/./include/linux/device.h#L865 |   %2 = alloca i8*, align 8",
    "drv_update loc (shared field)": "[ (i7core_inject_type_store)https://gitlab.flux.utah.edu/xcap/xcap-capability-linux/-/blob/llvm_v4.8/drivers/edac/i7core_edac.c#L722 |   %11 = alloca %struct.device*, align 8 ], [ (i7core_register_mci)https://gitlab.flux.utah.edu/xcap/xcap-capability-linux/-/blob/llvm_v4.8/drivers/edac/i7core_edac.c#L2176 ], [ (i7core_inject_section_store)https://gitlab.flux.utah.edu/xcap/xcap-capability-linux/-/blob/llvm_v4.8/drivers/edac/i7core_edac.c#L685 |   %11 = alloca %struct.device*, align 8 ], [ (i7core_inject_type_show)https://gitlab.flux.utah.edu/xcap/xcap-capability-linux/-/blob/llvm_v4.8/drivers/edac/i7core_edac.c#L742 |   %8 = alloca %struct.device*, align 8 ], [ (i7core_create_sysfs_devices)https://gitlab.flux.utah.edu/xcap/xcap-capability-linux/-/blob/llvm_v4.8/drivers/edac/i7core_edac.c#L1194 ], [ (i7core_create_sysfs_devices)https://gitlab.flux.utah.edu/xcap/xcap-capability-linux/-/blob/llvm_v4.8/drivers/edac/i7core_edac.c#L1165 ], [ (i7core_inject_eccmask_show)https://gitlab.flux.utah.edu/xcap/xcap-capability-linux/-/blob/llvm_v4.8/drivers/edac/i7core_edac.c#L782 |   %8 = alloca %struct.device*, align 8 ], [ (i7core_inject_enable_show)https://gitlab.flux.utah.edu/xcap/xcap-capability-linux/-/blob/llvm_v4.8/drivers/edac/i7core_edac.c#L1017 |   %9 = alloca %struct.device*, align 8 ], [ (i7core_create_sysfs_devices)https://gitlab.flux.utah.edu/xcap/xcap-capability-linux/-/blob/llvm_v4.8/drivers/edac/i7core_edac.c#L1172 ], [ (i7core_create_sysfs_devices)https://gitlab.flux.utah.edu/xcap/xcap-capability-linux/-/blob/llvm_v4.8/drivers/edac/i7core_edac.c#L1183 ], [ (i7core_inject_eccmask_store)https://gitlab.flux.utah.edu/xcap/xcap-capability-linux/-/blob/llvm_v4.8/drivers/edac/i7core_edac.c#L762 |   %11 = alloca %struct.device*, align 8 ], [ (i7core_inject_section_show)https://gitlab.flux.utah.edu/xcap/xcap-capability-linux/-/blob/llvm_v4.8/drivers/edac/i7core_edac.c#L705 |   %8 = alloca %struct.device*, align 8 ], [ (i7core_inject_enable_store)https://gitlab.flux.utah.edu/xcap/xcap-capability-linux/-/blob/llvm_v4.8/drivers/edac/i7core_edac.c#L913 |   %11 = alloca %struct.device*, align 8 ], ",
    "call path (type)": " [edac_mc_add_mc_with_groups->add_mc_to_global_list->dev_name.163] ",
    "cond_num": "0",
    "isControl": "1",
    "t_trace": "[ INST || DATA_DEF_USE || https://gitlab.flux.utah.edu/xcap/xcap-capability-linux/-/blob/llvm_v4.8/drivers/edac/edac_mc.c#L612 ] -> [ ACTUAL_IN || PARAMETER_IN ] -> [ FORMAL_IN || PARAMETER_INdev ] -> [ INST || PARAMETER_IN || https://gitlab.flux.utah.edu/xcap/xcap-capability-linux/-/blob/llvm_v4.8/./include/linux/device.h#L871 ] -> [ INST || DATA_DEF_USE || https://gitlab.flux.utah.edu/xcap/xcap-capability-linux/-/blob/llvm_v4.8/./include/linux/device.h#L871 ] -> [ INST || DATA_DEF_USE || https://gitlab.flux.utah.edu/xcap/xcap-capability-linux/-/blob/llvm_v4.8/./include/linux/device.h#L871 ] -> [ INST || DATA_ST || https://gitlab.flux.utah.edu/xcap/xcap-capability-linux/-/blob/llvm_v4.8/./include/linux/device.h#L865 |   %2 = alloca i8*, align 8 ] -> ",
    "isTrue": "-",
    "atk_reason": "",
    "defense": ""
  },
  {
    "id": "13",
    "risky": "ptr-read",
    "acc_path": "mem_ctl_info->mod_name",
    "src": "https://gitlab.flux.utah.edu/xcap/xcap-capability-linux/-/blob/llvm_v4.8/drivers/edac/edac_mc.c#L612",
    "dst": "https://gitlab.flux.utah.edu/xcap/xcap-capability-linux/-/blob/llvm_v4.8/drivers/edac/edac_mc.c#L612",
    "drv_update loc (shared field)": "[ (i7core_register_mci)https://gitlab.flux.utah.edu/xcap/xcap-capability-linux/-/blob/llvm_v4.8/drivers/edac/i7core_edac.c#L2160 ], ",
    "call path (type)": " [edac_mc_add_mc_with_groups->add_mc_to_global_list] ",
    "cond_num": "0",
    "isControl": "1",
    "t_trace": "",
    "isTrue": "-",
    "atk_reason": "",
    "defense": ""
  },
  {
    "id": "13",
    "risky": "ptr-array",
    "acc_path": "mem_ctl_info->mod_name",
    "src": "https://gitlab.flux.utah.edu/xcap/xcap-capability-linux/-/blob/llvm_v4.8/drivers/edac/edac_mc.c#L612",
    "dst": "https://gitlab.flux.utah.edu/xcap/xcap-capability-linux/-/blob/llvm_v4.8/drivers/edac/edac_mc.c#L596",
    "drv_update loc (shared field)": "[ (i7core_register_mci)https://gitlab.flux.utah.edu/xcap/xcap-capability-linux/-/blob/llvm_v4.8/drivers/edac/i7core_edac.c#L2160 ], ",
    "call path (type)": " [edac_mc_add_mc_with_groups->add_mc_to_global_list] ",
    "cond_num": "2",
    "isControl": "0"
  },
  {
    "id": "13",
    "risky": "ptr-arith",
    "acc_path": "mem_ctl_info->mod_name",
    "src": "https://gitlab.flux.utah.edu/xcap/xcap-capability-linux/-/blob/llvm_v4.8/drivers/edac/edac_mc.c#L612",
    "dst": "https://gitlab.flux.utah.edu/xcap/xcap-capability-linux/-/blob/llvm_v4.8/drivers/edac/edac_mc.c#L596",
    "drv_update loc (shared field)": "[ (i7core_register_mci)https://gitlab.flux.utah.edu/xcap/xcap-capability-linux/-/blob/llvm_v4.8/drivers/edac/i7core_edac.c#L2160 ], ",
    "call path (type)": " [edac_mc_add_mc_with_groups->add_mc_to_global_list] ",
    "cond_num": "2",
    "isControl": "0"
  },
  {
    "id": "13",
    "risky": "ptr-write",
    "acc_path": "mem_ctl_info->mod_name",
    "src": "https://gitlab.flux.utah.edu/xcap/xcap-capability-linux/-/blob/llvm_v4.8/drivers/edac/edac_mc.c#L612",
    "dst": "https://gitlab.flux.utah.edu/xcap/xcap-capability-linux/-/blob/llvm_v4.8/./include/linux/device.h#L865 |   %2 = alloca i8*, align 8",
    "drv_update loc (shared field)": "[ (i7core_register_mci)https://gitlab.flux.utah.edu/xcap/xcap-capability-linux/-/blob/llvm_v4.8/drivers/edac/i7core_edac.c#L2160 ], ",
    "call path (type)": " [edac_mc_add_mc_with_groups->add_mc_to_global_list->dev_name.163] ",
    "cond_num": "1",
    "isControl": "1",
    "t_trace": "",
    "isTrue": "-",
    "atk_reason": "",
    "defense": ""
  },
  {
    "id": "13",
    "risky": "ptr-sen-branch (memcpy)",
    "acc_path": "mem_ctl_info->mod_name",
    "src": "https://gitlab.flux.utah.edu/xcap/xcap-capability-linux/-/blob/llvm_v4.8/drivers/edac/edac_mc.c#L717",
    "dst": "https://gitlab.flux.utah.edu/xcap/xcap-capability-linux/-/blob/llvm_v4.8/drivers/edac/edac_mc.c#L717",
    "drv caller (param)": "[ i7core_register_mci | https://gitlab.flux.utah.edu/xcap/xcap-capability-linux/-/blob/llvm_v4.8/drivers/edac/i7core_edac.c#L2183 ], ",
    "call path (param)": " [i7core_register_mci->edac_mc_add_mc_with_groups] ",
    "drv_update loc (shared field)": "[ (i7core_register_mci)https://gitlab.flux.utah.edu/xcap/xcap-capability-linux/-/blob/llvm_v4.8/drivers/edac/i7core_edac.c#L2160 ], ",
    "call path (type)": " [edac_mc_add_mc_with_groups] ",
    "cond_num": "0",
    "isControl": "1",
    "t_trace": "[ INST || DATA_DEF_USE || https://gitlab.flux.utah.edu/xcap/xcap-capability-linux/-/blob/llvm_v4.8/drivers/edac/edac_mc.c#L717 ] -> ",
    "isTrue": "-",
    "atk_reason": "",
    "defense": ""
  },
  {
    "id": "14",
    "risky": "ptr-read",
    "acc_path": "mem_ctl_info->ctl_name",
    "src": "https://gitlab.flux.utah.edu/xcap/xcap-capability-linux/-/blob/llvm_v4.8/drivers/edac/edac_mc.c#L802",
    "dst": "https://gitlab.flux.utah.edu/xcap/xcap-capability-linux/-/blob/llvm_v4.8/drivers/edac/edac_mc.c#L802",
    "drv caller (param)": "[ i7core_register_mci | https://gitlab.flux.utah.edu/xcap/xcap-capability-linux/-/blob/llvm_v4.8/drivers/edac/i7core_edac.c#L2194 ], ",
    "call path (param)": " [i7core_register_mci->edac_mc_del_mc] ",
    "drv_update loc (shared field)": "[ (i7core_register_mci)https://gitlab.flux.utah.edu/xcap/xcap-capability-linux/-/blob/llvm_v4.8/drivers/edac/i7core_edac.c#L2162 ], ",
    "call path (type)": " [edac_mc_del_mc] ",
    "cond_num": "0",
    "isControl": "1",
    "t_trace": "",
    "isTrue": "-",
    "atk_reason": "",
    "defense": ""
  },
  {
    "id": "14",
    "risky": "ptr-array",
    "acc_path": "mem_ctl_info->ctl_name",
    "src": "https://gitlab.flux.utah.edu/xcap/xcap-capability-linux/-/blob/llvm_v4.8/drivers/edac/edac_mc.c#L612",
    "dst": "https://gitlab.flux.utah.edu/xcap/xcap-capability-linux/-/blob/llvm_v4.8/drivers/edac/edac_mc.c#L596",
    "drv_update loc (shared field)": "[ (i7core_register_mci)https://gitlab.flux.utah.edu/xcap/xcap-capability-linux/-/blob/llvm_v4.8/drivers/edac/i7core_edac.c#L2162 ], ",
    "call path (type)": " [edac_mc_add_mc_with_groups->add_mc_to_global_list] ",
    "cond_num": "2",
    "isControl": "0"
  },
  {
    "id": "14",
    "risky": "ptr-arith",
    "acc_path": "mem_ctl_info->ctl_name",
    "src": "https://gitlab.flux.utah.edu/xcap/xcap-capability-linux/-/blob/llvm_v4.8/drivers/edac/edac_mc.c#L612",
    "dst": "https://gitlab.flux.utah.edu/xcap/xcap-capability-linux/-/blob/llvm_v4.8/drivers/edac/edac_mc.c#L596",
    "drv_update loc (shared field)": "[ (i7core_register_mci)https://gitlab.flux.utah.edu/xcap/xcap-capability-linux/-/blob/llvm_v4.8/drivers/edac/i7core_edac.c#L2162 ], ",
    "call path (type)": " [edac_mc_add_mc_with_groups->add_mc_to_global_list] ",
    "cond_num": "2",
    "isControl": "0"
  },
  {
    "id": "14",
    "risky": "ptr-write",
    "acc_path": "mem_ctl_info->ctl_name",
    "src": "https://gitlab.flux.utah.edu/xcap/xcap-capability-linux/-/blob/llvm_v4.8/drivers/edac/edac_mc.c#L612",
    "dst": "https://gitlab.flux.utah.edu/xcap/xcap-capability-linux/-/blob/llvm_v4.8/./include/linux/device.h#L865 |   %2 = alloca i8*, align 8",
    "drv_update loc (shared field)": "[ (i7core_register_mci)https://gitlab.flux.utah.edu/xcap/xcap-capability-linux/-/blob/llvm_v4.8/drivers/edac/i7core_edac.c#L2162 ], ",
    "call path (type)": " [edac_mc_add_mc_with_groups->add_mc_to_global_list->dev_name.163] ",
    "cond_num": "1",
    "isControl": "1",
    "t_trace": "",
    "isTrue": "-",
    "atk_reason": "",
    "defense": ""
  },
  {
    "id": "15",
    "risky": "ptr-read",
    "acc_path": "mem_ctl_info->dev_name",
    "src": "https://gitlab.flux.utah.edu/xcap/xcap-capability-linux/-/blob/llvm_v4.8/drivers/edac/edac_mc.c#L612",
    "dst": "https://gitlab.flux.utah.edu/xcap/xcap-capability-linux/-/blob/llvm_v4.8/drivers/edac/edac_mc.c#L612",
    "drv caller (param)": "",
    "call path (param)": "",
    "drv_update loc (shared field)": "[ (i7core_register_mci)https://gitlab.flux.utah.edu/xcap/xcap-capability-linux/-/blob/llvm_v4.8/drivers/edac/i7core_edac.c#L2164 ], ",
    "call path (type)": " [edac_mc_add_mc_with_groups->add_mc_to_global_list] ",
    "cond_num": "0",
    "isControl": "1",
    "t_trace": "",
    "isTrue": "-",
    "atk_reason": "",
    "defense": ""
  }
]
[
  {
    "struct name": "edac_mc_layer",
    "No.fields": 3,
    "No.classified fields": 0
  }
]
[
  {
    "struct name": "pci_dev",
    "No.fields": 90,
    "No.classified fields": 0
  }
]
[
  {
    "struct name": "pci_bus",
    "No.fields": 25,
    "No.classified fields": 0
  }
]
[
  {
    "struct name": "pci_device_id",
    "No.fields": 7,
    "No.classified fields": 0
  }
]
[
  {
    "struct name": "kobject",
    "No.fields": 12,
    "No.classified fields": 0
  }
]
[
  {
    "struct name": "list_head",
    "No.fields": 2,
    "No.classified fields": 0
  }
]
[
  {
    "struct name": "kmem_cache",
    "No.fields": 0,
    "No.classified fields": 0
  }
]
