[]
[]
[]
[]
[]
[]
[]
[
  {
    "id": "34",
    "risky": "val-sen-api (kmalloc)",
    "acc_path": "size",
    "src": "https://gitlab.flux.utah.edu/xcap/xcap-capability-linux/-/blob/llvm_v4.8/mm/slab_common.c#L1018",
    "dst": "https://gitlab.flux.utah.edu/xcap/xcap-capability-linux/-/blob/llvm_v4.8/mm/slab_common.c#L1018",
    "drv caller (param)": "[ crypt_ctr_cipher | https://gitlab.flux.utah.edu/xcap/xcap-capability-linux/-/blob/llvm_v4.8/./include/linux/slab.h#L415 ], ",
    "call path (param)": " [crypt_ctr_cipher->crypt_alloc_tfms->crypto_alloc_skcipher->crypto_alloc_tfm->crypto_create_tfm->kzalloc.198->kmalloc_order] ",
    "cond_num": "0",
    "isControl": "1",
    "t_trace": "",
    "isTrue": "-",
    "atk_reason": "",
    "defense": ""
  }
]
[
  {
    "id": "35",
    "risky": "val-sen-api (kmalloc)",
    "acc_path": "flags",
    "src": "https://gitlab.flux.utah.edu/xcap/xcap-capability-linux/-/blob/llvm_v4.8/mm/slab_common.c#L1018",
    "dst": "https://gitlab.flux.utah.edu/xcap/xcap-capability-linux/-/blob/llvm_v4.8/mm/slab_common.c#L1018",
    "drv caller (param)": "[ crypt_ctr_cipher | https://gitlab.flux.utah.edu/xcap/xcap-capability-linux/-/blob/llvm_v4.8/./include/linux/slab.h#L415 ], ",
    "call path (param)": " [crypt_ctr_cipher->crypt_alloc_tfms->crypto_alloc_skcipher->crypto_alloc_tfm->crypto_create_tfm->kzalloc.198->kmalloc_order] ",
    "cond_num": "0",
    "isControl": "1",
    "t_trace": "",
    "isTrue": "-",
    "atk_reason": "",
    "defense": ""
  }
]
[]
[]
[
  {
    "id": "38",
    "risky": "numeric-arith",
    "acc_path": "nr",
    "src": "https://gitlab.flux.utah.edu/xcap/xcap-capability-linux/-/blob/llvm_v4.8/kernel/sched/wait.c#L105",
    "dst": "https://gitlab.flux.utah.edu/xcap/xcap-capability-linux/-/blob/llvm_v4.8/kernel/sched/wait.c#L74",
    "drv caller (param)": "[ kcryptd_crypt_write_io_submit | https://gitlab.flux.utah.edu/xcap/xcap-capability-linux/-/blob/llvm_v4.8/drivers/md/dm-crypt.c#L1287 ], ",
    "call path (param)": " [kcryptd_crypt_write_io_submit->bio_put->bio_free->bvec_free->mempool_free->__wake_up->__wake_up_common] ",
    "cond_num": "3",
    "isControl": "0"
  }
]
[
  {
    "id": "39",
    "risky": "ptr-array",
    "acc_path": "data",
    "src": "https://gitlab.flux.utah.edu/xcap/xcap-capability-linux/-/blob/llvm_v4.8/crypto/shash.c#L108",
    "dst": "https://gitlab.flux.utah.edu/xcap/xcap-capability-linux/-/blob/llvm_v4.8/crypto/shash.c#L95",
    "drv caller (param)": "[ crypt_iv_lmk_one | https://gitlab.flux.utah.edu/xcap/xcap-capability-linux/-/blob/llvm_v4.8/drivers/md/dm-crypt.c#L557 ], ",
    "call path (param)": " [crypt_iv_lmk_one->crypto_shash_update->shash_update_unaligned] ",
    "cond_num": "5",
    "isControl": "0"
  },
  {
    "id": "39",
    "risky": "ptr-arith",
    "acc_path": "data",
    "src": "https://gitlab.flux.utah.edu/xcap/xcap-capability-linux/-/blob/llvm_v4.8/crypto/shash.c#L108",
    "dst": "https://gitlab.flux.utah.edu/xcap/xcap-capability-linux/-/blob/llvm_v4.8/crypto/shash.c#L95",
    "drv caller (param)": "[ crypt_iv_lmk_one | https://gitlab.flux.utah.edu/xcap/xcap-capability-linux/-/blob/llvm_v4.8/drivers/md/dm-crypt.c#L557 ], ",
    "call path (param)": " [crypt_iv_lmk_one->crypto_shash_update->shash_update_unaligned] ",
    "cond_num": "5",
    "isControl": "0"
  },
  {
    "id": "39",
    "risky": "ptr-sen-api (memcpy)",
    "acc_path": "data",
    "src": "https://gitlab.flux.utah.edu/xcap/xcap-capability-linux/-/blob/llvm_v4.8/crypto/shash.c#L108",
    "dst": "https://gitlab.flux.utah.edu/xcap/xcap-capability-linux/-/blob/llvm_v4.8/crypto/shash.c#L90",
    "drv caller (param)": "[ crypt_iv_lmk_one | https://gitlab.flux.utah.edu/xcap/xcap-capability-linux/-/blob/llvm_v4.8/drivers/md/dm-crypt.c#L557 ], ",
    "call path (param)": " [crypt_iv_lmk_one->crypto_shash_update->shash_update_unaligned] ",
    "cond_num": "4",
    "isControl": "0"
  },
  {
    "id": "39",
    "risky": "ptr-write",
    "acc_path": "data",
    "src": "https://gitlab.flux.utah.edu/xcap/xcap-capability-linux/-/blob/llvm_v4.8/crypto/shash.c#L108",
    "dst": "https://gitlab.flux.utah.edu/xcap/xcap-capability-linux/-/blob/llvm_v4.8/crypto/shash.c#L90",
    "drv caller (param)": "[ crypt_iv_lmk_one | https://gitlab.flux.utah.edu/xcap/xcap-capability-linux/-/blob/llvm_v4.8/drivers/md/dm-crypt.c#L557 ], ",
    "call path (param)": " [crypt_iv_lmk_one->crypto_shash_update->shash_update_unaligned] ",
    "cond_num": "4",
    "isControl": "0"
  }
]
[
  {
    "id": "40",
    "risky": "numeric-arith",
    "acc_path": "len",
    "src": "https://gitlab.flux.utah.edu/xcap/xcap-capability-linux/-/blob/llvm_v4.8/crypto/shash.c#L106",
    "dst": "https://gitlab.flux.utah.edu/xcap/xcap-capability-linux/-/blob/llvm_v4.8/crypto/shash.c#L71",
    "drv caller (param)": "[ crypt_iv_lmk_one | https://gitlab.flux.utah.edu/xcap/xcap-capability-linux/-/blob/llvm_v4.8/drivers/md/dm-crypt.c#L557 ], ",
    "call path (param)": " [crypt_iv_lmk_one->crypto_shash_update->shash_update_unaligned->shash_align_buffer_size] ",
    "cond_num": "0",
    "isControl": "1",
    "t_trace": "[ ACTUAL_IN || PARAMETER_INunsigned int ] -> [ FORMAL_IN || PARAMETER_INlen ] -> [ INST || PARAMETER_IN || https://gitlab.flux.utah.edu/xcap/xcap-capability-linux/-/blob/llvm_v4.8/crypto/shash.c#L88 ] -> [ INST || UNKNOWN Edge Type || https://gitlab.flux.utah.edu/xcap/xcap-capability-linux/-/blob/llvm_v4.8/crypto/shash.c#L82 ] -> [ ACTUAL_IN || PARAMETER_INunsigned int ] -> [ FORMAL_IN || PARAMETER_INlen ] -> [ INST || PARAMETER_IN || https://gitlab.flux.utah.edu/xcap/xcap-capability-linux/-/blob/llvm_v4.8/crypto/shash.c#L71 ] -> [ INST || DATA_DEF_USE || https://gitlab.flux.utah.edu/xcap/xcap-capability-linux/-/blob/llvm_v4.8/crypto/shash.c#L71 ] -> ",
    "isTrue": "-",
    "atk_reason": "",
    "defense": ""
  },
  {
    "id": "40",
    "risky": "val-sen-branch (memcpy)",
    "acc_path": "len",
    "src": "https://gitlab.flux.utah.edu/xcap/xcap-capability-linux/-/blob/llvm_v4.8/crypto/shash.c#L106",
    "dst": "https://gitlab.flux.utah.edu/xcap/xcap-capability-linux/-/blob/llvm_v4.8/crypto/shash.c#L90",
    "drv caller (param)": "[ crypt_iv_lmk_one | https://gitlab.flux.utah.edu/xcap/xcap-capability-linux/-/blob/llvm_v4.8/drivers/md/dm-crypt.c#L557 ], ",
    "call path (param)": " [crypt_iv_lmk_one->crypto_shash_update->shash_update_unaligned] ",
    "cond_num": "2",
    "isControl": "0"
  },
  {
    "id": "40",
    "risky": "arr-idx",
    "acc_path": "len",
    "src": "https://gitlab.flux.utah.edu/xcap/xcap-capability-linux/-/blob/llvm_v4.8/crypto/shash.c#L106",
    "dst": "https://gitlab.flux.utah.edu/xcap/xcap-capability-linux/-/blob/llvm_v4.8/crypto/shash.c#L95",
    "drv caller (param)": "[ crypt_iv_lmk_one | https://gitlab.flux.utah.edu/xcap/xcap-capability-linux/-/blob/llvm_v4.8/drivers/md/dm-crypt.c#L557 ], ",
    "call path (param)": " [crypt_iv_lmk_one->crypto_shash_update->shash_update_unaligned] ",
    "cond_num": "4",
    "isControl": "0"
  },
  {
    "id": "40",
    "risky": "val-sen-api (memcpy)",
    "acc_path": "len",
    "src": "https://gitlab.flux.utah.edu/xcap/xcap-capability-linux/-/blob/llvm_v4.8/crypto/shash.c#L106",
    "dst": "https://gitlab.flux.utah.edu/xcap/xcap-capability-linux/-/blob/llvm_v4.8/crypto/shash.c#L90",
    "drv caller (param)": "[ crypt_iv_lmk_one | https://gitlab.flux.utah.edu/xcap/xcap-capability-linux/-/blob/llvm_v4.8/drivers/md/dm-crypt.c#L557 ], ",
    "call path (param)": " [crypt_iv_lmk_one->crypto_shash_update->shash_update_unaligned] ",
    "cond_num": "3",
    "isControl": "0"
  }
]
[
  {
    "id": "41",
    "risky": "ptr-arith",
    "acc_path": "out",
    "src": "https://gitlab.flux.utah.edu/xcap/xcap-capability-linux/-/blob/llvm_v4.8/crypto/shash.c#L143",
    "dst": "https://gitlab.flux.utah.edu/xcap/xcap-capability-linux/-/blob/llvm_v4.8/crypto/shash.c#L140",
    "drv caller (param)": "[ crypt_iv_tcw_whitening | https://gitlab.flux.utah.edu/xcap/xcap-capability-linux/-/blob/llvm_v4.8/drivers/md/dm-crypt.c#L706 ], ",
    "call path (param)": " [crypt_iv_tcw_whitening->crypto_shash_final] ",
    "cond_num": "0",
    "isControl": "1",
    "t_trace": "",
    "isTrue": "-",
    "atk_reason": "",
    "defense": ""
  },
  {
    "id": "41",
    "risky": "ptr-write",
    "acc_path": "out",
    "src": "https://gitlab.flux.utah.edu/xcap/xcap-capability-linux/-/blob/llvm_v4.8/crypto/shash.c#L143",
    "dst": "https://gitlab.flux.utah.edu/xcap/xcap-capability-linux/-/blob/llvm_v4.8/crypto/shash.c#L127",
    "drv caller (param)": "[ crypt_iv_tcw_whitening | https://gitlab.flux.utah.edu/xcap/xcap-capability-linux/-/blob/llvm_v4.8/drivers/md/dm-crypt.c#L706 ], ",
    "call path (param)": " [crypt_iv_tcw_whitening->crypto_shash_final->shash_final_unaligned] ",
    "cond_num": "4",
    "isControl": "0"
  },
  {
    "id": "41",
    "risky": "ptr-sen-api (memcpy)",
    "acc_path": "out",
    "src": "https://gitlab.flux.utah.edu/xcap/xcap-capability-linux/-/blob/llvm_v4.8/crypto/shash.c#L143",
    "dst": "https://gitlab.flux.utah.edu/xcap/xcap-capability-linux/-/blob/llvm_v4.8/crypto/shash.c#L127",
    "drv caller (param)": "[ crypt_iv_tcw_whitening | https://gitlab.flux.utah.edu/xcap/xcap-capability-linux/-/blob/llvm_v4.8/drivers/md/dm-crypt.c#L706 ], ",
    "call path (param)": " [crypt_iv_tcw_whitening->crypto_shash_final->shash_final_unaligned] ",
    "cond_num": "4",
    "isControl": "0"
  }
]
[]
[]
[
  {
    "id": "44",
    "risky": "ptr-read",
    "acc_path": "dst",
    "src": "https://gitlab.flux.utah.edu/xcap/xcap-capability-linux/-/blob/llvm_v4.8/crypto/algapi.c#L989",
    "dst": "https://gitlab.flux.utah.edu/xcap/xcap-capability-linux/-/blob/llvm_v4.8/crypto/algapi.c#L987",
    "drv caller (param)": "[ crypt_iv_lmk_post | https://gitlab.flux.utah.edu/xcap/xcap-capability-linux/-/blob/llvm_v4.8/drivers/md/dm-crypt.c#L612 ], ",
    "call path (param)": " [crypt_iv_lmk_post->crypto_xor] ",
    "cond_num": "0",
    "isControl": "1",
    "t_trace": "",
    "isTrue": "-",
    "atk_reason": "",
    "defense": ""
  },
  {
    "id": "44",
    "risky": "ptr-write",
    "acc_path": "dst",
    "src": "https://gitlab.flux.utah.edu/xcap/xcap-capability-linux/-/blob/llvm_v4.8/crypto/algapi.c#L989",
    "dst": "https://gitlab.flux.utah.edu/xcap/xcap-capability-linux/-/blob/llvm_v4.8/crypto/algapi.c#L987",
    "drv caller (param)": "[ crypt_iv_lmk_post | https://gitlab.flux.utah.edu/xcap/xcap-capability-linux/-/blob/llvm_v4.8/drivers/md/dm-crypt.c#L612 ], ",
    "call path (param)": " [crypt_iv_lmk_post->crypto_xor] ",
    "cond_num": "0",
    "isControl": "1",
    "t_trace": "",
    "isTrue": "-",
    "atk_reason": "",
    "defense": ""
  },
  {
    "id": "44",
    "risky": "ptr-array",
    "acc_path": "dst",
    "src": "https://gitlab.flux.utah.edu/xcap/xcap-capability-linux/-/blob/llvm_v4.8/crypto/algapi.c#L989",
    "dst": "https://gitlab.flux.utah.edu/xcap/xcap-capability-linux/-/blob/llvm_v4.8/crypto/algapi.c#L987",
    "drv caller (param)": "[ crypt_iv_lmk_post | https://gitlab.flux.utah.edu/xcap/xcap-capability-linux/-/blob/llvm_v4.8/drivers/md/dm-crypt.c#L612 ], ",
    "call path (param)": " [crypt_iv_lmk_post->crypto_xor] ",
    "cond_num": "0",
    "isControl": "1",
    "t_trace": "",
    "isTrue": "-",
    "atk_reason": "",
    "defense": ""
  },
  {
    "id": "44",
    "risky": "ptr-arith",
    "acc_path": "dst",
    "src": "https://gitlab.flux.utah.edu/xcap/xcap-capability-linux/-/blob/llvm_v4.8/crypto/algapi.c#L989",
    "dst": "https://gitlab.flux.utah.edu/xcap/xcap-capability-linux/-/blob/llvm_v4.8/crypto/algapi.c#L987",
    "drv caller (param)": "[ crypt_iv_lmk_post | https://gitlab.flux.utah.edu/xcap/xcap-capability-linux/-/blob/llvm_v4.8/drivers/md/dm-crypt.c#L612 ], ",
    "call path (param)": " [crypt_iv_lmk_post->crypto_xor] ",
    "cond_num": "0",
    "isControl": "1",
    "t_trace": "",
    "isTrue": "-",
    "atk_reason": "",
    "defense": ""
  }
]
[
  {
    "id": "45",
    "risky": "ptr-read",
    "acc_path": "src",
    "src": "https://gitlab.flux.utah.edu/xcap/xcap-capability-linux/-/blob/llvm_v4.8/crypto/algapi.c#L989",
    "dst": "https://gitlab.flux.utah.edu/xcap/xcap-capability-linux/-/blob/llvm_v4.8/crypto/algapi.c#L987",
    "drv caller (param)": "[ crypt_iv_lmk_post | https://gitlab.flux.utah.edu/xcap/xcap-capability-linux/-/blob/llvm_v4.8/drivers/md/dm-crypt.c#L612 ], ",
    "call path (param)": " [crypt_iv_lmk_post->crypto_xor] ",
    "cond_num": "0",
    "isControl": "1",
    "t_trace": "",
    "isTrue": "-",
    "atk_reason": "",
    "defense": ""
  },
  {
    "id": "45",
    "risky": "ptr-write",
    "acc_path": "src",
    "src": "https://gitlab.flux.utah.edu/xcap/xcap-capability-linux/-/blob/llvm_v4.8/crypto/algapi.c#L989",
    "dst": "https://gitlab.flux.utah.edu/xcap/xcap-capability-linux/-/blob/llvm_v4.8/crypto/algapi.c#L987",
    "drv caller (param)": "[ crypt_iv_lmk_post | https://gitlab.flux.utah.edu/xcap/xcap-capability-linux/-/blob/llvm_v4.8/drivers/md/dm-crypt.c#L612 ], ",
    "call path (param)": " [crypt_iv_lmk_post->crypto_xor] ",
    "cond_num": "0",
    "isControl": "1",
    "t_trace": "",
    "isTrue": "-",
    "atk_reason": "",
    "defense": ""
  },
  {
    "id": "45",
    "risky": "ptr-array",
    "acc_path": "src",
    "src": "https://gitlab.flux.utah.edu/xcap/xcap-capability-linux/-/blob/llvm_v4.8/crypto/algapi.c#L989",
    "dst": "https://gitlab.flux.utah.edu/xcap/xcap-capability-linux/-/blob/llvm_v4.8/crypto/algapi.c#L987",
    "drv caller (param)": "[ crypt_iv_lmk_post | https://gitlab.flux.utah.edu/xcap/xcap-capability-linux/-/blob/llvm_v4.8/drivers/md/dm-crypt.c#L612 ], ",
    "call path (param)": " [crypt_iv_lmk_post->crypto_xor] ",
    "cond_num": "0",
    "isControl": "1",
    "t_trace": "",
    "isTrue": "-",
    "atk_reason": "",
    "defense": ""
  },
  {
    "id": "45",
    "risky": "ptr-arith",
    "acc_path": "src",
    "src": "https://gitlab.flux.utah.edu/xcap/xcap-capability-linux/-/blob/llvm_v4.8/crypto/algapi.c#L989",
    "dst": "https://gitlab.flux.utah.edu/xcap/xcap-capability-linux/-/blob/llvm_v4.8/crypto/algapi.c#L987",
    "drv caller (param)": "[ crypt_iv_lmk_post | https://gitlab.flux.utah.edu/xcap/xcap-capability-linux/-/blob/llvm_v4.8/drivers/md/dm-crypt.c#L612 ], ",
    "call path (param)": " [crypt_iv_lmk_post->crypto_xor] ",
    "cond_num": "0",
    "isControl": "1",
    "t_trace": "",
    "isTrue": "-",
    "atk_reason": "",
    "defense": ""
  }
]
[
  {
    "id": "46",
    "risky": "numeric-arith",
    "acc_path": "size",
    "src": "https://gitlab.flux.utah.edu/xcap/xcap-capability-linux/-/blob/llvm_v4.8/crypto/algapi.c#L989",
    "dst": "https://gitlab.flux.utah.edu/xcap/xcap-capability-linux/-/blob/llvm_v4.8/crypto/algapi.c#L977",
    "drv caller (param)": "[ crypt_iv_lmk_post | https://gitlab.flux.utah.edu/xcap/xcap-capability-linux/-/blob/llvm_v4.8/drivers/md/dm-crypt.c#L612 ], ",
    "call path (param)": " [crypt_iv_lmk_post->crypto_xor->crypto_xor_byte] ",
    "cond_num": "1",
    "isControl": "1",
    "t_trace": "[ ACTUAL_IN || PARAMETER_INunsigned int ] -> [ FORMAL_IN || PARAMETER_INsize ] -> [ INST || PARAMETER_IN || https://gitlab.flux.utah.edu/xcap/xcap-capability-linux/-/blob/llvm_v4.8/crypto/algapi.c#L977 ] -> ",
    "isTrue": "-",
    "atk_reason": "",
    "defense": ""
  }
]
[]
[]
[]
[
  {
    "id": "50",
    "risky": "val-sen-branch (kmalloc)",
    "acc_path": "gfp_mask",
    "src": "https://gitlab.flux.utah.edu/xcap/xcap-capability-linux/-/blob/llvm_v4.8/block/bio.c#L603",
    "dst": "https://gitlab.flux.utah.edu/xcap/xcap-capability-linux/-/blob/llvm_v4.8/./include/linux/slab.h#L484",
    "drv caller (param)": "[ kcryptd_io_read | https://gitlab.flux.utah.edu/xcap/xcap-capability-linux/-/blob/llvm_v4.8/drivers/md/dm-crypt.c#L1153 ], ",
    "call path (param)": " [kcryptd_io_read->bio_clone_fast->bio_alloc_bioset] ",
    "cond_num": "4",
    "isControl": "0"
  },
  {
    "id": "50",
    "risky": "val-sen-api (kmalloc)",
    "acc_path": "gfp_mask",
    "src": "https://gitlab.flux.utah.edu/xcap/xcap-capability-linux/-/blob/llvm_v4.8/block/bio.c#L603",
    "dst": "https://gitlab.flux.utah.edu/xcap/xcap-capability-linux/-/blob/llvm_v4.8/./include/linux/slab.h#L391",
    "drv caller (param)": "[ kcryptd_io_read | https://gitlab.flux.utah.edu/xcap/xcap-capability-linux/-/blob/llvm_v4.8/drivers/md/dm-crypt.c#L1153 ], ",
    "call path (param)": " [kcryptd_io_read->bio_clone_fast->bio_alloc_bioset] ",
    "cond_num": "8",
    "isControl": "0"
  }
]
[]
[]
[
  {
    "id": "53",
    "risky": "val-sen-branch (kmem_cache_alloc)",
    "acc_path": "pool_size",
    "src": "https://gitlab.flux.utah.edu/xcap/xcap-capability-linux/-/blob/llvm_v4.8/block/bio.c#L1922",
    "dst": "https://gitlab.flux.utah.edu/xcap/xcap-capability-linux/-/blob/llvm_v4.8/./include/linux/slab.h#L301",
    "drv caller (param)": "[ crypt_ctr | https://gitlab.flux.utah.edu/xcap/xcap-capability-linux/-/blob/llvm_v4.8/drivers/md/dm-crypt.c#L1805 ], ",
    "call path (param)": " [crypt_ctr->bioset_create->__bioset_create->mempool_create_slab_pool->mempool_create->mempool_create_node] ",
    "cond_num": "16",
    "isControl": "0"
  },
  {
    "id": "53",
    "risky": "numeric-arith",
    "acc_path": "pool_size",
    "src": "https://gitlab.flux.utah.edu/xcap/xcap-capability-linux/-/blob/llvm_v4.8/block/bio.c#L1922",
    "dst": "https://gitlab.flux.utah.edu/xcap/xcap-capability-linux/-/blob/llvm_v4.8/mm/mempool.c#L191",
    "drv caller (param)": "[ crypt_ctr | https://gitlab.flux.utah.edu/xcap/xcap-capability-linux/-/blob/llvm_v4.8/drivers/md/dm-crypt.c#L1805 ], ",
    "call path (param)": " [crypt_ctr->bioset_create->__bioset_create->mempool_create_slab_pool->mempool_create->mempool_create_node] ",
    "cond_num": "5",
    "isControl": "0"
  },
  {
    "id": "53",
    "risky": "val-sen-api (kmalloc)",
    "acc_path": "pool_size",
    "src": "https://gitlab.flux.utah.edu/xcap/xcap-capability-linux/-/blob/llvm_v4.8/block/bio.c#L1922",
    "dst": "https://gitlab.flux.utah.edu/xcap/xcap-capability-linux/-/blob/llvm_v4.8/./include/linux/slab.h#L359",
    "drv caller (param)": "[ crypt_ctr | https://gitlab.flux.utah.edu/xcap/xcap-capability-linux/-/blob/llvm_v4.8/drivers/md/dm-crypt.c#L1805 ], ",
    "call path (param)": " [crypt_ctr->bioset_create->__bioset_create->mempool_create_slab_pool->mempool_create->mempool_create_node] ",
    "cond_num": "8",
    "isControl": "0"
  }
]
[
  {
    "id": "54",
    "risky": "val-sen-api (kmem_cache_create)",
    "acc_path": "front_pad",
    "src": "https://gitlab.flux.utah.edu/xcap/xcap-capability-linux/-/blob/llvm_v4.8/block/bio.c#L1922",
    "dst": "https://gitlab.flux.utah.edu/xcap/xcap-capability-linux/-/blob/llvm_v4.8/block/bio.c#L114",
    "drv caller (param)": "[ crypt_ctr | https://gitlab.flux.utah.edu/xcap/xcap-capability-linux/-/blob/llvm_v4.8/drivers/md/dm-crypt.c#L1805 ], ",
    "call path (param)": " [crypt_ctr->bioset_create->__bioset_create->bio_find_or_create_slab] ",
    "cond_num": "7",
    "isControl": "0"
  },
  {
    "id": "54",
    "risky": "numeric-arith",
    "acc_path": "front_pad",
    "src": "https://gitlab.flux.utah.edu/xcap/xcap-capability-linux/-/blob/llvm_v4.8/block/bio.c#L1922",
    "dst": "https://gitlab.flux.utah.edu/xcap/xcap-capability-linux/-/blob/llvm_v4.8/block/bio.c#L1881",
    "drv caller (param)": "[ crypt_ctr | https://gitlab.flux.utah.edu/xcap/xcap-capability-linux/-/blob/llvm_v4.8/drivers/md/dm-crypt.c#L1805 ], ",
    "call path (param)": " [crypt_ctr->bioset_create->__bioset_create] ",
    "cond_num": "1",
    "isControl": "0"
  }
]
