[
  {
    "struct name": "device_attribute",
    "No.fields": 3,
    "No.classified fields": 0
  }
]
[
  {
    "struct name": "device",
    "No.fields": 35,
    "No.classified fields": 0
  }
]
[
  {
    "struct name": "attribute",
    "No.fields": 2,
    "No.classified fields": 0
  }
]
[
  {
    "struct name": "kobject",
    "No.fields": 12,
    "No.classified fields": 0
  }
]
[
  {
    "struct name": "cpumask",
    "No.fields": 1,
    "No.classified fields": 0
  }
]
[
  {
    "struct name": "task_struct",
    "No.fields": 155,
    "No.classified fields": 0
  }
]
