[
  {
    "id": "14",
    "risky": "arr-idx",
    "acc_path": "crc",
    "src": "https://gitlab.flux.utah.edu/xcap/xcap-capability-linux/-/blob/llvm_v4.8/lib/crc32.c#L196",
    "dst": "https://gitlab.flux.utah.edu/xcap/xcap-capability-linux/-/blob/llvm_v4.8/lib/crc32.c#L111",
    "drv caller (param)": "[ config_data_crc32 | https://gitlab.flux.utah.edu/xcap/xcap-capability-linux/-/blob/llvm_v4.8/drivers/block/rsxx/config.c#L52 ], ",
    "call path (param)": " [config_data_crc32->crc32_le->crc32_le_generic->crc32_body] ",
    "cond_num": "5",
    "isControl": "0"
  }
]
[
  {
    "id": "15",
    "risky": "numeric-arith",
    "acc_path": "len",
    "src": "https://gitlab.flux.utah.edu/xcap/xcap-capability-linux/-/blob/llvm_v4.8/lib/crc32.c#L196",
    "dst": "https://gitlab.flux.utah.edu/xcap/xcap-capability-linux/-/blob/llvm_v4.8/lib/crc32.c#L87",
    "drv caller (param)": "[ config_data_crc32 | https://gitlab.flux.utah.edu/xcap/xcap-capability-linux/-/blob/llvm_v4.8/drivers/block/rsxx/config.c#L52 ], ",
    "call path (param)": " [config_data_crc32->crc32_le->crc32_le_generic->crc32_body] ",
    "cond_num": "2",
    "isControl": "0"
  }
]
[
  {
    "id": "16",
    "risky": "val-sen-api (kmem_cache_alloc)",
    "acc_path": "gfp_mask",
    "src": "https://gitlab.flux.utah.edu/xcap/xcap-capability-linux/-/blob/llvm_v4.8/lib/idr.c#L899",
    "dst": "https://gitlab.flux.utah.edu/xcap/xcap-capability-linux/-/blob/llvm_v4.8/./include/linux/slab.h#L626",
    "drv caller (param)": "[ rsxx_pci_probe | https://gitlab.flux.utah.edu/xcap/xcap-capability-linux/-/blob/llvm_v4.8/drivers/block/rsxx/core.c#L775 ], ",
    "call path (param)": " [rsxx_pci_probe->ida_get_new->ida_get_new_above->idr_get_empty_slot->idr_layer_alloc->kmem_cache_zalloc] ",
    "cond_num": "1",
    "isControl": "0"
  }
]
[
  {
    "id": "17",
    "risky": "numeric-arith",
    "acc_path": "bar",
    "src": "https://gitlab.flux.utah.edu/xcap/xcap-capability-linux/-/blob/llvm_v4.8/lib/pci_iomap.c#L112",
    "dst": "https://gitlab.flux.utah.edu/xcap/xcap-capability-linux/-/blob/llvm_v4.8/lib/pci_iomap.c#L38",
    "drv caller (param)": "[ rsxx_pci_probe | https://gitlab.flux.utah.edu/xcap/xcap-capability-linux/-/blob/llvm_v4.8/drivers/block/rsxx/core.c#L815 ], ",
    "call path (param)": " [rsxx_pci_probe->pci_iomap->pci_iomap_range] ",
    "cond_num": "4",
    "isControl": "0"
  },
  {
    "id": "17",
    "risky": "arr-idx",
    "acc_path": "bar",
    "src": "https://gitlab.flux.utah.edu/xcap/xcap-capability-linux/-/blob/llvm_v4.8/lib/pci_iomap.c#L112",
    "dst": "https://gitlab.flux.utah.edu/xcap/xcap-capability-linux/-/blob/llvm_v4.8/lib/pci_iomap.c#L34",
    "drv caller (param)": "[ rsxx_pci_probe | https://gitlab.flux.utah.edu/xcap/xcap-capability-linux/-/blob/llvm_v4.8/drivers/block/rsxx/core.c#L815 ], ",
    "call path (param)": " [rsxx_pci_probe->pci_iomap->pci_iomap_range] ",
    "cond_num": "2",
    "isControl": "0"
  }
]
[
  {
    "id": "18",
    "risky": "numeric-arith",
    "acc_path": "maxlen",
    "src": "https://gitlab.flux.utah.edu/xcap/xcap-capability-linux/-/blob/llvm_v4.8/lib/pci_iomap.c#L112",
    "dst": "https://gitlab.flux.utah.edu/xcap/xcap-capability-linux/-/blob/llvm_v4.8/lib/pci_iomap.c#L38",
    "drv caller (param)": "[ rsxx_pci_probe | https://gitlab.flux.utah.edu/xcap/xcap-capability-linux/-/blob/llvm_v4.8/drivers/block/rsxx/core.c#L815 ], ",
    "call path (param)": " [rsxx_pci_probe->pci_iomap->pci_iomap_range] ",
    "cond_num": "4",
    "isControl": "1",
    "t_trace": "[ ACTUAL_IN || PARAMETER_INlong unsigned int ] -> [ FORMAL_IN || PARAMETER_INmaxlen ] -> [ INST || PARAMETER_IN || https://gitlab.flux.utah.edu/xcap/xcap-capability-linux/-/blob/llvm_v4.8/lib/pci_iomap.c#L41 ] -> [ INST || UNKNOWN Edge Type || https://gitlab.flux.utah.edu/xcap/xcap-capability-linux/-/blob/llvm_v4.8/lib/pci_iomap.c#L38 ] -> ",
    "isTrue": "-",
    "atk_reason": "",
    "defense": ""
  }
]
[
  {
    "id": "19",
    "risky": "numeric-arith",
    "acc_path": "m",
    "src": "https://gitlab.flux.utah.edu/xcap/xcap-capability-linux/-/blob/llvm_v4.8/kernel/time/time.c#L526",
    "dst": "https://gitlab.flux.utah.edu/xcap/xcap-capability-linux/-/blob/llvm_v4.8/./include/linux/jiffies.h#L301",
    "drv caller (param)": "[ rsxx_issue_dmas | https://gitlab.flux.utah.edu/xcap/xcap-capability-linux/-/blob/llvm_v4.8/./include/linux/jiffies.h#L361 ], ",
    "call path (param)": " [rsxx_issue_dmas->__msecs_to_jiffies->_msecs_to_jiffies.928] ",
    "cond_num": "0",
    "isControl": "1",
    "t_trace": "[ ACTUAL_IN || PARAMETER_IN ] -> [ FORMAL_IN || PARAMETER_INm ] -> [ INST || PARAMETER_IN || https://gitlab.flux.utah.edu/xcap/xcap-capability-linux/-/blob/llvm_v4.8/./include/linux/jiffies.h#L301 ] -> [ INST || DATA_DEF_USE || https://gitlab.flux.utah.edu/xcap/xcap-capability-linux/-/blob/llvm_v4.8/./include/linux/jiffies.h#L301 ] -> ",
    "isTrue": "-",
    "atk_reason": "",
    "defense": ""
  }
]
[]
[
  {
    "id": "21",
    "risky": "numeric-arith",
    "acc_path": "expires",
    "src": "https://gitlab.flux.utah.edu/xcap/xcap-capability-linux/-/blob/llvm_v4.8/kernel/time/timer.c#L1086",
    "dst": "https://gitlab.flux.utah.edu/xcap/xcap-capability-linux/-/blob/llvm_v4.8/kernel/time/timer.c#L471",
    "drv caller (param)": "[ rsxx_issue_dmas | https://gitlab.flux.utah.edu/xcap/xcap-capability-linux/-/blob/llvm_v4.8/drivers/block/rsxx/dma.c#L496 ], ",
    "call path (param)": " [rsxx_issue_dmas->mod_timer->__mod_timer->calc_wheel_index->calc_index] ",
    "cond_num": "12",
    "isControl": "0"
  },
  {
    "id": "21",
    "risky": "val-sen-branch (memcpy)",
    "acc_path": "expires",
    "src": "https://gitlab.flux.utah.edu/xcap/xcap-capability-linux/-/blob/llvm_v4.8/kernel/time/timer.c#L1086",
    "dst": "https://gitlab.flux.utah.edu/xcap/xcap-capability-linux/-/blob/llvm_v4.8/kernel/time/timer.c#L973",
    "drv caller (param)": "[ rsxx_issue_dmas | https://gitlab.flux.utah.edu/xcap/xcap-capability-linux/-/blob/llvm_v4.8/drivers/block/rsxx/dma.c#L496 ], ",
    "call path (param)": " [rsxx_issue_dmas->mod_timer->__mod_timer] ",
    "cond_num": "1",
    "isControl": "0"
  }
]
[]
[]
[]
[]
[]
[]
[]
[]
[]
[]
[]
[]
[]
[]
[]
[
  {
    "id": "37",
    "risky": "val-sen-api (kmalloc)",
    "acc_path": "gfp_mask",
    "src": "https://gitlab.flux.utah.edu/xcap/xcap-capability-linux/-/blob/llvm_v4.8/block/blk-core.c#L647",
    "dst": "https://gitlab.flux.utah.edu/xcap/xcap-capability-linux/-/blob/llvm_v4.8/./include/linux/slab.h#L495",
    "drv caller (param)": "[ rsxx_setup_dev | https://gitlab.flux.utah.edu/xcap/xcap-capability-linux/-/blob/llvm_v4.8/drivers/block/rsxx/dev.c#L269 ], ",
    "call path (param)": " [rsxx_setup_dev->blk_alloc_queue->blk_alloc_queue_node->ida_simple_get->ida_pre_get] ",
    "cond_num": "46",
    "isControl": "0"
  },
  {
    "id": "37",
    "risky": "val-sen-branch (kmem_cache_alloc)",
    "acc_path": "gfp_mask",
    "src": "https://gitlab.flux.utah.edu/xcap/xcap-capability-linux/-/blob/llvm_v4.8/block/blk-core.c#L647",
    "dst": "https://gitlab.flux.utah.edu/xcap/xcap-capability-linux/-/blob/llvm_v4.8/./include/linux/slab.h#L484",
    "drv caller (param)": "[ rsxx_setup_dev | https://gitlab.flux.utah.edu/xcap/xcap-capability-linux/-/blob/llvm_v4.8/drivers/block/rsxx/dev.c#L269 ], ",
    "call path (param)": " [rsxx_setup_dev->blk_alloc_queue->blk_alloc_queue_node->ida_simple_get->ida_pre_get] ",
    "cond_num": "45",
    "isControl": "0"
  }
]
[
  {
    "id": "38",
    "risky": "arr-idx",
    "acc_path": "rw",
    "src": "https://gitlab.flux.utah.edu/xcap/xcap-capability-linux/-/blob/llvm_v4.8/block/bio.c#L1696",
    "dst": "https://gitlab.flux.utah.edu/xcap/xcap-capability-linux/-/blob/llvm_v4.8/./include/linux/genhd.h#L391",
    "drv caller (param)": "[ disk_stats_complete | https://gitlab.flux.utah.edu/xcap/xcap-capability-linux/-/blob/llvm_v4.8/drivers/block/rsxx/dev.c#L123 ], ",
    "call path (param)": " [disk_stats_complete->generic_end_io_acct->part_dec_in_flight] ",
    "cond_num": "1",
    "isControl": "0"
  }
]
[]
[
  {
    "id": "40",
    "risky": "arr-idx",
    "acc_path": "rw",
    "src": "https://gitlab.flux.utah.edu/xcap/xcap-capability-linux/-/blob/llvm_v4.8/block/bio.c#L1682",
    "dst": "https://gitlab.flux.utah.edu/xcap/xcap-capability-linux/-/blob/llvm_v4.8/./include/linux/genhd.h#L384",
    "drv caller (param)": "[ disk_stats_start | https://gitlab.flux.utah.edu/xcap/xcap-capability-linux/-/blob/llvm_v4.8/drivers/block/rsxx/dev.c#L115 ], ",
    "call path (param)": " [disk_stats_start->generic_start_io_acct->part_inc_in_flight] ",
    "cond_num": "1",
    "isControl": "0"
  }
]
[]
