[
  {
    "id": "2",
    "risky": "numeric-arith",
    "acc_path": "m",
    "src": "https://gitlab.flux.utah.edu/xcap/xcap-capability-linux/-/blob/llvm_v4.8/kernel/time/time.c#L526",
    "dst": "https://gitlab.flux.utah.edu/xcap/xcap-capability-linux/-/blob/llvm_v4.8/./include/linux/jiffies.h#L301",
    "drv caller (param)": "[ m66592_irq | https://gitlab.flux.utah.edu/xcap/xcap-capability-linux/-/blob/llvm_v4.8/./include/linux/jiffies.h#L361 ], ",
    "call path (param)": " [m66592_irq->__msecs_to_jiffies->_msecs_to_jiffies.22] ",
    "cond_num": "0",
    "isControl": "1",
    "t_trace": "[ ACTUAL_IN || PARAMETER_IN ] -> [ FORMAL_IN || PARAMETER_INm ] -> [ INST || PARAMETER_IN || https://gitlab.flux.utah.edu/xcap/xcap-capability-linux/-/blob/llvm_v4.8/./include/linux/jiffies.h#L301 ] -> [ INST || DATA_DEF_USE || https://gitlab.flux.utah.edu/xcap/xcap-capability-linux/-/blob/llvm_v4.8/./include/linux/jiffies.h#L301 ] -> [ INST || DATA_DEF_USE || https://gitlab.flux.utah.edu/xcap/xcap-capability-linux/-/blob/llvm_v4.8/./include/linux/jiffies.h#L301 ] -> ",
    "isTrue": "-",
    "atk_reason": "",
    "defense": ""
  }
]
[]
[]
[
  {
    "id": "5",
    "risky": "val-sen-branch (memcpy)",
    "acc_path": "expires",
    "src": "https://gitlab.flux.utah.edu/xcap/xcap-capability-linux/-/blob/llvm_v4.8/kernel/time/timer.c#L1086",
    "dst": "https://gitlab.flux.utah.edu/xcap/xcap-capability-linux/-/blob/llvm_v4.8/kernel/time/timer.c#L973",
    "drv caller (param)": "[ m66592_irq | https://gitlab.flux.utah.edu/xcap/xcap-capability-linux/-/blob/llvm_v4.8/drivers/usb/gadget/udc/m66592-udc.c#L1240 ], ",
    "call path (param)": " [m66592_irq->mod_timer->__mod_timer] ",
    "cond_num": "1",
    "isControl": "0"
  },
  {
    "id": "5",
    "risky": "numeric-arith",
    "acc_path": "expires",
    "src": "https://gitlab.flux.utah.edu/xcap/xcap-capability-linux/-/blob/llvm_v4.8/kernel/time/timer.c#L1086",
    "dst": "https://gitlab.flux.utah.edu/xcap/xcap-capability-linux/-/blob/llvm_v4.8/kernel/time/timer.c#L471",
    "drv caller (param)": "[ m66592_irq | https://gitlab.flux.utah.edu/xcap/xcap-capability-linux/-/blob/llvm_v4.8/drivers/usb/gadget/udc/m66592-udc.c#L1240 ], ",
    "call path (param)": " [m66592_irq->mod_timer->__mod_timer->internal_add_timer->__internal_add_timer->calc_wheel_index->calc_index] ",
    "cond_num": "12",
    "isControl": "0"
  }
]
[]
[]
[
  {
    "id": "8",
    "risky": "ptr-sen-branch (kfree)",
    "acc_path": "dev_id",
    "src": "https://gitlab.flux.utah.edu/xcap/xcap-capability-linux/-/blob/llvm_v4.8/kernel/irq/manage.c#L1588",
    "dst": "https://gitlab.flux.utah.edu/xcap/xcap-capability-linux/-/blob/llvm_v4.8/kernel/irq/manage.c#L1484",
    "drv caller (param)": "[ m66592_remove | https://gitlab.flux.utah.edu/xcap/xcap-capability-linux/-/blob/llvm_v4.8/drivers/usb/gadget/udc/m66592-udc.c#L1527 ], ",
    "call path (param)": " [m66592_remove->free_irq->__free_irq] ",
    "cond_num": "3",
    "isControl": "0"
  }
]
[
  {
    "id": "9",
    "risky": "numeric-arith",
    "acc_path": "num",
    "src": "https://gitlab.flux.utah.edu/xcap/xcap-capability-linux/-/blob/llvm_v4.8/drivers/base/platform.c#L104",
    "dst": "https://gitlab.flux.utah.edu/xcap/xcap-capability-linux/-/blob/llvm_v4.8/drivers/base/platform.c#L75",
    "drv caller (param)": "[ m66592_remove | https://gitlab.flux.utah.edu/xcap/xcap-capability-linux/-/blob/llvm_v4.8/drivers/usb/gadget/udc/m66592-udc.c#L1527 ], ",
    "call path (param)": " [m66592_remove->platform_get_irq->platform_get_resource] ",
    "cond_num": "2",
    "isControl": "0"
  }
]
[]
[]
[]
