[
  {
    "struct name": "bus_type",
    "No.fields": 20,
    "No.classified fields": 0
  }
]
[
  {
    "struct name": "resource",
    "No.fields": 8,
    "No.classified fields": 0
  }
]
[
  {
    "struct name": "platform_device",
    "No.fields": 10,
    "No.classified fields": 0
  }
]
[
  {
    "struct name": "clk",
    "No.fields": 6,
    "No.classified fields": 0
  }
]
[
  {
    "struct name": "device_driver",
    "No.fields": 16,
    "No.classified fields": 1,
    "PTR_READ": 1,
    "PTR_WRITE": 1,
    "PTR_BUFFER": 1,
    "PTR_ARITH_BASE": 1,
    "SEN_API": 1
  },
  {
    "id": "0",
    "risky": "ptr-read",
    "acc_path": "device_driver->bus",
    "src": "https://gitlab.flux.utah.edu/xcap/xcap-capability-linux/-/blob/llvm_v4.8/drivers/base/platform.c#L693",
    "dst": "https://gitlab.flux.utah.edu/xcap/xcap-capability-linux/-/blob/llvm_v4.8/./include/linux/sched.h#L2066",
    "drv caller (param)": "[ m66592_driver_init | https://gitlab.flux.utah.edu/xcap/xcap-capability-linux/-/blob/llvm_v4.8/drivers/usb/gadget/udc/m66592-udc.c#L1703 ], ",
    "call path (param)": " [m66592_driver_init->__platform_driver_probe->_raw_spin_lock->__raw_spin_lock->do_raw_spin_lock->debug_spin_lock_before->spin_bug->spin_dump->task_pid_nr] ",
    "drv_update loc (shared field)": "[ (m66592_udc_start)https://gitlab.flux.utah.edu/xcap/xcap-capability-linux/-/blob/llvm_v4.8/drivers/usb/gadget/udc/m66592-udc.c#L1460 ], ",
    "call path (type)": " [del_timer_sync->try_to_del_timer_sync->lock_timer_base->_raw_spin_unlock_irqrestore->__raw_spin_unlock_irqrestore->do_raw_spin_unlock->debug_spin_unlock->spin_bug->spin_dump->task_pid_nr] ",
    "cond_num": "12",
    "isControl": "0"
  },
  {
    "id": "0",
    "risky": "ptr-sen-api (memcpy)",
    "acc_path": "device_driver->bus",
    "src": "https://gitlab.flux.utah.edu/xcap/xcap-capability-linux/-/blob/llvm_v4.8/drivers/base/platform.c#L693",
    "dst": "https://gitlab.flux.utah.edu/xcap/xcap-capability-linux/-/blob/llvm_v4.8/./include/linux/compiler.h#L252",
    "drv caller (param)": "[ m66592_driver_init | https://gitlab.flux.utah.edu/xcap/xcap-capability-linux/-/blob/llvm_v4.8/drivers/usb/gadget/udc/m66592-udc.c#L1703 ], ",
    "call path (param)": " [m66592_driver_init->__platform_driver_probe->_raw_spin_unlock->__raw_spin_unlock->do_raw_spin_unlock->queued_spin_unlock->native_queued_spin_unlock] ",
    "drv_update loc (shared field)": "[ (m66592_udc_start)https://gitlab.flux.utah.edu/xcap/xcap-capability-linux/-/blob/llvm_v4.8/drivers/usb/gadget/udc/m66592-udc.c#L1460 ], ",
    "call path (type)": " [del_timer_sync->try_to_del_timer_sync->lock_timer_base->_raw_spin_unlock_irqrestore->__raw_spin_unlock_irqrestore->do_raw_spin_unlock->queued_spin_unlock->native_queued_spin_unlock] ",
    "cond_num": "3",
    "isControl": "0"
  },
  {
    "id": "0",
    "risky": "ptr-write",
    "acc_path": "device_driver->bus",
    "src": "https://gitlab.flux.utah.edu/xcap/xcap-capability-linux/-/blob/llvm_v4.8/drivers/base/platform.c#L693",
    "dst": "https://gitlab.flux.utah.edu/xcap/xcap-capability-linux/-/blob/llvm_v4.8/kernel/locking/spinlock_debug.c#L106 |   %25 = alloca i32, align 4",
    "drv caller (param)": "[ m66592_driver_init | https://gitlab.flux.utah.edu/xcap/xcap-capability-linux/-/blob/llvm_v4.8/drivers/usb/gadget/udc/m66592-udc.c#L1703 ], ",
    "call path (param)": " [m66592_driver_init->__platform_driver_probe->_raw_spin_lock->__raw_spin_lock->do_raw_spin_lock->__spin_lock_debug] ",
    "drv_update loc (shared field)": "[ (m66592_udc_start)https://gitlab.flux.utah.edu/xcap/xcap-capability-linux/-/blob/llvm_v4.8/drivers/usb/gadget/udc/m66592-udc.c#L1460 ], ",
    "call path (type)": " [del_timer_sync->try_to_del_timer_sync->lock_timer_base->_raw_spin_lock_irqsave->__raw_spin_lock_irqsave->do_raw_spin_lock->__spin_lock_debug] ",
    "cond_num": "3",
    "isControl": "0"
  },
  {
    "id": "0",
    "risky": "ptr-array",
    "acc_path": "device_driver->bus",
    "src": "https://gitlab.flux.utah.edu/xcap/xcap-capability-linux/-/blob/llvm_v4.8/drivers/base/platform.c#L693",
    "dst": "https://gitlab.flux.utah.edu/xcap/xcap-capability-linux/-/blob/llvm_v4.8/kernel/locking/spinlock_debug.c#L64",
    "drv caller (param)": "[ m66592_driver_init | https://gitlab.flux.utah.edu/xcap/xcap-capability-linux/-/blob/llvm_v4.8/drivers/usb/gadget/udc/m66592-udc.c#L1703 ], ",
    "call path (param)": " [m66592_driver_init->__platform_driver_probe->_raw_spin_lock->__raw_spin_lock->do_raw_spin_lock->debug_spin_lock_before->spin_bug->spin_dump] ",
    "drv_update loc (shared field)": "[ (m66592_udc_start)https://gitlab.flux.utah.edu/xcap/xcap-capability-linux/-/blob/llvm_v4.8/drivers/usb/gadget/udc/m66592-udc.c#L1460 ], ",
    "call path (type)": " [del_timer_sync->try_to_del_timer_sync->lock_timer_base->_raw_spin_unlock_irqrestore->__raw_spin_unlock_irqrestore->do_raw_spin_unlock->debug_spin_unlock->spin_bug->spin_dump] ",
    "cond_num": "11",
    "isControl": "0"
  },
  {
    "id": "0",
    "risky": "ptr-arith",
    "acc_path": "device_driver->bus",
    "src": "https://gitlab.flux.utah.edu/xcap/xcap-capability-linux/-/blob/llvm_v4.8/drivers/base/platform.c#L693",
    "dst": "https://gitlab.flux.utah.edu/xcap/xcap-capability-linux/-/blob/llvm_v4.8/kernel/locking/spinlock_debug.c#L64",
    "drv caller (param)": "[ m66592_driver_init | https://gitlab.flux.utah.edu/xcap/xcap-capability-linux/-/blob/llvm_v4.8/drivers/usb/gadget/udc/m66592-udc.c#L1703 ], ",
    "call path (param)": " [m66592_driver_init->__platform_driver_probe->_raw_spin_lock->__raw_spin_lock->do_raw_spin_lock->debug_spin_lock_before->spin_bug->spin_dump] ",
    "drv_update loc (shared field)": "[ (m66592_udc_start)https://gitlab.flux.utah.edu/xcap/xcap-capability-linux/-/blob/llvm_v4.8/drivers/usb/gadget/udc/m66592-udc.c#L1460 ], ",
    "call path (type)": " [del_timer_sync->try_to_del_timer_sync->lock_timer_base->_raw_spin_unlock_irqrestore->__raw_spin_unlock_irqrestore->do_raw_spin_unlock->debug_spin_unlock->spin_bug->spin_dump] ",
    "cond_num": "11",
    "isControl": "0"
  }
]
[
  {
    "struct name": "device",
    "No.fields": 35,
    "No.classified fields": 0
  }
]
[
  {
    "struct name": "timer_list",
    "No.fields": 5,
    "No.classified fields": 1,
    "FUNC_PTR": 1
  }
]
[
  {
    "struct name": "spinlock",
    "No.fields": 1,
    "No.classified fields": 0
  }
]
[
  {
    "struct name": "kmem_cache",
    "No.fields": 24,
    "No.classified fields": 0
  }
]
[
  {
    "struct name": "list_head",
    "No.fields": 2,
    "No.classified fields": 0
  }
]
