[
  {
    "struct name": "mem_section",
    "No.fields": 2,
    "No.classified fields": 0
  }
]
[
  {
    "struct name": "dma_map_ops",
    "No.fields": 16,
    "No.classified fields": 0
  }
]
[
  {
    "struct name": "list_head",
    "No.fields": 2,
    "No.classified fields": 0
  }
]
[
  {
    "struct name": "spinlock",
    "No.fields": 1,
    "No.classified fields": 0
  }
]
[
  {
    "struct name": "device",
    "No.fields": 35,
    "No.classified fields": 2,
    "PTR_READ": 2,
    "PTR_WRITE": 2,
    "CONTROL_SENB_RANCH": 2,
    "SEN_API": 2
  },
  {
    "id": "0",
    "risky": "ptr-read",
    "acc_path": "device->parent",
    "src": "https://gitlab.flux.utah.edu/xcap/xcap-capability-linux/-/blob/llvm_v4.8/drivers/base/core.c#L1234",
    "dst": "https://gitlab.flux.utah.edu/xcap/xcap-capability-linux/-/blob/llvm_v4.8/drivers/base/core.c#L1234",
    "drv caller (param)": "",
    "call path (param)": "",
    "drv_update loc (shared field)": "[ (fotg210_udc_probe)https://gitlab.flux.utah.edu/xcap/xcap-capability-linux/-/blob/llvm_v4.8/drivers/usb/gadget/udc/fotg210-udc.c#L1127 ], ",
    "call path (type)": "",
    "cond_num": "0",
    "isControl": "1",
    "t_trace": "",
    "isTrue": "-",
    "atk_reason": "",
    "defense": ""
  },
  {
    "id": "0",
    "risky": "ptr-write",
    "acc_path": "device->parent",
    "src": "https://gitlab.flux.utah.edu/xcap/xcap-capability-linux/-/blob/llvm_v4.8/drivers/base/core.c#L1234",
    "dst": "https://gitlab.flux.utah.edu/xcap/xcap-capability-linux/-/blob/llvm_v4.8/drivers/base/core.c#L1232 |   %3 = alloca %struct.device.494*, align 8",
    "drv caller (param)": "",
    "call path (param)": "",
    "drv_update loc (shared field)": "[ (fotg210_udc_probe)https://gitlab.flux.utah.edu/xcap/xcap-capability-linux/-/blob/llvm_v4.8/drivers/usb/gadget/udc/fotg210-udc.c#L1127 ], ",
    "call path (type)": "",
    "cond_num": "0",
    "isControl": "1",
    "t_trace": "[ INST || DATA_DEF_USE || https://gitlab.flux.utah.edu/xcap/xcap-capability-linux/-/blob/llvm_v4.8/drivers/base/core.c#L1234 ] -> [ INST || DATA_ST || https://gitlab.flux.utah.edu/xcap/xcap-capability-linux/-/blob/llvm_v4.8/drivers/base/core.c#L1232 |   %3 = alloca %struct.device.494*, align 8 ] -> ",
    "isTrue": "-",
    "atk_reason": "",
    "defense": ""
  },
  {
    "id": "0",
    "risky": "ptr-sen-api (kobject_put)",
    "acc_path": "device->parent",
    "src": "https://gitlab.flux.utah.edu/xcap/xcap-capability-linux/-/blob/llvm_v4.8/drivers/base/core.c#L1234",
    "dst": "https://gitlab.flux.utah.edu/xcap/xcap-capability-linux/-/blob/llvm_v4.8/drivers/base/core.c#L1215",
    "drv caller (param)": "",
    "call path (param)": "",
    "drv_update loc (shared field)": "[ (fotg210_udc_probe)https://gitlab.flux.utah.edu/xcap/xcap-capability-linux/-/blob/llvm_v4.8/drivers/usb/gadget/udc/fotg210-udc.c#L1127 ], ",
    "call path (type)": "",
    "cond_num": "8",
    "isControl": "0"
  },
  {
    "id": "0",
    "risky": "ptr-sen-branch (kobject_put)",
    "acc_path": "device->parent",
    "src": "https://gitlab.flux.utah.edu/xcap/xcap-capability-linux/-/blob/llvm_v4.8/drivers/base/core.c#L1234",
    "dst": "https://gitlab.flux.utah.edu/xcap/xcap-capability-linux/-/blob/llvm_v4.8/drivers/base/core.c#L1214",
    "drv caller (param)": "",
    "call path (param)": "",
    "drv_update loc (shared field)": "[ (fotg210_udc_probe)https://gitlab.flux.utah.edu/xcap/xcap-capability-linux/-/blob/llvm_v4.8/drivers/usb/gadget/udc/fotg210-udc.c#L1127 ], ",
    "call path (type)": "",
    "cond_num": "7",
    "isControl": "0"
  },
  {
    "id": "1",
    "risky": "ptr-read",
    "acc_path": "device->dma_mask",
    "src": "https://gitlab.flux.utah.edu/xcap/xcap-capability-linux/-/blob/llvm_v4.8/./include/linux/dma-mapping.h#L134",
    "dst": "https://gitlab.flux.utah.edu/xcap/xcap-capability-linux/-/blob/llvm_v4.8/./include/linux/dma-mapping.h#L134",
    "drv caller (param)": "",
    "call path (param)": "",
    "drv_update loc (shared field)": "[ (fotg210_udc_probe)https://gitlab.flux.utah.edu/xcap/xcap-capability-linux/-/blob/llvm_v4.8/drivers/usb/gadget/udc/fotg210-udc.c#L1128 ], ",
    "call path (type)": "",
    "cond_num": "0",
    "isControl": "1",
    "t_trace": "[ INST || DATA_DEF_USE || https://gitlab.flux.utah.edu/xcap/xcap-capability-linux/-/blob/llvm_v4.8/./include/linux/dma-mapping.h#L134 ] -> ",
    "isTrue": "-",
    "atk_reason": "",
    "defense": ""
  },
  {
    "id": "1",
    "risky": "ptr-sen-api (kfree)",
    "acc_path": "device->dma_mask",
    "src": "https://gitlab.flux.utah.edu/xcap/xcap-capability-linux/-/blob/llvm_v4.8/drivers/base/platform.c#L540",
    "dst": "https://gitlab.flux.utah.edu/xcap/xcap-capability-linux/-/blob/llvm_v4.8/drivers/base/platform.c#L540",
    "drv caller (param)": "",
    "call path (param)": "",
    "drv_update loc (shared field)": "[ (fotg210_udc_probe)https://gitlab.flux.utah.edu/xcap/xcap-capability-linux/-/blob/llvm_v4.8/drivers/usb/gadget/udc/fotg210-udc.c#L1128 ], ",
    "call path (type)": "",
    "cond_num": "0",
    "isControl": "1",
    "t_trace": "[ INST || DATA_DEF_USE || https://gitlab.flux.utah.edu/xcap/xcap-capability-linux/-/blob/llvm_v4.8/drivers/base/platform.c#L540 ] -> [ INST || DATA_DEF_USE || https://gitlab.flux.utah.edu/xcap/xcap-capability-linux/-/blob/llvm_v4.8/drivers/base/platform.c#L540 ] -> ",
    "isTrue": "-",
    "atk_reason": "",
    "defense": ""
  },
  {
    "id": "1",
    "risky": "ptr-sen-branch (kfree)",
    "acc_path": "device->dma_mask",
    "src": "https://gitlab.flux.utah.edu/xcap/xcap-capability-linux/-/blob/llvm_v4.8/drivers/base/platform.c#L512",
    "dst": "https://gitlab.flux.utah.edu/xcap/xcap-capability-linux/-/blob/llvm_v4.8/drivers/base/platform.c#L512",
    "drv caller (param)": "",
    "call path (param)": "",
    "drv_update loc (shared field)": "[ (fotg210_udc_probe)https://gitlab.flux.utah.edu/xcap/xcap-capability-linux/-/blob/llvm_v4.8/drivers/usb/gadget/udc/fotg210-udc.c#L1128 ], ",
    "call path (type)": "",
    "cond_num": "0",
    "isControl": "1",
    "t_trace": "[ INST || DATA_DEF_USE || https://gitlab.flux.utah.edu/xcap/xcap-capability-linux/-/blob/llvm_v4.8/drivers/base/platform.c#L512 ] -> ",
    "isTrue": "-",
    "atk_reason": "",
    "defense": ""
  },
  {
    "id": "1",
    "risky": "ptr-write",
    "acc_path": "device->dma_mask",
    "src": "https://gitlab.flux.utah.edu/xcap/xcap-capability-linux/-/blob/llvm_v4.8/drivers/base/platform.c#L515",
    "dst": "https://gitlab.flux.utah.edu/xcap/xcap-capability-linux/-/blob/llvm_v4.8/drivers/base/platform.c#L515",
    "drv caller (param)": "",
    "call path (param)": "",
    "drv_update loc (shared field)": "[ (fotg210_udc_probe)https://gitlab.flux.utah.edu/xcap/xcap-capability-linux/-/blob/llvm_v4.8/drivers/usb/gadget/udc/fotg210-udc.c#L1128 ], ",
    "call path (type)": "",
    "cond_num": "0",
    "isControl": "1",
    "t_trace": "[ INST || DATA_DEF_USE || https://gitlab.flux.utah.edu/xcap/xcap-capability-linux/-/blob/llvm_v4.8/drivers/base/platform.c#L515 ] -> ",
    "isTrue": "-",
    "atk_reason": "",
    "defense": ""
  }
]
[
  {
    "struct name": "bus_type",
    "No.fields": 20,
    "No.classified fields": 0
  }
]
[
  {
    "struct name": "device_driver",
    "No.fields": 16,
    "No.classified fields": 1,
    "PTR_READ": 1,
    "PTR_WRITE": 1,
    "PTR_BUFFER": 1,
    "PTR_ARITH_BASE": 1,
    "SEN_API": 1
  },
  {
    "id": "2",
    "risky": "ptr-write",
    "acc_path": "device_driver->bus",
    "src": "https://gitlab.flux.utah.edu/xcap/xcap-capability-linux/-/blob/llvm_v4.8/drivers/base/platform.c#L693",
    "dst": "https://gitlab.flux.utah.edu/xcap/xcap-capability-linux/-/blob/llvm_v4.8/./include/linux/compiler.h#L220",
    "drv caller (param)": "",
    "call path (param)": "",
    "drv_update loc (shared field)": "[ (fotg210_udc_start)https://gitlab.flux.utah.edu/xcap/xcap-capability-linux/-/blob/llvm_v4.8/drivers/usb/gadget/udc/fotg210-udc.c#L1013 ], ",
    "call path (type)": " [free_irq->__free_irq->_raw_spin_lock_irqsave->__raw_spin_lock_irqsave->do_raw_spin_lock->__spin_lock_debug] ",
    "cond_num": "5",
    "isControl": "0"
  },
  {
    "id": "2",
    "risky": "ptr-read",
    "acc_path": "device_driver->bus",
    "src": "https://gitlab.flux.utah.edu/xcap/xcap-capability-linux/-/blob/llvm_v4.8/drivers/base/platform.c#L693",
    "dst": "https://gitlab.flux.utah.edu/xcap/xcap-capability-linux/-/blob/llvm_v4.8/./arch/x86/include/asm/atomic.h#L26",
    "drv caller (param)": "",
    "call path (param)": "",
    "drv_update loc (shared field)": "[ (fotg210_udc_start)https://gitlab.flux.utah.edu/xcap/xcap-capability-linux/-/blob/llvm_v4.8/drivers/usb/gadget/udc/fotg210-udc.c#L1013 ], ",
    "call path (type)": " [free_irq->__free_irq->_raw_spin_lock_irqsave->__raw_spin_lock_irqsave->do_raw_spin_lock] ",
    "cond_num": "1",
    "isControl": "0"
  },
  {
    "id": "2",
    "risky": "ptr-array",
    "acc_path": "device_driver->bus",
    "src": "https://gitlab.flux.utah.edu/xcap/xcap-capability-linux/-/blob/llvm_v4.8/drivers/base/platform.c#L693",
    "dst": "https://gitlab.flux.utah.edu/xcap/xcap-capability-linux/-/blob/llvm_v4.8/kernel/locking/spinlock_debug.c#L64",
    "drv caller (param)": "",
    "call path (param)": "",
    "drv_update loc (shared field)": "[ (fotg210_udc_start)https://gitlab.flux.utah.edu/xcap/xcap-capability-linux/-/blob/llvm_v4.8/drivers/usb/gadget/udc/fotg210-udc.c#L1013 ], ",
    "call path (type)": " [_raw_spin_unlock->__raw_spin_unlock->do_raw_spin_unlock->debug_spin_unlock->spin_bug->spin_dump] ",
    "cond_num": "11",
    "isControl": "0"
  },
  {
    "id": "2",
    "risky": "ptr-arith",
    "acc_path": "device_driver->bus",
    "src": "https://gitlab.flux.utah.edu/xcap/xcap-capability-linux/-/blob/llvm_v4.8/drivers/base/platform.c#L693",
    "dst": "https://gitlab.flux.utah.edu/xcap/xcap-capability-linux/-/blob/llvm_v4.8/kernel/locking/spinlock_debug.c#L64",
    "drv caller (param)": "",
    "call path (param)": "",
    "drv_update loc (shared field)": "[ (fotg210_udc_start)https://gitlab.flux.utah.edu/xcap/xcap-capability-linux/-/blob/llvm_v4.8/drivers/usb/gadget/udc/fotg210-udc.c#L1013 ], ",
    "call path (type)": " [_raw_spin_unlock->__raw_spin_unlock->do_raw_spin_unlock->debug_spin_unlock->spin_bug->spin_dump] ",
    "cond_num": "11",
    "isControl": "0"
  },
  {
    "id": "2",
    "risky": "ptr-sen-api (memcpy)",
    "acc_path": "device_driver->bus",
    "src": "https://gitlab.flux.utah.edu/xcap/xcap-capability-linux/-/blob/llvm_v4.8/drivers/base/platform.c#L693",
    "dst": "https://gitlab.flux.utah.edu/xcap/xcap-capability-linux/-/blob/llvm_v4.8/./include/linux/compiler.h#L220",
    "drv caller (param)": "",
    "call path (param)": "",
    "drv_update loc (shared field)": "[ (fotg210_udc_start)https://gitlab.flux.utah.edu/xcap/xcap-capability-linux/-/blob/llvm_v4.8/drivers/usb/gadget/udc/fotg210-udc.c#L1013 ], ",
    "call path (type)": " [free_irq->__free_irq->_raw_spin_lock_irqsave->__raw_spin_lock_irqsave->do_raw_spin_lock->__spin_lock_debug] ",
    "cond_num": "5",
    "isControl": "0"
  }
]
[
  {
    "struct name": "resource",
    "No.fields": 8,
    "No.classified fields": 0
  }
]
[
  {
    "struct name": "platform_device",
    "No.fields": 10,
    "No.classified fields": 0
  }
]
[
  {
    "struct name": "kmem_cache",
    "No.fields": 24,
    "No.classified fields": 0
  }
]
[
  {
    "struct name": "page",
    "No.fields": 7,
    "No.classified fields": 0
  }
]
