[
  {
    "struct name": "kobject",
    "No.fields": 12,
    "No.classified fields": 0
  }
]
[
  {
    "struct name": "spinlock",
    "No.fields": 1,
    "No.classified fields": 0
  }
]
[
  {
    "struct name": "device_driver",
    "No.fields": 16,
    "No.classified fields": 1,
    "PTR_READ": 1,
    "SEN_API": 1
  },
  {
    "id": "0",
    "risky": "ptr-read",
    "acc_path": "device_driver->name",
    "src": "https://gitlab.flux.utah.edu/xcap/xcap-capability-linux/-/blob/llvm_v4.8/drivers/base/platform.c#L950",
    "dst": "https://gitlab.flux.utah.edu/xcap/xcap-capability-linux/-/blob/llvm_v4.8/drivers/base/platform.c#L950",
    "drv caller (param)": "",
    "call path (param)": "",
    "drv_update loc (shared field)": "[ (alsa_uac2_init)https://gitlab.flux.utah.edu/xcap/xcap-capability-linux/-/blob/llvm_v4.8/drivers/usb/gadget/function/f_uac2.c#L527 ], ",
    "call path (type)": "",
    "cond_num": "0",
    "isControl": "1",
    "t_trace": "",
    "isTrue": "-",
    "atk_reason": "",
    "defense": ""
  },
  {
    "id": "0",
    "risky": "ptr-sen-api (strcpy)",
    "acc_path": "device_driver->name",
    "src": "https://gitlab.flux.utah.edu/xcap/xcap-capability-linux/-/blob/llvm_v4.8/drivers/base/platform.c#L730",
    "dst": "https://gitlab.flux.utah.edu/xcap/xcap-capability-linux/-/blob/llvm_v4.8/drivers/base/platform.c#L255",
    "drv caller (param)": "",
    "call path (param)": "",
    "drv_update loc (shared field)": "[ (alsa_uac2_init)https://gitlab.flux.utah.edu/xcap/xcap-capability-linux/-/blob/llvm_v4.8/drivers/usb/gadget/function/f_uac2.c#L527 ], ",
    "call path (type)": "",
    "cond_num": "1",
    "isControl": "0"
  }
]
[
  {
    "struct name": "platform_driver",
    "No.fields": 8,
    "No.classified fields": 2,
    "FUNC_PTR": 2
  }
]
[
  {
    "struct name": "platform_device",
    "No.fields": 10,
    "No.classified fields": 2,
    "PTR_READ": 1,
    "PTR_WRITE": 1,
    "UNCLASSIFY": 1
  },
  {
    "id": "3",
    "risky": "ptr-read",
    "acc_path": "platform_device->name",
    "src": "https://gitlab.flux.utah.edu/xcap/xcap-capability-linux/-/blob/llvm_v4.8/drivers/base/platform.c#L359",
    "dst": "https://gitlab.flux.utah.edu/xcap/xcap-capability-linux/-/blob/llvm_v4.8/drivers/base/platform.c#L359",
    "drv caller (param)": "",
    "call path (param)": "",
    "drv_update loc (shared field)": "[ (alsa_uac2_init)https://gitlab.flux.utah.edu/xcap/xcap-capability-linux/-/blob/llvm_v4.8/drivers/usb/gadget/function/f_uac2.c#L530 ], ",
    "call path (type)": " [platform_device_register->platform_device_add] ",
    "cond_num": "0",
    "isControl": "1",
    "t_trace": "",
    "isTrue": "-",
    "atk_reason": "",
    "defense": ""
  },
  {
    "id": "3",
    "risky": "ptr-write",
    "acc_path": "platform_device->name",
    "src": "https://gitlab.flux.utah.edu/xcap/xcap-capability-linux/-/blob/llvm_v4.8/drivers/base/platform.c#L844",
    "dst": "https://gitlab.flux.utah.edu/xcap/xcap-capability-linux/-/blob/llvm_v4.8/drivers/base/platform.c#L844",
    "drv_update loc (shared field)": "[ (alsa_uac2_init)https://gitlab.flux.utah.edu/xcap/xcap-capability-linux/-/blob/llvm_v4.8/drivers/usb/gadget/function/f_uac2.c#L530 ], ",
    "call path (type)": "",
    "cond_num": "0",
    "isControl": "1",
    "t_trace": "[ INST || DATA_DEF_USE || https://gitlab.flux.utah.edu/xcap/xcap-capability-linux/-/blob/llvm_v4.8/drivers/base/platform.c#L844 ] -> ",
    "isTrue": "-",
    "atk_reason": "",
    "defense": ""
  }
]
[
  {
    "struct name": "static_key",
    "No.fields": 3,
    "No.classified fields": 0
  }
]
[
  {
    "struct name": "config_group",
    "No.fields": 5,
    "No.classified fields": 0
  }
]
[
  {
    "struct name": "config_item",
    "No.fields": 8,
    "No.classified fields": 0
  }
]
[
  {
    "struct name": "device",
    "No.fields": 35,
    "No.classified fields": 1,
    "FUNC_PTR": 1
  }
]
[
  {
    "struct name": "snd_card",
    "No.fields": 33,
    "No.classified fields": 0
  }
]
[
  {
    "struct name": "snd_pcm_hw_params",
    "No.fields": 13,
    "No.classified fields": 0
  }
]
[
  {
    "struct name": "snd_interval",
    "No.fields": 6,
    "No.classified fields": 0
  }
]
[
  {
    "struct name": "snd_pcm_runtime",
    "No.fields": 56,
    "No.classified fields": 0
  }
]
[
  {
    "struct name": "snd_pcm",
    "No.fields": 15,
    "No.classified fields": 0
  }
]
[
  {
    "struct name": "snd_pcm_substream",
    "No.fields": 25,
    "No.classified fields": 0
  }
]
[
  {
    "struct name": "kmem_cache",
    "No.fields": 0,
    "No.classified fields": 0
  }
]
