[]
[]
[]
[]
[]
[]
[]
[]
[]
[
  {
    "id": "15",
    "risky": "val-sen-api (kmem_cache_alloc)",
    "acc_path": "gfp_mask",
    "src": "https://gitlab.flux.utah.edu/xcap/xcap-capability-linux/-/blob/llvm_v4.8/block/blk-core.c#L647",
    "dst": "https://gitlab.flux.utah.edu/xcap/xcap-capability-linux/-/blob/llvm_v4.8/./include/linux/slab.h#L364",
    "drv caller (param)": "[ mm_pci_probe | https://gitlab.flux.utah.edu/xcap/xcap-capability-linux/-/blob/llvm_v4.8/drivers/block/umem.c#L893 ], ",
    "call path (param)": " [mm_pci_probe->blk_alloc_queue->blk_alloc_queue_node] ",
    "cond_num": "0",
    "isControl": "1",
    "t_trace": "[ ACTUAL_IN || PARAMETER_INgfp_t ] -> [ FORMAL_IN || PARAMETER_INgfp_mask ] -> [ INST || PARAMETER_IN || https://gitlab.flux.utah.edu/xcap/xcap-capability-linux/-/blob/llvm_v4.8/block/blk-core.c#L698 ] -> [ INST || DATA_DEF_USE || https://gitlab.flux.utah.edu/xcap/xcap-capability-linux/-/blob/llvm_v4.8/block/blk-core.c#L698 ] -> [ INST || DATA_ST || https://gitlab.flux.utah.edu/xcap/xcap-capability-linux/-/blob/llvm_v4.8/block/blk-core.c#L692 |   %7 = alloca i32, align 4 ] -> [ INST || DATA_DEF_USE || https://gitlab.flux.utah.edu/xcap/xcap-capability-linux/-/blob/llvm_v4.8/./include/linux/slab.h#L364 ] -> ",
    "isTrue": "-",
    "atk_reason": "",
    "defense": ""
  }
]
[
  {
    "id": "16",
    "risky": "numeric-arith",
    "acc_path": "phys_addr",
    "src": "https://gitlab.flux.utah.edu/xcap/xcap-capability-linux/-/blob/llvm_v4.8/arch/x86/mm/ioremap.c#L240",
    "dst": "https://gitlab.flux.utah.edu/xcap/xcap-capability-linux/-/blob/llvm_v4.8/arch/x86/mm/ioremap.c#L203",
    "drv caller (param)": "[ mm_pci_probe | https://gitlab.flux.utah.edu/xcap/xcap-capability-linux/-/blob/llvm_v4.8/drivers/block/umem.c#L834 ], ",
    "call path (param)": " [mm_pci_probe->ioremap_nocache->__ioremap_caller] ",
    "cond_num": "11",
    "isControl": "0"
  },
  {
    "id": "16",
    "risky": "val-sen-branch (memcpy)",
    "acc_path": "phys_addr",
    "src": "https://gitlab.flux.utah.edu/xcap/xcap-capability-linux/-/blob/llvm_v4.8/arch/x86/mm/ioremap.c#L240",
    "dst": "https://gitlab.flux.utah.edu/xcap/xcap-capability-linux/-/blob/llvm_v4.8/arch/x86/mm/ioremap.c#L97",
    "drv caller (param)": "[ mm_pci_probe | https://gitlab.flux.utah.edu/xcap/xcap-capability-linux/-/blob/llvm_v4.8/drivers/block/umem.c#L834 ], ",
    "call path (param)": " [mm_pci_probe->ioremap_nocache->__ioremap_caller] ",
    "cond_num": "1",
    "isControl": "0"
  }
]
[
  {
    "id": "17",
    "risky": "numeric-arith",
    "acc_path": "size",
    "src": "https://gitlab.flux.utah.edu/xcap/xcap-capability-linux/-/blob/llvm_v4.8/arch/x86/mm/ioremap.c#L240",
    "dst": "https://gitlab.flux.utah.edu/xcap/xcap-capability-linux/-/blob/llvm_v4.8/arch/x86/mm/ioremap.c#L118",
    "drv caller (param)": "[ mm_pci_probe | https://gitlab.flux.utah.edu/xcap/xcap-capability-linux/-/blob/llvm_v4.8/drivers/block/umem.c#L834 ], ",
    "call path (param)": " [mm_pci_probe->ioremap_nocache->__ioremap_caller] ",
    "cond_num": "4",
    "isControl": "0"
  },
  {
    "id": "17",
    "risky": "val-sen-branch (memcpy)",
    "acc_path": "size",
    "src": "https://gitlab.flux.utah.edu/xcap/xcap-capability-linux/-/blob/llvm_v4.8/arch/x86/mm/ioremap.c#L240",
    "dst": "https://gitlab.flux.utah.edu/xcap/xcap-capability-linux/-/blob/llvm_v4.8/arch/x86/mm/ioremap.c#L97",
    "drv caller (param)": "[ mm_pci_probe | https://gitlab.flux.utah.edu/xcap/xcap-capability-linux/-/blob/llvm_v4.8/drivers/block/umem.c#L834 ], ",
    "call path (param)": " [mm_pci_probe->ioremap_nocache->__ioremap_caller] ",
    "cond_num": "1",
    "isControl": "1",
    "t_trace": "[ ACTUAL_IN || PARAMETER_INlong unsigned int ] -> [ FORMAL_IN || PARAMETER_INsize ] -> [ INST || PARAMETER_IN || https://gitlab.flux.utah.edu/xcap/xcap-capability-linux/-/blob/llvm_v4.8/arch/x86/mm/ioremap.c#L96 ] -> [ INST || DATA_DEF_USE || https://gitlab.flux.utah.edu/xcap/xcap-capability-linux/-/blob/llvm_v4.8/arch/x86/mm/ioremap.c#L96 ] -> [ INST || DATA_DEF_USE || https://gitlab.flux.utah.edu/xcap/xcap-capability-linux/-/blob/llvm_v4.8/arch/x86/mm/ioremap.c#L96 ] -> [ INST || DATA_ST || https://gitlab.flux.utah.edu/xcap/xcap-capability-linux/-/blob/llvm_v4.8/arch/x86/mm/ioremap.c#L82 |   %14 = alloca i64, align 8 ] -> [ INST || DATA_DEF_USE || https://gitlab.flux.utah.edu/xcap/xcap-capability-linux/-/blob/llvm_v4.8/arch/x86/mm/ioremap.c#L97 ] -> ",
    "isTrue": "-",
    "atk_reason": "",
    "defense": ""
  }
]
