[
  {
    "struct name": "blk_plug_cb",
    "No.fields": 3,
    "No.classified fields": 0
  }
]
[
  {
    "struct name": "dma_map_ops",
    "No.fields": 16,
    "No.classified fields": 0
  }
]
[
  {
    "struct name": "device",
    "No.fields": 33,
    "No.classified fields": 0
  }
]
[
  {
    "struct name": "bio_vec",
    "No.fields": 3,
    "No.classified fields": 0
  }
]
[
  {
    "struct name": "bio_set",
    "No.fields": 10,
    "No.classified fields": 0
  }
]
[
  {
    "struct name": "bvec_iter",
    "No.fields": 4,
    "No.classified fields": 0
  }
]
[
  {
    "struct name": "bio",
    "No.fields": 22,
    "No.classified fields": 1,
    "PTR_READ": 1,
    "PTR_WRITE": 1,
    "CONTROL_SENB_RANCH": 1,
    "SEN_API": 1
  },
  {
    "id": "0",
    "risky": "ptr-read",
    "acc_path": "bio->bi_next",
    "src": "https://gitlab.flux.utah.edu/xcap/xcap-capability-linux/-/blob/llvm_v4.8/block/blk-core.c#L2223",
    "dst": "https://gitlab.flux.utah.edu/xcap/xcap-capability-linux/-/blob/llvm_v4.8/block/blk-core.c#L2226",
    "drv caller (param)": "",
    "call path (param)": "",
    "drv_update loc (shared field)": "[ (add_bio)https://gitlab.flux.utah.edu/xcap/xcap-capability-linux/-/blob/llvm_v4.8/drivers/block/umem.c#L352 ], [ (reset_page)https://gitlab.flux.utah.edu/xcap/xcap-capability-linux/-/blob/llvm_v4.8/drivers/block/umem.c#L331 ], [ (reset_page)https://gitlab.flux.utah.edu/xcap/xcap-capability-linux/-/blob/llvm_v4.8/drivers/block/umem.c#L330 ], [ (add_bio)https://gitlab.flux.utah.edu/xcap/xcap-capability-linux/-/blob/llvm_v4.8/drivers/block/umem.c#L355 ], [ (add_bio)https://gitlab.flux.utah.edu/xcap/xcap-capability-linux/-/blob/llvm_v4.8/drivers/block/umem.c#L380 ], [ (process_page)https://gitlab.flux.utah.edu/xcap/xcap-capability-linux/-/blob/llvm_v4.8/drivers/block/umem.c#L411 |   %11 = alloca %struct.bio*, align 8 ], [ (process_page)https://gitlab.flux.utah.edu/xcap/xcap-capability-linux/-/blob/llvm_v4.8/drivers/block/umem.c#L411 |   %8 = alloca %struct.bio*, align 8 ], [ (process_page)https://gitlab.flux.utah.edu/xcap/xcap-capability-linux/-/blob/llvm_v4.8/drivers/block/umem.c#L474 ], [ (mm_pci_probe)https://gitlab.flux.utah.edu/xcap/xcap-capability-linux/-/blob/llvm_v4.8/drivers/block/umem.c#L890 ], [ (process_page)https://gitlab.flux.utah.edu/xcap/xcap-capability-linux/-/blob/llvm_v4.8/drivers/block/umem.c#L505 ], [ (mm_make_request)https://gitlab.flux.utah.edu/xcap/xcap-capability-linux/-/blob/llvm_v4.8/drivers/block/umem.c#L535 ], [ (process_page)https://gitlab.flux.utah.edu/xcap/xcap-capability-linux/-/blob/llvm_v4.8/drivers/block/umem.c#L446 ], [ (mm_make_request)https://gitlab.flux.utah.edu/xcap/xcap-capability-linux/-/blob/llvm_v4.8/drivers/block/umem.c#L536 ], [ (mm_make_request)https://gitlab.flux.utah.edu/xcap/xcap-capability-linux/-/blob/llvm_v4.8/drivers/block/umem.c#L537 ], [ (process_page)https://gitlab.flux.utah.edu/xcap/xcap-capability-linux/-/blob/llvm_v4.8/drivers/block/umem.c#L411 |   %22 = alloca %struct.bio*, align 8 ], [ (add_bio)https://gitlab.flux.utah.edu/xcap/xcap-capability-linux/-/blob/llvm_v4.8/drivers/block/umem.c#L339 |   %8 = alloca %struct.bio*, align 8 ], [ (add_bio)https://gitlab.flux.utah.edu/xcap/xcap-capability-linux/-/blob/llvm_v4.8/drivers/block/umem.c#L379 ], [ (add_bio)https://gitlab.flux.utah.edu/xcap/xcap-capability-linux/-/blob/llvm_v4.8/drivers/block/umem.c#L381 ], [ (add_bio)https://gitlab.flux.utah.edu/xcap/xcap-capability-linux/-/blob/llvm_v4.8/drivers/block/umem.c#L406 ], [ (mm_pci_probe)https://gitlab.flux.utah.edu/xcap/xcap-capability-linux/-/blob/llvm_v4.8/drivers/block/umem.c#L891 ], [ (add_bio)https://gitlab.flux.utah.edu/xcap/xcap-capability-linux/-/blob/llvm_v4.8/drivers/block/umem.c#L354 ], [ (add_bio)https://gitlab.flux.utah.edu/xcap/xcap-capability-linux/-/blob/llvm_v4.8/drivers/block/umem.c#L350 ], ",
    "call path (type)": "",
    "cond_num": "2",
    "isControl": "0"
  },
  {
    "id": "0",
    "risky": "ptr-write",
    "acc_path": "bio->bi_next",
    "src": "https://gitlab.flux.utah.edu/xcap/xcap-capability-linux/-/blob/llvm_v4.8/block/blk-core.c#L2223",
    "dst": "https://gitlab.flux.utah.edu/xcap/xcap-capability-linux/-/blob/llvm_v4.8/block/blk-core.c#L2207 |   %6 = alloca %struct.bio.168*, align 8",
    "drv caller (param)": "",
    "call path (param)": "",
    "drv_update loc (shared field)": "[ (add_bio)https://gitlab.flux.utah.edu/xcap/xcap-capability-linux/-/blob/llvm_v4.8/drivers/block/umem.c#L352 ], [ (reset_page)https://gitlab.flux.utah.edu/xcap/xcap-capability-linux/-/blob/llvm_v4.8/drivers/block/umem.c#L331 ], [ (reset_page)https://gitlab.flux.utah.edu/xcap/xcap-capability-linux/-/blob/llvm_v4.8/drivers/block/umem.c#L330 ], [ (add_bio)https://gitlab.flux.utah.edu/xcap/xcap-capability-linux/-/blob/llvm_v4.8/drivers/block/umem.c#L355 ], [ (add_bio)https://gitlab.flux.utah.edu/xcap/xcap-capability-linux/-/blob/llvm_v4.8/drivers/block/umem.c#L380 ], [ (process_page)https://gitlab.flux.utah.edu/xcap/xcap-capability-linux/-/blob/llvm_v4.8/drivers/block/umem.c#L411 |   %11 = alloca %struct.bio*, align 8 ], [ (process_page)https://gitlab.flux.utah.edu/xcap/xcap-capability-linux/-/blob/llvm_v4.8/drivers/block/umem.c#L411 |   %8 = alloca %struct.bio*, align 8 ], [ (process_page)https://gitlab.flux.utah.edu/xcap/xcap-capability-linux/-/blob/llvm_v4.8/drivers/block/umem.c#L474 ], [ (mm_pci_probe)https://gitlab.flux.utah.edu/xcap/xcap-capability-linux/-/blob/llvm_v4.8/drivers/block/umem.c#L890 ], [ (process_page)https://gitlab.flux.utah.edu/xcap/xcap-capability-linux/-/blob/llvm_v4.8/drivers/block/umem.c#L505 ], [ (mm_make_request)https://gitlab.flux.utah.edu/xcap/xcap-capability-linux/-/blob/llvm_v4.8/drivers/block/umem.c#L535 ], [ (process_page)https://gitlab.flux.utah.edu/xcap/xcap-capability-linux/-/blob/llvm_v4.8/drivers/block/umem.c#L446 ], [ (mm_make_request)https://gitlab.flux.utah.edu/xcap/xcap-capability-linux/-/blob/llvm_v4.8/drivers/block/umem.c#L536 ], [ (mm_make_request)https://gitlab.flux.utah.edu/xcap/xcap-capability-linux/-/blob/llvm_v4.8/drivers/block/umem.c#L537 ], [ (process_page)https://gitlab.flux.utah.edu/xcap/xcap-capability-linux/-/blob/llvm_v4.8/drivers/block/umem.c#L411 |   %22 = alloca %struct.bio*, align 8 ], [ (add_bio)https://gitlab.flux.utah.edu/xcap/xcap-capability-linux/-/blob/llvm_v4.8/drivers/block/umem.c#L339 |   %8 = alloca %struct.bio*, align 8 ], [ (add_bio)https://gitlab.flux.utah.edu/xcap/xcap-capability-linux/-/blob/llvm_v4.8/drivers/block/umem.c#L379 ], [ (add_bio)https://gitlab.flux.utah.edu/xcap/xcap-capability-linux/-/blob/llvm_v4.8/drivers/block/umem.c#L381 ], [ (add_bio)https://gitlab.flux.utah.edu/xcap/xcap-capability-linux/-/blob/llvm_v4.8/drivers/block/umem.c#L406 ], [ (mm_pci_probe)https://gitlab.flux.utah.edu/xcap/xcap-capability-linux/-/blob/llvm_v4.8/drivers/block/umem.c#L891 ], [ (add_bio)https://gitlab.flux.utah.edu/xcap/xcap-capability-linux/-/blob/llvm_v4.8/drivers/block/umem.c#L354 ], [ (add_bio)https://gitlab.flux.utah.edu/xcap/xcap-capability-linux/-/blob/llvm_v4.8/drivers/block/umem.c#L350 ], ",
    "call path (type)": "",
    "cond_num": "0",
    "isControl": "1",
    "t_trace": "[ INST || DATA_DEF_USE || https://gitlab.flux.utah.edu/xcap/xcap-capability-linux/-/blob/llvm_v4.8/block/blk-core.c#L2223 ] -> [ INST || DATA_ST || https://gitlab.flux.utah.edu/xcap/xcap-capability-linux/-/blob/llvm_v4.8/block/blk-core.c#L2207 |   %6 = alloca %struct.bio.168*, align 8 ] -> ",
    "isTrue": "-",
    "atk_reason": "",
    "defense": ""
  },
  {
    "id": "0",
    "risky": "ptr-sen-branch (memcpy)",
    "acc_path": "bio->bi_next",
    "src": "https://gitlab.flux.utah.edu/xcap/xcap-capability-linux/-/blob/llvm_v4.8/block/blk-merge.c#L254",
    "dst": "https://gitlab.flux.utah.edu/xcap/xcap-capability-linux/-/blob/llvm_v4.8/block/blk-merge.c#L269",
    "drv caller (param)": "",
    "call path (param)": "",
    "drv_update loc (shared field)": "[ (add_bio)https://gitlab.flux.utah.edu/xcap/xcap-capability-linux/-/blob/llvm_v4.8/drivers/block/umem.c#L352 ], [ (reset_page)https://gitlab.flux.utah.edu/xcap/xcap-capability-linux/-/blob/llvm_v4.8/drivers/block/umem.c#L331 ], [ (reset_page)https://gitlab.flux.utah.edu/xcap/xcap-capability-linux/-/blob/llvm_v4.8/drivers/block/umem.c#L330 ], [ (add_bio)https://gitlab.flux.utah.edu/xcap/xcap-capability-linux/-/blob/llvm_v4.8/drivers/block/umem.c#L355 ], [ (add_bio)https://gitlab.flux.utah.edu/xcap/xcap-capability-linux/-/blob/llvm_v4.8/drivers/block/umem.c#L380 ], [ (process_page)https://gitlab.flux.utah.edu/xcap/xcap-capability-linux/-/blob/llvm_v4.8/drivers/block/umem.c#L411 |   %11 = alloca %struct.bio*, align 8 ], [ (process_page)https://gitlab.flux.utah.edu/xcap/xcap-capability-linux/-/blob/llvm_v4.8/drivers/block/umem.c#L411 |   %8 = alloca %struct.bio*, align 8 ], [ (process_page)https://gitlab.flux.utah.edu/xcap/xcap-capability-linux/-/blob/llvm_v4.8/drivers/block/umem.c#L474 ], [ (mm_pci_probe)https://gitlab.flux.utah.edu/xcap/xcap-capability-linux/-/blob/llvm_v4.8/drivers/block/umem.c#L890 ], [ (process_page)https://gitlab.flux.utah.edu/xcap/xcap-capability-linux/-/blob/llvm_v4.8/drivers/block/umem.c#L505 ], [ (mm_make_request)https://gitlab.flux.utah.edu/xcap/xcap-capability-linux/-/blob/llvm_v4.8/drivers/block/umem.c#L535 ], [ (process_page)https://gitlab.flux.utah.edu/xcap/xcap-capability-linux/-/blob/llvm_v4.8/drivers/block/umem.c#L446 ], [ (mm_make_request)https://gitlab.flux.utah.edu/xcap/xcap-capability-linux/-/blob/llvm_v4.8/drivers/block/umem.c#L536 ], [ (mm_make_request)https://gitlab.flux.utah.edu/xcap/xcap-capability-linux/-/blob/llvm_v4.8/drivers/block/umem.c#L537 ], [ (process_page)https://gitlab.flux.utah.edu/xcap/xcap-capability-linux/-/blob/llvm_v4.8/drivers/block/umem.c#L411 |   %22 = alloca %struct.bio*, align 8 ], [ (add_bio)https://gitlab.flux.utah.edu/xcap/xcap-capability-linux/-/blob/llvm_v4.8/drivers/block/umem.c#L339 |   %8 = alloca %struct.bio*, align 8 ], [ (add_bio)https://gitlab.flux.utah.edu/xcap/xcap-capability-linux/-/blob/llvm_v4.8/drivers/block/umem.c#L379 ], [ (add_bio)https://gitlab.flux.utah.edu/xcap/xcap-capability-linux/-/blob/llvm_v4.8/drivers/block/umem.c#L381 ], [ (add_bio)https://gitlab.flux.utah.edu/xcap/xcap-capability-linux/-/blob/llvm_v4.8/drivers/block/umem.c#L406 ], [ (mm_pci_probe)https://gitlab.flux.utah.edu/xcap/xcap-capability-linux/-/blob/llvm_v4.8/drivers/block/umem.c#L891 ], [ (add_bio)https://gitlab.flux.utah.edu/xcap/xcap-capability-linux/-/blob/llvm_v4.8/drivers/block/umem.c#L354 ], [ (add_bio)https://gitlab.flux.utah.edu/xcap/xcap-capability-linux/-/blob/llvm_v4.8/drivers/block/umem.c#L350 ], ",
    "call path (type)": "",
    "cond_num": "9",
    "isControl": "0"
  },
  {
    "id": "0",
    "risky": "ptr-sen-api (memcpy)",
    "acc_path": "bio->bi_next",
    "src": "https://gitlab.flux.utah.edu/xcap/xcap-capability-linux/-/blob/llvm_v4.8/block/blk-merge.c#L254",
    "dst": "https://gitlab.flux.utah.edu/xcap/xcap-capability-linux/-/blob/llvm_v4.8/block/blk-merge.c#L255",
    "drv caller (param)": "",
    "call path (param)": "",
    "drv_update loc (shared field)": "[ (add_bio)https://gitlab.flux.utah.edu/xcap/xcap-capability-linux/-/blob/llvm_v4.8/drivers/block/umem.c#L352 ], [ (reset_page)https://gitlab.flux.utah.edu/xcap/xcap-capability-linux/-/blob/llvm_v4.8/drivers/block/umem.c#L331 ], [ (reset_page)https://gitlab.flux.utah.edu/xcap/xcap-capability-linux/-/blob/llvm_v4.8/drivers/block/umem.c#L330 ], [ (add_bio)https://gitlab.flux.utah.edu/xcap/xcap-capability-linux/-/blob/llvm_v4.8/drivers/block/umem.c#L355 ], [ (add_bio)https://gitlab.flux.utah.edu/xcap/xcap-capability-linux/-/blob/llvm_v4.8/drivers/block/umem.c#L380 ], [ (process_page)https://gitlab.flux.utah.edu/xcap/xcap-capability-linux/-/blob/llvm_v4.8/drivers/block/umem.c#L411 |   %11 = alloca %struct.bio*, align 8 ], [ (process_page)https://gitlab.flux.utah.edu/xcap/xcap-capability-linux/-/blob/llvm_v4.8/drivers/block/umem.c#L411 |   %8 = alloca %struct.bio*, align 8 ], [ (process_page)https://gitlab.flux.utah.edu/xcap/xcap-capability-linux/-/blob/llvm_v4.8/drivers/block/umem.c#L474 ], [ (mm_pci_probe)https://gitlab.flux.utah.edu/xcap/xcap-capability-linux/-/blob/llvm_v4.8/drivers/block/umem.c#L890 ], [ (process_page)https://gitlab.flux.utah.edu/xcap/xcap-capability-linux/-/blob/llvm_v4.8/drivers/block/umem.c#L505 ], [ (mm_make_request)https://gitlab.flux.utah.edu/xcap/xcap-capability-linux/-/blob/llvm_v4.8/drivers/block/umem.c#L535 ], [ (process_page)https://gitlab.flux.utah.edu/xcap/xcap-capability-linux/-/blob/llvm_v4.8/drivers/block/umem.c#L446 ], [ (mm_make_request)https://gitlab.flux.utah.edu/xcap/xcap-capability-linux/-/blob/llvm_v4.8/drivers/block/umem.c#L536 ], [ (mm_make_request)https://gitlab.flux.utah.edu/xcap/xcap-capability-linux/-/blob/llvm_v4.8/drivers/block/umem.c#L537 ], [ (process_page)https://gitlab.flux.utah.edu/xcap/xcap-capability-linux/-/blob/llvm_v4.8/drivers/block/umem.c#L411 |   %22 = alloca %struct.bio*, align 8 ], [ (add_bio)https://gitlab.flux.utah.edu/xcap/xcap-capability-linux/-/blob/llvm_v4.8/drivers/block/umem.c#L339 |   %8 = alloca %struct.bio*, align 8 ], [ (add_bio)https://gitlab.flux.utah.edu/xcap/xcap-capability-linux/-/blob/llvm_v4.8/drivers/block/umem.c#L379 ], [ (add_bio)https://gitlab.flux.utah.edu/xcap/xcap-capability-linux/-/blob/llvm_v4.8/drivers/block/umem.c#L381 ], [ (add_bio)https://gitlab.flux.utah.edu/xcap/xcap-capability-linux/-/blob/llvm_v4.8/drivers/block/umem.c#L406 ], [ (mm_pci_probe)https://gitlab.flux.utah.edu/xcap/xcap-capability-linux/-/blob/llvm_v4.8/drivers/block/umem.c#L891 ], [ (add_bio)https://gitlab.flux.utah.edu/xcap/xcap-capability-linux/-/blob/llvm_v4.8/drivers/block/umem.c#L354 ], [ (add_bio)https://gitlab.flux.utah.edu/xcap/xcap-capability-linux/-/blob/llvm_v4.8/drivers/block/umem.c#L350 ], ",
    "call path (type)": "",
    "cond_num": "1",
    "isControl": "0"
  }
]
[
  {
    "struct name": "page",
    "No.fields": 7,
    "No.classified fields": 0
  }
]
[
  {
    "struct name": "pci_dev",
    "No.fields": 88,
    "No.classified fields": 0
  }
]
[
  {
    "struct name": "pci_device_id",
    "No.fields": 7,
    "No.classified fields": 0
  }
]
[
  {
    "struct name": "request_queue",
    "No.fields": 77,
    "No.classified fields": 1,
    "PTR_READ": 1,
    "PTR_WRITE": 1,
    "PTR_BUFFER": 1,
    "PTR_ARITH_BASE": 1,
    "SEN_API": 1
  },
  {
    "id": "1",
    "risky": "ptr-read",
    "acc_path": "request_queue->queue_lock",
    "src": "https://gitlab.flux.utah.edu/xcap/xcap-capability-linux/-/blob/llvm_v4.8/block/blk-core.c#L1297",
    "dst": "https://gitlab.flux.utah.edu/xcap/xcap-capability-linux/-/blob/llvm_v4.8/./include/linux/sched.h#L2066",
    "drv caller (param)": "",
    "call path (param)": "",
    "drv_update loc (shared field)": "[ (mm_pci_probe)https://gitlab.flux.utah.edu/xcap/xcap-capability-linux/-/blob/llvm_v4.8/drivers/block/umem.c#L898 ], ",
    "call path (type)": " [_raw_spin_unlock_bh->__raw_spin_unlock_bh->do_raw_spin_unlock->debug_spin_unlock->spin_bug->spin_dump->task_pid_nr.644] ",
    "cond_num": "11",
    "isControl": "0"
  },
  {
    "id": "1",
    "risky": "ptr-write",
    "acc_path": "request_queue->queue_lock",
    "src": "https://gitlab.flux.utah.edu/xcap/xcap-capability-linux/-/blob/llvm_v4.8/block/blk-core.c#L1297",
    "dst": "https://gitlab.flux.utah.edu/xcap/xcap-capability-linux/-/blob/llvm_v4.8/kernel/locking/spinlock_debug.c#L106 |   %25 = alloca i32, align 4",
    "drv caller (param)": "",
    "call path (param)": "",
    "drv_update loc (shared field)": "[ (mm_pci_probe)https://gitlab.flux.utah.edu/xcap/xcap-capability-linux/-/blob/llvm_v4.8/drivers/block/umem.c#L898 ], ",
    "call path (type)": " [blk_queue_split->generic_make_request->generic_make_request_checks->blkcg_bio_issue_check->_raw_spin_lock_irq->__raw_spin_lock_irq->do_raw_spin_lock->__spin_lock_debug] ",
    "cond_num": "6",
    "isControl": "0"
  },
  {
    "id": "1",
    "risky": "ptr-array",
    "acc_path": "request_queue->queue_lock",
    "src": "https://gitlab.flux.utah.edu/xcap/xcap-capability-linux/-/blob/llvm_v4.8/block/blk-core.c#L1297",
    "dst": "https://gitlab.flux.utah.edu/xcap/xcap-capability-linux/-/blob/llvm_v4.8/kernel/locking/spinlock_debug.c#L64",
    "drv caller (param)": "",
    "call path (param)": "",
    "drv_update loc (shared field)": "[ (mm_pci_probe)https://gitlab.flux.utah.edu/xcap/xcap-capability-linux/-/blob/llvm_v4.8/drivers/block/umem.c#L898 ], ",
    "call path (type)": " [_raw_spin_unlock_bh->__raw_spin_unlock_bh->do_raw_spin_unlock->debug_spin_unlock->spin_bug->spin_dump] ",
    "cond_num": "10",
    "isControl": "0"
  },
  {
    "id": "1",
    "risky": "ptr-arith",
    "acc_path": "request_queue->queue_lock",
    "src": "https://gitlab.flux.utah.edu/xcap/xcap-capability-linux/-/blob/llvm_v4.8/block/blk-core.c#L1297",
    "dst": "https://gitlab.flux.utah.edu/xcap/xcap-capability-linux/-/blob/llvm_v4.8/kernel/locking/spinlock_debug.c#L64",
    "drv caller (param)": "",
    "call path (param)": "",
    "drv_update loc (shared field)": "[ (mm_pci_probe)https://gitlab.flux.utah.edu/xcap/xcap-capability-linux/-/blob/llvm_v4.8/drivers/block/umem.c#L898 ], ",
    "call path (type)": " [_raw_spin_unlock_bh->__raw_spin_unlock_bh->do_raw_spin_unlock->debug_spin_unlock->spin_bug->spin_dump] ",
    "cond_num": "10",
    "isControl": "0"
  },
  {
    "id": "1",
    "risky": "ptr-sen-api (memcpy)",
    "acc_path": "request_queue->queue_lock",
    "src": "https://gitlab.flux.utah.edu/xcap/xcap-capability-linux/-/blob/llvm_v4.8/block/blk-core.c#L1297",
    "dst": "https://gitlab.flux.utah.edu/xcap/xcap-capability-linux/-/blob/llvm_v4.8/./include/linux/compiler.h#L220",
    "drv caller (param)": "",
    "call path (param)": "",
    "drv_update loc (shared field)": "[ (mm_pci_probe)https://gitlab.flux.utah.edu/xcap/xcap-capability-linux/-/blob/llvm_v4.8/drivers/block/umem.c#L898 ], ",
    "call path (type)": " [blk_queue_split->generic_make_request->generic_make_request_checks->blkcg_bio_issue_check->_raw_spin_lock_irq->__raw_spin_lock_irq->do_raw_spin_lock] ",
    "cond_num": "4",
    "isControl": "0"
  }
]
[
  {
    "struct name": "block_device",
    "No.fields": 21,
    "No.classified fields": 0
  }
]
[
  {
    "struct name": "block_device_operations",
    "No.fields": 14,
    "No.classified fields": 0
  }
]
[
  {
    "struct name": "gendisk",
    "No.fields": 20,
    "No.classified fields": 4,
    "PTR_READ": 2,
    "PTR_WRITE": 2,
    "PTR_BUFFER": 1,
    "PTR_ARITH_BASE": 1,
    "NUM_ARITH": 2,
    "CONTROL_SENB_RANCH": 1,
    "SEN_API": 1
  },
  {
    "id": "2",
    "risky": "numeric-arith",
    "acc_path": "gendisk->major",
    "src": "https://gitlab.flux.utah.edu/xcap/xcap-capability-linux/-/blob/llvm_v4.8/block/genhd.c#L420",
    "dst": "https://gitlab.flux.utah.edu/xcap/xcap-capability-linux/-/blob/llvm_v4.8/block/genhd.c#L420",
    "drv_update loc (shared field)": "[ (mm_init)https://gitlab.flux.utah.edu/xcap/xcap-capability-linux/-/blob/llvm_v4.8/drivers/block/umem.c#L1093 ], ",
    "call path (type)": "",
    "cond_num": "0",
    "isControl": "1",
    "t_trace": "[ INST || DATA_DEF_USE || https://gitlab.flux.utah.edu/xcap/xcap-capability-linux/-/blob/llvm_v4.8/block/genhd.c#L420 ] -> ",
    "isTrue": "-",
    "atk_reason": "",
    "defense": ""
  },
  {
    "id": "3",
    "risky": "numeric-arith",
    "acc_path": "gendisk->first_minor",
    "src": "https://gitlab.flux.utah.edu/xcap/xcap-capability-linux/-/blob/llvm_v4.8/block/genhd.c#L420",
    "dst": "https://gitlab.flux.utah.edu/xcap/xcap-capability-linux/-/blob/llvm_v4.8/block/genhd.c#L420",
    "drv_update loc (shared field)": "[ (mm_init)https://gitlab.flux.utah.edu/xcap/xcap-capability-linux/-/blob/llvm_v4.8/drivers/block/umem.c#L1094 ], ",
    "call path (type)": "",
    "cond_num": "0",
    "isControl": "1",
    "t_trace": "[ INST || DATA_DEF_USE || https://gitlab.flux.utah.edu/xcap/xcap-capability-linux/-/blob/llvm_v4.8/block/genhd.c#L420 ] -> ",
    "isTrue": "-",
    "atk_reason": "",
    "defense": ""
  },
  {
    "id": "4",
    "risky": "ptr-read",
    "acc_path": "gendisk->fops",
    "src": "https://gitlab.flux.utah.edu/xcap/xcap-capability-linux/-/blob/llvm_v4.8/block/genhd.c#L1659",
    "dst": "https://gitlab.flux.utah.edu/xcap/xcap-capability-linux/-/blob/llvm_v4.8/block/genhd.c#L1659",
    "drv caller (param)": "",
    "call path (param)": "",
    "drv_update loc (shared field)": "[ (mm_init)https://gitlab.flux.utah.edu/xcap/xcap-capability-linux/-/blob/llvm_v4.8/drivers/block/umem.c#L1095 ], ",
    "call path (type)": "",
    "cond_num": "0",
    "isControl": "1",
    "t_trace": "[ INST || DATA_DEF_USE || https://gitlab.flux.utah.edu/xcap/xcap-capability-linux/-/blob/llvm_v4.8/block/genhd.c#L1659 ] -> [ INST || DATA_DEF_USE || https://gitlab.flux.utah.edu/xcap/xcap-capability-linux/-/blob/llvm_v4.8/block/genhd.c#L1659 ] -> ",
    "isTrue": "-",
    "atk_reason": "",
    "defense": ""
  },
  {
    "id": "4",
    "risky": "ptr-sen-branch (memcpy)",
    "acc_path": "gendisk->fops",
    "src": "https://gitlab.flux.utah.edu/xcap/xcap-capability-linux/-/blob/llvm_v4.8/block/genhd.c#L1815",
    "dst": "https://gitlab.flux.utah.edu/xcap/xcap-capability-linux/-/blob/llvm_v4.8/block/genhd.c#L1815",
    "drv caller (param)": "",
    "call path (param)": "",
    "drv_update loc (shared field)": "[ (mm_init)https://gitlab.flux.utah.edu/xcap/xcap-capability-linux/-/blob/llvm_v4.8/drivers/block/umem.c#L1095 ], ",
    "call path (type)": "",
    "cond_num": "0",
    "isControl": "1",
    "t_trace": "[ INST || DATA_DEF_USE || https://gitlab.flux.utah.edu/xcap/xcap-capability-linux/-/blob/llvm_v4.8/block/genhd.c#L1815 ] -> [ INST || DATA_DEF_USE || https://gitlab.flux.utah.edu/xcap/xcap-capability-linux/-/blob/llvm_v4.8/block/genhd.c#L1815 ] -> [ INST || DATA_DEF_USE || https://gitlab.flux.utah.edu/xcap/xcap-capability-linux/-/blob/llvm_v4.8/block/genhd.c#L1815 ] -> ",
    "isTrue": "-",
    "atk_reason": "",
    "defense": ""
  },
  {
    "id": "4",
    "risky": "ptr-write",
    "acc_path": "gendisk->fops",
    "src": "https://gitlab.flux.utah.edu/xcap/xcap-capability-linux/-/blob/llvm_v4.8/block/genhd.c#L1341",
    "dst": "https://gitlab.flux.utah.edu/xcap/xcap-capability-linux/-/blob/llvm_v4.8/block/genhd.c#L1334 |   %4 = alloca %struct.module.1325*, align 8",
    "drv caller (param)": "",
    "call path (param)": "",
    "drv_update loc (shared field)": "[ (mm_init)https://gitlab.flux.utah.edu/xcap/xcap-capability-linux/-/blob/llvm_v4.8/drivers/block/umem.c#L1095 ], ",
    "call path (type)": "",
    "cond_num": "0",
    "isControl": "1",
    "t_trace": "[ INST || DATA_DEF_USE || https://gitlab.flux.utah.edu/xcap/xcap-capability-linux/-/blob/llvm_v4.8/block/genhd.c#L1341 ] -> [ INST || DATA_DEF_USE || https://gitlab.flux.utah.edu/xcap/xcap-capability-linux/-/blob/llvm_v4.8/block/genhd.c#L1341 ] -> [ INST || DATA_DEF_USE || https://gitlab.flux.utah.edu/xcap/xcap-capability-linux/-/blob/llvm_v4.8/block/genhd.c#L1341 ] -> [ INST || DATA_ST || https://gitlab.flux.utah.edu/xcap/xcap-capability-linux/-/blob/llvm_v4.8/block/genhd.c#L1334 |   %4 = alloca %struct.module.1325*, align 8 ] -> ",
    "isTrue": "-",
    "atk_reason": "",
    "defense": ""
  },
  {
    "id": "5",
    "risky": "ptr-read",
    "acc_path": "gendisk->queue",
    "src": "https://gitlab.flux.utah.edu/xcap/xcap-capability-linux/-/blob/llvm_v4.8/block/genhd.c#L996",
    "dst": "https://gitlab.flux.utah.edu/xcap/xcap-capability-linux/-/blob/llvm_v4.8/block/genhd.c#L996",
    "drv_update loc (shared field)": "[ (mm_init)https://gitlab.flux.utah.edu/xcap/xcap-capability-linux/-/blob/llvm_v4.8/drivers/block/umem.c#L1097 ], [ (mm_pci_probe)https://gitlab.flux.utah.edu/xcap/xcap-capability-linux/-/blob/llvm_v4.8/drivers/block/umem.c#L893 ], ",
    "call path (type)": "",
    "cond_num": "0",
    "isControl": "1",
    "t_trace": "",
    "isTrue": "-",
    "atk_reason": "",
    "defense": ""
  },
  {
    "id": "5",
    "risky": "ptr-write",
    "acc_path": "gendisk->queue",
    "src": "https://gitlab.flux.utah.edu/xcap/xcap-capability-linux/-/blob/llvm_v4.8/block/genhd.c#L996",
    "dst": "https://gitlab.flux.utah.edu/xcap/xcap-capability-linux/-/blob/llvm_v4.8/./include/linux/blkdev.h#L1264 |   %2 = alloca i32, align 4",
    "drv_update loc (shared field)": "[ (mm_init)https://gitlab.flux.utah.edu/xcap/xcap-capability-linux/-/blob/llvm_v4.8/drivers/block/umem.c#L1097 ], [ (mm_pci_probe)https://gitlab.flux.utah.edu/xcap/xcap-capability-linux/-/blob/llvm_v4.8/drivers/block/umem.c#L893 ], ",
    "call path (type)": "",
    "cond_num": "0",
    "isControl": "1",
    "t_trace": "[ INST || DATA_DEF_USE || https://gitlab.flux.utah.edu/xcap/xcap-capability-linux/-/blob/llvm_v4.8/block/genhd.c#L996 ] -> [ ACTUAL_IN || PARAMETER_IN ] -> [ FORMAL_IN || PARAMETER_INq ] -> [ INST || PARAMETER_IN || https://gitlab.flux.utah.edu/xcap/xcap-capability-linux/-/blob/llvm_v4.8/./include/linux/blkdev.h#L1269 ] -> [ INST || DATA_DEF_USE || https://gitlab.flux.utah.edu/xcap/xcap-capability-linux/-/blob/llvm_v4.8/./include/linux/blkdev.h#L1269 ] -> [ INST || DATA_DEF_USE || https://gitlab.flux.utah.edu/xcap/xcap-capability-linux/-/blob/llvm_v4.8/./include/linux/blkdev.h#L1269 ] -> [ INST || DATA_DEF_USE || https://gitlab.flux.utah.edu/xcap/xcap-capability-linux/-/blob/llvm_v4.8/./include/linux/blkdev.h#L1269 ] -> [ INST || DATA_ST || https://gitlab.flux.utah.edu/xcap/xcap-capability-linux/-/blob/llvm_v4.8/./include/linux/blkdev.h#L1264 |   %2 = alloca i32, align 4 ] -> ",
    "isTrue": "-",
    "atk_reason": "",
    "defense": ""
  },
  {
    "id": "5",
    "risky": "ptr-array",
    "acc_path": "gendisk->queue",
    "src": "https://gitlab.flux.utah.edu/xcap/xcap-capability-linux/-/blob/llvm_v4.8/block/genhd.c#L628",
    "dst": "https://gitlab.flux.utah.edu/xcap/xcap-capability-linux/-/blob/llvm_v4.8/./arch/x86/include/asm/bitops.h#L311",
    "drv caller (param)": "",
    "call path (param)": "",
    "drv_update loc (shared field)": "[ (mm_init)https://gitlab.flux.utah.edu/xcap/xcap-capability-linux/-/blob/llvm_v4.8/drivers/block/umem.c#L1097 ], [ (mm_pci_probe)https://gitlab.flux.utah.edu/xcap/xcap-capability-linux/-/blob/llvm_v4.8/drivers/block/umem.c#L893 ], ",
    "call path (type)": "",
    "cond_num": "0",
    "isControl": "1",
    "t_trace": "[ INST || DATA_DEF_USE || https://gitlab.flux.utah.edu/xcap/xcap-capability-linux/-/blob/llvm_v4.8/block/genhd.c#L628 ] -> [ ACTUAL_IN || PARAMETER_IN ] -> [ FORMAL_IN || PARAMETER_INq ] -> [ INST || PARAMETER_IN || https://gitlab.flux.utah.edu/xcap/xcap-capability-linux/-/blob/llvm_v4.8/block/blk-core.c#L891 ] -> [ INST || DATA_DEF_USE || https://gitlab.flux.utah.edu/xcap/xcap-capability-linux/-/blob/llvm_v4.8/block/blk-core.c#L891 ] -> [ INST || DATA_ST || https://gitlab.flux.utah.edu/xcap/xcap-capability-linux/-/blob/llvm_v4.8/block/blk-core.c#L889 |   %3 = alloca i64*, align 8 ] -> [ INST || DATA_DEF_USE || https://gitlab.flux.utah.edu/xcap/xcap-capability-linux/-/blob/llvm_v4.8/./arch/x86/include/asm/bitops.h#L311 ] -> ",
    "isTrue": "-",
    "atk_reason": "",
    "defense": ""
  },
  {
    "id": "5",
    "risky": "ptr-arith",
    "acc_path": "gendisk->queue",
    "src": "https://gitlab.flux.utah.edu/xcap/xcap-capability-linux/-/blob/llvm_v4.8/block/genhd.c#L628",
    "dst": "https://gitlab.flux.utah.edu/xcap/xcap-capability-linux/-/blob/llvm_v4.8/./arch/x86/include/asm/bitops.h#L311",
    "drv caller (param)": "",
    "call path (param)": "",
    "drv_update loc (shared field)": "[ (mm_init)https://gitlab.flux.utah.edu/xcap/xcap-capability-linux/-/blob/llvm_v4.8/drivers/block/umem.c#L1097 ], [ (mm_pci_probe)https://gitlab.flux.utah.edu/xcap/xcap-capability-linux/-/blob/llvm_v4.8/drivers/block/umem.c#L893 ], ",
    "call path (type)": "",
    "cond_num": "0",
    "isControl": "1",
    "t_trace": "[ INST || DATA_DEF_USE || https://gitlab.flux.utah.edu/xcap/xcap-capability-linux/-/blob/llvm_v4.8/block/genhd.c#L628 ] -> [ ACTUAL_IN || PARAMETER_IN ] -> [ FORMAL_IN || PARAMETER_INq ] -> [ INST || PARAMETER_IN || https://gitlab.flux.utah.edu/xcap/xcap-capability-linux/-/blob/llvm_v4.8/block/blk-core.c#L891 ] -> [ INST || DATA_DEF_USE || https://gitlab.flux.utah.edu/xcap/xcap-capability-linux/-/blob/llvm_v4.8/block/blk-core.c#L891 ] -> [ INST || DATA_ST || https://gitlab.flux.utah.edu/xcap/xcap-capability-linux/-/blob/llvm_v4.8/block/blk-core.c#L889 |   %3 = alloca i64*, align 8 ] -> [ INST || DATA_DEF_USE || https://gitlab.flux.utah.edu/xcap/xcap-capability-linux/-/blob/llvm_v4.8/./arch/x86/include/asm/bitops.h#L311 ] -> ",
    "isTrue": "-",
    "atk_reason": "",
    "defense": ""
  },
  {
    "id": "5",
    "risky": "ptr-sen-api (kobject_put)",
    "acc_path": "gendisk->queue",
    "src": "https://gitlab.flux.utah.edu/xcap/xcap-capability-linux/-/blob/llvm_v4.8/block/genhd.c#L1146",
    "dst": "https://gitlab.flux.utah.edu/xcap/xcap-capability-linux/-/blob/llvm_v4.8/block/blk-core.c#L381",
    "drv_update loc (shared field)": "[ (mm_init)https://gitlab.flux.utah.edu/xcap/xcap-capability-linux/-/blob/llvm_v4.8/drivers/block/umem.c#L1097 ], [ (mm_pci_probe)https://gitlab.flux.utah.edu/xcap/xcap-capability-linux/-/blob/llvm_v4.8/drivers/block/umem.c#L893 ], ",
    "call path (type)": " [blk_cleanup_queue->blk_put_queue] ",
    "cond_num": "0",
    "isControl": "1",
    "t_trace": "[ INST || DATA_DEF_USE || https://gitlab.flux.utah.edu/xcap/xcap-capability-linux/-/blob/llvm_v4.8/block/genhd.c#L1146 ] -> [ ACTUAL_IN || PARAMETER_IN ] -> [ FORMAL_IN || PARAMETER_INq ] -> [ INST || PARAMETER_IN || https://gitlab.flux.utah.edu/xcap/xcap-capability-linux/-/blob/llvm_v4.8/block/blk-core.c#L381 ] -> [ INST || DATA_DEF_USE || https://gitlab.flux.utah.edu/xcap/xcap-capability-linux/-/blob/llvm_v4.8/block/blk-core.c#L381 ] -> ",
    "isTrue": "-",
    "atk_reason": "",
    "defense": ""
  }
]
[
  {
    "struct name": "hd_struct",
    "No.fields": 15,
    "No.classified fields": 0
  }
]
[
  {
    "struct name": "spinlock",
    "No.fields": 1,
    "No.classified fields": 0
  }
]
[
  {
    "struct name": "resource",
    "No.fields": 8,
    "No.classified fields": 0
  }
]
[
  {
    "struct name": "pci_bus",
    "No.fields": 25,
    "No.classified fields": 0
  }
]
[
  {
    "struct name": "static_key",
    "No.fields": 3,
    "No.classified fields": 0
  }
]
[
  {
    "struct name": "tasklet_struct",
    "No.fields": 5,
    "No.classified fields": 0
  }
]
[
  {
    "struct name": "mem_section",
    "No.fields": 2,
    "No.classified fields": 0
  }
]
