mci->pdev, edac_mc_add_mc_with_groups, i3000_probe1 , ptr-sen-branch ( senapi: norm_branch)
mci->mod_name, edac_mc_add_mc_with_groups, i3000_probe1 , ptr-sen-branch ( senapi: norm_branch)
mci->pdev, edac_mc_add_mc_with_groups, i3000_probe1 , ptr-sen-branch ( senapi: norm_branch)
mci->mod_name, edac_mc_add_mc_with_groups, i3000_probe1 , ptr-sen-branch ( senapi: norm_branch)
n_layers, edac_mc_alloc, i3000_probe1 , val-sen-api (kmalloc)
n_layers, edac_mc_alloc, i3000_probe1 , val-sen-branch (norm_branch)
n_layers, edac_mc_alloc, i3000_probe1 , num-arith ( memcpy )
layers, edac_mc_alloc, i3000_probe1 , ptr-sen-api (memcpy)
sz_pvt, edac_mc_alloc, i3000_probe1 , val-sen-branch (norm_branch)
sz_pvt, edac_mc_alloc, i3000_probe1 , val-sen-api (kmalloc)
top_layer, edac_mc_handle_error, i3000_process_error_info , val-sen-branch (norm_branch)
mid_layer, edac_mc_handle_error, i3000_process_error_info , val-sen-branch (norm_branch)
low_layer, edac_mc_handle_error, i3000_process_error_info , val-sen-branch (buffer_acc https://github.com/ksplit/lvd-linux/tree/ksplit-latest/drivers/edac/edac_mc.c#L1025)
msg, edac_mc_handle_error, i3000_process_error_info , ptr-sen-branch ( senapi: buffer_acc https://github.com/ksplit/lvd-linux/tree/ksplit-latest/drivers/edac/edac_mc.c#L943 |   %90 = getelementptr [1 x i8], [1 x i8]* @.str.44.60, i64 0, i64 0)
other_detail, edac_mc_handle_error, i3000_process_error_info , ptr-sen-branch ( senapi: buffer_acc https://github.com/ksplit/lvd-linux/tree/ksplit-latest/drivers/edac/edac_mc.c#L943 |   %99 = getelementptr [1 x i8], [1 x i8]* @.str.44.60, i64 0, i64 0)
page, edac_mc_find_csrow_by_page, i3000_process_error_info , val-sen-branch (norm_branch)
dev, edac_mc_del_mc, i3000_remove_one , ptr-sen-branch ( senapi: norm_branch)
dev, pci_enable_device, i3000_init_one , ptr-sen-api (pci_set_power_state)
where, pci_read_config_dword, i3000_probe1 , val-sen-branch (norm_branch)
val, pci_read_config_dword, i3000_probe1 , ptr-write
where, pci_read_config_word, i3000_get_error_info , val-sen-branch (norm_branch)
val, pci_read_config_word, i3000_get_error_info , ptr-write
val, pci_read_config_byte, i3000_get_error_info , ptr-write
dev, pci_dev_put, i3000_exit , ptr-sen-branch ( senapi: norm_branch)
dev, pci_dev_get, i3000_init_one , ptr-sen-branch ( senapi: norm_branch)
vendor, pci_get_device, i3000_init , val-sen-api (pci_get_subsys)
device, pci_get_device, i3000_init , val-sen-api (pci_get_subsys)
from, pci_get_device, i3000_init , ptr-sen-api (pci_get_subsys)
from, pci_get_device, i3000_init , ptr-sen-branch ( senapi: norm_branch)
phys_addr, ioremap, i3000_probe1 , num-arith ( norm_branch )
phys_addr, ioremap, i3000_probe1 , val-sen-branch (buffer_acc https://github.com/ksplit/lvd-linux/tree/ksplit-latest/arch/x86/mm/ioremap.c#L179 |   %140 = getelementptr [29 x i8], [29 x i8]* @.str.8.29, i64 0, i64 0)
size, ioremap, i3000_probe1 , val-sen-branch (buffer_acc https://github.com/ksplit/lvd-linux/tree/ksplit-latest/arch/x86/mm/ioremap.c#L179 |   %140 = getelementptr [29 x i8], [29 x i8]* @.str.8.29, i64 0, i64 0)
size, ioremap, i3000_probe1 , num-arith ( buffer_acc https://github.com/ksplit/lvd-linux/tree/ksplit-latest/arch/x86/mm/ioremap.c#L179 |   %140 = getelementptr [29 x i8], [29 x i8]* @.str.8.29, i64 0, i64 0 )
addr, iounmap, i3000_probe1 , ptr-sen-branch ( senapi: norm_branch)
