[]
[]
[
  {
    "id": "16",
    "risky": "arr-idx",
    "acc_path": "n_layers",
    "src": "https://gitlab.flux.utah.edu/xcap/xcap-capability-linux/-/blob/llvm_v4.8/drivers/edac/edac_mc.c#L306",
    "dst": "https://gitlab.flux.utah.edu/xcap/xcap-capability-linux/-/blob/llvm_v4.8/drivers/edac/edac_mc.c#L180",
    "drv caller (param)": "[ i5100_init_one | https://gitlab.flux.utah.edu/xcap/xcap-capability-linux/-/blob/llvm_v4.8/drivers/edac/i5100_edac.c#L1063 ], ",
    "call path (param)": " [i5100_init_one->edac_mc_alloc->edac_align_ptr] ",
    "cond_num": "2",
    "isControl": "0"
  },
  {
    "id": "16",
    "risky": "numeric-arith",
    "acc_path": "n_layers",
    "src": "https://gitlab.flux.utah.edu/xcap/xcap-capability-linux/-/blob/llvm_v4.8/drivers/edac/edac_mc.c#L306",
    "dst": "https://gitlab.flux.utah.edu/xcap/xcap-capability-linux/-/blob/llvm_v4.8/drivers/edac/edac_mc.c#L180",
    "drv caller (param)": "[ i5100_init_one | https://gitlab.flux.utah.edu/xcap/xcap-capability-linux/-/blob/llvm_v4.8/drivers/edac/i5100_edac.c#L1063 ], ",
    "call path (param)": " [i5100_init_one->edac_mc_alloc->edac_align_ptr] ",
    "cond_num": "2",
    "isControl": "0"
  }
]
[
  {
    "id": "17",
    "risky": "arr-idx",
    "acc_path": "sz_pvt",
    "src": "https://gitlab.flux.utah.edu/xcap/xcap-capability-linux/-/blob/llvm_v4.8/drivers/edac/edac_mc.c#L316",
    "dst": "https://gitlab.flux.utah.edu/xcap/xcap-capability-linux/-/blob/llvm_v4.8/drivers/edac/edac_mc.c#L180",
    "drv caller (param)": "[ i5100_init_one | https://gitlab.flux.utah.edu/xcap/xcap-capability-linux/-/blob/llvm_v4.8/drivers/edac/i5100_edac.c#L1063 ], ",
    "call path (param)": " [i5100_init_one->edac_mc_alloc->edac_align_ptr] ",
    "cond_num": "4",
    "isControl": "0"
  },
  {
    "id": "17",
    "risky": "numeric-arith",
    "acc_path": "sz_pvt",
    "src": "https://gitlab.flux.utah.edu/xcap/xcap-capability-linux/-/blob/llvm_v4.8/drivers/edac/edac_mc.c#L316",
    "dst": "https://gitlab.flux.utah.edu/xcap/xcap-capability-linux/-/blob/llvm_v4.8/drivers/edac/edac_mc.c#L180",
    "drv caller (param)": "[ i5100_init_one | https://gitlab.flux.utah.edu/xcap/xcap-capability-linux/-/blob/llvm_v4.8/drivers/edac/i5100_edac.c#L1063 ], ",
    "call path (param)": " [i5100_init_one->edac_mc_alloc->edac_align_ptr] ",
    "cond_num": "4",
    "isControl": "0"
  }
]
[]
[]
[]
[]
[]
[]
[]
[]
[]
[]
[]
[
  {
    "id": "29",
    "risky": "ptr-array",
    "acc_path": "msg",
    "src": "https://gitlab.flux.utah.edu/xcap/xcap-capability-linux/-/blob/llvm_v4.8/drivers/edac/edac_mc.c#L1244",
    "dst": "https://gitlab.flux.utah.edu/xcap/xcap-capability-linux/-/blob/llvm_v4.8/drivers/edac/edac_mc.c#L1249",
    "drv caller (param)": "[ i5100_handle_ue | https://gitlab.flux.utah.edu/xcap/xcap-capability-linux/-/blob/llvm_v4.8/drivers/edac/i5100_edac.c#L474 ], ",
    "call path (param)": " [i5100_handle_ue->edac_mc_handle_error] ",
    "cond_num": "2",
    "isControl": "0"
  },
  {
    "id": "29",
    "risky": "ptr-arith",
    "acc_path": "msg",
    "src": "https://gitlab.flux.utah.edu/xcap/xcap-capability-linux/-/blob/llvm_v4.8/drivers/edac/edac_mc.c#L1244",
    "dst": "https://gitlab.flux.utah.edu/xcap/xcap-capability-linux/-/blob/llvm_v4.8/drivers/edac/edac_mc.c#L1249",
    "drv caller (param)": "[ i5100_handle_ue | https://gitlab.flux.utah.edu/xcap/xcap-capability-linux/-/blob/llvm_v4.8/drivers/edac/i5100_edac.c#L474 ], ",
    "call path (param)": " [i5100_handle_ue->edac_mc_handle_error] ",
    "cond_num": "2",
    "isControl": "0"
  },
  {
    "id": "29",
    "risky": "ptr-sen-api (strcpy)",
    "acc_path": "msg",
    "src": "https://gitlab.flux.utah.edu/xcap/xcap-capability-linux/-/blob/llvm_v4.8/drivers/edac/edac_mc.c#L1244",
    "dst": "https://gitlab.flux.utah.edu/xcap/xcap-capability-linux/-/blob/llvm_v4.8/drivers/edac/edac_mc.c#L1095 |   %352 = getelementptr [15 x i8], [15 x i8]* @.str.54, i64 0, i64 0",
    "drv caller (param)": "[ i5100_handle_ue | https://gitlab.flux.utah.edu/xcap/xcap-capability-linux/-/blob/llvm_v4.8/drivers/edac/i5100_edac.c#L474 ], ",
    "call path (param)": " [i5100_handle_ue->edac_mc_handle_error] ",
    "cond_num": "0",
    "isControl": "1",
    "t_trace": "",
    "isTrue": "-",
    "atk_reason": "",
    "defense": ""
  },
  {
    "id": "29",
    "risky": "ptr-sen-branch (strcpy)",
    "acc_path": "msg",
    "src": "https://gitlab.flux.utah.edu/xcap/xcap-capability-linux/-/blob/llvm_v4.8/drivers/edac/edac_mc.c#L1244",
    "dst": "https://gitlab.flux.utah.edu/xcap/xcap-capability-linux/-/blob/llvm_v4.8/drivers/edac/edac_mc.c#L1224",
    "drv caller (param)": "[ i5100_handle_ue | https://gitlab.flux.utah.edu/xcap/xcap-capability-linux/-/blob/llvm_v4.8/drivers/edac/i5100_edac.c#L474 ], ",
    "call path (param)": " [i5100_handle_ue->edac_mc_handle_error] ",
    "cond_num": "0",
    "isControl": "1",
    "t_trace": "[ INST || DATA_DEF_USE || https://gitlab.flux.utah.edu/xcap/xcap-capability-linux/-/blob/llvm_v4.8/drivers/edac/edac_mc.c#L1244 ] -> [ INST || DATA_ST || https://gitlab.flux.utah.edu/xcap/xcap-capability-linux/-/blob/llvm_v4.8/drivers/edac/edac_mc.c#L1095 |   %23 = alloca i8*, align 8 ] -> [ INST || DATA_DEF_USE || https://gitlab.flux.utah.edu/xcap/xcap-capability-linux/-/blob/llvm_v4.8/drivers/edac/edac_mc.c#L1224 ] -> ",
    "isTrue": "-",
    "atk_reason": "",
    "defense": ""
  },
  {
    "id": "29",
    "risky": "ptr-write",
    "acc_path": "msg",
    "src": "https://gitlab.flux.utah.edu/xcap/xcap-capability-linux/-/blob/llvm_v4.8/drivers/edac/edac_mc.c#L1244",
    "dst": "https://gitlab.flux.utah.edu/xcap/xcap-capability-linux/-/blob/llvm_v4.8/drivers/edac/edac_mc.c#L1165",
    "drv caller (param)": "[ i5100_handle_ue | https://gitlab.flux.utah.edu/xcap/xcap-capability-linux/-/blob/llvm_v4.8/drivers/edac/i5100_edac.c#L474 ], ",
    "call path (param)": " [i5100_handle_ue->edac_mc_handle_error] ",
    "cond_num": "0",
    "isControl": "1",
    "t_trace": "[ INST || DATA_DEF_USE || https://gitlab.flux.utah.edu/xcap/xcap-capability-linux/-/blob/llvm_v4.8/drivers/edac/edac_mc.c#L1244 ] -> [ INST || DATA_ST || https://gitlab.flux.utah.edu/xcap/xcap-capability-linux/-/blob/llvm_v4.8/drivers/edac/edac_mc.c#L1095 |   %23 = alloca i8*, align 8 ] -> [ INST || DATA_DEF_USE || https://gitlab.flux.utah.edu/xcap/xcap-capability-linux/-/blob/llvm_v4.8/drivers/edac/edac_mc.c#L1165 ] -> ",
    "isTrue": "-",
    "atk_reason": "",
    "defense": ""
  }
]
