[
  {
    "struct name": "device",
    "No.fields": 33,
    "No.classified fields": 0
  }
]
[
  {
    "struct name": "sst_pdata",
    "No.fields": 15,
    "No.classified fields": 0
  }
]
[
  {
    "struct name": "sst_hsw",
    "No.fields": 29,
    "No.classified fields": 0
  }
]
[
  {
    "struct name": "snd_soc_codec",
    "No.fields": 12,
    "No.classified fields": 0
  }
]
[
  {
    "struct name": "snd_soc_platform",
    "No.fields": 4,
    "No.classified fields": 0
  }
]
[
  {
    "struct name": "snd_soc_dai",
    "No.fields": 23,
    "No.classified fields": 0
  }
]
[
  {
    "struct name": "snd_soc_pcm_runtime",
    "No.fields": 25,
    "No.classified fields": 0
  }
]
[
  {
    "struct name": "platform_device",
    "No.fields": 10,
    "No.classified fields": 0
  }
]
