[
  {
    "struct name": "dma_map_ops",
    "No.fields": 16,
    "No.classified fields": 0
  }
]
[
  {
    "struct name": "device_driver",
    "No.fields": 16,
    "No.classified fields": 0
  }
]
[
  {
    "struct name": "platform_device",
    "No.fields": 10,
    "No.classified fields": 0
  }
]
[
  {
    "struct name": "seq_file",
    "No.fields": 13,
    "No.classified fields": 0
  }
]
[
  {
    "struct name": "file",
    "No.fields": 18,
    "No.classified fields": 0
  }
]
[
  {
    "struct name": "dentry",
    "No.fields": 16,
    "No.classified fields": 0
  }
]
[
  {
    "struct name": "inode",
    "No.fields": 46,
    "No.classified fields": 0
  }
]
[
  {
    "struct name": "__va_list_tag",
    "No.fields": 4,
    "No.classified fields": 0
  }
]
[
  {
    "struct name": "va_format",
    "No.fields": 2,
    "No.classified fields": 0
  }
]
[
  {
    "struct name": "kobject",
    "No.fields": 12,
    "No.classified fields": 0
  }
]
[
  {
    "struct name": "static_key",
    "No.fields": 3,
    "No.classified fields": 0
  }
]
[
  {
    "struct name": "work_struct",
    "No.fields": 3,
    "No.classified fields": 1,
    "FUNC_PTR": 1
  }
]
[
  {
    "struct name": "device_attribute",
    "No.fields": 3,
    "No.classified fields": 2,
    "FUNC_PTR": 2
  }
]
[
  {
    "struct name": "device",
    "No.fields": 35,
    "No.classified fields": 1,
    "PTR_READ": 1,
    "PTR_WRITE": 1,
    "CONTROL_SENB_RANCH": 1,
    "SEN_API": 1
  },
  {
    "id": "3",
    "risky": "ptr-read",
    "acc_path": "device->parent",
    "src": "https://gitlab.flux.utah.edu/xcap/xcap-capability-linux/-/blob/llvm_v4.8/drivers/base/core.c#L877",
    "dst": "https://gitlab.flux.utah.edu/xcap/xcap-capability-linux/-/blob/llvm_v4.8/drivers/base/core.c#L877",
    "drv caller (param)": "",
    "call path (param)": "",
    "drv_update loc (shared field)": "[ (musb_probe)https://gitlab.flux.utah.edu/xcap/xcap-capability-linux/-/blob/llvm_v4.8/drivers/usb/musb/musb_core.c#L2281 |   %4 = alloca %struct.device*, align 8 ], [ (musb_gadget_setup)https://gitlab.flux.utah.edu/xcap/xcap-capability-linux/-/blob/llvm_v4.8/drivers/usb/musb/musb_gadget.c#L1860 ], [ (musb_remove)https://gitlab.flux.utah.edu/xcap/xcap-capability-linux/-/blob/llvm_v4.8/drivers/usb/musb/musb_core.c#L2299 |   %7 = alloca %struct.device*, align 8 ], [ (musb_init_controller)https://gitlab.flux.utah.edu/xcap/xcap-capability-linux/-/blob/llvm_v4.8/drivers/usb/musb/musb_core.c#L2111 ], [ (allocate_instance)https://gitlab.flux.utah.edu/xcap/xcap-capability-linux/-/blob/llvm_v4.8/drivers/usb/musb/musb_core.c#L1920 ], ",
    "call path (type)": "",
    "cond_num": "0",
    "isControl": "1",
    "t_trace": "",
    "isTrue": "-",
    "atk_reason": "",
    "defense": ""
  },
  {
    "id": "3",
    "risky": "ptr-write",
    "acc_path": "device->parent",
    "src": "https://gitlab.flux.utah.edu/xcap/xcap-capability-linux/-/blob/llvm_v4.8/lib/dynamic_debug.c#L619",
    "dst": "https://gitlab.flux.utah.edu/xcap/xcap-capability-linux/-/blob/llvm_v4.8/./include/linux/device.h#L865 |   %2 = alloca i8*, align 8",
    "drv caller (param)": "",
    "call path (param)": "",
    "drv_update loc (shared field)": "[ (musb_probe)https://gitlab.flux.utah.edu/xcap/xcap-capability-linux/-/blob/llvm_v4.8/drivers/usb/musb/musb_core.c#L2281 |   %4 = alloca %struct.device*, align 8 ], [ (musb_gadget_setup)https://gitlab.flux.utah.edu/xcap/xcap-capability-linux/-/blob/llvm_v4.8/drivers/usb/musb/musb_gadget.c#L1860 ], [ (musb_remove)https://gitlab.flux.utah.edu/xcap/xcap-capability-linux/-/blob/llvm_v4.8/drivers/usb/musb/musb_core.c#L2299 |   %7 = alloca %struct.device*, align 8 ], [ (musb_init_controller)https://gitlab.flux.utah.edu/xcap/xcap-capability-linux/-/blob/llvm_v4.8/drivers/usb/musb/musb_core.c#L2111 ], [ (allocate_instance)https://gitlab.flux.utah.edu/xcap/xcap-capability-linux/-/blob/llvm_v4.8/drivers/usb/musb/musb_core.c#L1920 ], ",
    "call path (type)": " [__dynamic_dev_dbg->dev_name.539] ",
    "cond_num": "0",
    "isControl": "1",
    "t_trace": "[ INST || DATA_DEF_USE || https://gitlab.flux.utah.edu/xcap/xcap-capability-linux/-/blob/llvm_v4.8/lib/dynamic_debug.c#L619 ] -> [ ACTUAL_IN || PARAMETER_IN ] -> [ FORMAL_IN || PARAMETER_INdev ] -> [ INST || PARAMETER_IN || https://gitlab.flux.utah.edu/xcap/xcap-capability-linux/-/blob/llvm_v4.8/./include/linux/device.h#L871 ] -> [ INST || DATA_DEF_USE || https://gitlab.flux.utah.edu/xcap/xcap-capability-linux/-/blob/llvm_v4.8/./include/linux/device.h#L871 ] -> [ INST || DATA_DEF_USE || https://gitlab.flux.utah.edu/xcap/xcap-capability-linux/-/blob/llvm_v4.8/./include/linux/device.h#L871 ] -> [ INST || DATA_ST || https://gitlab.flux.utah.edu/xcap/xcap-capability-linux/-/blob/llvm_v4.8/./include/linux/device.h#L865 |   %2 = alloca i8*, align 8 ] -> ",
    "isTrue": "-",
    "atk_reason": "",
    "defense": ""
  },
  {
    "id": "3",
    "risky": "ptr-sen-api (kobject_put)",
    "acc_path": "device->parent",
    "src": "https://gitlab.flux.utah.edu/xcap/xcap-capability-linux/-/blob/llvm_v4.8/drivers/base/core.c#L1983",
    "dst": "https://gitlab.flux.utah.edu/xcap/xcap-capability-linux/-/blob/llvm_v4.8/drivers/base/core.c#L1215",
    "drv caller (param)": "",
    "call path (param)": "",
    "drv_update loc (shared field)": "[ (musb_probe)https://gitlab.flux.utah.edu/xcap/xcap-capability-linux/-/blob/llvm_v4.8/drivers/usb/musb/musb_core.c#L2281 |   %4 = alloca %struct.device*, align 8 ], [ (musb_gadget_setup)https://gitlab.flux.utah.edu/xcap/xcap-capability-linux/-/blob/llvm_v4.8/drivers/usb/musb/musb_gadget.c#L1860 ], [ (musb_remove)https://gitlab.flux.utah.edu/xcap/xcap-capability-linux/-/blob/llvm_v4.8/drivers/usb/musb/musb_core.c#L2299 |   %7 = alloca %struct.device*, align 8 ], [ (musb_init_controller)https://gitlab.flux.utah.edu/xcap/xcap-capability-linux/-/blob/llvm_v4.8/drivers/usb/musb/musb_core.c#L2111 ], [ (allocate_instance)https://gitlab.flux.utah.edu/xcap/xcap-capability-linux/-/blob/llvm_v4.8/drivers/usb/musb/musb_core.c#L1920 ], ",
    "call path (type)": " [device_unregister->device_del->put_device] ",
    "cond_num": "10",
    "isControl": "0"
  },
  {
    "id": "3",
    "risky": "ptr-sen-branch (kobject_put)",
    "acc_path": "device->parent",
    "src": "https://gitlab.flux.utah.edu/xcap/xcap-capability-linux/-/blob/llvm_v4.8/drivers/base/core.c#L1983",
    "dst": "https://gitlab.flux.utah.edu/xcap/xcap-capability-linux/-/blob/llvm_v4.8/drivers/base/core.c#L1214",
    "drv caller (param)": "",
    "call path (param)": "",
    "drv_update loc (shared field)": "[ (musb_probe)https://gitlab.flux.utah.edu/xcap/xcap-capability-linux/-/blob/llvm_v4.8/drivers/usb/musb/musb_core.c#L2281 |   %4 = alloca %struct.device*, align 8 ], [ (musb_gadget_setup)https://gitlab.flux.utah.edu/xcap/xcap-capability-linux/-/blob/llvm_v4.8/drivers/usb/musb/musb_gadget.c#L1860 ], [ (musb_remove)https://gitlab.flux.utah.edu/xcap/xcap-capability-linux/-/blob/llvm_v4.8/drivers/usb/musb/musb_core.c#L2299 |   %7 = alloca %struct.device*, align 8 ], [ (musb_init_controller)https://gitlab.flux.utah.edu/xcap/xcap-capability-linux/-/blob/llvm_v4.8/drivers/usb/musb/musb_core.c#L2111 ], [ (allocate_instance)https://gitlab.flux.utah.edu/xcap/xcap-capability-linux/-/blob/llvm_v4.8/drivers/usb/musb/musb_core.c#L1920 ], ",
    "call path (type)": " [device_unregister->device_del->put_device] ",
    "cond_num": "9",
    "isControl": "0"
  }
]
[
  {
    "struct name": "timer_list",
    "No.fields": 5,
    "No.classified fields": 2,
    "FUNC_PTR": 1,
    "UNCLASSIFY": 1
  }
]
[
  {
    "struct name": "workqueue_struct",
    "No.fields": 21,
    "No.classified fields": 0
  }
]
[
  {
    "struct name": "spinlock",
    "No.fields": 1,
    "No.classified fields": 0
  }
]
[
  {
    "struct name": "delayed_work",
    "No.fields": 4,
    "No.classified fields": 0
  }
]
[
  {
    "struct name": "resource",
    "No.fields": 8,
    "No.classified fields": 0
  }
]
[
  {
    "struct name": "list_head",
    "No.fields": 2,
    "No.classified fields": 0
  }
]
[
  {
    "struct name": "kmem_cache",
    "No.fields": 24,
    "No.classified fields": 0
  }
]
[
  {
    "struct name": "page",
    "No.fields": 7,
    "No.classified fields": 0
  }
]
