[
  {
    "struct name": "dentry",
    "No.fields": 16,
    "No.classified fields": 0
  }
]
[
  {
    "struct name": "inode_operations",
    "No.fields": 25,
    "No.classified fields": 0
  }
]
[
  {
    "struct name": "mutex",
    "No.fields": 5,
    "No.classified fields": 0
  }
]
[
  {
    "struct name": "spinlock",
    "No.fields": 1,
    "No.classified fields": 0
  }
]
[
  {
    "struct name": "fasync_struct",
    "No.fields": 6,
    "No.classified fields": 0
  }
]
[
  {
    "struct name": "__wait_queue_head",
    "No.fields": 2,
    "No.classified fields": 0
  }
]
[
  {
    "struct name": "user_namespace",
    "No.fields": 10,
    "No.classified fields": 0
  }
]
[
  {
    "struct name": "super_block",
    "No.fields": 55,
    "No.classified fields": 4,
    "PTR_READ": 2,
    "PTR_WRITE": 2,
    "PTR_BUFFER": 1,
    "PTR_ARITH_BASE": 1,
    "CONTROL_SENB_RANCH": 2,
    "SEN_API": 1,
    "UNCLASSIFY": 2
  },
  {
    "id": "1",
    "risky": "ptr-read",
    "acc_path": "super_block->s_op",
    "src": "https://gitlab.flux.utah.edu/xcap/xcap-capability-linux/-/blob/llvm_v4.8/fs/super.c#L803",
    "dst": "https://gitlab.flux.utah.edu/xcap/xcap-capability-linux/-/blob/llvm_v4.8/fs/super.c#L803",
    "drv caller (param)": "",
    "call path (param)": "",
    "drv_update loc (shared field)": "[ (gadgetfs_fill_super)https://gitlab.flux.utah.edu/xcap/xcap-capability-linux/-/blob/llvm_v4.8/drivers/usb/gadget/legacy/inode.c#L1969 ], ",
    "call path (type)": " [mount_single->do_remount_sb] ",
    "cond_num": "0",
    "isControl": "1",
    "t_trace": "[ INST || DATA_DEF_USE || https://gitlab.flux.utah.edu/xcap/xcap-capability-linux/-/blob/llvm_v4.8/fs/super.c#L803 ] -> [ INST || DATA_DEF_USE || https://gitlab.flux.utah.edu/xcap/xcap-capability-linux/-/blob/llvm_v4.8/fs/super.c#L803 ] -> ",
    "isTrue": "-",
    "atk_reason": "",
    "defense": ""
  },
  {
    "id": "1",
    "risky": "ptr-write",
    "acc_path": "super_block->s_op",
    "src": "https://gitlab.flux.utah.edu/xcap/xcap-capability-linux/-/blob/llvm_v4.8/fs/inode.c#L1455",
    "dst": "https://gitlab.flux.utah.edu/xcap/xcap-capability-linux/-/blob/llvm_v4.8/fs/inode.c#L1452 |   %8 = alloca %struct.super_operations.1498*, align 8",
    "drv caller (param)": "",
    "call path (param)": "",
    "drv_update loc (shared field)": "[ (gadgetfs_fill_super)https://gitlab.flux.utah.edu/xcap/xcap-capability-linux/-/blob/llvm_v4.8/drivers/usb/gadget/legacy/inode.c#L1969 ], ",
    "call path (type)": " [d_make_root->iput->iput_final] ",
    "cond_num": "0",
    "isControl": "1",
    "t_trace": "[ INST || DATA_DEF_USE || https://gitlab.flux.utah.edu/xcap/xcap-capability-linux/-/blob/llvm_v4.8/fs/inode.c#L1455 ] -> [ INST || DATA_ST || https://gitlab.flux.utah.edu/xcap/xcap-capability-linux/-/blob/llvm_v4.8/fs/inode.c#L1452 |   %8 = alloca %struct.super_operations.1498*, align 8 ] -> ",
    "isTrue": "-",
    "atk_reason": "",
    "defense": ""
  },
  {
    "id": "1",
    "risky": "ptr-sen-branch (kmem_cache_free)",
    "acc_path": "super_block->s_op",
    "src": "https://gitlab.flux.utah.edu/xcap/xcap-capability-linux/-/blob/llvm_v4.8/fs/inode.c#L213",
    "dst": "https://gitlab.flux.utah.edu/xcap/xcap-capability-linux/-/blob/llvm_v4.8/fs/inode.c#L213",
    "drv caller (param)": "",
    "call path (param)": "",
    "drv_update loc (shared field)": "[ (gadgetfs_fill_super)https://gitlab.flux.utah.edu/xcap/xcap-capability-linux/-/blob/llvm_v4.8/drivers/usb/gadget/legacy/inode.c#L1969 ], ",
    "call path (type)": " [new_inode->new_inode_pseudo->alloc_inode] ",
    "cond_num": "0",
    "isControl": "1",
    "t_trace": "[ INST || DATA_DEF_USE || https://gitlab.flux.utah.edu/xcap/xcap-capability-linux/-/blob/llvm_v4.8/fs/inode.c#L213 ] -> [ INST || DATA_DEF_USE || https://gitlab.flux.utah.edu/xcap/xcap-capability-linux/-/blob/llvm_v4.8/fs/inode.c#L213 ] -> [ INST || DATA_DEF_USE || https://gitlab.flux.utah.edu/xcap/xcap-capability-linux/-/blob/llvm_v4.8/fs/inode.c#L213 ] -> ",
    "isTrue": "-",
    "atk_reason": "",
    "defense": ""
  },
  {
    "id": "3",
    "risky": "ptr-read",
    "acc_path": "super_block->s_root",
    "src": "https://gitlab.flux.utah.edu/xcap/xcap-capability-linux/-/blob/llvm_v4.8/fs/super.c#L656",
    "dst": "https://gitlab.flux.utah.edu/xcap/xcap-capability-linux/-/blob/llvm_v4.8/fs/super.c#L656",
    "drv caller (param)": "",
    "call path (param)": "",
    "drv_update loc (shared field)": "[ (gadgetfs_fill_super)https://gitlab.flux.utah.edu/xcap/xcap-capability-linux/-/blob/llvm_v4.8/drivers/usb/gadget/legacy/inode.c#L1990 ], [ (destroy_ep_files)https://gitlab.flux.utah.edu/xcap/xcap-capability-linux/-/blob/llvm_v4.8/drivers/usb/gadget/legacy/inode.c#L1505 |   %9 = alloca %struct.dentry*, align 8 ], [ (activate_ep_files)https://gitlab.flux.utah.edu/xcap/xcap-capability-linux/-/blob/llvm_v4.8/drivers/usb/gadget/legacy/inode.c#L1576 ], [ (destroy_ep_files)https://gitlab.flux.utah.edu/xcap/xcap-capability-linux/-/blob/llvm_v4.8/drivers/usb/gadget/legacy/inode.c#L1520 ], [ (gadgetfs_create_file)https://gitlab.flux.utah.edu/xcap/xcap-capability-linux/-/blob/llvm_v4.8/drivers/usb/gadget/legacy/inode.c#L1927 |   %10 = alloca %struct.dentry*, align 8 ], [ (gadgetfs_fill_super)https://gitlab.flux.utah.edu/xcap/xcap-capability-linux/-/blob/llvm_v4.8/drivers/usb/gadget/legacy/inode.c#L1979 ], [ (gadgetfs_create_file)https://gitlab.flux.utah.edu/xcap/xcap-capability-linux/-/blob/llvm_v4.8/drivers/usb/gadget/legacy/inode.c#L1927 |   %5 = alloca %struct.dentry*, align 8 ], ",
    "call path (type)": "",
    "cond_num": "0",
    "isControl": "1",
    "t_trace": "",
    "isTrue": "-",
    "atk_reason": "",
    "defense": ""
  },
  {
    "id": "3",
    "risky": "ptr-write",
    "acc_path": "super_block->s_root",
    "src": "https://gitlab.flux.utah.edu/xcap/xcap-capability-linux/-/blob/llvm_v4.8/fs/dcache.c#L1457",
    "dst": "https://gitlab.flux.utah.edu/xcap/xcap-capability-linux/-/blob/llvm_v4.8/./include/linux/compiler.h#L220",
    "drv caller (param)": "",
    "call path (param)": "",
    "drv_update loc (shared field)": "[ (gadgetfs_fill_super)https://gitlab.flux.utah.edu/xcap/xcap-capability-linux/-/blob/llvm_v4.8/drivers/usb/gadget/legacy/inode.c#L1990 ], [ (destroy_ep_files)https://gitlab.flux.utah.edu/xcap/xcap-capability-linux/-/blob/llvm_v4.8/drivers/usb/gadget/legacy/inode.c#L1505 |   %9 = alloca %struct.dentry*, align 8 ], [ (activate_ep_files)https://gitlab.flux.utah.edu/xcap/xcap-capability-linux/-/blob/llvm_v4.8/drivers/usb/gadget/legacy/inode.c#L1576 ], [ (destroy_ep_files)https://gitlab.flux.utah.edu/xcap/xcap-capability-linux/-/blob/llvm_v4.8/drivers/usb/gadget/legacy/inode.c#L1520 ], [ (gadgetfs_create_file)https://gitlab.flux.utah.edu/xcap/xcap-capability-linux/-/blob/llvm_v4.8/drivers/usb/gadget/legacy/inode.c#L1927 |   %10 = alloca %struct.dentry*, align 8 ], [ (gadgetfs_fill_super)https://gitlab.flux.utah.edu/xcap/xcap-capability-linux/-/blob/llvm_v4.8/drivers/usb/gadget/legacy/inode.c#L1979 ], [ (gadgetfs_create_file)https://gitlab.flux.utah.edu/xcap/xcap-capability-linux/-/blob/llvm_v4.8/drivers/usb/gadget/legacy/inode.c#L1927 |   %5 = alloca %struct.dentry*, align 8 ], ",
    "call path (type)": " [d_make_root->iput->iput_final->evict->destroy_inode->__destroy_inode->atomic_long_read.163->atomic64_read.164] ",
    "cond_num": "43",
    "isControl": "0"
  },
  {
    "id": "3",
    "risky": "ptr-sen-api (memcpy)",
    "acc_path": "super_block->s_root",
    "src": "https://gitlab.flux.utah.edu/xcap/xcap-capability-linux/-/blob/llvm_v4.8/fs/dcache.c#L1457",
    "dst": "https://gitlab.flux.utah.edu/xcap/xcap-capability-linux/-/blob/llvm_v4.8/./include/linux/compiler.h#L220",
    "drv caller (param)": "",
    "call path (param)": "",
    "drv_update loc (shared field)": "[ (gadgetfs_fill_super)https://gitlab.flux.utah.edu/xcap/xcap-capability-linux/-/blob/llvm_v4.8/drivers/usb/gadget/legacy/inode.c#L1990 ], [ (destroy_ep_files)https://gitlab.flux.utah.edu/xcap/xcap-capability-linux/-/blob/llvm_v4.8/drivers/usb/gadget/legacy/inode.c#L1505 |   %9 = alloca %struct.dentry*, align 8 ], [ (activate_ep_files)https://gitlab.flux.utah.edu/xcap/xcap-capability-linux/-/blob/llvm_v4.8/drivers/usb/gadget/legacy/inode.c#L1576 ], [ (destroy_ep_files)https://gitlab.flux.utah.edu/xcap/xcap-capability-linux/-/blob/llvm_v4.8/drivers/usb/gadget/legacy/inode.c#L1520 ], [ (gadgetfs_create_file)https://gitlab.flux.utah.edu/xcap/xcap-capability-linux/-/blob/llvm_v4.8/drivers/usb/gadget/legacy/inode.c#L1927 |   %10 = alloca %struct.dentry*, align 8 ], [ (gadgetfs_fill_super)https://gitlab.flux.utah.edu/xcap/xcap-capability-linux/-/blob/llvm_v4.8/drivers/usb/gadget/legacy/inode.c#L1979 ], [ (gadgetfs_create_file)https://gitlab.flux.utah.edu/xcap/xcap-capability-linux/-/blob/llvm_v4.8/drivers/usb/gadget/legacy/inode.c#L1927 |   %5 = alloca %struct.dentry*, align 8 ], ",
    "call path (type)": " [d_make_root->iput->iput_final->evict->destroy_inode->__destroy_inode->atomic_long_read.163->atomic64_read.164] ",
    "cond_num": "43",
    "isControl": "0"
  },
  {
    "id": "3",
    "risky": "ptr-array",
    "acc_path": "super_block->s_root",
    "src": "https://gitlab.flux.utah.edu/xcap/xcap-capability-linux/-/blob/llvm_v4.8/fs/dcache.c#L1457",
    "dst": "https://gitlab.flux.utah.edu/xcap/xcap-capability-linux/-/blob/llvm_v4.8/fs/dcache.c#L502",
    "drv caller (param)": "",
    "call path (param)": "",
    "drv_update loc (shared field)": "[ (gadgetfs_fill_super)https://gitlab.flux.utah.edu/xcap/xcap-capability-linux/-/blob/llvm_v4.8/drivers/usb/gadget/legacy/inode.c#L1990 ], [ (destroy_ep_files)https://gitlab.flux.utah.edu/xcap/xcap-capability-linux/-/blob/llvm_v4.8/drivers/usb/gadget/legacy/inode.c#L1505 |   %9 = alloca %struct.dentry*, align 8 ], [ (activate_ep_files)https://gitlab.flux.utah.edu/xcap/xcap-capability-linux/-/blob/llvm_v4.8/drivers/usb/gadget/legacy/inode.c#L1576 ], [ (destroy_ep_files)https://gitlab.flux.utah.edu/xcap/xcap-capability-linux/-/blob/llvm_v4.8/drivers/usb/gadget/legacy/inode.c#L1520 ], [ (gadgetfs_create_file)https://gitlab.flux.utah.edu/xcap/xcap-capability-linux/-/blob/llvm_v4.8/drivers/usb/gadget/legacy/inode.c#L1927 |   %10 = alloca %struct.dentry*, align 8 ], [ (gadgetfs_fill_super)https://gitlab.flux.utah.edu/xcap/xcap-capability-linux/-/blob/llvm_v4.8/drivers/usb/gadget/legacy/inode.c#L1979 ], [ (gadgetfs_create_file)https://gitlab.flux.utah.edu/xcap/xcap-capability-linux/-/blob/llvm_v4.8/drivers/usb/gadget/legacy/inode.c#L1927 |   %5 = alloca %struct.dentry*, align 8 ], ",
    "call path (type)": " [dput->dentry_kill->__dentry_kill->dentry_unlist] ",
    "cond_num": "14",
    "isControl": "0"
  },
  {
    "id": "3",
    "risky": "ptr-arith",
    "acc_path": "super_block->s_root",
    "src": "https://gitlab.flux.utah.edu/xcap/xcap-capability-linux/-/blob/llvm_v4.8/fs/dcache.c#L1457",
    "dst": "https://gitlab.flux.utah.edu/xcap/xcap-capability-linux/-/blob/llvm_v4.8/fs/dcache.c#L502",
    "drv caller (param)": "",
    "call path (param)": "",
    "drv_update loc (shared field)": "[ (gadgetfs_fill_super)https://gitlab.flux.utah.edu/xcap/xcap-capability-linux/-/blob/llvm_v4.8/drivers/usb/gadget/legacy/inode.c#L1990 ], [ (destroy_ep_files)https://gitlab.flux.utah.edu/xcap/xcap-capability-linux/-/blob/llvm_v4.8/drivers/usb/gadget/legacy/inode.c#L1505 |   %9 = alloca %struct.dentry*, align 8 ], [ (activate_ep_files)https://gitlab.flux.utah.edu/xcap/xcap-capability-linux/-/blob/llvm_v4.8/drivers/usb/gadget/legacy/inode.c#L1576 ], [ (destroy_ep_files)https://gitlab.flux.utah.edu/xcap/xcap-capability-linux/-/blob/llvm_v4.8/drivers/usb/gadget/legacy/inode.c#L1520 ], [ (gadgetfs_create_file)https://gitlab.flux.utah.edu/xcap/xcap-capability-linux/-/blob/llvm_v4.8/drivers/usb/gadget/legacy/inode.c#L1927 |   %10 = alloca %struct.dentry*, align 8 ], [ (gadgetfs_fill_super)https://gitlab.flux.utah.edu/xcap/xcap-capability-linux/-/blob/llvm_v4.8/drivers/usb/gadget/legacy/inode.c#L1979 ], [ (gadgetfs_create_file)https://gitlab.flux.utah.edu/xcap/xcap-capability-linux/-/blob/llvm_v4.8/drivers/usb/gadget/legacy/inode.c#L1927 |   %5 = alloca %struct.dentry*, align 8 ], ",
    "call path (type)": " [dput->dentry_kill->__dentry_kill->dentry_unlist] ",
    "cond_num": "14",
    "isControl": "0"
  },
  {
    "id": "3",
    "risky": "ptr-sen-branch (memcpy)",
    "acc_path": "super_block->s_root",
    "src": "https://gitlab.flux.utah.edu/xcap/xcap-capability-linux/-/blob/llvm_v4.8/fs/dcache.c#L1457",
    "dst": "https://gitlab.flux.utah.edu/xcap/xcap-capability-linux/-/blob/llvm_v4.8/fs/inode.c#L415",
    "drv caller (param)": "",
    "call path (param)": "",
    "drv_update loc (shared field)": "[ (gadgetfs_fill_super)https://gitlab.flux.utah.edu/xcap/xcap-capability-linux/-/blob/llvm_v4.8/drivers/usb/gadget/legacy/inode.c#L1990 ], [ (destroy_ep_files)https://gitlab.flux.utah.edu/xcap/xcap-capability-linux/-/blob/llvm_v4.8/drivers/usb/gadget/legacy/inode.c#L1505 |   %9 = alloca %struct.dentry*, align 8 ], [ (activate_ep_files)https://gitlab.flux.utah.edu/xcap/xcap-capability-linux/-/blob/llvm_v4.8/drivers/usb/gadget/legacy/inode.c#L1576 ], [ (destroy_ep_files)https://gitlab.flux.utah.edu/xcap/xcap-capability-linux/-/blob/llvm_v4.8/drivers/usb/gadget/legacy/inode.c#L1520 ], [ (gadgetfs_create_file)https://gitlab.flux.utah.edu/xcap/xcap-capability-linux/-/blob/llvm_v4.8/drivers/usb/gadget/legacy/inode.c#L1927 |   %10 = alloca %struct.dentry*, align 8 ], [ (gadgetfs_fill_super)https://gitlab.flux.utah.edu/xcap/xcap-capability-linux/-/blob/llvm_v4.8/drivers/usb/gadget/legacy/inode.c#L1979 ], [ (gadgetfs_create_file)https://gitlab.flux.utah.edu/xcap/xcap-capability-linux/-/blob/llvm_v4.8/drivers/usb/gadget/legacy/inode.c#L1927 |   %5 = alloca %struct.dentry*, align 8 ], ",
    "call path (type)": " [d_make_root->iput->iput_final->inode_add_lru] ",
    "cond_num": "30",
    "isControl": "0"
  }
]
[
  {
    "struct name": "inode",
    "No.fields": 46,
    "No.classified fields": 4,
    "PTR_READ": 2,
    "NUM_ARITH": 1,
    "CONTROL_SENB_RANCH": 1
  },
  {
    "id": "4",
    "risky": "val-sen-branch (memcpy)",
    "acc_path": "inode->i_mode",
    "src": "https://gitlab.flux.utah.edu/xcap/xcap-capability-linux/-/blob/llvm_v4.8/fs/inode.c#L1636",
    "dst": "https://gitlab.flux.utah.edu/xcap/xcap-capability-linux/-/blob/llvm_v4.8/fs/inode.c#L1636",
    "drv caller (param)": "",
    "call path (param)": "",
    "drv_update loc (shared field)": "[ (gadgetfs_make_inode)https://gitlab.flux.utah.edu/xcap/xcap-capability-linux/-/blob/llvm_v4.8/drivers/usb/gadget/legacy/inode.c#L1912 ], ",
    "call path (type)": "",
    "cond_num": "0",
    "isControl": "1",
    "t_trace": "[ INST || DATA_DEF_USE || https://gitlab.flux.utah.edu/xcap/xcap-capability-linux/-/blob/llvm_v4.8/fs/inode.c#L1636 ] -> [ INST || DATA_DEF_USE || https://gitlab.flux.utah.edu/xcap/xcap-capability-linux/-/blob/llvm_v4.8/fs/inode.c#L1636 ] -> [ INST || DATA_DEF_USE || https://gitlab.flux.utah.edu/xcap/xcap-capability-linux/-/blob/llvm_v4.8/fs/inode.c#L1636 ] -> ",
    "isTrue": "-",
    "atk_reason": "",
    "defense": ""
  },
  {
    "id": "5",
    "risky": "ptr-read",
    "acc_path": "inode->i_op",
    "src": "https://gitlab.flux.utah.edu/xcap/xcap-capability-linux/-/blob/llvm_v4.8/fs/dcache.c#L1762",
    "dst": "https://gitlab.flux.utah.edu/xcap/xcap-capability-linux/-/blob/llvm_v4.8/fs/dcache.c#L1762",
    "drv caller (param)": "",
    "call path (param)": "",
    "drv_update loc (shared field)": "[ (gadgetfs_fill_super)https://gitlab.flux.utah.edu/xcap/xcap-capability-linux/-/blob/llvm_v4.8/drivers/usb/gadget/legacy/inode.c#L1978 ], ",
    "call path (type)": " [d_make_root->d_instantiate->__d_instantiate->d_flags_for_inode] ",
    "cond_num": "0",
    "isControl": "1",
    "t_trace": "[ INST || DATA_DEF_USE || https://gitlab.flux.utah.edu/xcap/xcap-capability-linux/-/blob/llvm_v4.8/fs/dcache.c#L1762 ] -> [ INST || DATA_DEF_USE || https://gitlab.flux.utah.edu/xcap/xcap-capability-linux/-/blob/llvm_v4.8/fs/dcache.c#L1762 ] -> ",
    "isTrue": "-",
    "atk_reason": "",
    "defense": ""
  },
  {
    "id": "6",
    "risky": "numeric-arith",
    "acc_path": "inode->i_ino",
    "src": "https://gitlab.flux.utah.edu/xcap/xcap-capability-linux/-/blob/llvm_v4.8/fs/inode.c#L1353",
    "dst": "https://gitlab.flux.utah.edu/xcap/xcap-capability-linux/-/blob/llvm_v4.8/fs/inode.c#L454",
    "drv caller (param)": "",
    "call path (param)": "",
    "drv_update loc (shared field)": "[ (gadgetfs_make_inode)https://gitlab.flux.utah.edu/xcap/xcap-capability-linux/-/blob/llvm_v4.8/drivers/usb/gadget/legacy/inode.c#L1911 ], ",
    "call path (type)": "",
    "cond_num": "0",
    "isControl": "1",
    "t_trace": "[ INST || DATA_DEF_USE || https://gitlab.flux.utah.edu/xcap/xcap-capability-linux/-/blob/llvm_v4.8/fs/inode.c#L1353 ] -> [ INST || UNKNOWN Edge Type || https://gitlab.flux.utah.edu/xcap/xcap-capability-linux/-/blob/llvm_v4.8/fs/inode.c#L1354 ] -> [ ACTUAL_IN || PARAMETER_INlong unsigned int ] -> [ FORMAL_IN || PARAMETER_INhashval ] -> [ INST || PARAMETER_IN || https://gitlab.flux.utah.edu/xcap/xcap-capability-linux/-/blob/llvm_v4.8/fs/inode.c#L454 ] -> ",
    "isTrue": "-",
    "atk_reason": "",
    "defense": ""
  },
  {
    "id": "7",
    "risky": "ptr-read",
    "acc_path": "inode->i_private",
    "src": "https://gitlab.flux.utah.edu/xcap/xcap-capability-linux/-/blob/llvm_v4.8/fs/libfs.c#L798",
    "dst": "https://gitlab.flux.utah.edu/xcap/xcap-capability-linux/-/blob/llvm_v4.8/fs/libfs.c#L798",
    "drv caller (param)": "",
    "call path (param)": "",
    "drv_update loc (shared field)": "[ (gadgetfs_make_inode)https://gitlab.flux.utah.edu/xcap/xcap-capability-linux/-/blob/llvm_v4.8/drivers/usb/gadget/legacy/inode.c#L1917 ], ",
    "call path (type)": "",
    "cond_num": "0",
    "isControl": "1",
    "t_trace": "",
    "isTrue": "-",
    "atk_reason": "",
    "defense": ""
  }
]
[
  {
    "struct name": "file",
    "No.fields": 18,
    "No.classified fields": 1,
    "PTR_READ": 1,
    "PTR_WRITE": 1,
    "PTR_BUFFER": 1,
    "PTR_ARITH_BASE": 1,
    "CONTROL_SENB_RANCH": 1,
    "SEN_API": 1
  },
  {
    "id": "8",
    "risky": "ptr-write",
    "acc_path": "file->private_data",
    "src": "https://gitlab.flux.utah.edu/xcap/xcap-capability-linux/-/blob/llvm_v4.8/fs/libfs.c#L82",
    "dst": "https://gitlab.flux.utah.edu/xcap/xcap-capability-linux/-/blob/llvm_v4.8/./include/linux/compiler.h#L220",
    "drv caller (param)": "",
    "call path (param)": "",
    "drv_update loc (shared field)": "[ (dev_open)https://gitlab.flux.utah.edu/xcap/xcap-capability-linux/-/blob/llvm_v4.8/drivers/usb/gadget/legacy/inode.c#L1861 ], [ (ep_open)https://gitlab.flux.utah.edu/xcap/xcap-capability-linux/-/blob/llvm_v4.8/drivers/usb/gadget/legacy/inode.c#L828 ], ",
    "call path (type)": " [d_make_root->iput->iput_final->evict->destroy_inode->__destroy_inode->atomic_long_read.163->atomic64_read.164] ",
    "cond_num": "42",
    "isControl": "0"
  },
  {
    "id": "8",
    "risky": "ptr-sen-api (memcpy)",
    "acc_path": "file->private_data",
    "src": "https://gitlab.flux.utah.edu/xcap/xcap-capability-linux/-/blob/llvm_v4.8/fs/libfs.c#L82",
    "dst": "https://gitlab.flux.utah.edu/xcap/xcap-capability-linux/-/blob/llvm_v4.8/./include/linux/compiler.h#L220",
    "drv caller (param)": "",
    "call path (param)": "",
    "drv_update loc (shared field)": "[ (dev_open)https://gitlab.flux.utah.edu/xcap/xcap-capability-linux/-/blob/llvm_v4.8/drivers/usb/gadget/legacy/inode.c#L1861 ], [ (ep_open)https://gitlab.flux.utah.edu/xcap/xcap-capability-linux/-/blob/llvm_v4.8/drivers/usb/gadget/legacy/inode.c#L828 ], ",
    "call path (type)": " [d_make_root->iput->iput_final->evict->destroy_inode->__destroy_inode->atomic_long_read.163->atomic64_read.164] ",
    "cond_num": "42",
    "isControl": "0"
  },
  {
    "id": "8",
    "risky": "ptr-read",
    "acc_path": "file->private_data",
    "src": "https://gitlab.flux.utah.edu/xcap/xcap-capability-linux/-/blob/llvm_v4.8/fs/libfs.c#L82",
    "dst": "https://gitlab.flux.utah.edu/xcap/xcap-capability-linux/-/blob/llvm_v4.8/./include/linux/compiler.h#L246",
    "drv caller (param)": "",
    "call path (param)": "",
    "drv_update loc (shared field)": "[ (dev_open)https://gitlab.flux.utah.edu/xcap/xcap-capability-linux/-/blob/llvm_v4.8/drivers/usb/gadget/legacy/inode.c#L1861 ], [ (ep_open)https://gitlab.flux.utah.edu/xcap/xcap-capability-linux/-/blob/llvm_v4.8/drivers/usb/gadget/legacy/inode.c#L828 ], ",
    "call path (type)": " [d_add->__d_add->__d_lookup_done->__hlist_bl_del] ",
    "cond_num": "13",
    "isControl": "0"
  },
  {
    "id": "8",
    "risky": "ptr-array",
    "acc_path": "file->private_data",
    "src": "https://gitlab.flux.utah.edu/xcap/xcap-capability-linux/-/blob/llvm_v4.8/fs/libfs.c#L82",
    "dst": "https://gitlab.flux.utah.edu/xcap/xcap-capability-linux/-/blob/llvm_v4.8/fs/dcache.c#L258",
    "drv caller (param)": "",
    "call path (param)": "",
    "drv_update loc (shared field)": "[ (dev_open)https://gitlab.flux.utah.edu/xcap/xcap-capability-linux/-/blob/llvm_v4.8/drivers/usb/gadget/legacy/inode.c#L1861 ], [ (ep_open)https://gitlab.flux.utah.edu/xcap/xcap-capability-linux/-/blob/llvm_v4.8/drivers/usb/gadget/legacy/inode.c#L828 ], ",
    "call path (type)": " [d_make_root->__d_alloc->external_name] ",
    "cond_num": "19",
    "isControl": "0"
  },
  {
    "id": "8",
    "risky": "ptr-arith",
    "acc_path": "file->private_data",
    "src": "https://gitlab.flux.utah.edu/xcap/xcap-capability-linux/-/blob/llvm_v4.8/fs/libfs.c#L82",
    "dst": "https://gitlab.flux.utah.edu/xcap/xcap-capability-linux/-/blob/llvm_v4.8/fs/dcache.c#L258",
    "drv caller (param)": "",
    "call path (param)": "",
    "drv_update loc (shared field)": "[ (dev_open)https://gitlab.flux.utah.edu/xcap/xcap-capability-linux/-/blob/llvm_v4.8/drivers/usb/gadget/legacy/inode.c#L1861 ], [ (ep_open)https://gitlab.flux.utah.edu/xcap/xcap-capability-linux/-/blob/llvm_v4.8/drivers/usb/gadget/legacy/inode.c#L828 ], ",
    "call path (type)": " [d_make_root->__d_alloc->external_name] ",
    "cond_num": "19",
    "isControl": "0"
  },
  {
    "id": "8",
    "risky": "ptr-sen-branch (memcpy)",
    "acc_path": "file->private_data",
    "src": "https://gitlab.flux.utah.edu/xcap/xcap-capability-linux/-/blob/llvm_v4.8/fs/libfs.c#L82",
    "dst": "https://gitlab.flux.utah.edu/xcap/xcap-capability-linux/-/blob/llvm_v4.8/fs/inode.c#L415",
    "drv caller (param)": "",
    "call path (param)": "",
    "drv_update loc (shared field)": "[ (dev_open)https://gitlab.flux.utah.edu/xcap/xcap-capability-linux/-/blob/llvm_v4.8/drivers/usb/gadget/legacy/inode.c#L1861 ], [ (ep_open)https://gitlab.flux.utah.edu/xcap/xcap-capability-linux/-/blob/llvm_v4.8/drivers/usb/gadget/legacy/inode.c#L828 ], ",
    "call path (type)": " [d_make_root->iput->iput_final->inode_add_lru] ",
    "cond_num": "29",
    "isControl": "0"
  }
]
[
  {
    "struct name": "file_operations",
    "No.fields": 31,
    "No.classified fields": 4,
    "FUNC_PTR": 4
  }
]
[
  {
    "struct name": "super_operations",
    "No.fields": 22,
    "No.classified fields": 1,
    "FUNC_PTR": 1
  }
]
[
  {
    "struct name": "file_system_type",
    "No.fields": 14,
    "No.classified fields": 0
  }
]
[
  {
    "struct name": "kiocb",
    "No.fields": 5,
    "No.classified fields": 0
  }
]
[
  {
    "struct name": "work_struct",
    "No.fields": 3,
    "No.classified fields": 1,
    "FUNC_PTR": 1
  }
]
[
  {
    "struct name": "rw_semaphore",
    "No.fields": 5,
    "No.classified fields": 0
  }
]
[
  {
    "struct name": "completion",
    "No.fields": 2,
    "No.classified fields": 1,
    "NUM_ARITH": 1
  },
  {
    "id": "15",
    "risky": "numeric-arith",
    "acc_path": "completion->done",
    "src": "https://gitlab.flux.utah.edu/xcap/xcap-capability-linux/-/blob/llvm_v4.8/kernel/sched/completion.c#L284",
    "dst": "https://gitlab.flux.utah.edu/xcap/xcap-capability-linux/-/blob/llvm_v4.8/kernel/sched/completion.c#L284",
    "drv caller (param)": "",
    "call path (param)": "",
    "drv_update loc (shared field)": "[ (ep_io)https://gitlab.flux.utah.edu/xcap/xcap-capability-linux/-/blob/llvm_v4.8/drivers/usb/gadget/legacy/inode.c#L332 ], [ (ep_io)https://gitlab.flux.utah.edu/xcap/xcap-capability-linux/-/blob/llvm_v4.8/drivers/usb/gadget/legacy/inode.c#L332 ], ",
    "call path (type)": "",
    "cond_num": "0",
    "isControl": "1",
    "t_trace": "[ INST || DATA_DEF_USE || https://gitlab.flux.utah.edu/xcap/xcap-capability-linux/-/blob/llvm_v4.8/kernel/sched/completion.c#L284 ] -> ",
    "isTrue": "-",
    "atk_reason": "",
    "defense": ""
  }
]
[
  {
    "struct name": "mm_struct",
    "No.fields": 52,
    "No.classified fields": 0
  }
]
[
  {
    "struct name": "static_key",
    "No.fields": 3,
    "No.classified fields": 0
  }
]
[
  {
    "struct name": "__wait_queue",
    "No.fields": 4,
    "No.classified fields": 1,
    "UNCLASSIFY": 1
  }
]
[
  {
    "struct name": "timespec",
    "No.fields": 2,
    "No.classified fields": 0
  }
]
[
  {
    "struct name": "list_head",
    "No.fields": 2,
    "No.classified fields": 2,
    "PTR_READ": 2,
    "PTR_WRITE": 2,
    "PTR_BUFFER": 2,
    "PTR_ARITH_BASE": 2,
    "CONTROL_SENB_RANCH": 2,
    "SEN_API": 2
  },
  {
    "id": "17",
    "risky": "ptr-array",
    "acc_path": "list_head->next",
    "src": "https://gitlab.flux.utah.edu/xcap/xcap-capability-linux/-/blob/llvm_v4.8/lib/dynamic_debug.c#L716",
    "dst": "https://gitlab.flux.utah.edu/xcap/xcap-capability-linux/-/blob/llvm_v4.8/lib/dynamic_debug.c#L716",
    "drv caller (param)": "",
    "call path (param)": "",
    "drv_update loc (shared field)": "[ (ep_io)https://gitlab.flux.utah.edu/xcap/xcap-capability-linux/-/blob/llvm_v4.8/drivers/usb/gadget/legacy/inode.c#L332 ], [ (INIT_LIST_HEAD)https://gitlab.flux.utah.edu/xcap/xcap-capability-linux/-/blob/llvm_v4.8/./include/linux/list.h#L25 |   %7 = alloca %struct.list_head*, align 8 ], [ (activate_ep_files)https://gitlab.flux.utah.edu/xcap/xcap-capability-linux/-/blob/llvm_v4.8/drivers/usb/gadget/legacy/inode.c#L1550 |   %13 = alloca %struct.list_head*, align 8 ], [ (activate_ep_files)https://gitlab.flux.utah.edu/xcap/xcap-capability-linux/-/blob/llvm_v4.8/drivers/usb/gadget/legacy/inode.c#L1550 |   %15 = alloca %struct.list_head*, align 8 ], [ (__list_del)https://gitlab.flux.utah.edu/xcap/xcap-capability-linux/-/blob/llvm_v4.8/./include/linux/list.h#L87 |   %9 = alloca %struct.list_head*, align 8 ], [ (list_empty)https://gitlab.flux.utah.edu/xcap/xcap-capability-linux/-/blob/llvm_v4.8/./include/linux/list.h#L187 |   %7 = alloca %struct.list_head*, align 8 ], [ (ep_io)https://gitlab.flux.utah.edu/xcap/xcap-capability-linux/-/blob/llvm_v4.8/drivers/usb/gadget/legacy/inode.c#L332 ], [ (__list_add)https://gitlab.flux.utah.edu/xcap/xcap-capability-linux/-/blob/llvm_v4.8/./include/linux/list.h#L38 |   %11 = alloca %struct.list_head*, align 8 ], [ (destroy_ep_files)https://gitlab.flux.utah.edu/xcap/xcap-capability-linux/-/blob/llvm_v4.8/drivers/usb/gadget/legacy/inode.c#L1505 |   %10 = alloca %struct.list_head*, align 8 ], ",
    "call path (type)": "",
    "cond_num": "0",
    "isControl": "1",
    "t_trace": "[ INST || DATA_DEF_USE || https://gitlab.flux.utah.edu/xcap/xcap-capability-linux/-/blob/llvm_v4.8/lib/dynamic_debug.c#L716 ] -> [ INST || UNKNOWN Edge Type || https://gitlab.flux.utah.edu/xcap/xcap-capability-linux/-/blob/llvm_v4.8/lib/dynamic_debug.c#L716 ] -> [ INST || DATA_DEF_USE || https://gitlab.flux.utah.edu/xcap/xcap-capability-linux/-/blob/llvm_v4.8/lib/dynamic_debug.c#L716 ] -> ",
    "isTrue": "-",
    "atk_reason": "",
    "defense": ""
  },
  {
    "id": "17",
    "risky": "ptr-arith",
    "acc_path": "list_head->next",
    "src": "https://gitlab.flux.utah.edu/xcap/xcap-capability-linux/-/blob/llvm_v4.8/lib/dynamic_debug.c#L716",
    "dst": "https://gitlab.flux.utah.edu/xcap/xcap-capability-linux/-/blob/llvm_v4.8/lib/dynamic_debug.c#L716",
    "drv caller (param)": "",
    "call path (param)": "",
    "drv_update loc (shared field)": "[ (ep_io)https://gitlab.flux.utah.edu/xcap/xcap-capability-linux/-/blob/llvm_v4.8/drivers/usb/gadget/legacy/inode.c#L332 ], [ (INIT_LIST_HEAD)https://gitlab.flux.utah.edu/xcap/xcap-capability-linux/-/blob/llvm_v4.8/./include/linux/list.h#L25 |   %7 = alloca %struct.list_head*, align 8 ], [ (activate_ep_files)https://gitlab.flux.utah.edu/xcap/xcap-capability-linux/-/blob/llvm_v4.8/drivers/usb/gadget/legacy/inode.c#L1550 |   %13 = alloca %struct.list_head*, align 8 ], [ (activate_ep_files)https://gitlab.flux.utah.edu/xcap/xcap-capability-linux/-/blob/llvm_v4.8/drivers/usb/gadget/legacy/inode.c#L1550 |   %15 = alloca %struct.list_head*, align 8 ], [ (__list_del)https://gitlab.flux.utah.edu/xcap/xcap-capability-linux/-/blob/llvm_v4.8/./include/linux/list.h#L87 |   %9 = alloca %struct.list_head*, align 8 ], [ (list_empty)https://gitlab.flux.utah.edu/xcap/xcap-capability-linux/-/blob/llvm_v4.8/./include/linux/list.h#L187 |   %7 = alloca %struct.list_head*, align 8 ], [ (ep_io)https://gitlab.flux.utah.edu/xcap/xcap-capability-linux/-/blob/llvm_v4.8/drivers/usb/gadget/legacy/inode.c#L332 ], [ (__list_add)https://gitlab.flux.utah.edu/xcap/xcap-capability-linux/-/blob/llvm_v4.8/./include/linux/list.h#L38 |   %11 = alloca %struct.list_head*, align 8 ], [ (destroy_ep_files)https://gitlab.flux.utah.edu/xcap/xcap-capability-linux/-/blob/llvm_v4.8/drivers/usb/gadget/legacy/inode.c#L1505 |   %10 = alloca %struct.list_head*, align 8 ], ",
    "call path (type)": "",
    "cond_num": "0",
    "isControl": "1",
    "t_trace": "[ INST || DATA_DEF_USE || https://gitlab.flux.utah.edu/xcap/xcap-capability-linux/-/blob/llvm_v4.8/lib/dynamic_debug.c#L716 ] -> [ INST || UNKNOWN Edge Type || https://gitlab.flux.utah.edu/xcap/xcap-capability-linux/-/blob/llvm_v4.8/lib/dynamic_debug.c#L716 ] -> [ INST || DATA_DEF_USE || https://gitlab.flux.utah.edu/xcap/xcap-capability-linux/-/blob/llvm_v4.8/lib/dynamic_debug.c#L716 ] -> ",
    "isTrue": "-",
    "atk_reason": "",
    "defense": ""
  },
  {
    "id": "17",
    "risky": "ptr-write",
    "acc_path": "list_head->next",
    "src": "https://gitlab.flux.utah.edu/xcap/xcap-capability-linux/-/blob/llvm_v4.8/lib/dynamic_debug.c#L716",
    "dst": "https://gitlab.flux.utah.edu/xcap/xcap-capability-linux/-/blob/llvm_v4.8/lib/dynamic_debug.c#L705 |   %4 = alloca %struct.list_head*, align 8",
    "drv caller (param)": "",
    "call path (param)": "",
    "drv_update loc (shared field)": "[ (ep_io)https://gitlab.flux.utah.edu/xcap/xcap-capability-linux/-/blob/llvm_v4.8/drivers/usb/gadget/legacy/inode.c#L332 ], [ (INIT_LIST_HEAD)https://gitlab.flux.utah.edu/xcap/xcap-capability-linux/-/blob/llvm_v4.8/./include/linux/list.h#L25 |   %7 = alloca %struct.list_head*, align 8 ], [ (activate_ep_files)https://gitlab.flux.utah.edu/xcap/xcap-capability-linux/-/blob/llvm_v4.8/drivers/usb/gadget/legacy/inode.c#L1550 |   %13 = alloca %struct.list_head*, align 8 ], [ (activate_ep_files)https://gitlab.flux.utah.edu/xcap/xcap-capability-linux/-/blob/llvm_v4.8/drivers/usb/gadget/legacy/inode.c#L1550 |   %15 = alloca %struct.list_head*, align 8 ], [ (__list_del)https://gitlab.flux.utah.edu/xcap/xcap-capability-linux/-/blob/llvm_v4.8/./include/linux/list.h#L87 |   %9 = alloca %struct.list_head*, align 8 ], [ (list_empty)https://gitlab.flux.utah.edu/xcap/xcap-capability-linux/-/blob/llvm_v4.8/./include/linux/list.h#L187 |   %7 = alloca %struct.list_head*, align 8 ], [ (ep_io)https://gitlab.flux.utah.edu/xcap/xcap-capability-linux/-/blob/llvm_v4.8/drivers/usb/gadget/legacy/inode.c#L332 ], [ (__list_add)https://gitlab.flux.utah.edu/xcap/xcap-capability-linux/-/blob/llvm_v4.8/./include/linux/list.h#L38 |   %11 = alloca %struct.list_head*, align 8 ], [ (destroy_ep_files)https://gitlab.flux.utah.edu/xcap/xcap-capability-linux/-/blob/llvm_v4.8/drivers/usb/gadget/legacy/inode.c#L1505 |   %10 = alloca %struct.list_head*, align 8 ], ",
    "call path (type)": "",
    "cond_num": "0",
    "isControl": "1",
    "t_trace": "[ INST || DATA_DEF_USE || https://gitlab.flux.utah.edu/xcap/xcap-capability-linux/-/blob/llvm_v4.8/lib/dynamic_debug.c#L716 ] -> [ INST || DATA_ST || https://gitlab.flux.utah.edu/xcap/xcap-capability-linux/-/blob/llvm_v4.8/lib/dynamic_debug.c#L705 |   %4 = alloca %struct.list_head*, align 8 ] -> ",
    "isTrue": "-",
    "atk_reason": "",
    "defense": ""
  },
  {
    "id": "17",
    "risky": "ptr-read",
    "acc_path": "list_head->next",
    "src": "https://gitlab.flux.utah.edu/xcap/xcap-capability-linux/-/blob/llvm_v4.8/lib/dynamic_debug.c#L716",
    "dst": "https://gitlab.flux.utah.edu/xcap/xcap-capability-linux/-/blob/llvm_v4.8/lib/dynamic_debug.c#L716",
    "drv caller (param)": "",
    "call path (param)": "",
    "drv_update loc (shared field)": "[ (ep_io)https://gitlab.flux.utah.edu/xcap/xcap-capability-linux/-/blob/llvm_v4.8/drivers/usb/gadget/legacy/inode.c#L332 ], [ (INIT_LIST_HEAD)https://gitlab.flux.utah.edu/xcap/xcap-capability-linux/-/blob/llvm_v4.8/./include/linux/list.h#L25 |   %7 = alloca %struct.list_head*, align 8 ], [ (activate_ep_files)https://gitlab.flux.utah.edu/xcap/xcap-capability-linux/-/blob/llvm_v4.8/drivers/usb/gadget/legacy/inode.c#L1550 |   %13 = alloca %struct.list_head*, align 8 ], [ (activate_ep_files)https://gitlab.flux.utah.edu/xcap/xcap-capability-linux/-/blob/llvm_v4.8/drivers/usb/gadget/legacy/inode.c#L1550 |   %15 = alloca %struct.list_head*, align 8 ], [ (__list_del)https://gitlab.flux.utah.edu/xcap/xcap-capability-linux/-/blob/llvm_v4.8/./include/linux/list.h#L87 |   %9 = alloca %struct.list_head*, align 8 ], [ (list_empty)https://gitlab.flux.utah.edu/xcap/xcap-capability-linux/-/blob/llvm_v4.8/./include/linux/list.h#L187 |   %7 = alloca %struct.list_head*, align 8 ], [ (ep_io)https://gitlab.flux.utah.edu/xcap/xcap-capability-linux/-/blob/llvm_v4.8/drivers/usb/gadget/legacy/inode.c#L332 ], [ (__list_add)https://gitlab.flux.utah.edu/xcap/xcap-capability-linux/-/blob/llvm_v4.8/./include/linux/list.h#L38 |   %11 = alloca %struct.list_head*, align 8 ], [ (destroy_ep_files)https://gitlab.flux.utah.edu/xcap/xcap-capability-linux/-/blob/llvm_v4.8/drivers/usb/gadget/legacy/inode.c#L1505 |   %10 = alloca %struct.list_head*, align 8 ], ",
    "call path (type)": "",
    "cond_num": "0",
    "isControl": "1",
    "t_trace": "",
    "isTrue": "-",
    "atk_reason": "",
    "defense": ""
  },
  {
    "id": "17",
    "risky": "ptr-sen-api (memcpy)",
    "acc_path": "list_head->next",
    "src": "https://gitlab.flux.utah.edu/xcap/xcap-capability-linux/-/blob/llvm_v4.8/kernel/workqueue.c#L2307",
    "dst": "https://gitlab.flux.utah.edu/xcap/xcap-capability-linux/-/blob/llvm_v4.8/./include/linux/compiler.h#L252",
    "drv_update loc (shared field)": "[ (ep_io)https://gitlab.flux.utah.edu/xcap/xcap-capability-linux/-/blob/llvm_v4.8/drivers/usb/gadget/legacy/inode.c#L332 ], [ (INIT_LIST_HEAD)https://gitlab.flux.utah.edu/xcap/xcap-capability-linux/-/blob/llvm_v4.8/./include/linux/list.h#L25 |   %7 = alloca %struct.list_head*, align 8 ], [ (activate_ep_files)https://gitlab.flux.utah.edu/xcap/xcap-capability-linux/-/blob/llvm_v4.8/drivers/usb/gadget/legacy/inode.c#L1550 |   %13 = alloca %struct.list_head*, align 8 ], [ (activate_ep_files)https://gitlab.flux.utah.edu/xcap/xcap-capability-linux/-/blob/llvm_v4.8/drivers/usb/gadget/legacy/inode.c#L1550 |   %15 = alloca %struct.list_head*, align 8 ], [ (__list_del)https://gitlab.flux.utah.edu/xcap/xcap-capability-linux/-/blob/llvm_v4.8/./include/linux/list.h#L87 |   %9 = alloca %struct.list_head*, align 8 ], [ (list_empty)https://gitlab.flux.utah.edu/xcap/xcap-capability-linux/-/blob/llvm_v4.8/./include/linux/list.h#L187 |   %7 = alloca %struct.list_head*, align 8 ], [ (ep_io)https://gitlab.flux.utah.edu/xcap/xcap-capability-linux/-/blob/llvm_v4.8/drivers/usb/gadget/legacy/inode.c#L332 ], [ (__list_add)https://gitlab.flux.utah.edu/xcap/xcap-capability-linux/-/blob/llvm_v4.8/./include/linux/list.h#L38 |   %11 = alloca %struct.list_head*, align 8 ], [ (destroy_ep_files)https://gitlab.flux.utah.edu/xcap/xcap-capability-linux/-/blob/llvm_v4.8/drivers/usb/gadget/legacy/inode.c#L1505 |   %10 = alloca %struct.list_head*, align 8 ], ",
    "call path (type)": " [kill_litter_super->kill_anon_super->generic_shutdown_super->destroy_workqueue->put_pwq_unlocked->put_pwq->schedule_work.476->queue_work.477->queue_work_on->__queue_work->insert_work->set_work_pwq->set_work_data->atomic_long_set->atomic64_set] ",
    "cond_num": "50",
    "isControl": "0"
  },
  {
    "id": "17",
    "risky": "ptr-sen-branch (kfree)",
    "acc_path": "list_head->next",
    "src": "https://gitlab.flux.utah.edu/xcap/xcap-capability-linux/-/blob/llvm_v4.8/kernel/workqueue.c#L4823 |   %20 = getelementptr %struct.list_head, %struct.list_head* @workqueues, i32 0, i32 0",
    "dst": "https://gitlab.flux.utah.edu/xcap/xcap-capability-linux/-/blob/llvm_v4.8/kernel/workqueue.c#L3591",
    "drv_update loc (shared field)": "[ (ep_io)https://gitlab.flux.utah.edu/xcap/xcap-capability-linux/-/blob/llvm_v4.8/drivers/usb/gadget/legacy/inode.c#L332 ], ",
    "call path (type)": "",
    "cond_num": "6",
    "isControl": "0"
  },
  {
    "id": "18",
    "risky": "ptr-write",
    "acc_path": "list_head->prev",
    "src": "https://gitlab.flux.utah.edu/xcap/xcap-capability-linux/-/blob/llvm_v4.8/./include/linux/list.h#L340",
    "dst": "https://gitlab.flux.utah.edu/xcap/xcap-capability-linux/-/blob/llvm_v4.8/./include/linux/list.h#L281",
    "drv caller (param)": "",
    "call path (param)": "",
    "drv_update loc (shared field)": "[ (ep_io)https://gitlab.flux.utah.edu/xcap/xcap-capability-linux/-/blob/llvm_v4.8/drivers/usb/gadget/legacy/inode.c#L332 ], [ (INIT_LIST_HEAD)https://gitlab.flux.utah.edu/xcap/xcap-capability-linux/-/blob/llvm_v4.8/./include/linux/list.h#L25 |   %7 = alloca %struct.list_head*, align 8 ], [ (activate_ep_files)https://gitlab.flux.utah.edu/xcap/xcap-capability-linux/-/blob/llvm_v4.8/drivers/usb/gadget/legacy/inode.c#L1550 |   %13 = alloca %struct.list_head*, align 8 ], [ (activate_ep_files)https://gitlab.flux.utah.edu/xcap/xcap-capability-linux/-/blob/llvm_v4.8/drivers/usb/gadget/legacy/inode.c#L1550 |   %15 = alloca %struct.list_head*, align 8 ], [ (__list_del)https://gitlab.flux.utah.edu/xcap/xcap-capability-linux/-/blob/llvm_v4.8/./include/linux/list.h#L87 |   %9 = alloca %struct.list_head*, align 8 ], [ (list_empty)https://gitlab.flux.utah.edu/xcap/xcap-capability-linux/-/blob/llvm_v4.8/./include/linux/list.h#L187 |   %7 = alloca %struct.list_head*, align 8 ], [ (ep_io)https://gitlab.flux.utah.edu/xcap/xcap-capability-linux/-/blob/llvm_v4.8/drivers/usb/gadget/legacy/inode.c#L332 ], [ (__list_add)https://gitlab.flux.utah.edu/xcap/xcap-capability-linux/-/blob/llvm_v4.8/./include/linux/list.h#L38 |   %11 = alloca %struct.list_head*, align 8 ], [ (destroy_ep_files)https://gitlab.flux.utah.edu/xcap/xcap-capability-linux/-/blob/llvm_v4.8/drivers/usb/gadget/legacy/inode.c#L1505 |   %10 = alloca %struct.list_head*, align 8 ], ",
    "call path (type)": " [kill_litter_super->kill_anon_super->generic_shutdown_super->destroy_workqueue->drain_workqueue->flush_workqueue->list_splice_tail_init->__list_splice] ",
    "cond_num": "0",
    "isControl": "1",
    "t_trace": "[ INST || DATA_DEF_USE || https://gitlab.flux.utah.edu/xcap/xcap-capability-linux/-/blob/llvm_v4.8/./include/linux/list.h#L340 ] -> [ ACTUAL_IN || PARAMETER_IN ] -> [ FORMAL_IN || PARAMETER_INprev ] -> [ INST || PARAMETER_IN || https://gitlab.flux.utah.edu/xcap/xcap-capability-linux/-/blob/llvm_v4.8/./include/linux/list.h#L281 ] -> [ INST || DATA_ST || https://gitlab.flux.utah.edu/xcap/xcap-capability-linux/-/blob/llvm_v4.8/./include/linux/list.h#L281 ] -> ",
    "isTrue": "-",
    "atk_reason": "",
    "defense": ""
  },
  {
    "id": "18",
    "risky": "ptr-read",
    "acc_path": "list_head->prev",
    "src": "https://gitlab.flux.utah.edu/xcap/xcap-capability-linux/-/blob/llvm_v4.8/./include/linux/list.h#L340",
    "dst": "https://gitlab.flux.utah.edu/xcap/xcap-capability-linux/-/blob/llvm_v4.8/./include/linux/list.h#L278",
    "drv caller (param)": "",
    "call path (param)": "",
    "drv_update loc (shared field)": "[ (ep_io)https://gitlab.flux.utah.edu/xcap/xcap-capability-linux/-/blob/llvm_v4.8/drivers/usb/gadget/legacy/inode.c#L332 ], [ (INIT_LIST_HEAD)https://gitlab.flux.utah.edu/xcap/xcap-capability-linux/-/blob/llvm_v4.8/./include/linux/list.h#L25 |   %7 = alloca %struct.list_head*, align 8 ], [ (activate_ep_files)https://gitlab.flux.utah.edu/xcap/xcap-capability-linux/-/blob/llvm_v4.8/drivers/usb/gadget/legacy/inode.c#L1550 |   %13 = alloca %struct.list_head*, align 8 ], [ (activate_ep_files)https://gitlab.flux.utah.edu/xcap/xcap-capability-linux/-/blob/llvm_v4.8/drivers/usb/gadget/legacy/inode.c#L1550 |   %15 = alloca %struct.list_head*, align 8 ], [ (__list_del)https://gitlab.flux.utah.edu/xcap/xcap-capability-linux/-/blob/llvm_v4.8/./include/linux/list.h#L87 |   %9 = alloca %struct.list_head*, align 8 ], [ (list_empty)https://gitlab.flux.utah.edu/xcap/xcap-capability-linux/-/blob/llvm_v4.8/./include/linux/list.h#L187 |   %7 = alloca %struct.list_head*, align 8 ], [ (ep_io)https://gitlab.flux.utah.edu/xcap/xcap-capability-linux/-/blob/llvm_v4.8/drivers/usb/gadget/legacy/inode.c#L332 ], [ (__list_add)https://gitlab.flux.utah.edu/xcap/xcap-capability-linux/-/blob/llvm_v4.8/./include/linux/list.h#L38 |   %11 = alloca %struct.list_head*, align 8 ], [ (destroy_ep_files)https://gitlab.flux.utah.edu/xcap/xcap-capability-linux/-/blob/llvm_v4.8/drivers/usb/gadget/legacy/inode.c#L1505 |   %10 = alloca %struct.list_head*, align 8 ], ",
    "call path (type)": " [kill_litter_super->kill_anon_super->generic_shutdown_super->destroy_workqueue->drain_workqueue->flush_workqueue->list_splice_tail_init->__list_splice] ",
    "cond_num": "0",
    "isControl": "1",
    "t_trace": "",
    "isTrue": "-",
    "atk_reason": "",
    "defense": ""
  },
  {
    "id": "18",
    "risky": "ptr-sen-api (memcpy)",
    "acc_path": "list_head->prev",
    "src": "https://gitlab.flux.utah.edu/xcap/xcap-capability-linux/-/blob/llvm_v4.8/fs/libfs.c#L133",
    "dst": "https://gitlab.flux.utah.edu/xcap/xcap-capability-linux/-/blob/llvm_v4.8/./include/linux/compiler.h#L252",
    "drv caller (param)": "",
    "call path (param)": "",
    "drv_update loc (shared field)": "[ (ep_io)https://gitlab.flux.utah.edu/xcap/xcap-capability-linux/-/blob/llvm_v4.8/drivers/usb/gadget/legacy/inode.c#L332 ], [ (INIT_LIST_HEAD)https://gitlab.flux.utah.edu/xcap/xcap-capability-linux/-/blob/llvm_v4.8/./include/linux/list.h#L25 |   %7 = alloca %struct.list_head*, align 8 ], [ (activate_ep_files)https://gitlab.flux.utah.edu/xcap/xcap-capability-linux/-/blob/llvm_v4.8/drivers/usb/gadget/legacy/inode.c#L1550 |   %13 = alloca %struct.list_head*, align 8 ], [ (activate_ep_files)https://gitlab.flux.utah.edu/xcap/xcap-capability-linux/-/blob/llvm_v4.8/drivers/usb/gadget/legacy/inode.c#L1550 |   %15 = alloca %struct.list_head*, align 8 ], [ (__list_del)https://gitlab.flux.utah.edu/xcap/xcap-capability-linux/-/blob/llvm_v4.8/./include/linux/list.h#L87 |   %9 = alloca %struct.list_head*, align 8 ], [ (list_empty)https://gitlab.flux.utah.edu/xcap/xcap-capability-linux/-/blob/llvm_v4.8/./include/linux/list.h#L187 |   %7 = alloca %struct.list_head*, align 8 ], [ (ep_io)https://gitlab.flux.utah.edu/xcap/xcap-capability-linux/-/blob/llvm_v4.8/drivers/usb/gadget/legacy/inode.c#L332 ], [ (__list_add)https://gitlab.flux.utah.edu/xcap/xcap-capability-linux/-/blob/llvm_v4.8/./include/linux/list.h#L38 |   %11 = alloca %struct.list_head*, align 8 ], [ (destroy_ep_files)https://gitlab.flux.utah.edu/xcap/xcap-capability-linux/-/blob/llvm_v4.8/drivers/usb/gadget/legacy/inode.c#L1505 |   %10 = alloca %struct.list_head*, align 8 ], ",
    "call path (type)": "",
    "cond_num": "1",
    "isControl": "0"
  },
  {
    "id": "18",
    "risky": "ptr-array",
    "acc_path": "list_head->prev",
    "src": "https://gitlab.flux.utah.edu/xcap/xcap-capability-linux/-/blob/llvm_v4.8/fs/dcache.c#L945",
    "dst": "https://gitlab.flux.utah.edu/xcap/xcap-capability-linux/-/blob/llvm_v4.8/fs/dcache.c#L258",
    "drv caller (param)": "",
    "call path (param)": "",
    "drv_update loc (shared field)": "[ (ep_io)https://gitlab.flux.utah.edu/xcap/xcap-capability-linux/-/blob/llvm_v4.8/drivers/usb/gadget/legacy/inode.c#L332 ], [ (INIT_LIST_HEAD)https://gitlab.flux.utah.edu/xcap/xcap-capability-linux/-/blob/llvm_v4.8/./include/linux/list.h#L25 |   %7 = alloca %struct.list_head*, align 8 ], [ (activate_ep_files)https://gitlab.flux.utah.edu/xcap/xcap-capability-linux/-/blob/llvm_v4.8/drivers/usb/gadget/legacy/inode.c#L1550 |   %13 = alloca %struct.list_head*, align 8 ], [ (activate_ep_files)https://gitlab.flux.utah.edu/xcap/xcap-capability-linux/-/blob/llvm_v4.8/drivers/usb/gadget/legacy/inode.c#L1550 |   %15 = alloca %struct.list_head*, align 8 ], [ (__list_del)https://gitlab.flux.utah.edu/xcap/xcap-capability-linux/-/blob/llvm_v4.8/./include/linux/list.h#L87 |   %9 = alloca %struct.list_head*, align 8 ], [ (list_empty)https://gitlab.flux.utah.edu/xcap/xcap-capability-linux/-/blob/llvm_v4.8/./include/linux/list.h#L187 |   %7 = alloca %struct.list_head*, align 8 ], [ (ep_io)https://gitlab.flux.utah.edu/xcap/xcap-capability-linux/-/blob/llvm_v4.8/drivers/usb/gadget/legacy/inode.c#L332 ], [ (__list_add)https://gitlab.flux.utah.edu/xcap/xcap-capability-linux/-/blob/llvm_v4.8/./include/linux/list.h#L38 |   %11 = alloca %struct.list_head*, align 8 ], [ (destroy_ep_files)https://gitlab.flux.utah.edu/xcap/xcap-capability-linux/-/blob/llvm_v4.8/drivers/usb/gadget/legacy/inode.c#L1505 |   %10 = alloca %struct.list_head*, align 8 ], ",
    "call path (type)": " [d_make_root->__d_alloc->external_name] ",
    "cond_num": "7",
    "isControl": "0"
  },
  {
    "id": "18",
    "risky": "ptr-arith",
    "acc_path": "list_head->prev",
    "src": "https://gitlab.flux.utah.edu/xcap/xcap-capability-linux/-/blob/llvm_v4.8/fs/dcache.c#L945",
    "dst": "https://gitlab.flux.utah.edu/xcap/xcap-capability-linux/-/blob/llvm_v4.8/fs/dcache.c#L258",
    "drv caller (param)": "",
    "call path (param)": "",
    "drv_update loc (shared field)": "[ (ep_io)https://gitlab.flux.utah.edu/xcap/xcap-capability-linux/-/blob/llvm_v4.8/drivers/usb/gadget/legacy/inode.c#L332 ], [ (INIT_LIST_HEAD)https://gitlab.flux.utah.edu/xcap/xcap-capability-linux/-/blob/llvm_v4.8/./include/linux/list.h#L25 |   %7 = alloca %struct.list_head*, align 8 ], [ (activate_ep_files)https://gitlab.flux.utah.edu/xcap/xcap-capability-linux/-/blob/llvm_v4.8/drivers/usb/gadget/legacy/inode.c#L1550 |   %13 = alloca %struct.list_head*, align 8 ], [ (activate_ep_files)https://gitlab.flux.utah.edu/xcap/xcap-capability-linux/-/blob/llvm_v4.8/drivers/usb/gadget/legacy/inode.c#L1550 |   %15 = alloca %struct.list_head*, align 8 ], [ (__list_del)https://gitlab.flux.utah.edu/xcap/xcap-capability-linux/-/blob/llvm_v4.8/./include/linux/list.h#L87 |   %9 = alloca %struct.list_head*, align 8 ], [ (list_empty)https://gitlab.flux.utah.edu/xcap/xcap-capability-linux/-/blob/llvm_v4.8/./include/linux/list.h#L187 |   %7 = alloca %struct.list_head*, align 8 ], [ (ep_io)https://gitlab.flux.utah.edu/xcap/xcap-capability-linux/-/blob/llvm_v4.8/drivers/usb/gadget/legacy/inode.c#L332 ], [ (__list_add)https://gitlab.flux.utah.edu/xcap/xcap-capability-linux/-/blob/llvm_v4.8/./include/linux/list.h#L38 |   %11 = alloca %struct.list_head*, align 8 ], [ (destroy_ep_files)https://gitlab.flux.utah.edu/xcap/xcap-capability-linux/-/blob/llvm_v4.8/drivers/usb/gadget/legacy/inode.c#L1505 |   %10 = alloca %struct.list_head*, align 8 ], ",
    "call path (type)": " [d_make_root->__d_alloc->external_name] ",
    "cond_num": "7",
    "isControl": "0"
  },
  {
    "id": "18",
    "risky": "ptr-sen-branch (memcpy)",
    "acc_path": "list_head->prev",
    "src": "https://gitlab.flux.utah.edu/xcap/xcap-capability-linux/-/blob/llvm_v4.8/fs/dcache.c#L945",
    "dst": "https://gitlab.flux.utah.edu/xcap/xcap-capability-linux/-/blob/llvm_v4.8/fs/inode.c#L415",
    "drv caller (param)": "",
    "call path (param)": "",
    "drv_update loc (shared field)": "[ (ep_io)https://gitlab.flux.utah.edu/xcap/xcap-capability-linux/-/blob/llvm_v4.8/drivers/usb/gadget/legacy/inode.c#L332 ], [ (INIT_LIST_HEAD)https://gitlab.flux.utah.edu/xcap/xcap-capability-linux/-/blob/llvm_v4.8/./include/linux/list.h#L25 |   %7 = alloca %struct.list_head*, align 8 ], [ (activate_ep_files)https://gitlab.flux.utah.edu/xcap/xcap-capability-linux/-/blob/llvm_v4.8/drivers/usb/gadget/legacy/inode.c#L1550 |   %13 = alloca %struct.list_head*, align 8 ], [ (activate_ep_files)https://gitlab.flux.utah.edu/xcap/xcap-capability-linux/-/blob/llvm_v4.8/drivers/usb/gadget/legacy/inode.c#L1550 |   %15 = alloca %struct.list_head*, align 8 ], [ (__list_del)https://gitlab.flux.utah.edu/xcap/xcap-capability-linux/-/blob/llvm_v4.8/./include/linux/list.h#L87 |   %9 = alloca %struct.list_head*, align 8 ], [ (list_empty)https://gitlab.flux.utah.edu/xcap/xcap-capability-linux/-/blob/llvm_v4.8/./include/linux/list.h#L187 |   %7 = alloca %struct.list_head*, align 8 ], [ (ep_io)https://gitlab.flux.utah.edu/xcap/xcap-capability-linux/-/blob/llvm_v4.8/drivers/usb/gadget/legacy/inode.c#L332 ], [ (__list_add)https://gitlab.flux.utah.edu/xcap/xcap-capability-linux/-/blob/llvm_v4.8/./include/linux/list.h#L38 |   %11 = alloca %struct.list_head*, align 8 ], [ (destroy_ep_files)https://gitlab.flux.utah.edu/xcap/xcap-capability-linux/-/blob/llvm_v4.8/drivers/usb/gadget/legacy/inode.c#L1505 |   %10 = alloca %struct.list_head*, align 8 ], ",
    "call path (type)": " [d_make_root->iput->iput_final->inode_add_lru] ",
    "cond_num": "30",
    "isControl": "0"
  }
]
[
  {
    "struct name": "device",
    "No.fields": 35,
    "No.classified fields": 0
  }
]
[
  {
    "struct name": "task_struct",
    "No.fields": 155,
    "No.classified fields": 0
  }
]
[
  {
    "struct name": "iov_iter",
    "No.fields": 5,
    "No.classified fields": 0
  }
]
[
  {
    "struct name": "workqueue_struct",
    "No.fields": 0,
    "No.classified fields": 0
  }
]
[
  {
    "struct name": "kmem_cache",
    "No.fields": 0,
    "No.classified fields": 0
  }
]
