[]
[
  {
    "id": "13",
    "risky": "arr-idx",
    "acc_path": "n_layers",
    "src": "https://gitlab.flux.utah.edu/xcap/xcap-capability-linux/-/blob/llvm_v4.8/drivers/edac/edac_mc.c#L306",
    "dst": "https://gitlab.flux.utah.edu/xcap/xcap-capability-linux/-/blob/llvm_v4.8/drivers/edac/edac_mc.c#L180",
    "drv caller (param)": "[ i7300_init_one | https://gitlab.flux.utah.edu/xcap/xcap-capability-linux/-/blob/llvm_v4.8/drivers/edac/i7300_edac.c#L1054 ], ",
    "call path (param)": " [i7300_init_one->edac_mc_alloc->edac_align_ptr] ",
    "cond_num": "2",
    "isControl": "0"
  },
  {
    "id": "13",
    "risky": "numeric-arith",
    "acc_path": "n_layers",
    "src": "https://gitlab.flux.utah.edu/xcap/xcap-capability-linux/-/blob/llvm_v4.8/drivers/edac/edac_mc.c#L306",
    "dst": "https://gitlab.flux.utah.edu/xcap/xcap-capability-linux/-/blob/llvm_v4.8/drivers/edac/edac_mc.c#L180",
    "drv caller (param)": "[ i7300_init_one | https://gitlab.flux.utah.edu/xcap/xcap-capability-linux/-/blob/llvm_v4.8/drivers/edac/i7300_edac.c#L1054 ], ",
    "call path (param)": " [i7300_init_one->edac_mc_alloc->edac_align_ptr] ",
    "cond_num": "2",
    "isControl": "0"
  }
]
[
  {
    "id": "14",
    "risky": "arr-idx",
    "acc_path": "sz_pvt",
    "src": "https://gitlab.flux.utah.edu/xcap/xcap-capability-linux/-/blob/llvm_v4.8/drivers/edac/edac_mc.c#L316",
    "dst": "https://gitlab.flux.utah.edu/xcap/xcap-capability-linux/-/blob/llvm_v4.8/drivers/edac/edac_mc.c#L180",
    "drv caller (param)": "[ i7300_init_one | https://gitlab.flux.utah.edu/xcap/xcap-capability-linux/-/blob/llvm_v4.8/drivers/edac/i7300_edac.c#L1054 ], ",
    "call path (param)": " [i7300_init_one->edac_mc_alloc->edac_align_ptr] ",
    "cond_num": "4",
    "isControl": "0"
  },
  {
    "id": "14",
    "risky": "numeric-arith",
    "acc_path": "sz_pvt",
    "src": "https://gitlab.flux.utah.edu/xcap/xcap-capability-linux/-/blob/llvm_v4.8/drivers/edac/edac_mc.c#L316",
    "dst": "https://gitlab.flux.utah.edu/xcap/xcap-capability-linux/-/blob/llvm_v4.8/drivers/edac/edac_mc.c#L180",
    "drv caller (param)": "[ i7300_init_one | https://gitlab.flux.utah.edu/xcap/xcap-capability-linux/-/blob/llvm_v4.8/drivers/edac/i7300_edac.c#L1054 ], ",
    "call path (param)": " [i7300_init_one->edac_mc_alloc->edac_align_ptr] ",
    "cond_num": "4",
    "isControl": "0"
  }
]
[
  {
    "id": "15",
    "risky": "val-sen-api (kmalloc)",
    "acc_path": "size",
    "src": "https://gitlab.flux.utah.edu/xcap/xcap-capability-linux/-/blob/llvm_v4.8/mm/slab_common.c#L1018",
    "dst": "https://gitlab.flux.utah.edu/xcap/xcap-capability-linux/-/blob/llvm_v4.8/mm/slab_common.c#L1018",
    "drv caller (param)": "[ i7300_init_one | https://gitlab.flux.utah.edu/xcap/xcap-capability-linux/-/blob/llvm_v4.8/./include/linux/slab.h#L415 ], ",
    "call path (param)": " [i7300_init_one->edac_mc_alloc->kzalloc->kmalloc_order] ",
    "cond_num": "0",
    "isControl": "1",
    "t_trace": "",
    "isTrue": "-",
    "atk_reason": "",
    "defense": ""
  }
]
[
  {
    "id": "16",
    "risky": "val-sen-api (kmalloc)",
    "acc_path": "flags",
    "src": "https://gitlab.flux.utah.edu/xcap/xcap-capability-linux/-/blob/llvm_v4.8/mm/slab_common.c#L1018",
    "dst": "https://gitlab.flux.utah.edu/xcap/xcap-capability-linux/-/blob/llvm_v4.8/mm/slab_common.c#L1018",
    "drv caller (param)": "[ i7300_init_one | https://gitlab.flux.utah.edu/xcap/xcap-capability-linux/-/blob/llvm_v4.8/./include/linux/slab.h#L415 ], ",
    "call path (param)": " [i7300_init_one->edac_mc_alloc->kzalloc->kmalloc_order] ",
    "cond_num": "0",
    "isControl": "1",
    "t_trace": "",
    "isTrue": "-",
    "atk_reason": "",
    "defense": ""
  }
]
[]
[]
[]
[]
[]
[]
[]
[]
[]
[]
[]
[
  {
    "id": "28",
    "risky": "ptr-array",
    "acc_path": "msg",
    "src": "https://gitlab.flux.utah.edu/xcap/xcap-capability-linux/-/blob/llvm_v4.8/drivers/edac/edac_mc.c#L1244",
    "dst": "https://gitlab.flux.utah.edu/xcap/xcap-capability-linux/-/blob/llvm_v4.8/drivers/edac/edac_mc.c#L1249",
    "drv caller (param)": "[ i7300_process_fbd_error | https://gitlab.flux.utah.edu/xcap/xcap-capability-linux/-/blob/llvm_v4.8/drivers/edac/i7300_edac.c#L498 ], ",
    "call path (param)": " [i7300_process_fbd_error->edac_mc_handle_error] ",
    "cond_num": "2",
    "isControl": "0"
  },
  {
    "id": "28",
    "risky": "ptr-arith",
    "acc_path": "msg",
    "src": "https://gitlab.flux.utah.edu/xcap/xcap-capability-linux/-/blob/llvm_v4.8/drivers/edac/edac_mc.c#L1244",
    "dst": "https://gitlab.flux.utah.edu/xcap/xcap-capability-linux/-/blob/llvm_v4.8/drivers/edac/edac_mc.c#L1249",
    "drv caller (param)": "[ i7300_process_fbd_error | https://gitlab.flux.utah.edu/xcap/xcap-capability-linux/-/blob/llvm_v4.8/drivers/edac/i7300_edac.c#L498 ], ",
    "call path (param)": " [i7300_process_fbd_error->edac_mc_handle_error] ",
    "cond_num": "2",
    "isControl": "0"
  },
  {
    "id": "28",
    "risky": "ptr-sen-api (strcpy)",
    "acc_path": "msg",
    "src": "https://gitlab.flux.utah.edu/xcap/xcap-capability-linux/-/blob/llvm_v4.8/drivers/edac/edac_mc.c#L1244",
    "dst": "https://gitlab.flux.utah.edu/xcap/xcap-capability-linux/-/blob/llvm_v4.8/drivers/edac/edac_mc.c#L1095 |   %352 = getelementptr [15 x i8], [15 x i8]* @.str.54.42, i64 0, i64 0",
    "drv caller (param)": "[ i7300_process_fbd_error | https://gitlab.flux.utah.edu/xcap/xcap-capability-linux/-/blob/llvm_v4.8/drivers/edac/i7300_edac.c#L498 ], ",
    "call path (param)": " [i7300_process_fbd_error->edac_mc_handle_error] ",
    "cond_num": "0",
    "isControl": "1",
    "t_trace": "",
    "isTrue": "-",
    "atk_reason": "",
    "defense": ""
  },
  {
    "id": "28",
    "risky": "ptr-sen-branch (strcpy)",
    "acc_path": "msg",
    "src": "https://gitlab.flux.utah.edu/xcap/xcap-capability-linux/-/blob/llvm_v4.8/drivers/edac/edac_mc.c#L1244",
    "dst": "https://gitlab.flux.utah.edu/xcap/xcap-capability-linux/-/blob/llvm_v4.8/drivers/edac/edac_mc.c#L1224",
    "drv caller (param)": "[ i7300_process_fbd_error | https://gitlab.flux.utah.edu/xcap/xcap-capability-linux/-/blob/llvm_v4.8/drivers/edac/i7300_edac.c#L498 ], ",
    "call path (param)": " [i7300_process_fbd_error->edac_mc_handle_error] ",
    "cond_num": "0",
    "isControl": "1",
    "t_trace": "[ INST || DATA_DEF_USE || https://gitlab.flux.utah.edu/xcap/xcap-capability-linux/-/blob/llvm_v4.8/drivers/edac/edac_mc.c#L1244 ] -> [ INST || DATA_ST || https://gitlab.flux.utah.edu/xcap/xcap-capability-linux/-/blob/llvm_v4.8/drivers/edac/edac_mc.c#L1095 |   %23 = alloca i8*, align 8 ] -> [ INST || DATA_DEF_USE || https://gitlab.flux.utah.edu/xcap/xcap-capability-linux/-/blob/llvm_v4.8/drivers/edac/edac_mc.c#L1224 ] -> ",
    "isTrue": "-",
    "atk_reason": "",
    "defense": ""
  },
  {
    "id": "28",
    "risky": "ptr-write",
    "acc_path": "msg",
    "src": "https://gitlab.flux.utah.edu/xcap/xcap-capability-linux/-/blob/llvm_v4.8/drivers/edac/edac_mc.c#L1244",
    "dst": "https://gitlab.flux.utah.edu/xcap/xcap-capability-linux/-/blob/llvm_v4.8/drivers/edac/edac_mc.c#L1165",
    "drv caller (param)": "[ i7300_process_fbd_error | https://gitlab.flux.utah.edu/xcap/xcap-capability-linux/-/blob/llvm_v4.8/drivers/edac/i7300_edac.c#L498 ], ",
    "call path (param)": " [i7300_process_fbd_error->edac_mc_handle_error] ",
    "cond_num": "0",
    "isControl": "1",
    "t_trace": "[ INST || DATA_DEF_USE || https://gitlab.flux.utah.edu/xcap/xcap-capability-linux/-/blob/llvm_v4.8/drivers/edac/edac_mc.c#L1244 ] -> [ INST || DATA_ST || https://gitlab.flux.utah.edu/xcap/xcap-capability-linux/-/blob/llvm_v4.8/drivers/edac/edac_mc.c#L1095 |   %23 = alloca i8*, align 8 ] -> [ INST || DATA_DEF_USE || https://gitlab.flux.utah.edu/xcap/xcap-capability-linux/-/blob/llvm_v4.8/drivers/edac/edac_mc.c#L1165 ] -> ",
    "isTrue": "-",
    "atk_reason": "",
    "defense": ""
  }
]
