dev, pci_dev_get, i7300_get_devices , ptr-sen-branch ( senapi: norm_branch)
vendor, pci_get_device, i7300_get_devices , val-sen-api (pci_get_subsys)
device, pci_get_device, i7300_get_devices , val-sen-api (pci_get_subsys)
from, pci_get_device, i7300_get_devices , ptr-sen-api (pci_get_subsys)
from, pci_get_device, i7300_get_devices , ptr-sen-branch ( senapi: norm_branch)
dev, pci_dev_put, i7300_put_devices , ptr-sen-branch ( senapi: norm_branch)
where, pci_read_config_dword, i7300_process_fbd_error , val-sen-branch (norm_branch)
val, pci_read_config_dword, i7300_process_fbd_error , ptr-write
where, pci_read_config_word, i7300_process_fbd_error , val-sen-branch (norm_branch)
val, pci_read_config_word, i7300_process_fbd_error , ptr-write
dev, pci_enable_device, i7300_init_one , ptr-sen-api (pci_set_power_state)
where, pci_write_config_dword, i7300_clear_error , val-sen-branch (norm_branch)
top_layer, edac_mc_handle_error, i7300_process_fbd_error , val-sen-branch (norm_branch)
mid_layer, edac_mc_handle_error, i7300_process_fbd_error , val-sen-branch (norm_branch)
low_layer, edac_mc_handle_error, i7300_process_fbd_error , val-sen-branch (buffer_acc https://github.com/ksplit/lvd-linux/tree/ksplit-latest/drivers/edac/edac_mc.c#L1025)
msg, edac_mc_handle_error, i7300_process_fbd_error , ptr-sen-branch ( senapi: buffer_acc https://github.com/ksplit/lvd-linux/tree/ksplit-latest/drivers/edac/edac_mc.c#L943 |   %90 = getelementptr [1 x i8], [1 x i8]* @.str.44.36, i64 0, i64 0)
other_detail, edac_mc_handle_error, i7300_process_fbd_error , ptr-sen-branch ( senapi: buffer_acc https://github.com/ksplit/lvd-linux/tree/ksplit-latest/drivers/edac/edac_mc.c#L943 |   %99 = getelementptr [1 x i8], [1 x i8]* @.str.44.36, i64 0, i64 0)
dev, edac_mc_del_mc, i7300_remove_one , ptr-sen-branch ( senapi: norm_branch)
mci->pdev, edac_mc_add_mc_with_groups, i7300_init_one , ptr-sen-branch ( senapi: norm_branch)
mci->mod_name, edac_mc_add_mc_with_groups, i7300_init_one , ptr-sen-branch ( senapi: norm_branch)
mci->mc_idx, edac_mc_add_mc_with_groups, i7300_init_one , val-sen-branch (buffer_acc https://github.com/ksplit/lvd-linux/tree/ksplit-latest/drivers/edac/edac_mc.c#L521 |   %99 = getelementptr [22 x i8], [22 x i8]* @__func__.add_mc_to_global_list, i64 0, i64 0)
mci->pdev, edac_mc_add_mc_with_groups, i7300_init_one , ptr-sen-branch ( senapi: norm_branch)
mci->mod_name, edac_mc_add_mc_with_groups, i7300_init_one , ptr-sen-branch ( senapi: norm_branch)
n_layers, edac_mc_alloc, i7300_init_one , val-sen-api (kmalloc)
n_layers, edac_mc_alloc, i7300_init_one , val-sen-branch (norm_branch)
n_layers, edac_mc_alloc, i7300_init_one , num-arith ( memcpy )
layers, edac_mc_alloc, i7300_init_one , ptr-sen-api (memcpy)
sz_pvt, edac_mc_alloc, i7300_init_one , val-sen-branch (norm_branch)
sz_pvt, edac_mc_alloc, i7300_init_one , val-sen-api (kmalloc)
