[
  {
    "struct name": "device_attribute",
    "No.fields": 3,
    "No.classified fields": 2,
    "FUNC_PTR": 2
  }
]
[
  {
    "struct name": "device_driver",
    "No.fields": 16,
    "No.classified fields": 0
  }
]
[
  {
    "struct name": "completion",
    "No.fields": 2,
    "No.classified fields": 0
  }
]
[
  {
    "struct name": "platform_device",
    "No.fields": 10,
    "No.classified fields": 0
  }
]
[
  {
    "struct name": "attribute",
    "No.fields": 2,
    "No.classified fields": 2,
    "PTR_READ": 1,
    "UNCLASSIFY": 1
  },
  {
    "id": "2",
    "risky": "ptr-read",
    "acc_path": "attribute->name",
    "src": "https://gitlab.flux.utah.edu/xcap/xcap-capability-linux/-/blob/llvm_v4.8/drivers/base/core.c#L596",
    "dst": "https://gitlab.flux.utah.edu/xcap/xcap-capability-linux/-/blob/llvm_v4.8/drivers/base/core.c#L593",
    "drv caller (param)": "[ aem_register_sensors | https://gitlab.flux.utah.edu/xcap/xcap-capability-linux/-/blob/llvm_v4.8/drivers/hwmon/ibmaem.c#L968 ], ",
    "call path (param)": " [aem_register_sensors->device_create_file] ",
    "drv_update loc (shared field)": "[ (aem_register_sensors)https://gitlab.flux.utah.edu/xcap/xcap-capability-linux/-/blob/llvm_v4.8/drivers/hwmon/ibmaem.c#L950 ], [ (aem_register_sensors)https://gitlab.flux.utah.edu/xcap/xcap-capability-linux/-/blob/llvm_v4.8/drivers/hwmon/ibmaem.c#L958 ], [ (aem_register_sensors)https://gitlab.flux.utah.edu/xcap/xcap-capability-linux/-/blob/llvm_v4.8/drivers/hwmon/ibmaem.c#L933 ], [ (aem_register_sensors)https://gitlab.flux.utah.edu/xcap/xcap-capability-linux/-/blob/llvm_v4.8/drivers/hwmon/ibmaem.c#L940 ], ",
    "call path (type)": " [device_create_file] ",
    "cond_num": "0",
    "isControl": "1",
    "t_trace": "",
    "isTrue": "-",
    "atk_reason": "",
    "defense": ""
  }
]
[
  {
    "struct name": "device",
    "No.fields": 35,
    "No.classified fields": 1,
    "PTR_READ": 1,
    "PTR_WRITE": 1,
    "PTR_BUFFER": 1,
    "PTR_ARITH_BASE": 1
  },
  {
    "id": "4",
    "risky": "ptr-read",
    "acc_path": "device->driver",
    "src": "https://gitlab.flux.utah.edu/xcap/xcap-capability-linux/-/blob/llvm_v4.8/drivers/base/platform.c#L588",
    "dst": "https://gitlab.flux.utah.edu/xcap/xcap-capability-linux/-/blob/llvm_v4.8/drivers/base/platform.c#L593",
    "drv caller (param)": "",
    "call path (param)": "",
    "drv_update loc (shared field)": "[ (aem_init_aem2_inst)https://gitlab.flux.utah.edu/xcap/xcap-capability-linux/-/blob/llvm_v4.8/drivers/hwmon/ibmaem.c#L702 ], [ (aem_init_aem1_inst)https://gitlab.flux.utah.edu/xcap/xcap-capability-linux/-/blob/llvm_v4.8/drivers/hwmon/ibmaem.c#L562 ], ",
    "call path (type)": "",
    "cond_num": "1",
    "isControl": "1",
    "t_trace": "[ INST || DATA_DEF_USE || https://gitlab.flux.utah.edu/xcap/xcap-capability-linux/-/blob/llvm_v4.8/drivers/base/platform.c#L588 ] -> [ INST || UNKNOWN Edge Type || https://gitlab.flux.utah.edu/xcap/xcap-capability-linux/-/blob/llvm_v4.8/drivers/base/platform.c#L588 ] -> [ INST || DATA_DEF_USE || https://gitlab.flux.utah.edu/xcap/xcap-capability-linux/-/blob/llvm_v4.8/drivers/base/platform.c#L588 ] -> [ INST || DATA_DEF_USE || https://gitlab.flux.utah.edu/xcap/xcap-capability-linux/-/blob/llvm_v4.8/drivers/base/platform.c#L588 ] -> [ INST || DATA_DEF_USE || https://gitlab.flux.utah.edu/xcap/xcap-capability-linux/-/blob/llvm_v4.8/drivers/base/platform.c#L588 ] -> [ INST || DATA_ST || https://gitlab.flux.utah.edu/xcap/xcap-capability-linux/-/blob/llvm_v4.8/drivers/base/platform.c#L586 |   %5 = alloca %struct.platform_driver*, align 8 ] -> [ INST || DATA_DEF_USE || https://gitlab.flux.utah.edu/xcap/xcap-capability-linux/-/blob/llvm_v4.8/drivers/base/platform.c#L588 ] -> [ INST || UNKNOWN Edge Type || https://gitlab.flux.utah.edu/xcap/xcap-capability-linux/-/blob/llvm_v4.8/drivers/base/platform.c#L593 ] -> [ INST || DATA_DEF_USE || https://gitlab.flux.utah.edu/xcap/xcap-capability-linux/-/blob/llvm_v4.8/drivers/base/platform.c#L593 ] -> ",
    "isTrue": "-",
    "atk_reason": "",
    "defense": ""
  },
  {
    "id": "4",
    "risky": "ptr-write",
    "acc_path": "device->driver",
    "src": "https://gitlab.flux.utah.edu/xcap/xcap-capability-linux/-/blob/llvm_v4.8/drivers/base/platform.c#L588",
    "dst": "https://gitlab.flux.utah.edu/xcap/xcap-capability-linux/-/blob/llvm_v4.8/drivers/base/platform.c#L586 |   %4 = alloca %struct.device_driver*, align 8",
    "drv caller (param)": "",
    "call path (param)": "",
    "drv_update loc (shared field)": "[ (aem_init_aem2_inst)https://gitlab.flux.utah.edu/xcap/xcap-capability-linux/-/blob/llvm_v4.8/drivers/hwmon/ibmaem.c#L702 ], [ (aem_init_aem1_inst)https://gitlab.flux.utah.edu/xcap/xcap-capability-linux/-/blob/llvm_v4.8/drivers/hwmon/ibmaem.c#L562 ], ",
    "call path (type)": "",
    "cond_num": "0",
    "isControl": "1",
    "t_trace": "[ INST || DATA_DEF_USE || https://gitlab.flux.utah.edu/xcap/xcap-capability-linux/-/blob/llvm_v4.8/drivers/base/platform.c#L588 ] -> [ INST || DATA_ST || https://gitlab.flux.utah.edu/xcap/xcap-capability-linux/-/blob/llvm_v4.8/drivers/base/platform.c#L586 |   %4 = alloca %struct.device_driver*, align 8 ] -> ",
    "isTrue": "-",
    "atk_reason": "",
    "defense": ""
  },
  {
    "id": "4",
    "risky": "ptr-array",
    "acc_path": "device->driver",
    "src": "https://gitlab.flux.utah.edu/xcap/xcap-capability-linux/-/blob/llvm_v4.8/drivers/base/platform.c#L588",
    "dst": "https://gitlab.flux.utah.edu/xcap/xcap-capability-linux/-/blob/llvm_v4.8/drivers/base/platform.c#L588",
    "drv caller (param)": "",
    "call path (param)": "",
    "drv_update loc (shared field)": "[ (aem_init_aem2_inst)https://gitlab.flux.utah.edu/xcap/xcap-capability-linux/-/blob/llvm_v4.8/drivers/hwmon/ibmaem.c#L702 ], [ (aem_init_aem1_inst)https://gitlab.flux.utah.edu/xcap/xcap-capability-linux/-/blob/llvm_v4.8/drivers/hwmon/ibmaem.c#L562 ], ",
    "call path (type)": "",
    "cond_num": "0",
    "isControl": "1",
    "t_trace": "[ INST || DATA_DEF_USE || https://gitlab.flux.utah.edu/xcap/xcap-capability-linux/-/blob/llvm_v4.8/drivers/base/platform.c#L588 ] -> [ INST || UNKNOWN Edge Type || https://gitlab.flux.utah.edu/xcap/xcap-capability-linux/-/blob/llvm_v4.8/drivers/base/platform.c#L588 ] -> [ INST || DATA_DEF_USE || https://gitlab.flux.utah.edu/xcap/xcap-capability-linux/-/blob/llvm_v4.8/drivers/base/platform.c#L588 ] -> ",
    "isTrue": "-",
    "atk_reason": "",
    "defense": ""
  },
  {
    "id": "4",
    "risky": "ptr-arith",
    "acc_path": "device->driver",
    "src": "https://gitlab.flux.utah.edu/xcap/xcap-capability-linux/-/blob/llvm_v4.8/drivers/base/platform.c#L588",
    "dst": "https://gitlab.flux.utah.edu/xcap/xcap-capability-linux/-/blob/llvm_v4.8/drivers/base/platform.c#L588",
    "drv caller (param)": "",
    "call path (param)": "",
    "drv_update loc (shared field)": "[ (aem_init_aem2_inst)https://gitlab.flux.utah.edu/xcap/xcap-capability-linux/-/blob/llvm_v4.8/drivers/hwmon/ibmaem.c#L702 ], [ (aem_init_aem1_inst)https://gitlab.flux.utah.edu/xcap/xcap-capability-linux/-/blob/llvm_v4.8/drivers/hwmon/ibmaem.c#L562 ], ",
    "call path (type)": "",
    "cond_num": "0",
    "isControl": "1",
    "t_trace": "[ INST || DATA_DEF_USE || https://gitlab.flux.utah.edu/xcap/xcap-capability-linux/-/blob/llvm_v4.8/drivers/base/platform.c#L588 ] -> [ INST || UNKNOWN Edge Type || https://gitlab.flux.utah.edu/xcap/xcap-capability-linux/-/blob/llvm_v4.8/drivers/base/platform.c#L588 ] -> [ INST || DATA_DEF_USE || https://gitlab.flux.utah.edu/xcap/xcap-capability-linux/-/blob/llvm_v4.8/drivers/base/platform.c#L588 ] -> ",
    "isTrue": "-",
    "atk_reason": "",
    "defense": ""
  }
]
[
  {
    "struct name": "__wait_queue_head",
    "No.fields": 2,
    "No.classified fields": 0
  }
]
[
  {
    "struct name": "kmem_cache",
    "No.fields": 24,
    "No.classified fields": 0
  }
]
[
  {
    "struct name": "list_head",
    "No.fields": 2,
    "No.classified fields": 0
  }
]
