[]
[
  {
    "id": "15",
    "risky": "val-sen-api (kmalloc)",
    "acc_path": "sizeof_priv",
    "src": "https://gitlab.flux.utah.edu/xcap/xcap-capability-linux/-/blob/llvm_v4.8/net/ethernet/eth.c#L388",
    "dst": "https://gitlab.flux.utah.edu/xcap/xcap-capability-linux/-/blob/llvm_v4.8/./include/linux/slab.h#L415",
    "drv caller (param)": "[ gether_setup_name_default | https://gitlab.flux.utah.edu/xcap/xcap-capability-linux/-/blob/llvm_v4.8/drivers/usb/gadget/function/u_ether.c#L829 ], ",
    "call path (param)": " [gether_setup_name_default->alloc_etherdev_mqs->alloc_netdev_mqs->kzalloc.316] ",
    "cond_num": "14",
    "isControl": "0"
  },
  {
    "id": "15",
    "risky": "numeric-arith",
    "acc_path": "sizeof_priv",
    "src": "https://gitlab.flux.utah.edu/xcap/xcap-capability-linux/-/blob/llvm_v4.8/net/ethernet/eth.c#L388",
    "dst": "https://gitlab.flux.utah.edu/xcap/xcap-capability-linux/-/blob/llvm_v4.8/./include/linux/slab.h#L421",
    "drv caller (param)": "[ gether_setup_name_default | https://gitlab.flux.utah.edu/xcap/xcap-capability-linux/-/blob/llvm_v4.8/drivers/usb/gadget/function/u_ether.c#L829 ], ",
    "call path (param)": " [gether_setup_name_default->alloc_etherdev_mqs->alloc_netdev_mqs->kzalloc.316] ",
    "cond_num": "14",
    "isControl": "0"
  },
  {
    "id": "15",
    "risky": "val-sen-branch (kmalloc)",
    "acc_path": "sizeof_priv",
    "src": "https://gitlab.flux.utah.edu/xcap/xcap-capability-linux/-/blob/llvm_v4.8/net/ethernet/eth.c#L388",
    "dst": "https://gitlab.flux.utah.edu/xcap/xcap-capability-linux/-/blob/llvm_v4.8/./include/linux/slab.h#L289",
    "drv caller (param)": "[ gether_setup_name_default | https://gitlab.flux.utah.edu/xcap/xcap-capability-linux/-/blob/llvm_v4.8/drivers/usb/gadget/function/u_ether.c#L829 ], ",
    "call path (param)": " [gether_setup_name_default->alloc_etherdev_mqs->alloc_netdev_mqs->kzalloc.316] ",
    "cond_num": "13",
    "isControl": "0"
  }
]
[
  {
    "id": "16",
    "risky": "val-sen-branch (strcpy)",
    "acc_path": "txqs",
    "src": "https://gitlab.flux.utah.edu/xcap/xcap-capability-linux/-/blob/llvm_v4.8/net/ethernet/eth.c#L389",
    "dst": "https://gitlab.flux.utah.edu/xcap/xcap-capability-linux/-/blob/llvm_v4.8/net/core/dev.c#L7640",
    "drv caller (param)": "[ gether_setup_name_default | https://gitlab.flux.utah.edu/xcap/xcap-capability-linux/-/blob/llvm_v4.8/drivers/usb/gadget/function/u_ether.c#L829 ], ",
    "call path (param)": " [gether_setup_name_default->alloc_etherdev_mqs->alloc_netdev_mqs] ",
    "cond_num": "2",
    "isControl": "0"
  }
]
[
  {
    "id": "17",
    "risky": "val-sen-branch (strcpy)",
    "acc_path": "rxqs",
    "src": "https://gitlab.flux.utah.edu/xcap/xcap-capability-linux/-/blob/llvm_v4.8/net/ethernet/eth.c#L389",
    "dst": "https://gitlab.flux.utah.edu/xcap/xcap-capability-linux/-/blob/llvm_v4.8/net/core/dev.c#L7646",
    "drv caller (param)": "[ gether_setup_name_default | https://gitlab.flux.utah.edu/xcap/xcap-capability-linux/-/blob/llvm_v4.8/drivers/usb/gadget/function/u_ether.c#L829 ], ",
    "call path (param)": " [gether_setup_name_default->alloc_etherdev_mqs->alloc_netdev_mqs] ",
    "cond_num": "3",
    "isControl": "0"
  }
]
