[
  {
    "struct name": "kobject",
    "No.fields": 12,
    "No.classified fields": 0
  }
]
[
  {
    "struct name": "device_type",
    "No.fields": 6,
    "No.classified fields": 0
  }
]
[
  {
    "struct name": "work_struct",
    "No.fields": 3,
    "No.classified fields": 1,
    "FUNC_PTR": 1
  }
]
[
  {
    "struct name": "workqueue_struct",
    "No.fields": 21,
    "No.classified fields": 0
  }
]
[
  {
    "struct name": "device",
    "No.fields": 35,
    "No.classified fields": 2,
    "PTR_READ": 2,
    "PTR_WRITE": 2,
    "PTR_BUFFER": 1,
    "PTR_ARITH_BASE": 1,
    "CONTROL_SENB_RANCH": 1,
    "SEN_API": 1
  },
  {
    "id": "1",
    "risky": "ptr-write",
    "acc_path": "device->parent",
    "src": "https://gitlab.flux.utah.edu/xcap/xcap-capability-linux/-/blob/llvm_v4.8/net/core/dev.c#L8254",
    "dst": "https://gitlab.flux.utah.edu/xcap/xcap-capability-linux/-/blob/llvm_v4.8/net/core/dev.c#L8248 |   %4 = alloca %struct.device_driver*, align 8",
    "drv caller (param)": "",
    "call path (param)": "",
    "drv_update loc (shared field)": "[ (gether_set_gadget)https://gitlab.flux.utah.edu/xcap/xcap-capability-linux/-/blob/llvm_v4.8/drivers/usb/gadget/function/u_ether.c#L905 ], [ (gether_setup_name)https://gitlab.flux.utah.edu/xcap/xcap-capability-linux/-/blob/llvm_v4.8/drivers/usb/gadget/function/u_ether.c#L800 ], ",
    "call path (type)": "",
    "cond_num": "0",
    "isControl": "1",
    "t_trace": "[ INST || DATA_DEF_USE || https://gitlab.flux.utah.edu/xcap/xcap-capability-linux/-/blob/llvm_v4.8/net/core/dev.c#L8254 ] -> [ INST || UNKNOWN Edge Type || https://gitlab.flux.utah.edu/xcap/xcap-capability-linux/-/blob/llvm_v4.8/net/core/dev.c#L8258 ] -> [ INST || DATA_DEF_USE || https://gitlab.flux.utah.edu/xcap/xcap-capability-linux/-/blob/llvm_v4.8/net/core/dev.c#L8258 ] -> [ INST || DATA_DEF_USE || https://gitlab.flux.utah.edu/xcap/xcap-capability-linux/-/blob/llvm_v4.8/net/core/dev.c#L8258 ] -> [ INST || DATA_ST || https://gitlab.flux.utah.edu/xcap/xcap-capability-linux/-/blob/llvm_v4.8/net/core/dev.c#L8248 |   %4 = alloca %struct.device_driver*, align 8 ] -> ",
    "isTrue": "-",
    "atk_reason": "",
    "defense": ""
  },
  {
    "id": "1",
    "risky": "ptr-read",
    "acc_path": "device->parent",
    "src": "https://gitlab.flux.utah.edu/xcap/xcap-capability-linux/-/blob/llvm_v4.8/net/core/dev.c#L8254",
    "dst": "https://gitlab.flux.utah.edu/xcap/xcap-capability-linux/-/blob/llvm_v4.8/net/core/dev.c#L8258",
    "drv caller (param)": "",
    "call path (param)": "",
    "drv_update loc (shared field)": "[ (gether_set_gadget)https://gitlab.flux.utah.edu/xcap/xcap-capability-linux/-/blob/llvm_v4.8/drivers/usb/gadget/function/u_ether.c#L905 ], [ (gether_setup_name)https://gitlab.flux.utah.edu/xcap/xcap-capability-linux/-/blob/llvm_v4.8/drivers/usb/gadget/function/u_ether.c#L800 ], ",
    "call path (type)": "",
    "cond_num": "1",
    "isControl": "0"
  },
  {
    "id": "1",
    "risky": "ptr-sen-api (kobject_put)",
    "acc_path": "device->parent",
    "src": "https://gitlab.flux.utah.edu/xcap/xcap-capability-linux/-/blob/llvm_v4.8/drivers/base/core.c#L1234",
    "dst": "https://gitlab.flux.utah.edu/xcap/xcap-capability-linux/-/blob/llvm_v4.8/drivers/base/core.c#L1215",
    "drv caller (param)": "",
    "call path (param)": "",
    "drv_update loc (shared field)": "[ (gether_set_gadget)https://gitlab.flux.utah.edu/xcap/xcap-capability-linux/-/blob/llvm_v4.8/drivers/usb/gadget/function/u_ether.c#L905 ], [ (gether_setup_name)https://gitlab.flux.utah.edu/xcap/xcap-capability-linux/-/blob/llvm_v4.8/drivers/usb/gadget/function/u_ether.c#L800 ], ",
    "call path (type)": " [alloc_etherdev_mqs->alloc_netdev_mqs->free_netdev->put_device] ",
    "cond_num": "8",
    "isControl": "0"
  },
  {
    "id": "1",
    "risky": "ptr-sen-branch (kobject_put)",
    "acc_path": "device->parent",
    "src": "https://gitlab.flux.utah.edu/xcap/xcap-capability-linux/-/blob/llvm_v4.8/drivers/base/core.c#L1234",
    "dst": "https://gitlab.flux.utah.edu/xcap/xcap-capability-linux/-/blob/llvm_v4.8/drivers/base/core.c#L1214",
    "drv caller (param)": "",
    "call path (param)": "",
    "drv_update loc (shared field)": "[ (gether_set_gadget)https://gitlab.flux.utah.edu/xcap/xcap-capability-linux/-/blob/llvm_v4.8/drivers/usb/gadget/function/u_ether.c#L905 ], [ (gether_setup_name)https://gitlab.flux.utah.edu/xcap/xcap-capability-linux/-/blob/llvm_v4.8/drivers/usb/gadget/function/u_ether.c#L800 ], ",
    "call path (type)": " [alloc_etherdev_mqs->alloc_netdev_mqs->free_netdev->put_device] ",
    "cond_num": "7",
    "isControl": "0"
  },
  {
    "id": "1",
    "risky": "ptr-array",
    "acc_path": "device->parent",
    "src": "https://gitlab.flux.utah.edu/xcap/xcap-capability-linux/-/blob/llvm_v4.8/net/core/rtnetlink.c#L1014",
    "dst": "https://gitlab.flux.utah.edu/xcap/xcap-capability-linux/-/blob/llvm_v4.8/net/core/rtnetlink.c#L1014",
    "drv caller (param)": "",
    "call path (param)": "",
    "drv_update loc (shared field)": "[ (gether_set_gadget)https://gitlab.flux.utah.edu/xcap/xcap-capability-linux/-/blob/llvm_v4.8/drivers/usb/gadget/function/u_ether.c#L905 ], [ (gether_setup_name)https://gitlab.flux.utah.edu/xcap/xcap-capability-linux/-/blob/llvm_v4.8/drivers/usb/gadget/function/u_ether.c#L800 ], ",
    "call path (type)": " [unregister_netdev->unregister_netdevice->unregister_netdevice_queue->rollback_registered->rollback_registered_many->rtmsg_ifinfo_build_skb->rtnl_fill_ifinfo->rtnl_port_fill] ",
    "cond_num": "1",
    "isControl": "0"
  },
  {
    "id": "1",
    "risky": "ptr-arith",
    "acc_path": "device->parent",
    "src": "https://gitlab.flux.utah.edu/xcap/xcap-capability-linux/-/blob/llvm_v4.8/net/core/rtnetlink.c#L1014",
    "dst": "https://gitlab.flux.utah.edu/xcap/xcap-capability-linux/-/blob/llvm_v4.8/net/core/rtnetlink.c#L1014",
    "drv caller (param)": "",
    "call path (param)": "",
    "drv_update loc (shared field)": "[ (gether_set_gadget)https://gitlab.flux.utah.edu/xcap/xcap-capability-linux/-/blob/llvm_v4.8/drivers/usb/gadget/function/u_ether.c#L905 ], [ (gether_setup_name)https://gitlab.flux.utah.edu/xcap/xcap-capability-linux/-/blob/llvm_v4.8/drivers/usb/gadget/function/u_ether.c#L800 ], ",
    "call path (type)": " [unregister_netdev->unregister_netdevice->unregister_netdevice_queue->rollback_registered->rollback_registered_many->rtmsg_ifinfo_build_skb->rtnl_fill_ifinfo->rtnl_port_fill] ",
    "cond_num": "1",
    "isControl": "0"
  },
  {
    "id": "2",
    "risky": "ptr-read",
    "acc_path": "device->type",
    "src": "https://gitlab.flux.utah.edu/xcap/xcap-capability-linux/-/blob/llvm_v4.8/drivers/base/core.c#L472",
    "dst": "https://gitlab.flux.utah.edu/xcap/xcap-capability-linux/-/blob/llvm_v4.8/drivers/base/core.c#L472",
    "drv caller (param)": "",
    "call path (param)": "",
    "drv_update loc (shared field)": "[ (gether_setup_name)https://gitlab.flux.utah.edu/xcap/xcap-capability-linux/-/blob/llvm_v4.8/drivers/usb/gadget/function/u_ether.c#L801 ], [ (gether_setup_name_default)https://gitlab.flux.utah.edu/xcap/xcap-capability-linux/-/blob/llvm_v4.8/drivers/usb/gadget/function/u_ether.c#L855 ], ",
    "call path (type)": "",
    "cond_num": "0",
    "isControl": "1",
    "t_trace": "",
    "isTrue": "-",
    "atk_reason": "",
    "defense": ""
  },
  {
    "id": "2",
    "risky": "ptr-write",
    "acc_path": "device->type",
    "src": "https://gitlab.flux.utah.edu/xcap/xcap-capability-linux/-/blob/llvm_v4.8/drivers/base/core.c#L472",
    "dst": "https://gitlab.flux.utah.edu/xcap/xcap-capability-linux/-/blob/llvm_v4.8/drivers/base/core.c#L469 |   %5 = alloca %struct.device_type.91*, align 8",
    "drv caller (param)": "",
    "call path (param)": "",
    "drv_update loc (shared field)": "[ (gether_setup_name)https://gitlab.flux.utah.edu/xcap/xcap-capability-linux/-/blob/llvm_v4.8/drivers/usb/gadget/function/u_ether.c#L801 ], [ (gether_setup_name_default)https://gitlab.flux.utah.edu/xcap/xcap-capability-linux/-/blob/llvm_v4.8/drivers/usb/gadget/function/u_ether.c#L855 ], ",
    "call path (type)": "",
    "cond_num": "0",
    "isControl": "1",
    "t_trace": "[ INST || DATA_DEF_USE || https://gitlab.flux.utah.edu/xcap/xcap-capability-linux/-/blob/llvm_v4.8/drivers/base/core.c#L472 ] -> [ INST || DATA_ST || https://gitlab.flux.utah.edu/xcap/xcap-capability-linux/-/blob/llvm_v4.8/drivers/base/core.c#L469 |   %5 = alloca %struct.device_type.91*, align 8 ] -> ",
    "isTrue": "-",
    "atk_reason": "",
    "defense": ""
  }
]
[
  {
    "struct name": "ethtool_ops",
    "No.fields": 53,
    "No.classified fields": 0
  }
]
[
  {
    "struct name": "net_device_stats",
    "No.fields": 23,
    "No.classified fields": 0
  }
]
[
  {
    "struct name": "static_key",
    "No.fields": 3,
    "No.classified fields": 0
  }
]
[
  {
    "struct name": "sockaddr",
    "No.fields": 2,
    "No.classified fields": 1,
    "UNCLASSIFY": 1
  }
]
[
  {
    "struct name": "spinlock",
    "No.fields": 1,
    "No.classified fields": 0
  }
]
[
  {
    "struct name": "list_head",
    "No.fields": 2,
    "No.classified fields": 0
  }
]
[
  {
    "struct name": "sk_buff_head",
    "No.fields": 4,
    "No.classified fields": 0
  }
]
[
  {
    "struct name": "netdev_queue",
    "No.fields": 11,
    "No.classified fields": 0
  }
]
[
  {
    "struct name": "sk_buff",
    "No.fields": 66,
    "No.classified fields": 1,
    "ARR_IDX": 1,
    "NUM_ARITH": 1,
    "CONTROL_SENB_RANCH": 1
  },
  {
    "id": "4",
    "risky": "numeric-arith",
    "acc_path": "sk_buff->protocol",
    "src": "https://gitlab.flux.utah.edu/xcap/xcap-capability-linux/-/blob/llvm_v4.8/net/core/dev.c#L1892",
    "dst": "https://gitlab.flux.utah.edu/xcap/xcap-capability-linux/-/blob/llvm_v4.8/net/core/dev.c#L1892",
    "drv caller (param)": "",
    "call path (param)": "",
    "drv_update loc (shared field)": "[ (rx_complete)https://gitlab.flux.utah.edu/xcap/xcap-capability-linux/-/blob/llvm_v4.8/drivers/usb/gadget/function/u_ether.c#L299 ], ",
    "call path (type)": "",
    "cond_num": "0",
    "isControl": "1",
    "t_trace": "[ INST || DATA_DEF_USE || https://gitlab.flux.utah.edu/xcap/xcap-capability-linux/-/blob/llvm_v4.8/net/core/dev.c#L1892 ] -> [ INST || DATA_DEF_USE || https://gitlab.flux.utah.edu/xcap/xcap-capability-linux/-/blob/llvm_v4.8/net/core/dev.c#L1892 ] -> [ INST || DATA_DEF_USE || https://gitlab.flux.utah.edu/xcap/xcap-capability-linux/-/blob/llvm_v4.8/net/core/dev.c#L1892 ] -> ",
    "isTrue": "-",
    "atk_reason": "",
    "defense": ""
  },
  {
    "id": "4",
    "risky": "val-sen-branch (memcpy)",
    "acc_path": "sk_buff->protocol",
    "src": "https://gitlab.flux.utah.edu/xcap/xcap-capability-linux/-/blob/llvm_v4.8/net/core/dev.c#L4142",
    "dst": "https://gitlab.flux.utah.edu/xcap/xcap-capability-linux/-/blob/llvm_v4.8/net/core/dev.c#L4142",
    "drv caller (param)": "",
    "call path (param)": "",
    "drv_update loc (shared field)": "[ (rx_complete)https://gitlab.flux.utah.edu/xcap/xcap-capability-linux/-/blob/llvm_v4.8/drivers/usb/gadget/function/u_ether.c#L299 ], ",
    "call path (type)": "",
    "cond_num": "0",
    "isControl": "1",
    "t_trace": "[ INST || DATA_DEF_USE || https://gitlab.flux.utah.edu/xcap/xcap-capability-linux/-/blob/llvm_v4.8/net/core/dev.c#L4142 ] -> [ INST || DATA_DEF_USE || https://gitlab.flux.utah.edu/xcap/xcap-capability-linux/-/blob/llvm_v4.8/net/core/dev.c#L4142 ] -> ",
    "isTrue": "-",
    "atk_reason": "",
    "defense": ""
  },
  {
    "id": "4",
    "risky": "arr-idx",
    "acc_path": "sk_buff->protocol",
    "src": "https://gitlab.flux.utah.edu/xcap/xcap-capability-linux/-/blob/llvm_v4.8/net/core/dev.c#L4230",
    "dst": "https://gitlab.flux.utah.edu/xcap/xcap-capability-linux/-/blob/llvm_v4.8/net/core/dev.c#L4235",
    "drv caller (param)": "",
    "call path (param)": "",
    "drv_update loc (shared field)": "[ (rx_complete)https://gitlab.flux.utah.edu/xcap/xcap-capability-linux/-/blob/llvm_v4.8/drivers/usb/gadget/function/u_ether.c#L299 ], ",
    "call path (type)": "",
    "cond_num": "2",
    "isControl": "0"
  }
]
[
  {
    "struct name": "net_device_ops",
    "No.fields": 62,
    "No.classified fields": 6,
    "FUNC_PTR": 6
  }
]
[
  {
    "struct name": "net_device",
    "No.fields": 114,
    "No.classified fields": 3,
    "PTR_READ": 2,
    "PTR_WRITE": 1,
    "NUM_ARITH": 1,
    "CONTROL_SENB_RANCH": 2
  },
  {
    "id": "11",
    "risky": "ptr-read",
    "acc_path": "net_device->netdev_ops",
    "src": "https://gitlab.flux.utah.edu/xcap/xcap-capability-linux/-/blob/llvm_v4.8/net/sched/sch_generic.c#L317",
    "dst": "https://gitlab.flux.utah.edu/xcap/xcap-capability-linux/-/blob/llvm_v4.8/net/sched/sch_generic.c#L317",
    "drv_update loc (shared field)": "[ (gether_setup_name)https://gitlab.flux.utah.edu/xcap/xcap-capability-linux/-/blob/llvm_v4.8/drivers/usb/gadget/function/u_ether.c#L795 ], [ (gether_setup_name_default)https://gitlab.flux.utah.edu/xcap/xcap-capability-linux/-/blob/llvm_v4.8/drivers/usb/gadget/function/u_ether.c#L852 ], ",
    "call path (type)": "",
    "cond_num": "0",
    "isControl": "1",
    "t_trace": "[ INST || DATA_DEF_USE || https://gitlab.flux.utah.edu/xcap/xcap-capability-linux/-/blob/llvm_v4.8/net/sched/sch_generic.c#L317 ] -> [ INST || DATA_DEF_USE || https://gitlab.flux.utah.edu/xcap/xcap-capability-linux/-/blob/llvm_v4.8/net/sched/sch_generic.c#L317 ] -> ",
    "isTrue": "-",
    "atk_reason": "",
    "defense": ""
  },
  {
    "id": "11",
    "risky": "ptr-sen-branch (memcpy)",
    "acc_path": "net_device->netdev_ops",
    "src": "https://gitlab.flux.utah.edu/xcap/xcap-capability-linux/-/blob/llvm_v4.8/net/core/dev.c#L7182",
    "dst": "https://gitlab.flux.utah.edu/xcap/xcap-capability-linux/-/blob/llvm_v4.8/net/core/dev.c#L7182",
    "drv caller (param)": "",
    "call path (param)": "",
    "drv_update loc (shared field)": "[ (gether_setup_name)https://gitlab.flux.utah.edu/xcap/xcap-capability-linux/-/blob/llvm_v4.8/drivers/usb/gadget/function/u_ether.c#L795 ], [ (gether_setup_name_default)https://gitlab.flux.utah.edu/xcap/xcap-capability-linux/-/blob/llvm_v4.8/drivers/usb/gadget/function/u_ether.c#L852 ], ",
    "call path (type)": " [register_netdev->register_netdevice] ",
    "cond_num": "0",
    "isControl": "1",
    "t_trace": "[ INST || DATA_DEF_USE || https://gitlab.flux.utah.edu/xcap/xcap-capability-linux/-/blob/llvm_v4.8/net/core/dev.c#L7182 ] -> [ INST || DATA_DEF_USE || https://gitlab.flux.utah.edu/xcap/xcap-capability-linux/-/blob/llvm_v4.8/net/core/dev.c#L7182 ] -> [ INST || DATA_DEF_USE || https://gitlab.flux.utah.edu/xcap/xcap-capability-linux/-/blob/llvm_v4.8/net/core/dev.c#L7182 ] -> ",
    "isTrue": "-",
    "atk_reason": "",
    "defense": ""
  },
  {
    "id": "11",
    "risky": "ptr-write",
    "acc_path": "net_device->netdev_ops",
    "src": "https://gitlab.flux.utah.edu/xcap/xcap-capability-linux/-/blob/llvm_v4.8/net/core/dev.c#L6673",
    "dst": "https://gitlab.flux.utah.edu/xcap/xcap-capability-linux/-/blob/llvm_v4.8/net/core/dev.c#L6671 |   %6 = alloca %struct.net_device_ops*, align 8",
    "drv caller (param)": "",
    "call path (param)": "",
    "drv_update loc (shared field)": "[ (gether_setup_name)https://gitlab.flux.utah.edu/xcap/xcap-capability-linux/-/blob/llvm_v4.8/drivers/usb/gadget/function/u_ether.c#L795 ], [ (gether_setup_name_default)https://gitlab.flux.utah.edu/xcap/xcap-capability-linux/-/blob/llvm_v4.8/drivers/usb/gadget/function/u_ether.c#L852 ], ",
    "call path (type)": "",
    "cond_num": "0",
    "isControl": "1",
    "t_trace": "[ INST || DATA_DEF_USE || https://gitlab.flux.utah.edu/xcap/xcap-capability-linux/-/blob/llvm_v4.8/net/core/dev.c#L6673 ] -> [ INST || DATA_ST || https://gitlab.flux.utah.edu/xcap/xcap-capability-linux/-/blob/llvm_v4.8/net/core/dev.c#L6671 |   %6 = alloca %struct.net_device_ops*, align 8 ] -> ",
    "isTrue": "-",
    "atk_reason": "",
    "defense": ""
  },
  {
    "id": "12",
    "risky": "ptr-read",
    "acc_path": "net_device->ethtool_ops",
    "src": "https://gitlab.flux.utah.edu/xcap/xcap-capability-linux/-/blob/llvm_v4.8/net/core/dev.c#L7851",
    "dst": "https://gitlab.flux.utah.edu/xcap/xcap-capability-linux/-/blob/llvm_v4.8/net/core/dev.c#L7851",
    "drv caller (param)": "",
    "call path (param)": "",
    "drv_update loc (shared field)": "[ (gether_setup_name)https://gitlab.flux.utah.edu/xcap/xcap-capability-linux/-/blob/llvm_v4.8/drivers/usb/gadget/function/u_ether.c#L797 ], [ (gether_setup_name_default)https://gitlab.flux.utah.edu/xcap/xcap-capability-linux/-/blob/llvm_v4.8/drivers/usb/gadget/function/u_ether.c#L854 ], ",
    "call path (type)": "",
    "cond_num": "0",
    "isControl": "1",
    "t_trace": "",
    "isTrue": "-",
    "atk_reason": "",
    "defense": ""
  },
  {
    "id": "12",
    "risky": "ptr-sen-branch (memset)",
    "acc_path": "net_device->ethtool_ops",
    "src": "https://gitlab.flux.utah.edu/xcap/xcap-capability-linux/-/blob/llvm_v4.8/net/core/ethtool.c#L563",
    "dst": "https://gitlab.flux.utah.edu/xcap/xcap-capability-linux/-/blob/llvm_v4.8/net/core/ethtool.c#L563",
    "drv caller (param)": "",
    "call path (param)": "",
    "drv_update loc (shared field)": "[ (gether_setup_name)https://gitlab.flux.utah.edu/xcap/xcap-capability-linux/-/blob/llvm_v4.8/drivers/usb/gadget/function/u_ether.c#L797 ], [ (gether_setup_name_default)https://gitlab.flux.utah.edu/xcap/xcap-capability-linux/-/blob/llvm_v4.8/drivers/usb/gadget/function/u_ether.c#L854 ], ",
    "call path (type)": "",
    "cond_num": "0",
    "isControl": "1",
    "t_trace": "[ INST || DATA_DEF_USE || https://gitlab.flux.utah.edu/xcap/xcap-capability-linux/-/blob/llvm_v4.8/net/core/ethtool.c#L563 ] -> [ INST || DATA_DEF_USE || https://gitlab.flux.utah.edu/xcap/xcap-capability-linux/-/blob/llvm_v4.8/net/core/ethtool.c#L563 ] -> [ INST || DATA_DEF_USE || https://gitlab.flux.utah.edu/xcap/xcap-capability-linux/-/blob/llvm_v4.8/net/core/ethtool.c#L563 ] -> ",
    "isTrue": "-",
    "atk_reason": "",
    "defense": ""
  },
  {
    "id": "13",
    "risky": "numeric-arith",
    "acc_path": "net_device->mtu",
    "src": "https://gitlab.flux.utah.edu/xcap/xcap-capability-linux/-/blob/llvm_v4.8/net/core/dev.c#L1753",
    "dst": "https://gitlab.flux.utah.edu/xcap/xcap-capability-linux/-/blob/llvm_v4.8/net/core/dev.c#L1753",
    "drv caller (param)": "",
    "call path (param)": "",
    "drv_update loc (shared field)": "[ (ueth_change_mtu)https://gitlab.flux.utah.edu/xcap/xcap-capability-linux/-/blob/llvm_v4.8/drivers/usb/gadget/function/u_ether.c#L148 ], ",
    "call path (type)": "",
    "cond_num": "0",
    "isControl": "1",
    "t_trace": "[ INST || DATA_DEF_USE || https://gitlab.flux.utah.edu/xcap/xcap-capability-linux/-/blob/llvm_v4.8/net/core/dev.c#L1753 ] -> [ INST || DATA_DEF_USE || https://gitlab.flux.utah.edu/xcap/xcap-capability-linux/-/blob/llvm_v4.8/net/core/dev.c#L1753 ] -> ",
    "isTrue": "-",
    "atk_reason": "",
    "defense": ""
  }
]
