[
  {
    "struct name": "attribute",
    "No.fields": 2,
    "No.classified fields": 2,
    "PTR_READ": 1,
    "PTR_WRITE": 1,
    "UNCLASSIFY": 1
  },
  {
    "id": "0",
    "risky": "ptr-read",
    "acc_path": "attribute->name",
    "src": "https://gitlab.flux.utah.edu/xcap/xcap-capability-linux/-/blob/llvm_v4.8/fs/sysfs/file.c#L309",
    "dst": "https://gitlab.flux.utah.edu/xcap/xcap-capability-linux/-/blob/llvm_v4.8/fs/sysfs/file.c#L293",
    "drv caller (param)": "",
    "call path (param)": "",
    "drv_update loc (shared field)": "[ (register_attrs)https://gitlab.flux.utah.edu/xcap/xcap-capability-linux/-/blob/llvm_v4.8/drivers/hwmon/acpi_power_meter.c#L639 ], [ (register_attrs)https://gitlab.flux.utah.edu/xcap/xcap-capability-linux/-/blob/llvm_v4.8/drivers/hwmon/acpi_power_meter.c#L652 ], ",
    "call path (type)": " [kobject_create_and_add->kobject_add->kobject_add_varg->kobject_add_internal->create_dir->populate_dir->sysfs_create_file.563->sysfs_create_file_ns->sysfs_add_file_mode_ns] ",
    "cond_num": "0",
    "isControl": "1",
    "t_trace": "",
    "isTrue": "-",
    "atk_reason": "",
    "defense": ""
  },
  {
    "id": "0",
    "risky": "ptr-write",
    "acc_path": "attribute->name",
    "src": "https://gitlab.flux.utah.edu/xcap/xcap-capability-linux/-/blob/llvm_v4.8/fs/sysfs/file.c#L309",
    "dst": "https://gitlab.flux.utah.edu/xcap/xcap-capability-linux/-/blob/llvm_v4.8/fs/sysfs/file.c#L246 |   %15 = alloca i64, align 8",
    "drv caller (param)": "",
    "call path (param)": "",
    "drv_update loc (shared field)": "[ (register_attrs)https://gitlab.flux.utah.edu/xcap/xcap-capability-linux/-/blob/llvm_v4.8/drivers/hwmon/acpi_power_meter.c#L639 ], [ (register_attrs)https://gitlab.flux.utah.edu/xcap/xcap-capability-linux/-/blob/llvm_v4.8/drivers/hwmon/acpi_power_meter.c#L652 ], ",
    "call path (type)": " [kobject_create_and_add->kobject_add->kobject_add_varg->kobject_add_internal->create_dir->populate_dir->sysfs_create_file.563->sysfs_create_file_ns->sysfs_add_file_mode_ns] ",
    "cond_num": "0",
    "isControl": "1",
    "t_trace": "",
    "isTrue": "-",
    "atk_reason": "",
    "defense": ""
  }
]
[
  {
    "struct name": "kobject",
    "No.fields": 12,
    "No.classified fields": 0
  }
]
[
  {
    "struct name": "device_attribute",
    "No.fields": 3,
    "No.classified fields": 2,
    "FUNC_PTR": 2
  }
]
[
  {
    "struct name": "device",
    "No.fields": 35,
    "No.classified fields": 0
  }
]
[
  {
    "struct name": "mutex",
    "No.fields": 5,
    "No.classified fields": 0
  }
]
[
  {
    "struct name": "acpi_device",
    "No.fields": 27,
    "No.classified fields": 0
  }
]
[
  {
    "struct name": "acpi_device_pnp",
    "No.fields": 8,
    "No.classified fields": 0
  }
]
[
  {
    "struct name": "kmem_cache",
    "No.fields": 24,
    "No.classified fields": 0
  }
]
[
  {
    "struct name": "acpi_buffer",
    "No.fields": 2,
    "No.classified fields": 2,
    "PTR_READ": 1,
    "PTR_WRITE": 1,
    "PTR_BUFFER": 1,
    "PTR_ARITH_BASE": 1,
    "NUM_ARITH": 1,
    "CONTROL_SENB_RANCH": 2,
    "SEN_API": 1
  },
  {
    "id": "4",
    "risky": "numeric-arith",
    "acc_path": "acpi_buffer->length",
    "src": "https://gitlab.flux.utah.edu/xcap/xcap-capability-linux/-/blob/llvm_v4.8/drivers/acpi/utils.c#L83",
    "dst": "https://gitlab.flux.utah.edu/xcap/xcap-capability-linux/-/blob/llvm_v4.8/drivers/acpi/utils.c#L83",
    "drv caller (param)": "[ read_capabilities | https://gitlab.flux.utah.edu/xcap/xcap-capability-linux/-/blob/llvm_v4.8/drivers/hwmon/acpi_power_meter.c#L773 ], ",
    "call path (param)": " [read_capabilities->acpi_extract_package] ",
    "drv_update loc (shared field)": "[ (read_capabilities)https://gitlab.flux.utah.edu/xcap/xcap-capability-linux/-/blob/llvm_v4.8/drivers/hwmon/acpi_power_meter.c#L770 ], ",
    "call path (type)": " [acpi_extract_package] ",
    "cond_num": "0",
    "isControl": "1",
    "t_trace": "[ INST || DATA_DEF_USE || https://gitlab.flux.utah.edu/xcap/xcap-capability-linux/-/blob/llvm_v4.8/drivers/acpi/utils.c#L83 ] -> [ INST || DATA_DEF_USE || https://gitlab.flux.utah.edu/xcap/xcap-capability-linux/-/blob/llvm_v4.8/drivers/acpi/utils.c#L83 ] -> ",
    "isTrue": "-",
    "atk_reason": "",
    "defense": ""
  },
  {
    "id": "4",
    "risky": "val-sen-branch (memcpy)",
    "acc_path": "acpi_buffer->length",
    "src": "https://gitlab.flux.utah.edu/xcap/xcap-capability-linux/-/blob/llvm_v4.8/drivers/acpi/utils.c#L83",
    "dst": "https://gitlab.flux.utah.edu/xcap/xcap-capability-linux/-/blob/llvm_v4.8/drivers/acpi/utils.c#L199",
    "drv caller (param)": "[ read_capabilities | https://gitlab.flux.utah.edu/xcap/xcap-capability-linux/-/blob/llvm_v4.8/drivers/hwmon/acpi_power_meter.c#L773 ], ",
    "call path (param)": " [read_capabilities->acpi_extract_package] ",
    "drv_update loc (shared field)": "[ (read_capabilities)https://gitlab.flux.utah.edu/xcap/xcap-capability-linux/-/blob/llvm_v4.8/drivers/hwmon/acpi_power_meter.c#L770 ], ",
    "call path (type)": " [acpi_extract_package] ",
    "cond_num": "2",
    "isControl": "0"
  },
  {
    "id": "5",
    "risky": "ptr-read",
    "acc_path": "acpi_buffer->pointer",
    "src": "https://gitlab.flux.utah.edu/xcap/xcap-capability-linux/-/blob/llvm_v4.8/drivers/acpi/utils.c#L339",
    "dst": "https://gitlab.flux.utah.edu/xcap/xcap-capability-linux/-/blob/llvm_v4.8/drivers/acpi/utils.c#L381",
    "drv_update loc (shared field)": "[ (read_capabilities)https://gitlab.flux.utah.edu/xcap/xcap-capability-linux/-/blob/llvm_v4.8/drivers/hwmon/acpi_power_meter.c#L771 ], ",
    "call path (type)": "",
    "cond_num": "8",
    "isControl": "0"
  },
  {
    "id": "5",
    "risky": "ptr-sen-branch (kfree)",
    "acc_path": "acpi_buffer->pointer",
    "src": "https://gitlab.flux.utah.edu/xcap/xcap-capability-linux/-/blob/llvm_v4.8/drivers/acpi/utils.c#L339",
    "dst": "https://gitlab.flux.utah.edu/xcap/xcap-capability-linux/-/blob/llvm_v4.8/drivers/acpi/utils.c#L357",
    "drv_update loc (shared field)": "[ (read_capabilities)https://gitlab.flux.utah.edu/xcap/xcap-capability-linux/-/blob/llvm_v4.8/drivers/hwmon/acpi_power_meter.c#L771 ], ",
    "call path (type)": "",
    "cond_num": "4",
    "isControl": "0"
  },
  {
    "id": "5",
    "risky": "ptr-sen-api (kfree)",
    "acc_path": "acpi_buffer->pointer",
    "src": "https://gitlab.flux.utah.edu/xcap/xcap-capability-linux/-/blob/llvm_v4.8/drivers/acpi/utils.c#L339",
    "dst": "https://gitlab.flux.utah.edu/xcap/xcap-capability-linux/-/blob/llvm_v4.8/drivers/acpi/utils.c#L392",
    "drv_update loc (shared field)": "[ (read_capabilities)https://gitlab.flux.utah.edu/xcap/xcap-capability-linux/-/blob/llvm_v4.8/drivers/hwmon/acpi_power_meter.c#L771 ], ",
    "call path (type)": "",
    "cond_num": "2",
    "isControl": "0"
  },
  {
    "id": "5",
    "risky": "ptr-write",
    "acc_path": "acpi_buffer->pointer",
    "src": "https://gitlab.flux.utah.edu/xcap/xcap-capability-linux/-/blob/llvm_v4.8/drivers/acpi/scan.c#L1212",
    "dst": "https://gitlab.flux.utah.edu/xcap/xcap-capability-linux/-/blob/llvm_v4.8/drivers/acpi/scan.c#L1205",
    "drv_update loc (shared field)": "[ (read_capabilities)https://gitlab.flux.utah.edu/xcap/xcap-capability-linux/-/blob/llvm_v4.8/drivers/hwmon/acpi_power_meter.c#L771 ], ",
    "call path (type)": "",
    "cond_num": "0",
    "isControl": "1",
    "t_trace": "",
    "isTrue": "-",
    "atk_reason": "",
    "defense": ""
  },
  {
    "id": "5",
    "risky": "ptr-array",
    "acc_path": "acpi_buffer->pointer",
    "src": "https://gitlab.flux.utah.edu/xcap/xcap-capability-linux/-/blob/llvm_v4.8/drivers/acpi/bus.c#L245",
    "dst": "https://gitlab.flux.utah.edu/xcap/xcap-capability-linux/-/blob/llvm_v4.8/drivers/acpi/bus.c#L275",
    "drv caller (param)": "",
    "call path (param)": "",
    "drv_update loc (shared field)": "[ (read_capabilities)https://gitlab.flux.utah.edu/xcap/xcap-capability-linux/-/blob/llvm_v4.8/drivers/hwmon/acpi_power_meter.c#L771 ], ",
    "call path (type)": "",
    "cond_num": "4",
    "isControl": "0"
  },
  {
    "id": "5",
    "risky": "ptr-arith",
    "acc_path": "acpi_buffer->pointer",
    "src": "https://gitlab.flux.utah.edu/xcap/xcap-capability-linux/-/blob/llvm_v4.8/drivers/acpi/bus.c#L245",
    "dst": "https://gitlab.flux.utah.edu/xcap/xcap-capability-linux/-/blob/llvm_v4.8/drivers/acpi/bus.c#L275",
    "drv caller (param)": "",
    "call path (param)": "",
    "drv_update loc (shared field)": "[ (read_capabilities)https://gitlab.flux.utah.edu/xcap/xcap-capability-linux/-/blob/llvm_v4.8/drivers/hwmon/acpi_power_meter.c#L771 ], ",
    "call path (type)": "",
    "cond_num": "4",
    "isControl": "0"
  }
]
[
  {
    "struct name": "acpi_object_list",
    "No.fields": 2,
    "No.classified fields": 2,
    "PTR_READ": 1,
    "UNCLASSIFY": 1
  },
  {
    "id": "7",
    "risky": "ptr-read",
    "acc_path": "acpi_object_list->pointer",
    "src": "https://gitlab.flux.utah.edu/xcap/xcap-capability-linux/-/blob/llvm_v4.8/drivers/acpi/acpica/nsxfeval.c#L272",
    "dst": "https://gitlab.flux.utah.edu/xcap/xcap-capability-linux/-/blob/llvm_v4.8/drivers/acpi/acpica/nsxfeval.c#L272",
    "drv caller (param)": "[ read_domain_devices | https://gitlab.flux.utah.edu/xcap/xcap-capability-linux/-/blob/llvm_v4.8/drivers/hwmon/acpi_power_meter.c#L559 ], ",
    "call path (param)": " [read_domain_devices->acpi_evaluate_object] ",
    "drv_update loc (shared field)": "[ (set_avg_interval)https://gitlab.flux.utah.edu/xcap/xcap-capability-linux/-/blob/llvm_v4.8/drivers/hwmon/acpi_power_meter.c#L159 ], [ (set_cap)https://gitlab.flux.utah.edu/xcap/xcap-capability-linux/-/blob/llvm_v4.8/drivers/hwmon/acpi_power_meter.c#L230 ], [ (set_acpi_trip)https://gitlab.flux.utah.edu/xcap/xcap-capability-linux/-/blob/llvm_v4.8/drivers/hwmon/acpi_power_meter.c#L271 ], ",
    "call path (type)": " [acpi_evaluate_integer->acpi_evaluate_object] ",
    "cond_num": "0",
    "isControl": "1",
    "t_trace": "",
    "isTrue": "-",
    "atk_reason": "",
    "defense": ""
  }
]
