[
  {
    "struct name": "hrtimer",
    "No.fields": 6,
    "No.classified fields": 0
  }
]
[
  {
    "struct name": "config_group",
    "No.fields": 5,
    "No.classified fields": 0
  }
]
[
  {
    "struct name": "config_item",
    "No.fields": 8,
    "No.classified fields": 0
  }
]
[
  {
    "struct name": "tasklet_struct",
    "No.fields": 5,
    "No.classified fields": 0
  }
]
[
  {
    "struct name": "spinlock",
    "No.fields": 1,
    "No.classified fields": 0
  }
]
[
  {
    "struct name": "device",
    "No.fields": 35,
    "No.classified fields": 0
  }
]
[
  {
    "struct name": "net_device_ops",
    "No.fields": 62,
    "No.classified fields": 0
  }
]
[
  {
    "struct name": "net_device_stats",
    "No.fields": 23,
    "No.classified fields": 0
  }
]
[
  {
    "struct name": "net_device",
    "No.fields": 114,
    "No.classified fields": 0
  }
]
[
  {
    "struct name": "static_key",
    "No.fields": 3,
    "No.classified fields": 0
  }
]
[
  {
    "struct name": "sk_buff",
    "No.fields": 66,
    "No.classified fields": 0
  }
]
[
  {
    "struct name": "sk_buff_head",
    "No.fields": 4,
    "No.classified fields": 0
  }
]
[
  {
    "struct name": "kmem_cache",
    "No.fields": 0,
    "No.classified fields": 0
  }
]
