[
  {
    "struct name": "dma_map_ops",
    "No.fields": 16,
    "No.classified fields": 0
  }
]
[
  {
    "struct name": "spinlock",
    "No.fields": 1,
    "No.classified fields": 0
  }
]
[
  {
    "struct name": "kobject",
    "No.fields": 12,
    "No.classified fields": 0
  }
]
[
  {
    "struct name": "device_node",
    "No.fields": 13,
    "No.classified fields": 0
  }
]
[
  {
    "struct name": "device",
    "No.fields": 35,
    "No.classified fields": 1,
    "PTR_READ": 1,
    "PTR_WRITE": 1,
    "CONTROL_SENB_RANCH": 1,
    "SEN_API": 1
  },
  {
    "id": "0",
    "risky": "ptr-sen-api (kfree)",
    "acc_path": "device->dma_mask",
    "src": "https://gitlab.flux.utah.edu/xcap/xcap-capability-linux/-/blob/llvm_v4.8/drivers/base/platform.c#L540",
    "dst": "https://gitlab.flux.utah.edu/xcap/xcap-capability-linux/-/blob/llvm_v4.8/drivers/base/platform.c#L540",
    "drv caller (param)": "",
    "call path (param)": "",
    "drv_update loc (shared field)": "[ (dwc3_probe)https://gitlab.flux.utah.edu/xcap/xcap-capability-linux/-/blob/llvm_v4.8/drivers/usb/dwc3/core.c#L953 ], ",
    "call path (type)": "",
    "cond_num": "0",
    "isControl": "1",
    "t_trace": "[ INST || DATA_DEF_USE || https://gitlab.flux.utah.edu/xcap/xcap-capability-linux/-/blob/llvm_v4.8/drivers/base/platform.c#L540 ] -> [ INST || DATA_DEF_USE || https://gitlab.flux.utah.edu/xcap/xcap-capability-linux/-/blob/llvm_v4.8/drivers/base/platform.c#L540 ] -> ",
    "isTrue": "-",
    "atk_reason": "",
    "defense": ""
  },
  {
    "id": "0",
    "risky": "ptr-read",
    "acc_path": "device->dma_mask",
    "src": "https://gitlab.flux.utah.edu/xcap/xcap-capability-linux/-/blob/llvm_v4.8/drivers/base/platform.c#L540",
    "dst": "https://gitlab.flux.utah.edu/xcap/xcap-capability-linux/-/blob/llvm_v4.8/drivers/base/platform.c#L540",
    "drv caller (param)": "",
    "call path (param)": "",
    "drv_update loc (shared field)": "[ (dwc3_probe)https://gitlab.flux.utah.edu/xcap/xcap-capability-linux/-/blob/llvm_v4.8/drivers/usb/dwc3/core.c#L953 ], ",
    "call path (type)": "",
    "cond_num": "0",
    "isControl": "1",
    "t_trace": "",
    "isTrue": "-",
    "atk_reason": "",
    "defense": ""
  },
  {
    "id": "0",
    "risky": "ptr-sen-branch (kfree)",
    "acc_path": "device->dma_mask",
    "src": "https://gitlab.flux.utah.edu/xcap/xcap-capability-linux/-/blob/llvm_v4.8/drivers/base/platform.c#L512",
    "dst": "https://gitlab.flux.utah.edu/xcap/xcap-capability-linux/-/blob/llvm_v4.8/drivers/base/platform.c#L512",
    "drv caller (param)": "",
    "call path (param)": "",
    "drv_update loc (shared field)": "[ (dwc3_probe)https://gitlab.flux.utah.edu/xcap/xcap-capability-linux/-/blob/llvm_v4.8/drivers/usb/dwc3/core.c#L953 ], ",
    "call path (type)": "",
    "cond_num": "0",
    "isControl": "1",
    "t_trace": "[ INST || DATA_DEF_USE || https://gitlab.flux.utah.edu/xcap/xcap-capability-linux/-/blob/llvm_v4.8/drivers/base/platform.c#L512 ] -> ",
    "isTrue": "-",
    "atk_reason": "",
    "defense": ""
  },
  {
    "id": "0",
    "risky": "ptr-write",
    "acc_path": "device->dma_mask",
    "src": "https://gitlab.flux.utah.edu/xcap/xcap-capability-linux/-/blob/llvm_v4.8/drivers/base/platform.c#L515",
    "dst": "https://gitlab.flux.utah.edu/xcap/xcap-capability-linux/-/blob/llvm_v4.8/drivers/base/platform.c#L515",
    "drv caller (param)": "",
    "call path (param)": "",
    "drv_update loc (shared field)": "[ (dwc3_probe)https://gitlab.flux.utah.edu/xcap/xcap-capability-linux/-/blob/llvm_v4.8/drivers/usb/dwc3/core.c#L953 ], ",
    "call path (type)": "",
    "cond_num": "0",
    "isControl": "1",
    "t_trace": "[ INST || DATA_DEF_USE || https://gitlab.flux.utah.edu/xcap/xcap-capability-linux/-/blob/llvm_v4.8/drivers/base/platform.c#L515 ] -> ",
    "isTrue": "-",
    "atk_reason": "",
    "defense": ""
  }
]
[
  {
    "struct name": "resource",
    "No.fields": 8,
    "No.classified fields": 3,
    "PTR_READ": 1,
    "UNCLASSIFY": 2
  },
  {
    "id": "2",
    "risky": "ptr-read",
    "acc_path": "resource->name",
    "src": "https://gitlab.flux.utah.edu/xcap/xcap-capability-linux/-/blob/llvm_v4.8/lib/devres.c#L148",
    "dst": "https://gitlab.flux.utah.edu/xcap/xcap-capability-linux/-/blob/llvm_v4.8/lib/devres.c#L148",
    "drv caller (param)": "[ dwc3_probe | https://gitlab.flux.utah.edu/xcap/xcap-capability-linux/-/blob/llvm_v4.8/drivers/usb/dwc3/core.c#L868 ], ",
    "call path (param)": " [dwc3_probe->devm_ioremap_resource] ",
    "drv_update loc (shared field)": "[ (dwc3_probe)https://gitlab.flux.utah.edu/xcap/xcap-capability-linux/-/blob/llvm_v4.8/drivers/usb/dwc3/core.c#L860 ], ",
    "call path (type)": " [devm_ioremap_resource] ",
    "cond_num": "0",
    "isControl": "1",
    "t_trace": "",
    "isTrue": "-",
    "atk_reason": "",
    "defense": ""
  }
]
[
  {
    "struct name": "platform_device",
    "No.fields": 10,
    "No.classified fields": 0
  }
]
[
  {
    "struct name": "static_key",
    "No.fields": 3,
    "No.classified fields": 0
  }
]
[
  {
    "struct name": "device_driver",
    "No.fields": 16,
    "No.classified fields": 0
  }
]
[
  {
    "struct name": "seq_file",
    "No.fields": 13,
    "No.classified fields": 0
  }
]
[
  {
    "struct name": "file",
    "No.fields": 18,
    "No.classified fields": 0
  }
]
[
  {
    "struct name": "dentry_operations",
    "No.fields": 13,
    "No.classified fields": 0
  }
]
[
  {
    "struct name": "path",
    "No.fields": 2,
    "No.classified fields": 0
  }
]
[
  {
    "struct name": "inode",
    "No.fields": 46,
    "No.classified fields": 0
  }
]
[
  {
    "struct name": "dentry",
    "No.fields": 16,
    "No.classified fields": 0
  }
]
[
  {
    "struct name": "kmem_cache",
    "No.fields": 24,
    "No.classified fields": 0
  }
]
[
  {
    "struct name": "page",
    "No.fields": 7,
    "No.classified fields": 0
  }
]
[
  {
    "struct name": "list_head",
    "No.fields": 2,
    "No.classified fields": 0
  }
]
[
  {
    "struct name": "va_format",
    "No.fields": 2,
    "No.classified fields": 0
  }
]
[
  {
    "struct name": "debugfs_reg32",
    "No.fields": 2,
    "No.classified fields": 0
  }
]
[
  {
    "struct name": "debugfs_regset32",
    "No.fields": 3,
    "No.classified fields": 3,
    "PTR_READ": 2,
    "PTR_BUFFER": 1,
    "PTR_ARITH_BASE": 1,
    "UNCLASSIFY": 1
  },
  {
    "id": "4",
    "risky": "ptr-read",
    "acc_path": "debugfs_regset32->regs",
    "src": "https://gitlab.flux.utah.edu/xcap/xcap-capability-linux/-/blob/llvm_v4.8/fs/debugfs/file.c#L1041",
    "dst": "https://gitlab.flux.utah.edu/xcap/xcap-capability-linux/-/blob/llvm_v4.8/fs/debugfs/file.c#L1030",
    "drv_update loc (shared field)": "[ (dwc3_debugfs_init)https://gitlab.flux.utah.edu/xcap/xcap-capability-linux/-/blob/llvm_v4.8/drivers/usb/dwc3/debugfs.c#L865 ], ",
    "call path (type)": "",
    "cond_num": "2",
    "isControl": "0"
  },
  {
    "id": "6",
    "risky": "ptr-array",
    "acc_path": "debugfs_regset32->base",
    "src": "https://gitlab.flux.utah.edu/xcap/xcap-capability-linux/-/blob/llvm_v4.8/fs/debugfs/file.c#L1041",
    "dst": "https://gitlab.flux.utah.edu/xcap/xcap-capability-linux/-/blob/llvm_v4.8/fs/debugfs/file.c#L1030",
    "drv_update loc (shared field)": "[ (dwc3_debugfs_init)https://gitlab.flux.utah.edu/xcap/xcap-capability-linux/-/blob/llvm_v4.8/drivers/usb/dwc3/debugfs.c#L867 ], ",
    "call path (type)": "",
    "cond_num": "2",
    "isControl": "0"
  },
  {
    "id": "6",
    "risky": "ptr-arith",
    "acc_path": "debugfs_regset32->base",
    "src": "https://gitlab.flux.utah.edu/xcap/xcap-capability-linux/-/blob/llvm_v4.8/fs/debugfs/file.c#L1041",
    "dst": "https://gitlab.flux.utah.edu/xcap/xcap-capability-linux/-/blob/llvm_v4.8/fs/debugfs/file.c#L1030",
    "drv_update loc (shared field)": "[ (dwc3_debugfs_init)https://gitlab.flux.utah.edu/xcap/xcap-capability-linux/-/blob/llvm_v4.8/drivers/usb/dwc3/debugfs.c#L867 ], ",
    "call path (type)": "",
    "cond_num": "2",
    "isControl": "0"
  },
  {
    "id": "6",
    "risky": "ptr-read",
    "acc_path": "debugfs_regset32->base",
    "src": "https://gitlab.flux.utah.edu/xcap/xcap-capability-linux/-/blob/llvm_v4.8/fs/debugfs/file.c#L1041",
    "dst": "https://gitlab.flux.utah.edu/xcap/xcap-capability-linux/-/blob/llvm_v4.8/fs/debugfs/file.c#L1041",
    "drv_update loc (shared field)": "[ (dwc3_debugfs_init)https://gitlab.flux.utah.edu/xcap/xcap-capability-linux/-/blob/llvm_v4.8/drivers/usb/dwc3/debugfs.c#L867 ], ",
    "call path (type)": "",
    "cond_num": "0",
    "isControl": "1",
    "t_trace": "",
    "isTrue": "-",
    "atk_reason": "",
    "defense": ""
  }
]
[
  {
    "struct name": "__va_list_tag",
    "No.fields": 4,
    "No.classified fields": 0
  }
]
