[
  {
    "id": "0",
    "risky": "numeric-arith",
    "acc_path": "min",
    "src": "https://gitlab.flux.utah.edu/xcap/xcap-capability-linux/-/blob/llvm_v4.8/kernel/time/timer.c#L1923",
    "dst": "https://gitlab.flux.utah.edu/xcap/xcap-capability-linux/-/blob/llvm_v4.8/./include/linux/ktime.h#L55",
    "drv caller (param)": "[ usbmisc_imx25_post | https://gitlab.flux.utah.edu/xcap/xcap-capability-linux/-/blob/llvm_v4.8/drivers/usb/chipidea/usbmisc_imx.c#L148 ], ",
    "call path (param)": " [usbmisc_imx25_post->usleep_range->do_usleep_range->ktime_set] ",
    "cond_num": "1",
    "isControl": "0"
  }
]
[
  {
    "id": "1",
    "risky": "numeric-arith",
    "acc_path": "max",
    "src": "https://gitlab.flux.utah.edu/xcap/xcap-capability-linux/-/blob/llvm_v4.8/kernel/time/timer.c#L1923",
    "dst": "https://gitlab.flux.utah.edu/xcap/xcap-capability-linux/-/blob/llvm_v4.8/kernel/time/timer.c#L1905",
    "drv caller (param)": "[ usbmisc_imx25_post | https://gitlab.flux.utah.edu/xcap/xcap-capability-linux/-/blob/llvm_v4.8/drivers/usb/chipidea/usbmisc_imx.c#L148 ], ",
    "call path (param)": " [usbmisc_imx25_post->usleep_range->do_usleep_range] ",
    "cond_num": "0",
    "isControl": "1",
    "t_trace": "[ ACTUAL_IN || PARAMETER_INlong unsigned int ] -> [ FORMAL_IN || PARAMETER_INmax ] -> [ INST || PARAMETER_IN || https://gitlab.flux.utah.edu/xcap/xcap-capability-linux/-/blob/llvm_v4.8/kernel/time/timer.c#L1905 ] -> [ INST || DATA_DEF_USE || https://gitlab.flux.utah.edu/xcap/xcap-capability-linux/-/blob/llvm_v4.8/kernel/time/timer.c#L1905 ] -> ",
    "isTrue": "-",
    "atk_reason": "",
    "defense": ""
  }
]
[]
[]
