[
  {
    "struct name": "static_key",
    "No.fields": 3,
    "No.classified fields": 0
  }
]
[
  {
    "struct name": "spinlock",
    "No.fields": 1,
    "No.classified fields": 0
  }
]
[
  {
    "struct name": "device_driver",
    "No.fields": 16,
    "No.classified fields": 0
  }
]
[
  {
    "struct name": "dma_map_ops",
    "No.fields": 16,
    "No.classified fields": 0
  }
]
[
  {
    "struct name": "list_head",
    "No.fields": 2,
    "No.classified fields": 0
  }
]
[
  {
    "struct name": "device",
    "No.fields": 35,
    "No.classified fields": 2,
    "PTR_READ": 2,
    "PTR_WRITE": 2,
    "PTR_BUFFER": 1,
    "PTR_ARITH_BASE": 1,
    "CONTROL_SENB_RANCH": 1,
    "SEN_API": 1
  },
  {
    "id": "0",
    "risky": "ptr-read",
    "acc_path": "device->parent",
    "src": "https://gitlab.flux.utah.edu/xcap/xcap-capability-linux/-/blob/llvm_v4.8/drivers/base/core.c#L916",
    "dst": "https://gitlab.flux.utah.edu/xcap/xcap-capability-linux/-/blob/llvm_v4.8/drivers/base/core.c#L916",
    "drv caller (param)": "",
    "call path (param)": "",
    "drv_update loc (shared field)": "[ (bdc_probe)https://gitlab.flux.utah.edu/xcap/xcap-capability-linux/-/blob/llvm_v4.8/drivers/usb/gadget/udc/bdc/bdc_core.c#L475 ], [ (bdc_udc_init)https://gitlab.flux.utah.edu/xcap/xcap-capability-linux/-/blob/llvm_v4.8/drivers/usb/gadget/udc/bdc/bdc_udc.c#L530 ], [ (bdc_probe)https://gitlab.flux.utah.edu/xcap/xcap-capability-linux/-/blob/llvm_v4.8/drivers/usb/gadget/udc/bdc/bdc_core.c#L447 |   %18 = alloca %struct.device*, align 8 ], ",
    "call path (type)": "",
    "cond_num": "0",
    "isControl": "1",
    "t_trace": "",
    "isTrue": "-",
    "atk_reason": "",
    "defense": ""
  },
  {
    "id": "0",
    "risky": "ptr-write",
    "acc_path": "device->parent",
    "src": "https://gitlab.flux.utah.edu/xcap/xcap-capability-linux/-/blob/llvm_v4.8/drivers/base/platform.c#L500",
    "dst": "https://gitlab.flux.utah.edu/xcap/xcap-capability-linux/-/blob/llvm_v4.8/drivers/base/platform.c#L500",
    "drv caller (param)": "",
    "call path (param)": "",
    "drv_update loc (shared field)": "",
    "call path (type)": "",
    "cond_num": "0",
    "isControl": "1",
    "t_trace": "[ INST || DATA_DEF_USE || https://gitlab.flux.utah.edu/xcap/xcap-capability-linux/-/blob/llvm_v4.8/drivers/base/platform.c#L500 ] -> [ INST || DATA_ST || https://gitlab.flux.utah.edu/xcap/xcap-capability-linux/-/blob/llvm_v4.8/drivers/base/platform.c#L500 ] -> ",
    "isTrue": "-",
    "atk_reason": "",
    "defense": ""
  },
  {
    "id": "0",
    "risky": "ptr-sen-branch (kobject_put)",
    "acc_path": "device->parent",
    "src": "https://gitlab.flux.utah.edu/xcap/xcap-capability-linux/-/blob/llvm_v4.8/drivers/base/core.c#L1234",
    "dst": "https://gitlab.flux.utah.edu/xcap/xcap-capability-linux/-/blob/llvm_v4.8/drivers/base/core.c#L1214",
    "drv caller (param)": "",
    "call path (param)": "",
    "drv_update loc (shared field)": "[ (bdc_probe)https://gitlab.flux.utah.edu/xcap/xcap-capability-linux/-/blob/llvm_v4.8/drivers/usb/gadget/udc/bdc/bdc_core.c#L475 ], [ (bdc_udc_init)https://gitlab.flux.utah.edu/xcap/xcap-capability-linux/-/blob/llvm_v4.8/drivers/usb/gadget/udc/bdc/bdc_udc.c#L530 ], [ (bdc_probe)https://gitlab.flux.utah.edu/xcap/xcap-capability-linux/-/blob/llvm_v4.8/drivers/usb/gadget/udc/bdc/bdc_core.c#L447 |   %18 = alloca %struct.device*, align 8 ], ",
    "call path (type)": "",
    "cond_num": "7",
    "isControl": "0"
  },
  {
    "id": "0",
    "risky": "ptr-sen-api (kobject_put)",
    "acc_path": "device->parent",
    "src": "https://gitlab.flux.utah.edu/xcap/xcap-capability-linux/-/blob/llvm_v4.8/drivers/base/core.c#L1234",
    "dst": "https://gitlab.flux.utah.edu/xcap/xcap-capability-linux/-/blob/llvm_v4.8/drivers/base/core.c#L1215",
    "drv caller (param)": "",
    "call path (param)": "",
    "drv_update loc (shared field)": "[ (bdc_probe)https://gitlab.flux.utah.edu/xcap/xcap-capability-linux/-/blob/llvm_v4.8/drivers/usb/gadget/udc/bdc/bdc_core.c#L475 ], [ (bdc_udc_init)https://gitlab.flux.utah.edu/xcap/xcap-capability-linux/-/blob/llvm_v4.8/drivers/usb/gadget/udc/bdc/bdc_udc.c#L530 ], [ (bdc_probe)https://gitlab.flux.utah.edu/xcap/xcap-capability-linux/-/blob/llvm_v4.8/drivers/usb/gadget/udc/bdc/bdc_core.c#L447 |   %18 = alloca %struct.device*, align 8 ], ",
    "call path (type)": "",
    "cond_num": "8",
    "isControl": "0"
  },
  {
    "id": "1",
    "risky": "ptr-read",
    "acc_path": "device->driver",
    "src": "https://gitlab.flux.utah.edu/xcap/xcap-capability-linux/-/blob/llvm_v4.8/drivers/base/platform.c#L553",
    "dst": "https://gitlab.flux.utah.edu/xcap/xcap-capability-linux/-/blob/llvm_v4.8/drivers/base/platform.c#L573",
    "drv caller (param)": "",
    "call path (param)": "",
    "drv_update loc (shared field)": "[ (bdc_udc_stop)https://gitlab.flux.utah.edu/xcap/xcap-capability-linux/-/blob/llvm_v4.8/drivers/usb/gadget/udc/bdc/bdc_udc.c#L409 ], [ (bdc_udc_start)https://gitlab.flux.utah.edu/xcap/xcap-capability-linux/-/blob/llvm_v4.8/drivers/usb/gadget/udc/bdc/bdc_udc.c#L393 ], ",
    "call path (type)": "",
    "cond_num": "4",
    "isControl": "0"
  },
  {
    "id": "1",
    "risky": "ptr-write",
    "acc_path": "device->driver",
    "src": "https://gitlab.flux.utah.edu/xcap/xcap-capability-linux/-/blob/llvm_v4.8/drivers/base/platform.c#L553",
    "dst": "https://gitlab.flux.utah.edu/xcap/xcap-capability-linux/-/blob/llvm_v4.8/drivers/base/platform.c#L551 |   %5 = alloca %struct.device_driver.845*, align 8",
    "drv caller (param)": "",
    "call path (param)": "",
    "drv_update loc (shared field)": "[ (bdc_udc_stop)https://gitlab.flux.utah.edu/xcap/xcap-capability-linux/-/blob/llvm_v4.8/drivers/usb/gadget/udc/bdc/bdc_udc.c#L409 ], [ (bdc_udc_start)https://gitlab.flux.utah.edu/xcap/xcap-capability-linux/-/blob/llvm_v4.8/drivers/usb/gadget/udc/bdc/bdc_udc.c#L393 ], ",
    "call path (type)": "",
    "cond_num": "0",
    "isControl": "1",
    "t_trace": "[ INST || DATA_DEF_USE || https://gitlab.flux.utah.edu/xcap/xcap-capability-linux/-/blob/llvm_v4.8/drivers/base/platform.c#L553 ] -> [ INST || DATA_ST || https://gitlab.flux.utah.edu/xcap/xcap-capability-linux/-/blob/llvm_v4.8/drivers/base/platform.c#L551 |   %5 = alloca %struct.device_driver.845*, align 8 ] -> ",
    "isTrue": "-",
    "atk_reason": "",
    "defense": ""
  },
  {
    "id": "1",
    "risky": "ptr-array",
    "acc_path": "device->driver",
    "src": "https://gitlab.flux.utah.edu/xcap/xcap-capability-linux/-/blob/llvm_v4.8/drivers/base/platform.c#L553",
    "dst": "https://gitlab.flux.utah.edu/xcap/xcap-capability-linux/-/blob/llvm_v4.8/drivers/base/platform.c#L553",
    "drv caller (param)": "",
    "call path (param)": "",
    "drv_update loc (shared field)": "[ (bdc_udc_stop)https://gitlab.flux.utah.edu/xcap/xcap-capability-linux/-/blob/llvm_v4.8/drivers/usb/gadget/udc/bdc/bdc_udc.c#L409 ], [ (bdc_udc_start)https://gitlab.flux.utah.edu/xcap/xcap-capability-linux/-/blob/llvm_v4.8/drivers/usb/gadget/udc/bdc/bdc_udc.c#L393 ], ",
    "call path (type)": "",
    "cond_num": "0",
    "isControl": "1",
    "t_trace": "[ INST || DATA_DEF_USE || https://gitlab.flux.utah.edu/xcap/xcap-capability-linux/-/blob/llvm_v4.8/drivers/base/platform.c#L553 ] -> [ INST || UNKNOWN Edge Type || https://gitlab.flux.utah.edu/xcap/xcap-capability-linux/-/blob/llvm_v4.8/drivers/base/platform.c#L553 ] -> [ INST || DATA_DEF_USE || https://gitlab.flux.utah.edu/xcap/xcap-capability-linux/-/blob/llvm_v4.8/drivers/base/platform.c#L553 ] -> ",
    "isTrue": "-",
    "atk_reason": "",
    "defense": ""
  },
  {
    "id": "1",
    "risky": "ptr-arith",
    "acc_path": "device->driver",
    "src": "https://gitlab.flux.utah.edu/xcap/xcap-capability-linux/-/blob/llvm_v4.8/drivers/base/platform.c#L553",
    "dst": "https://gitlab.flux.utah.edu/xcap/xcap-capability-linux/-/blob/llvm_v4.8/drivers/base/platform.c#L553",
    "drv caller (param)": "",
    "call path (param)": "",
    "drv_update loc (shared field)": "[ (bdc_udc_stop)https://gitlab.flux.utah.edu/xcap/xcap-capability-linux/-/blob/llvm_v4.8/drivers/usb/gadget/udc/bdc/bdc_udc.c#L409 ], [ (bdc_udc_start)https://gitlab.flux.utah.edu/xcap/xcap-capability-linux/-/blob/llvm_v4.8/drivers/usb/gadget/udc/bdc/bdc_udc.c#L393 ], ",
    "call path (type)": "",
    "cond_num": "0",
    "isControl": "1",
    "t_trace": "[ INST || DATA_DEF_USE || https://gitlab.flux.utah.edu/xcap/xcap-capability-linux/-/blob/llvm_v4.8/drivers/base/platform.c#L553 ] -> [ INST || UNKNOWN Edge Type || https://gitlab.flux.utah.edu/xcap/xcap-capability-linux/-/blob/llvm_v4.8/drivers/base/platform.c#L553 ] -> [ INST || DATA_DEF_USE || https://gitlab.flux.utah.edu/xcap/xcap-capability-linux/-/blob/llvm_v4.8/drivers/base/platform.c#L553 ] -> ",
    "isTrue": "-",
    "atk_reason": "",
    "defense": ""
  }
]
[
  {
    "struct name": "platform_device",
    "No.fields": 10,
    "No.classified fields": 0
  }
]
[
  {
    "struct name": "work_struct",
    "No.fields": 3,
    "No.classified fields": 1,
    "FUNC_PTR": 1
  }
]
[
  {
    "struct name": "workqueue_struct",
    "No.fields": 21,
    "No.classified fields": 0
  }
]
[
  {
    "struct name": "delayed_work",
    "No.fields": 4,
    "No.classified fields": 0
  }
]
[
  {
    "struct name": "timer_list",
    "No.fields": 5,
    "No.classified fields": 2,
    "FUNC_PTR": 1,
    "UNCLASSIFY": 1
  }
]
[
  {
    "struct name": "resource",
    "No.fields": 8,
    "No.classified fields": 0
  }
]
[
  {
    "struct name": "kmem_cache",
    "No.fields": 24,
    "No.classified fields": 0
  }
]
