[
  {
    "struct name": "bio_set",
    "No.fields": 10,
    "No.classified fields": 0
  }
]
[
  {
    "struct name": "bio",
    "No.fields": 22,
    "No.classified fields": 5,
    "PTR_READ": 2,
    "PTR_WRITE": 2,
    "PTR_BUFFER": 2,
    "PTR_ARITH_BASE": 2,
    "CONTROL_SENB_RANCH": 1,
    "SEN_API": 1,
    "FUNC_PTR": 1,
    "UNCLASSIFY": 2
  },
  {
    "id": "0",
    "risky": "ptr-write",
    "acc_path": "bio->bi_bdev",
    "src": "https://gitlab.flux.utah.edu/xcap/xcap-capability-linux/-/blob/llvm_v4.8/block/bio.c#L665",
    "dst": "https://gitlab.flux.utah.edu/xcap/xcap-capability-linux/-/blob/llvm_v4.8/block/bio.c#L665",
    "drv caller (param)": "",
    "call path (param)": "",
    "drv_update loc (shared field)": "[ (pkt_make_request_read)https://gitlab.flux.utah.edu/xcap/xcap-capability-linux/-/blob/llvm_v4.8/drivers/block/pktcdvd.c#L2353 ], [ (pkt_gather_data)https://gitlab.flux.utah.edu/xcap/xcap-capability-linux/-/blob/llvm_v4.8/drivers/block/pktcdvd.c#L1065 ], [ (pkt_start_write)https://gitlab.flux.utah.edu/xcap/xcap-capability-linux/-/blob/llvm_v4.8/drivers/block/pktcdvd.c#L1305 ], ",
    "call path (type)": " [blk_queue_split->blk_bio_discard_split->bio_split->bio_clone_bioset] ",
    "cond_num": "0",
    "isControl": "1",
    "t_trace": "[ INST || DATA_DEF_USE || https://gitlab.flux.utah.edu/xcap/xcap-capability-linux/-/blob/llvm_v4.8/block/bio.c#L665 ] -> [ INST || DATA_ST || https://gitlab.flux.utah.edu/xcap/xcap-capability-linux/-/blob/llvm_v4.8/block/bio.c#L665 ] -> ",
    "isTrue": "-",
    "atk_reason": "",
    "defense": ""
  },
  {
    "id": "0",
    "risky": "ptr-read",
    "acc_path": "bio->bi_bdev",
    "src": "https://gitlab.flux.utah.edu/xcap/xcap-capability-linux/-/blob/llvm_v4.8/block/bio.c#L665",
    "dst": "https://gitlab.flux.utah.edu/xcap/xcap-capability-linux/-/blob/llvm_v4.8/block/bio.c#L665",
    "drv caller (param)": "",
    "call path (param)": "",
    "drv_update loc (shared field)": "[ (pkt_make_request_read)https://gitlab.flux.utah.edu/xcap/xcap-capability-linux/-/blob/llvm_v4.8/drivers/block/pktcdvd.c#L2353 ], [ (pkt_gather_data)https://gitlab.flux.utah.edu/xcap/xcap-capability-linux/-/blob/llvm_v4.8/drivers/block/pktcdvd.c#L1065 ], [ (pkt_start_write)https://gitlab.flux.utah.edu/xcap/xcap-capability-linux/-/blob/llvm_v4.8/drivers/block/pktcdvd.c#L1305 ], ",
    "call path (type)": " [blk_queue_split->blk_bio_discard_split->bio_split->bio_clone_bioset] ",
    "cond_num": "0",
    "isControl": "1",
    "t_trace": "",
    "isTrue": "-",
    "atk_reason": "",
    "defense": ""
  },
  {
    "id": "0",
    "risky": "ptr-array",
    "acc_path": "bio->bi_bdev",
    "src": "https://gitlab.flux.utah.edu/xcap/xcap-capability-linux/-/blob/llvm_v4.8/block/blk-core.c#L1898",
    "dst": "https://gitlab.flux.utah.edu/xcap/xcap-capability-linux/-/blob/llvm_v4.8/block/partition-generic.c#L39",
    "drv caller (param)": "",
    "call path (param)": "",
    "drv_update loc (shared field)": "[ (pkt_make_request_read)https://gitlab.flux.utah.edu/xcap/xcap-capability-linux/-/blob/llvm_v4.8/drivers/block/pktcdvd.c#L2353 ], [ (pkt_gather_data)https://gitlab.flux.utah.edu/xcap/xcap-capability-linux/-/blob/llvm_v4.8/drivers/block/pktcdvd.c#L1065 ], [ (pkt_start_write)https://gitlab.flux.utah.edu/xcap/xcap-capability-linux/-/blob/llvm_v4.8/drivers/block/pktcdvd.c#L1305 ], ",
    "call path (type)": " [blkdev_get->__blkdev_get->pkt_open->pkt_open_dev->blkdev_put->__blkdev_put->bdev_write_inode->bdevname->disk_name] ",
    "cond_num": "8",
    "isControl": "0"
  },
  {
    "id": "0",
    "risky": "ptr-arith",
    "acc_path": "bio->bi_bdev",
    "src": "https://gitlab.flux.utah.edu/xcap/xcap-capability-linux/-/blob/llvm_v4.8/block/blk-core.c#L1898",
    "dst": "https://gitlab.flux.utah.edu/xcap/xcap-capability-linux/-/blob/llvm_v4.8/block/partition-generic.c#L39",
    "drv caller (param)": "",
    "call path (param)": "",
    "drv_update loc (shared field)": "[ (pkt_make_request_read)https://gitlab.flux.utah.edu/xcap/xcap-capability-linux/-/blob/llvm_v4.8/drivers/block/pktcdvd.c#L2353 ], [ (pkt_gather_data)https://gitlab.flux.utah.edu/xcap/xcap-capability-linux/-/blob/llvm_v4.8/drivers/block/pktcdvd.c#L1065 ], [ (pkt_start_write)https://gitlab.flux.utah.edu/xcap/xcap-capability-linux/-/blob/llvm_v4.8/drivers/block/pktcdvd.c#L1305 ], ",
    "call path (type)": " [blkdev_get->__blkdev_get->pkt_open->pkt_open_dev->blkdev_put->__blkdev_put->bdev_write_inode->bdevname->disk_name] ",
    "cond_num": "8",
    "isControl": "0"
  },
  {
    "id": "4",
    "risky": "ptr-read",
    "acc_path": "bio->bi_private",
    "src": "https://gitlab.flux.utah.edu/xcap/xcap-capability-linux/-/blob/llvm_v4.8/block/bio.c#L331",
    "dst": "https://gitlab.flux.utah.edu/xcap/xcap-capability-linux/-/blob/llvm_v4.8/block/bio.c#L331",
    "drv caller (param)": "[ pkt_make_request | https://gitlab.flux.utah.edu/xcap/xcap-capability-linux/-/blob/llvm_v4.8/drivers/block/pktcdvd.c#L2494 ], ",
    "call path (param)": " [pkt_make_request->blk_queue_split->bio_chain] ",
    "drv_update loc (shared field)": "[ (pkt_make_request_read)https://gitlab.flux.utah.edu/xcap/xcap-capability-linux/-/blob/llvm_v4.8/drivers/block/pktcdvd.c#L2354 ], [ (pkt_start_write)https://gitlab.flux.utah.edu/xcap/xcap-capability-linux/-/blob/llvm_v4.8/drivers/block/pktcdvd.c#L1307 ], [ (pkt_gather_data)https://gitlab.flux.utah.edu/xcap/xcap-capability-linux/-/blob/llvm_v4.8/drivers/block/pktcdvd.c#L1067 ], ",
    "call path (type)": " [blk_queue_split->bio_chain] ",
    "cond_num": "0",
    "isControl": "1",
    "t_trace": "",
    "isTrue": "-",
    "atk_reason": "",
    "defense": ""
  },
  {
    "id": "4",
    "risky": "ptr-write",
    "acc_path": "bio->bi_private",
    "src": "https://gitlab.flux.utah.edu/xcap/xcap-capability-linux/-/blob/llvm_v4.8/block/bio.c#L305",
    "dst": "https://gitlab.flux.utah.edu/xcap/xcap-capability-linux/-/blob/llvm_v4.8/./include/linux/compiler.h#L220",
    "drv caller (param)": "",
    "call path (param)": "",
    "drv_update loc (shared field)": "[ (pkt_make_request_read)https://gitlab.flux.utah.edu/xcap/xcap-capability-linux/-/blob/llvm_v4.8/drivers/block/pktcdvd.c#L2354 ], [ (pkt_start_write)https://gitlab.flux.utah.edu/xcap/xcap-capability-linux/-/blob/llvm_v4.8/drivers/block/pktcdvd.c#L1307 ], [ (pkt_gather_data)https://gitlab.flux.utah.edu/xcap/xcap-capability-linux/-/blob/llvm_v4.8/drivers/block/pktcdvd.c#L1067 ], ",
    "call path (type)": " [device_unregister->device_del->kobject_uevent->kobject_uevent_env->kzalloc.1192->kmalloc_order->alloc_pages_node.1525->__alloc_pages_node.1531->__alloc_pages.1533->__alloc_pages_nodemask->_cond_resched->preempt_schedule_common->__schedule->_raw_spin_lock->__raw_spin_lock->do_raw_spin_lock->__spin_lock_debug] ",
    "cond_num": "14",
    "isControl": "0"
  },
  {
    "id": "4",
    "risky": "ptr-sen-api (memcpy)",
    "acc_path": "bio->bi_private",
    "src": "https://gitlab.flux.utah.edu/xcap/xcap-capability-linux/-/blob/llvm_v4.8/block/bio.c#L305",
    "dst": "https://gitlab.flux.utah.edu/xcap/xcap-capability-linux/-/blob/llvm_v4.8/./include/linux/compiler.h#L220",
    "drv caller (param)": "",
    "call path (param)": "",
    "drv_update loc (shared field)": "[ (pkt_make_request_read)https://gitlab.flux.utah.edu/xcap/xcap-capability-linux/-/blob/llvm_v4.8/drivers/block/pktcdvd.c#L2354 ], [ (pkt_start_write)https://gitlab.flux.utah.edu/xcap/xcap-capability-linux/-/blob/llvm_v4.8/drivers/block/pktcdvd.c#L1307 ], [ (pkt_gather_data)https://gitlab.flux.utah.edu/xcap/xcap-capability-linux/-/blob/llvm_v4.8/drivers/block/pktcdvd.c#L1067 ], ",
    "call path (type)": " [device_unregister->device_del->kobject_uevent->kobject_uevent_env->kzalloc.1192->kmalloc_order->alloc_pages_node.1525->__alloc_pages_node.1531->__alloc_pages.1533->__alloc_pages_nodemask->_cond_resched->preempt_schedule_common->__schedule->_raw_spin_lock->__raw_spin_lock->do_raw_spin_lock->__spin_lock_debug] ",
    "cond_num": "14",
    "isControl": "0"
  },
  {
    "id": "4",
    "risky": "ptr-array",
    "acc_path": "bio->bi_private",
    "src": "https://gitlab.flux.utah.edu/xcap/xcap-capability-linux/-/blob/llvm_v4.8/block/bio.c#L305",
    "dst": "https://gitlab.flux.utah.edu/xcap/xcap-capability-linux/-/blob/llvm_v4.8/kernel/locking/spinlock_debug.c#L64",
    "drv caller (param)": "",
    "call path (param)": "",
    "drv_update loc (shared field)": "[ (pkt_make_request_read)https://gitlab.flux.utah.edu/xcap/xcap-capability-linux/-/blob/llvm_v4.8/drivers/block/pktcdvd.c#L2354 ], [ (pkt_start_write)https://gitlab.flux.utah.edu/xcap/xcap-capability-linux/-/blob/llvm_v4.8/drivers/block/pktcdvd.c#L1307 ], [ (pkt_gather_data)https://gitlab.flux.utah.edu/xcap/xcap-capability-linux/-/blob/llvm_v4.8/drivers/block/pktcdvd.c#L1067 ], ",
    "call path (type)": " [device_unregister->device_del->kobject_uevent->kobject_uevent_env->kzalloc.1192->kmalloc_order->alloc_pages_node.1525->__alloc_pages_node.1531->__alloc_pages.1533->__alloc_pages_nodemask->_cond_resched->preempt_schedule_common->__schedule->_raw_spin_lock->__raw_spin_lock->do_raw_spin_lock->debug_spin_lock_before->spin_bug->spin_dump] ",
    "cond_num": "18",
    "isControl": "0"
  },
  {
    "id": "4",
    "risky": "ptr-arith",
    "acc_path": "bio->bi_private",
    "src": "https://gitlab.flux.utah.edu/xcap/xcap-capability-linux/-/blob/llvm_v4.8/block/bio.c#L305",
    "dst": "https://gitlab.flux.utah.edu/xcap/xcap-capability-linux/-/blob/llvm_v4.8/kernel/locking/spinlock_debug.c#L64",
    "drv caller (param)": "",
    "call path (param)": "",
    "drv_update loc (shared field)": "[ (pkt_make_request_read)https://gitlab.flux.utah.edu/xcap/xcap-capability-linux/-/blob/llvm_v4.8/drivers/block/pktcdvd.c#L2354 ], [ (pkt_start_write)https://gitlab.flux.utah.edu/xcap/xcap-capability-linux/-/blob/llvm_v4.8/drivers/block/pktcdvd.c#L1307 ], [ (pkt_gather_data)https://gitlab.flux.utah.edu/xcap/xcap-capability-linux/-/blob/llvm_v4.8/drivers/block/pktcdvd.c#L1067 ], ",
    "call path (type)": " [device_unregister->device_del->kobject_uevent->kobject_uevent_env->kzalloc.1192->kmalloc_order->alloc_pages_node.1525->__alloc_pages_node.1531->__alloc_pages.1533->__alloc_pages_nodemask->_cond_resched->preempt_schedule_common->__schedule->_raw_spin_lock->__raw_spin_lock->do_raw_spin_lock->debug_spin_lock_before->spin_bug->spin_dump] ",
    "cond_num": "18",
    "isControl": "0"
  },
  {
    "id": "4",
    "risky": "ptr-sen-branch (kmem_cache_free)",
    "acc_path": "bio->bi_private",
    "src": "https://gitlab.flux.utah.edu/xcap/xcap-capability-linux/-/blob/llvm_v4.8/block/bio.c#L305",
    "dst": "https://gitlab.flux.utah.edu/xcap/xcap-capability-linux/-/blob/llvm_v4.8/block/bio.c#L169",
    "drv caller (param)": "",
    "call path (param)": "",
    "drv_update loc (shared field)": "[ (pkt_make_request_read)https://gitlab.flux.utah.edu/xcap/xcap-capability-linux/-/blob/llvm_v4.8/drivers/block/pktcdvd.c#L2354 ], [ (pkt_start_write)https://gitlab.flux.utah.edu/xcap/xcap-capability-linux/-/blob/llvm_v4.8/drivers/block/pktcdvd.c#L1307 ], [ (pkt_gather_data)https://gitlab.flux.utah.edu/xcap/xcap-capability-linux/-/blob/llvm_v4.8/drivers/block/pktcdvd.c#L1067 ], ",
    "call path (type)": " [device_unregister->device_del->kobject_uevent->kobject_uevent_env->kzalloc.1192->kmalloc_order->alloc_pages_node.1525->__alloc_pages_node.1531->__alloc_pages.1533->__alloc_pages_nodemask->__alloc_pages_slowpath->should_reclaim_retry->congestion_wait->io_schedule_timeout->schedule_timeout->schedule->sched_submit_work->blk_schedule_flush_plug->blk_flush_plug_list->__blk_end_request_all->__blk_end_bidi_request->blk_update_bidi_request->blk_update_request->req_bio_endio->bio_endio->__bio_chain_endio->bio_put->bio_free->bvec_free] ",
    "cond_num": "9",
    "isControl": "0"
  }
]
[
  {
    "struct name": "request",
    "No.fields": 41,
    "No.classified fields": 2,
    "UNCLASSIFY": 2
  }
]
[
  {
    "struct name": "bio_list",
    "No.fields": 2,
    "No.classified fields": 0
  }
]
[
  {
    "struct name": "bio_vec",
    "No.fields": 3,
    "No.classified fields": 0
  }
]
[
  {
    "struct name": "bvec_iter",
    "No.fields": 4,
    "No.classified fields": 1,
    "NUM_ARITH": 1
  },
  {
    "id": "7",
    "risky": "numeric-arith",
    "acc_path": "bvec_iter->bi_sector",
    "src": "https://gitlab.flux.utah.edu/xcap/xcap-capability-linux/-/blob/llvm_v4.8/block/blk-core.c#L1811",
    "dst": "https://gitlab.flux.utah.edu/xcap/xcap-capability-linux/-/blob/llvm_v4.8/block/blk-core.c#L1811",
    "drv caller (param)": "",
    "call path (param)": "",
    "drv_update loc (shared field)": "[ (pkt_gather_data)https://gitlab.flux.utah.edu/xcap/xcap-capability-linux/-/blob/llvm_v4.8/drivers/block/pktcdvd.c#L1064 ], [ (pkt_start_write)https://gitlab.flux.utah.edu/xcap/xcap-capability-linux/-/blob/llvm_v4.8/drivers/block/pktcdvd.c#L1304 ], ",
    "call path (type)": " [blk_queue_split->generic_make_request->generic_make_request_checks->bio_check_eod->handle_bad_sector] ",
    "cond_num": "0",
    "isControl": "1",
    "t_trace": "[ INST || DATA_DEF_USE || https://gitlab.flux.utah.edu/xcap/xcap-capability-linux/-/blob/llvm_v4.8/block/blk-core.c#L1811 ] -> ",
    "isTrue": "-",
    "atk_reason": "",
    "defense": ""
  }
]
[
  {
    "struct name": "queue_limits",
    "No.fields": 25,
    "No.classified fields": 0
  }
]
[
  {
    "struct name": "block_device_operations",
    "No.fields": 14,
    "No.classified fields": 4,
    "FUNC_PTR": 4
  }
]
[
  {
    "struct name": "gendisk",
    "No.fields": 20,
    "No.classified fields": 8,
    "PTR_READ": 2,
    "PTR_WRITE": 2,
    "PTR_BUFFER": 1,
    "PTR_ARITH_BASE": 1,
    "NUM_ARITH": 2,
    "CONTROL_SENB_RANCH": 1,
    "SEN_API": 1,
    "FUNC_PTR": 1,
    "UNCLASSIFY": 3
  },
  {
    "id": "12",
    "risky": "numeric-arith",
    "acc_path": "gendisk->major",
    "src": "https://gitlab.flux.utah.edu/xcap/xcap-capability-linux/-/blob/llvm_v4.8/block/genhd.c#L420",
    "dst": "https://gitlab.flux.utah.edu/xcap/xcap-capability-linux/-/blob/llvm_v4.8/block/genhd.c#L420",
    "drv_update loc (shared field)": "[ (pkt_setup_dev)https://gitlab.flux.utah.edu/xcap/xcap-capability-linux/-/blob/llvm_v4.8/drivers/block/pktcdvd.c#L2768 ], ",
    "call path (type)": " [blkdev_get->__blkdev_get->rescan_partitions->add_partition->blk_alloc_devt] ",
    "cond_num": "0",
    "isControl": "1",
    "t_trace": "[ INST || DATA_DEF_USE || https://gitlab.flux.utah.edu/xcap/xcap-capability-linux/-/blob/llvm_v4.8/block/genhd.c#L420 ] -> ",
    "isTrue": "-",
    "atk_reason": "",
    "defense": ""
  },
  {
    "id": "13",
    "risky": "numeric-arith",
    "acc_path": "gendisk->first_minor",
    "src": "https://gitlab.flux.utah.edu/xcap/xcap-capability-linux/-/blob/llvm_v4.8/block/genhd.c#L420",
    "dst": "https://gitlab.flux.utah.edu/xcap/xcap-capability-linux/-/blob/llvm_v4.8/block/genhd.c#L420",
    "drv_update loc (shared field)": "[ (pkt_setup_dev)https://gitlab.flux.utah.edu/xcap/xcap-capability-linux/-/blob/llvm_v4.8/drivers/block/pktcdvd.c#L2769 ], ",
    "call path (type)": " [blkdev_get->__blkdev_get->rescan_partitions->add_partition->blk_alloc_devt] ",
    "cond_num": "0",
    "isControl": "1",
    "t_trace": "[ INST || DATA_DEF_USE || https://gitlab.flux.utah.edu/xcap/xcap-capability-linux/-/blob/llvm_v4.8/block/genhd.c#L420 ] -> ",
    "isTrue": "-",
    "atk_reason": "",
    "defense": ""
  },
  {
    "id": "17",
    "risky": "ptr-read",
    "acc_path": "gendisk->fops",
    "src": "https://gitlab.flux.utah.edu/xcap/xcap-capability-linux/-/blob/llvm_v4.8/fs/block_dev.c#L411",
    "dst": "https://gitlab.flux.utah.edu/xcap/xcap-capability-linux/-/blob/llvm_v4.8/fs/block_dev.c#L414",
    "drv caller (param)": "",
    "call path (param)": "",
    "drv_update loc (shared field)": "[ (pkt_setup_dev)https://gitlab.flux.utah.edu/xcap/xcap-capability-linux/-/blob/llvm_v4.8/drivers/block/pktcdvd.c#L2770 ], ",
    "call path (type)": "",
    "cond_num": "0",
    "isControl": "1",
    "t_trace": "[ INST || DATA_DEF_USE || https://gitlab.flux.utah.edu/xcap/xcap-capability-linux/-/blob/llvm_v4.8/fs/block_dev.c#L411 ] -> [ INST || UNKNOWN Edge Type || https://gitlab.flux.utah.edu/xcap/xcap-capability-linux/-/blob/llvm_v4.8/fs/block_dev.c#L414 ] -> [ INST || DATA_DEF_USE || https://gitlab.flux.utah.edu/xcap/xcap-capability-linux/-/blob/llvm_v4.8/fs/block_dev.c#L414 ] -> ",
    "isTrue": "-",
    "atk_reason": "",
    "defense": ""
  },
  {
    "id": "17",
    "risky": "ptr-write",
    "acc_path": "gendisk->fops",
    "src": "https://gitlab.flux.utah.edu/xcap/xcap-capability-linux/-/blob/llvm_v4.8/fs/block_dev.c#L411",
    "dst": "https://gitlab.flux.utah.edu/xcap/xcap-capability-linux/-/blob/llvm_v4.8/fs/block_dev.c#L408 |   %8 = alloca %struct.block_device_operations.3707*, align 8",
    "drv caller (param)": "",
    "call path (param)": "",
    "drv_update loc (shared field)": "[ (pkt_setup_dev)https://gitlab.flux.utah.edu/xcap/xcap-capability-linux/-/blob/llvm_v4.8/drivers/block/pktcdvd.c#L2770 ], ",
    "call path (type)": "",
    "cond_num": "0",
    "isControl": "1",
    "t_trace": "[ INST || DATA_DEF_USE || https://gitlab.flux.utah.edu/xcap/xcap-capability-linux/-/blob/llvm_v4.8/fs/block_dev.c#L411 ] -> [ INST || DATA_ST || https://gitlab.flux.utah.edu/xcap/xcap-capability-linux/-/blob/llvm_v4.8/fs/block_dev.c#L408 |   %8 = alloca %struct.block_device_operations.3707*, align 8 ] -> ",
    "isTrue": "-",
    "atk_reason": "",
    "defense": ""
  },
  {
    "id": "17",
    "risky": "ptr-sen-branch (copy_from_user)",
    "acc_path": "gendisk->fops",
    "src": "https://gitlab.flux.utah.edu/xcap/xcap-capability-linux/-/blob/llvm_v4.8/block/ioctl.c#L338",
    "dst": "https://gitlab.flux.utah.edu/xcap/xcap-capability-linux/-/blob/llvm_v4.8/block/ioctl.c#L343",
    "drv caller (param)": "",
    "call path (param)": "",
    "drv_update loc (shared field)": "[ (pkt_setup_dev)https://gitlab.flux.utah.edu/xcap/xcap-capability-linux/-/blob/llvm_v4.8/drivers/block/pktcdvd.c#L2770 ], ",
    "call path (type)": "",
    "cond_num": "2",
    "isControl": "0"
  },
  {
    "id": "18",
    "risky": "ptr-read",
    "acc_path": "gendisk->queue",
    "src": "https://gitlab.flux.utah.edu/xcap/xcap-capability-linux/-/blob/llvm_v4.8/block/genhd.c#L1146",
    "dst": "https://gitlab.flux.utah.edu/xcap/xcap-capability-linux/-/blob/llvm_v4.8/block/genhd.c#L1146",
    "drv_update loc (shared field)": "[ (pkt_setup_dev)https://gitlab.flux.utah.edu/xcap/xcap-capability-linux/-/blob/llvm_v4.8/drivers/block/pktcdvd.c#L2775 ], ",
    "call path (type)": "",
    "cond_num": "0",
    "isControl": "1",
    "t_trace": "",
    "isTrue": "-",
    "atk_reason": "",
    "defense": ""
  },
  {
    "id": "18",
    "risky": "ptr-sen-api (kobject_put)",
    "acc_path": "gendisk->queue",
    "src": "https://gitlab.flux.utah.edu/xcap/xcap-capability-linux/-/blob/llvm_v4.8/block/genhd.c#L1146",
    "dst": "https://gitlab.flux.utah.edu/xcap/xcap-capability-linux/-/blob/llvm_v4.8/block/blk-core.c#L381",
    "drv_update loc (shared field)": "[ (pkt_setup_dev)https://gitlab.flux.utah.edu/xcap/xcap-capability-linux/-/blob/llvm_v4.8/drivers/block/pktcdvd.c#L2775 ], ",
    "call path (type)": " [blk_cleanup_queue->blk_put_queue] ",
    "cond_num": "0",
    "isControl": "1",
    "t_trace": "[ INST || DATA_DEF_USE || https://gitlab.flux.utah.edu/xcap/xcap-capability-linux/-/blob/llvm_v4.8/block/genhd.c#L1146 ] -> [ ACTUAL_IN || PARAMETER_IN ] -> [ FORMAL_IN || PARAMETER_INq ] -> [ INST || PARAMETER_IN || https://gitlab.flux.utah.edu/xcap/xcap-capability-linux/-/blob/llvm_v4.8/block/blk-core.c#L381 ] -> [ INST || DATA_DEF_USE || https://gitlab.flux.utah.edu/xcap/xcap-capability-linux/-/blob/llvm_v4.8/block/blk-core.c#L381 ] -> ",
    "isTrue": "-",
    "atk_reason": "",
    "defense": ""
  },
  {
    "id": "18",
    "risky": "ptr-write",
    "acc_path": "gendisk->queue",
    "src": "https://gitlab.flux.utah.edu/xcap/xcap-capability-linux/-/blob/llvm_v4.8/block/genhd.c#L616",
    "dst": "https://gitlab.flux.utah.edu/xcap/xcap-capability-linux/-/blob/llvm_v4.8/mm/backing-dev.c#L836",
    "drv caller (param)": "",
    "call path (param)": "",
    "drv_update loc (shared field)": "[ (pkt_setup_dev)https://gitlab.flux.utah.edu/xcap/xcap-capability-linux/-/blob/llvm_v4.8/drivers/block/pktcdvd.c#L2775 ], ",
    "call path (type)": "",
    "cond_num": "1",
    "isControl": "0"
  },
  {
    "id": "18",
    "risky": "ptr-array",
    "acc_path": "gendisk->queue",
    "src": "https://gitlab.flux.utah.edu/xcap/xcap-capability-linux/-/blob/llvm_v4.8/block/genhd.c#L628",
    "dst": "https://gitlab.flux.utah.edu/xcap/xcap-capability-linux/-/blob/llvm_v4.8/./arch/x86/include/asm/bitops.h#L311",
    "drv caller (param)": "",
    "call path (param)": "",
    "drv_update loc (shared field)": "[ (pkt_setup_dev)https://gitlab.flux.utah.edu/xcap/xcap-capability-linux/-/blob/llvm_v4.8/drivers/block/pktcdvd.c#L2775 ], ",
    "call path (type)": "",
    "cond_num": "0",
    "isControl": "1",
    "t_trace": "[ INST || DATA_DEF_USE || https://gitlab.flux.utah.edu/xcap/xcap-capability-linux/-/blob/llvm_v4.8/block/genhd.c#L628 ] -> [ ACTUAL_IN || PARAMETER_IN ] -> [ FORMAL_IN || PARAMETER_INq ] -> [ INST || PARAMETER_IN || https://gitlab.flux.utah.edu/xcap/xcap-capability-linux/-/blob/llvm_v4.8/block/blk-core.c#L891 ] -> [ INST || DATA_DEF_USE || https://gitlab.flux.utah.edu/xcap/xcap-capability-linux/-/blob/llvm_v4.8/block/blk-core.c#L891 ] -> [ INST || DATA_ST || https://gitlab.flux.utah.edu/xcap/xcap-capability-linux/-/blob/llvm_v4.8/block/blk-core.c#L889 |   %3 = alloca i64*, align 8 ] -> [ INST || DATA_DEF_USE || https://gitlab.flux.utah.edu/xcap/xcap-capability-linux/-/blob/llvm_v4.8/./arch/x86/include/asm/bitops.h#L311 ] -> ",
    "isTrue": "-",
    "atk_reason": "",
    "defense": ""
  },
  {
    "id": "18",
    "risky": "ptr-arith",
    "acc_path": "gendisk->queue",
    "src": "https://gitlab.flux.utah.edu/xcap/xcap-capability-linux/-/blob/llvm_v4.8/block/genhd.c#L628",
    "dst": "https://gitlab.flux.utah.edu/xcap/xcap-capability-linux/-/blob/llvm_v4.8/./arch/x86/include/asm/bitops.h#L311",
    "drv caller (param)": "",
    "call path (param)": "",
    "drv_update loc (shared field)": "[ (pkt_setup_dev)https://gitlab.flux.utah.edu/xcap/xcap-capability-linux/-/blob/llvm_v4.8/drivers/block/pktcdvd.c#L2775 ], ",
    "call path (type)": "",
    "cond_num": "0",
    "isControl": "1",
    "t_trace": "[ INST || DATA_DEF_USE || https://gitlab.flux.utah.edu/xcap/xcap-capability-linux/-/blob/llvm_v4.8/block/genhd.c#L628 ] -> [ ACTUAL_IN || PARAMETER_IN ] -> [ FORMAL_IN || PARAMETER_INq ] -> [ INST || PARAMETER_IN || https://gitlab.flux.utah.edu/xcap/xcap-capability-linux/-/blob/llvm_v4.8/block/blk-core.c#L891 ] -> [ INST || DATA_DEF_USE || https://gitlab.flux.utah.edu/xcap/xcap-capability-linux/-/blob/llvm_v4.8/block/blk-core.c#L891 ] -> [ INST || DATA_ST || https://gitlab.flux.utah.edu/xcap/xcap-capability-linux/-/blob/llvm_v4.8/block/blk-core.c#L889 |   %3 = alloca i64*, align 8 ] -> [ INST || DATA_DEF_USE || https://gitlab.flux.utah.edu/xcap/xcap-capability-linux/-/blob/llvm_v4.8/./arch/x86/include/asm/bitops.h#L311 ] -> ",
    "isTrue": "-",
    "atk_reason": "",
    "defense": ""
  }
]
[
  {
    "struct name": "block_device",
    "No.fields": 21,
    "No.classified fields": 0
  }
]
[
  {
    "struct name": "request_queue",
    "No.fields": 77,
    "No.classified fields": 0
  }
]
[
  {
    "struct name": "hd_struct",
    "No.fields": 15,
    "No.classified fields": 0
  }
]
[
  {
    "struct name": "request_sense",
    "No.fields": 15,
    "No.classified fields": 0
  }
]
[
  {
    "struct name": "class_attribute",
    "No.fields": 3,
    "No.classified fields": 0
  }
]
[
  {
    "struct name": "attribute",
    "No.fields": 2,
    "No.classified fields": 0
  }
]
[
  {
    "struct name": "static_key",
    "No.fields": 3,
    "No.classified fields": 0
  }
]
[
  {
    "struct name": "module",
    "No.fields": 46,
    "No.classified fields": 0
  }
]
[
  {
    "struct name": "task_struct",
    "No.fields": 155,
    "No.classified fields": 0
  }
]
[
  {
    "struct name": "seq_file",
    "No.fields": 13,
    "No.classified fields": 0
  }
]
[
  {
    "struct name": "file",
    "No.fields": 18,
    "No.classified fields": 0
  }
]
[
  {
    "struct name": "dentry",
    "No.fields": 16,
    "No.classified fields": 0
  }
]
[
  {
    "struct name": "inode",
    "No.fields": 46,
    "No.classified fields": 0
  }
]
[
  {
    "struct name": "spinlock",
    "No.fields": 1,
    "No.classified fields": 0
  }
]
[
  {
    "struct name": "list_head",
    "No.fields": 2,
    "No.classified fields": 2,
    "PTR_READ": 2,
    "PTR_WRITE": 2,
    "PTR_BUFFER": 2,
    "PTR_ARITH_BASE": 2,
    "CONTROL_SENB_RANCH": 2,
    "SEN_API": 2
  },
  {
    "id": "20",
    "risky": "ptr-array",
    "acc_path": "list_head->next",
    "src": "https://gitlab.flux.utah.edu/xcap/xcap-capability-linux/-/blob/llvm_v4.8/mm/backing-dev.c#L60",
    "dst": "https://gitlab.flux.utah.edu/xcap/xcap-capability-linux/-/blob/llvm_v4.8/mm/backing-dev.c#L64",
    "drv_update loc (shared field)": "",
    "call path (type)": "",
    "cond_num": "4",
    "isControl": "0"
  },
  {
    "id": "20",
    "risky": "ptr-arith",
    "acc_path": "list_head->next",
    "src": "https://gitlab.flux.utah.edu/xcap/xcap-capability-linux/-/blob/llvm_v4.8/mm/backing-dev.c#L60",
    "dst": "https://gitlab.flux.utah.edu/xcap/xcap-capability-linux/-/blob/llvm_v4.8/mm/backing-dev.c#L64",
    "drv_update loc (shared field)": "",
    "call path (type)": "",
    "cond_num": "4",
    "isControl": "0"
  },
  {
    "id": "20",
    "risky": "ptr-write",
    "acc_path": "list_head->next",
    "src": "https://gitlab.flux.utah.edu/xcap/xcap-capability-linux/-/blob/llvm_v4.8/mm/backing-dev.c#L60",
    "dst": "https://gitlab.flux.utah.edu/xcap/xcap-capability-linux/-/blob/llvm_v4.8/mm/backing-dev.c#L46 |   %31 = alloca %struct.list_head*, align 8",
    "drv_update loc (shared field)": "",
    "call path (type)": "",
    "cond_num": "0",
    "isControl": "1",
    "t_trace": "[ INST || DATA_DEF_USE || https://gitlab.flux.utah.edu/xcap/xcap-capability-linux/-/blob/llvm_v4.8/mm/backing-dev.c#L60 ] -> [ INST || UNKNOWN Edge Type || https://gitlab.flux.utah.edu/xcap/xcap-capability-linux/-/blob/llvm_v4.8/mm/backing-dev.c#L60 ] -> [ INST || DATA_DEF_USE || https://gitlab.flux.utah.edu/xcap/xcap-capability-linux/-/blob/llvm_v4.8/mm/backing-dev.c#L60 ] -> [ INST || DATA_DEF_USE || https://gitlab.flux.utah.edu/xcap/xcap-capability-linux/-/blob/llvm_v4.8/mm/backing-dev.c#L60 ] -> [ INST || DATA_DEF_USE || https://gitlab.flux.utah.edu/xcap/xcap-capability-linux/-/blob/llvm_v4.8/mm/backing-dev.c#L60 ] -> [ INST || DATA_ST || https://gitlab.flux.utah.edu/xcap/xcap-capability-linux/-/blob/llvm_v4.8/mm/backing-dev.c#L46 |   %24 = alloca %struct.inode.8571*, align 8 ] -> [ INST || DATA_DEF_USE || https://gitlab.flux.utah.edu/xcap/xcap-capability-linux/-/blob/llvm_v4.8/mm/backing-dev.c#L60 ] -> [ INST || UNKNOWN Edge Type || https://gitlab.flux.utah.edu/xcap/xcap-capability-linux/-/blob/llvm_v4.8/mm/backing-dev.c#L64 ] -> [ INST || DATA_DEF_USE || https://gitlab.flux.utah.edu/xcap/xcap-capability-linux/-/blob/llvm_v4.8/mm/backing-dev.c#L64 ] -> [ INST || DATA_DEF_USE || https://gitlab.flux.utah.edu/xcap/xcap-capability-linux/-/blob/llvm_v4.8/mm/backing-dev.c#L64 ] -> [ INST || DATA_DEF_USE || https://gitlab.flux.utah.edu/xcap/xcap-capability-linux/-/blob/llvm_v4.8/mm/backing-dev.c#L64 ] -> [ INST || DATA_ST || https://gitlab.flux.utah.edu/xcap/xcap-capability-linux/-/blob/llvm_v4.8/mm/backing-dev.c#L46 |   %31 = alloca %struct.list_head*, align 8 ] -> ",
    "isTrue": "-",
    "atk_reason": "",
    "defense": ""
  },
  {
    "id": "20",
    "risky": "ptr-read",
    "acc_path": "list_head->next",
    "src": "https://gitlab.flux.utah.edu/xcap/xcap-capability-linux/-/blob/llvm_v4.8/mm/backing-dev.c#L60",
    "dst": "https://gitlab.flux.utah.edu/xcap/xcap-capability-linux/-/blob/llvm_v4.8/mm/backing-dev.c#L60",
    "drv_update loc (shared field)": "",
    "call path (type)": "",
    "cond_num": "0",
    "isControl": "1",
    "t_trace": "",
    "isTrue": "-",
    "atk_reason": "",
    "defense": ""
  },
  {
    "id": "20",
    "risky": "ptr-sen-api (memcpy)",
    "acc_path": "list_head->next",
    "src": "https://gitlab.flux.utah.edu/xcap/xcap-capability-linux/-/blob/llvm_v4.8/mm/slab_common.c#L676",
    "dst": "https://gitlab.flux.utah.edu/xcap/xcap-capability-linux/-/blob/llvm_v4.8/./include/linux/compiler.h#L252",
    "drv_update loc (shared field)": "[ (pkt_handle_packets)https://gitlab.flux.utah.edu/xcap/xcap-capability-linux/-/blob/llvm_v4.8/drivers/block/pktcdvd.c#L1414 |   %35 = alloca %struct.list_head*, align 8 ], [ (kcdrwd)https://gitlab.flux.utah.edu/xcap/xcap-capability-linux/-/blob/llvm_v4.8/drivers/block/pktcdvd.c#L1462 |   %47 = alloca %struct.list_head*, align 8 ], [ (pkt_count_states)https://gitlab.flux.utah.edu/xcap/xcap-capability-linux/-/blob/llvm_v4.8/drivers/block/pktcdvd.c#L1443 |   %9 = alloca %struct.list_head*, align 8 ], [ (kcdrwd)https://gitlab.flux.utah.edu/xcap/xcap-capability-linux/-/blob/llvm_v4.8/drivers/block/pktcdvd.c#L1472 ], [ (pkt_count_states)https://gitlab.flux.utah.edu/xcap/xcap-capability-linux/-/blob/llvm_v4.8/drivers/block/pktcdvd.c#L1443 |   %11 = alloca %struct.list_head*, align 8 ], [ (kcdrwd)https://gitlab.flux.utah.edu/xcap/xcap-capability-linux/-/blob/llvm_v4.8/drivers/block/pktcdvd.c#L1462 |   %41 = alloca %struct.list_head*, align 8 ], [ (pkt_get_packet_data)https://gitlab.flux.utah.edu/xcap/xcap-capability-linux/-/blob/llvm_v4.8/drivers/block/pktcdvd.c#L1093 |   %7 = alloca %struct.list_head*, align 8 ], [ (kcdrwd)https://gitlab.flux.utah.edu/xcap/xcap-capability-linux/-/blob/llvm_v4.8/drivers/block/pktcdvd.c#L1462 |   %45 = alloca %struct.list_head*, align 8 ], [ (pkt_make_request_write)https://gitlab.flux.utah.edu/xcap/xcap-capability-linux/-/blob/llvm_v4.8/drivers/block/pktcdvd.c#L2360 |   %33 = alloca %struct.list_head*, align 8 ], [ (pkt_shrink_pktlist)https://gitlab.flux.utah.edu/xcap/xcap-capability-linux/-/blob/llvm_v4.8/drivers/block/pktcdvd.c#L591 |   %5 = alloca %struct.list_head*, align 8 ], [ (kcdrwd)https://gitlab.flux.utah.edu/xcap/xcap-capability-linux/-/blob/llvm_v4.8/drivers/block/pktcdvd.c#L1462 |   %37 = alloca %struct.list_head*, align 8 ], [ (kcdrwd)https://gitlab.flux.utah.edu/xcap/xcap-capability-linux/-/blob/llvm_v4.8/drivers/block/pktcdvd.c#L1462 |   %43 = alloca %struct.list_head*, align 8 ], [ (pkt_handle_packets)https://gitlab.flux.utah.edu/xcap/xcap-capability-linux/-/blob/llvm_v4.8/drivers/block/pktcdvd.c#L1414 |   %33 = alloca %struct.list_head*, align 8 ], [ (kcdrwd)https://gitlab.flux.utah.edu/xcap/xcap-capability-linux/-/blob/llvm_v4.8/drivers/block/pktcdvd.c#L1462 |   %39 = alloca %struct.list_head*, align 8 ], [ (pkt_get_packet_data)https://gitlab.flux.utah.edu/xcap/xcap-capability-linux/-/blob/llvm_v4.8/drivers/block/pktcdvd.c#L1093 |   %9 = alloca %struct.list_head*, align 8 ], [ (pkt_make_request_write)https://gitlab.flux.utah.edu/xcap/xcap-capability-linux/-/blob/llvm_v4.8/drivers/block/pktcdvd.c#L2360 |   %31 = alloca %struct.list_head*, align 8 ], [ (kcdrwd)https://gitlab.flux.utah.edu/xcap/xcap-capability-linux/-/blob/llvm_v4.8/drivers/block/pktcdvd.c#L1472 ], [ (pkt_handle_packets)https://gitlab.flux.utah.edu/xcap/xcap-capability-linux/-/blob/llvm_v4.8/drivers/block/pktcdvd.c#L1414 |   %27 = alloca %struct.list_head*, align 8 ], [ (pkt_shrink_pktlist)https://gitlab.flux.utah.edu/xcap/xcap-capability-linux/-/blob/llvm_v4.8/drivers/block/pktcdvd.c#L591 |   %7 = alloca %struct.list_head*, align 8 ], [ (list_empty)https://gitlab.flux.utah.edu/xcap/xcap-capability-linux/-/blob/llvm_v4.8/./include/linux/list.h#L187 |   %7 = alloca %struct.list_head*, align 8 ], [ (__list_add)https://gitlab.flux.utah.edu/xcap/xcap-capability-linux/-/blob/llvm_v4.8/./include/linux/list.h#L38 |   %11 = alloca %struct.list_head*, align 8 ], [ (pkt_handle_queue)https://gitlab.flux.utah.edu/xcap/xcap-capability-linux/-/blob/llvm_v4.8/drivers/block/pktcdvd.c#L1195 |   %36 = alloca %struct.list_head*, align 8 ], [ (pkt_handle_packets)https://gitlab.flux.utah.edu/xcap/xcap-capability-linux/-/blob/llvm_v4.8/drivers/block/pktcdvd.c#L1414 |   %29 = alloca %struct.list_head*, align 8 ], [ (pkt_handle_packets)https://gitlab.flux.utah.edu/xcap/xcap-capability-linux/-/blob/llvm_v4.8/drivers/block/pktcdvd.c#L1414 |   %31 = alloca %struct.list_head*, align 8 ], [ (pkt_handle_queue)https://gitlab.flux.utah.edu/xcap/xcap-capability-linux/-/blob/llvm_v4.8/drivers/block/pktcdvd.c#L1195 |   %38 = alloca %struct.list_head*, align 8 ], [ (__list_del)https://gitlab.flux.utah.edu/xcap/xcap-capability-linux/-/blob/llvm_v4.8/./include/linux/list.h#L87 |   %9 = alloca %struct.list_head*, align 8 ], [ (INIT_LIST_HEAD)https://gitlab.flux.utah.edu/xcap/xcap-capability-linux/-/blob/llvm_v4.8/./include/linux/list.h#L25 |   %7 = alloca %struct.list_head*, align 8 ], [ (pkt_shrink_pktlist)https://gitlab.flux.utah.edu/xcap/xcap-capability-linux/-/blob/llvm_v4.8/drivers/block/pktcdvd.c#L591 |   %9 = alloca %struct.list_head*, align 8 ], ",
    "call path (type)": " [blk_alloc_queue->blk_alloc_queue_node->bioset_create->__bioset_create->bioset_free->bio_put_slab->kmem_cache_destroy->shutdown_memcg_caches->list_move.1539->__list_del_entry.1540->__list_del.1541] ",
    "cond_num": "5",
    "isControl": "0"
  },
  {
    "id": "20",
    "risky": "ptr-sen-branch (kfree)",
    "acc_path": "list_head->next",
    "src": "https://gitlab.flux.utah.edu/xcap/xcap-capability-linux/-/blob/llvm_v4.8/lib/kobject_uevent.c#L439 |   %8 = getelementptr %struct.list_head, %struct.list_head* @uevent_sock_list, i32 0, i32 0",
    "dst": "https://gitlab.flux.utah.edu/xcap/xcap-capability-linux/-/blob/llvm_v4.8/lib/kobject_uevent.c#L444",
    "drv_update loc (shared field)": "[ (kcdrwd)https://gitlab.flux.utah.edu/xcap/xcap-capability-linux/-/blob/llvm_v4.8/drivers/block/pktcdvd.c#L1472 ], ",
    "call path (type)": "",
    "cond_num": "0",
    "isControl": "1",
    "t_trace": "[ INST || DATA_DEF_USE || https://gitlab.flux.utah.edu/xcap/xcap-capability-linux/-/blob/llvm_v4.8/lib/kobject_uevent.c#L444 ] -> [ INST || UNKNOWN Edge Type || https://gitlab.flux.utah.edu/xcap/xcap-capability-linux/-/blob/llvm_v4.8/lib/kobject_uevent.c#L444 ] -> [ INST || DATA_DEF_USE || https://gitlab.flux.utah.edu/xcap/xcap-capability-linux/-/blob/llvm_v4.8/lib/kobject_uevent.c#L444 ] -> [ INST || DATA_DEF_USE || https://gitlab.flux.utah.edu/xcap/xcap-capability-linux/-/blob/llvm_v4.8/lib/kobject_uevent.c#L444 ] -> [ INST || DATA_DEF_USE || https://gitlab.flux.utah.edu/xcap/xcap-capability-linux/-/blob/llvm_v4.8/lib/kobject_uevent.c#L444 ] -> [ INST || DATA_ST || https://gitlab.flux.utah.edu/xcap/xcap-capability-linux/-/blob/llvm_v4.8/lib/kobject_uevent.c#L439 |   %5 = alloca %struct.uevent_sock*, align 8 ] -> [ INST || DATA_DEF_USE || https://gitlab.flux.utah.edu/xcap/xcap-capability-linux/-/blob/llvm_v4.8/lib/kobject_uevent.c#L444 ] -> [ INST || UNKNOWN Edge Type || https://gitlab.flux.utah.edu/xcap/xcap-capability-linux/-/blob/llvm_v4.8/lib/kobject_uevent.c#L444 ] -> [ INST || DATA_DEF_USE || https://gitlab.flux.utah.edu/xcap/xcap-capability-linux/-/blob/llvm_v4.8/lib/kobject_uevent.c#L444 ] -> [ INST || DATA_DEF_USE || https://gitlab.flux.utah.edu/xcap/xcap-capability-linux/-/blob/llvm_v4.8/lib/kobject_uevent.c#L444 ] -> [ INST || DATA_DEF_USE || https://gitlab.flux.utah.edu/xcap/xcap-capability-linux/-/blob/llvm_v4.8/lib/kobject_uevent.c#L444 ] -> [ INST || UNKNOWN Edge Type || https://gitlab.flux.utah.edu/xcap/xcap-capability-linux/-/blob/llvm_v4.8/lib/kobject_uevent.c#L444 ] -> [ INST || DATA_DEF_USE || https://gitlab.flux.utah.edu/xcap/xcap-capability-linux/-/blob/llvm_v4.8/lib/kobject_uevent.c#L444 ] -> [ INST || DATA_DEF_USE || https://gitlab.flux.utah.edu/xcap/xcap-capability-linux/-/blob/llvm_v4.8/lib/kobject_uevent.c#L444 ] -> [ INST || DATA_DEF_USE || https://gitlab.flux.utah.edu/xcap/xcap-capability-linux/-/blob/llvm_v4.8/lib/kobject_uevent.c#L444 ] -> [ INST || DATA_ST || https://gitlab.flux.utah.edu/xcap/xcap-capability-linux/-/blob/llvm_v4.8/lib/kobject_uevent.c#L439 |   %7 = alloca %struct.uevent_sock*, align 8 ] -> [ INST || DATA_DEF_USE || https://gitlab.flux.utah.edu/xcap/xcap-capability-linux/-/blob/llvm_v4.8/lib/kobject_uevent.c#L444 ] -> [ INST || UNKNOWN Edge Type || https://gitlab.flux.utah.edu/xcap/xcap-capability-linux/-/blob/llvm_v4.8/lib/kobject_uevent.c#L444 ] -> [ INST || DATA_DEF_USE || https://gitlab.flux.utah.edu/xcap/xcap-capability-linux/-/blob/llvm_v4.8/lib/kobject_uevent.c#L444 ] -> ",
    "isTrue": "-",
    "atk_reason": "",
    "defense": ""
  },
  {
    "id": "21",
    "risky": "ptr-write",
    "acc_path": "list_head->prev",
    "src": "https://gitlab.flux.utah.edu/xcap/xcap-capability-linux/-/blob/llvm_v4.8/./include/linux/list.h#L208",
    "dst": "https://gitlab.flux.utah.edu/xcap/xcap-capability-linux/-/blob/llvm_v4.8/./include/linux/list.h#L205 |   %3 = alloca %struct.list_head*, align 8",
    "drv caller (param)": "",
    "call path (param)": "",
    "drv_update loc (shared field)": "[ (pkt_handle_packets)https://gitlab.flux.utah.edu/xcap/xcap-capability-linux/-/blob/llvm_v4.8/drivers/block/pktcdvd.c#L1414 |   %35 = alloca %struct.list_head*, align 8 ], [ (kcdrwd)https://gitlab.flux.utah.edu/xcap/xcap-capability-linux/-/blob/llvm_v4.8/drivers/block/pktcdvd.c#L1462 |   %47 = alloca %struct.list_head*, align 8 ], [ (pkt_count_states)https://gitlab.flux.utah.edu/xcap/xcap-capability-linux/-/blob/llvm_v4.8/drivers/block/pktcdvd.c#L1443 |   %9 = alloca %struct.list_head*, align 8 ], [ (kcdrwd)https://gitlab.flux.utah.edu/xcap/xcap-capability-linux/-/blob/llvm_v4.8/drivers/block/pktcdvd.c#L1472 ], [ (pkt_count_states)https://gitlab.flux.utah.edu/xcap/xcap-capability-linux/-/blob/llvm_v4.8/drivers/block/pktcdvd.c#L1443 |   %11 = alloca %struct.list_head*, align 8 ], [ (kcdrwd)https://gitlab.flux.utah.edu/xcap/xcap-capability-linux/-/blob/llvm_v4.8/drivers/block/pktcdvd.c#L1462 |   %41 = alloca %struct.list_head*, align 8 ], [ (pkt_get_packet_data)https://gitlab.flux.utah.edu/xcap/xcap-capability-linux/-/blob/llvm_v4.8/drivers/block/pktcdvd.c#L1093 |   %7 = alloca %struct.list_head*, align 8 ], [ (kcdrwd)https://gitlab.flux.utah.edu/xcap/xcap-capability-linux/-/blob/llvm_v4.8/drivers/block/pktcdvd.c#L1462 |   %45 = alloca %struct.list_head*, align 8 ], [ (pkt_make_request_write)https://gitlab.flux.utah.edu/xcap/xcap-capability-linux/-/blob/llvm_v4.8/drivers/block/pktcdvd.c#L2360 |   %33 = alloca %struct.list_head*, align 8 ], [ (pkt_shrink_pktlist)https://gitlab.flux.utah.edu/xcap/xcap-capability-linux/-/blob/llvm_v4.8/drivers/block/pktcdvd.c#L591 |   %5 = alloca %struct.list_head*, align 8 ], [ (kcdrwd)https://gitlab.flux.utah.edu/xcap/xcap-capability-linux/-/blob/llvm_v4.8/drivers/block/pktcdvd.c#L1462 |   %37 = alloca %struct.list_head*, align 8 ], [ (kcdrwd)https://gitlab.flux.utah.edu/xcap/xcap-capability-linux/-/blob/llvm_v4.8/drivers/block/pktcdvd.c#L1462 |   %43 = alloca %struct.list_head*, align 8 ], [ (pkt_handle_packets)https://gitlab.flux.utah.edu/xcap/xcap-capability-linux/-/blob/llvm_v4.8/drivers/block/pktcdvd.c#L1414 |   %33 = alloca %struct.list_head*, align 8 ], [ (kcdrwd)https://gitlab.flux.utah.edu/xcap/xcap-capability-linux/-/blob/llvm_v4.8/drivers/block/pktcdvd.c#L1462 |   %39 = alloca %struct.list_head*, align 8 ], [ (pkt_get_packet_data)https://gitlab.flux.utah.edu/xcap/xcap-capability-linux/-/blob/llvm_v4.8/drivers/block/pktcdvd.c#L1093 |   %9 = alloca %struct.list_head*, align 8 ], [ (pkt_make_request_write)https://gitlab.flux.utah.edu/xcap/xcap-capability-linux/-/blob/llvm_v4.8/drivers/block/pktcdvd.c#L2360 |   %31 = alloca %struct.list_head*, align 8 ], [ (kcdrwd)https://gitlab.flux.utah.edu/xcap/xcap-capability-linux/-/blob/llvm_v4.8/drivers/block/pktcdvd.c#L1472 ], [ (pkt_handle_packets)https://gitlab.flux.utah.edu/xcap/xcap-capability-linux/-/blob/llvm_v4.8/drivers/block/pktcdvd.c#L1414 |   %27 = alloca %struct.list_head*, align 8 ], [ (pkt_shrink_pktlist)https://gitlab.flux.utah.edu/xcap/xcap-capability-linux/-/blob/llvm_v4.8/drivers/block/pktcdvd.c#L591 |   %7 = alloca %struct.list_head*, align 8 ], [ (list_empty)https://gitlab.flux.utah.edu/xcap/xcap-capability-linux/-/blob/llvm_v4.8/./include/linux/list.h#L187 |   %7 = alloca %struct.list_head*, align 8 ], [ (__list_add)https://gitlab.flux.utah.edu/xcap/xcap-capability-linux/-/blob/llvm_v4.8/./include/linux/list.h#L38 |   %11 = alloca %struct.list_head*, align 8 ], [ (pkt_handle_queue)https://gitlab.flux.utah.edu/xcap/xcap-capability-linux/-/blob/llvm_v4.8/drivers/block/pktcdvd.c#L1195 |   %36 = alloca %struct.list_head*, align 8 ], [ (pkt_handle_packets)https://gitlab.flux.utah.edu/xcap/xcap-capability-linux/-/blob/llvm_v4.8/drivers/block/pktcdvd.c#L1414 |   %29 = alloca %struct.list_head*, align 8 ], [ (pkt_handle_packets)https://gitlab.flux.utah.edu/xcap/xcap-capability-linux/-/blob/llvm_v4.8/drivers/block/pktcdvd.c#L1414 |   %31 = alloca %struct.list_head*, align 8 ], [ (pkt_handle_queue)https://gitlab.flux.utah.edu/xcap/xcap-capability-linux/-/blob/llvm_v4.8/drivers/block/pktcdvd.c#L1195 |   %38 = alloca %struct.list_head*, align 8 ], [ (__list_del)https://gitlab.flux.utah.edu/xcap/xcap-capability-linux/-/blob/llvm_v4.8/./include/linux/list.h#L87 |   %9 = alloca %struct.list_head*, align 8 ], [ (INIT_LIST_HEAD)https://gitlab.flux.utah.edu/xcap/xcap-capability-linux/-/blob/llvm_v4.8/./include/linux/list.h#L25 |   %7 = alloca %struct.list_head*, align 8 ], [ (pkt_shrink_pktlist)https://gitlab.flux.utah.edu/xcap/xcap-capability-linux/-/blob/llvm_v4.8/drivers/block/pktcdvd.c#L591 |   %9 = alloca %struct.list_head*, align 8 ], ",
    "call path (type)": " [device_unregister->device_del->kobject_uevent->kobject_uevent_env->kzalloc.1192->kmalloc_order->alloc_pages_node.1525->__alloc_pages_node.1531->__alloc_pages.1533->__alloc_pages_nodemask->__alloc_pages_slowpath->should_reclaim_retry->congestion_wait->finish_wait->list_empty_careful] ",
    "cond_num": "0",
    "isControl": "1",
    "t_trace": "",
    "isTrue": "-",
    "atk_reason": "",
    "defense": ""
  },
  {
    "id": "21",
    "risky": "ptr-read",
    "acc_path": "list_head->prev",
    "src": "https://gitlab.flux.utah.edu/xcap/xcap-capability-linux/-/blob/llvm_v4.8/./include/linux/list.h#L208",
    "dst": "https://gitlab.flux.utah.edu/xcap/xcap-capability-linux/-/blob/llvm_v4.8/./include/linux/list.h#L208",
    "drv caller (param)": "",
    "call path (param)": "",
    "drv_update loc (shared field)": "[ (pkt_handle_packets)https://gitlab.flux.utah.edu/xcap/xcap-capability-linux/-/blob/llvm_v4.8/drivers/block/pktcdvd.c#L1414 |   %35 = alloca %struct.list_head*, align 8 ], [ (kcdrwd)https://gitlab.flux.utah.edu/xcap/xcap-capability-linux/-/blob/llvm_v4.8/drivers/block/pktcdvd.c#L1462 |   %47 = alloca %struct.list_head*, align 8 ], [ (pkt_count_states)https://gitlab.flux.utah.edu/xcap/xcap-capability-linux/-/blob/llvm_v4.8/drivers/block/pktcdvd.c#L1443 |   %9 = alloca %struct.list_head*, align 8 ], [ (kcdrwd)https://gitlab.flux.utah.edu/xcap/xcap-capability-linux/-/blob/llvm_v4.8/drivers/block/pktcdvd.c#L1472 ], [ (pkt_count_states)https://gitlab.flux.utah.edu/xcap/xcap-capability-linux/-/blob/llvm_v4.8/drivers/block/pktcdvd.c#L1443 |   %11 = alloca %struct.list_head*, align 8 ], [ (kcdrwd)https://gitlab.flux.utah.edu/xcap/xcap-capability-linux/-/blob/llvm_v4.8/drivers/block/pktcdvd.c#L1462 |   %41 = alloca %struct.list_head*, align 8 ], [ (pkt_get_packet_data)https://gitlab.flux.utah.edu/xcap/xcap-capability-linux/-/blob/llvm_v4.8/drivers/block/pktcdvd.c#L1093 |   %7 = alloca %struct.list_head*, align 8 ], [ (kcdrwd)https://gitlab.flux.utah.edu/xcap/xcap-capability-linux/-/blob/llvm_v4.8/drivers/block/pktcdvd.c#L1462 |   %45 = alloca %struct.list_head*, align 8 ], [ (pkt_make_request_write)https://gitlab.flux.utah.edu/xcap/xcap-capability-linux/-/blob/llvm_v4.8/drivers/block/pktcdvd.c#L2360 |   %33 = alloca %struct.list_head*, align 8 ], [ (pkt_shrink_pktlist)https://gitlab.flux.utah.edu/xcap/xcap-capability-linux/-/blob/llvm_v4.8/drivers/block/pktcdvd.c#L591 |   %5 = alloca %struct.list_head*, align 8 ], [ (kcdrwd)https://gitlab.flux.utah.edu/xcap/xcap-capability-linux/-/blob/llvm_v4.8/drivers/block/pktcdvd.c#L1462 |   %37 = alloca %struct.list_head*, align 8 ], [ (kcdrwd)https://gitlab.flux.utah.edu/xcap/xcap-capability-linux/-/blob/llvm_v4.8/drivers/block/pktcdvd.c#L1462 |   %43 = alloca %struct.list_head*, align 8 ], [ (pkt_handle_packets)https://gitlab.flux.utah.edu/xcap/xcap-capability-linux/-/blob/llvm_v4.8/drivers/block/pktcdvd.c#L1414 |   %33 = alloca %struct.list_head*, align 8 ], [ (kcdrwd)https://gitlab.flux.utah.edu/xcap/xcap-capability-linux/-/blob/llvm_v4.8/drivers/block/pktcdvd.c#L1462 |   %39 = alloca %struct.list_head*, align 8 ], [ (pkt_get_packet_data)https://gitlab.flux.utah.edu/xcap/xcap-capability-linux/-/blob/llvm_v4.8/drivers/block/pktcdvd.c#L1093 |   %9 = alloca %struct.list_head*, align 8 ], [ (pkt_make_request_write)https://gitlab.flux.utah.edu/xcap/xcap-capability-linux/-/blob/llvm_v4.8/drivers/block/pktcdvd.c#L2360 |   %31 = alloca %struct.list_head*, align 8 ], [ (kcdrwd)https://gitlab.flux.utah.edu/xcap/xcap-capability-linux/-/blob/llvm_v4.8/drivers/block/pktcdvd.c#L1472 ], [ (pkt_handle_packets)https://gitlab.flux.utah.edu/xcap/xcap-capability-linux/-/blob/llvm_v4.8/drivers/block/pktcdvd.c#L1414 |   %27 = alloca %struct.list_head*, align 8 ], [ (pkt_shrink_pktlist)https://gitlab.flux.utah.edu/xcap/xcap-capability-linux/-/blob/llvm_v4.8/drivers/block/pktcdvd.c#L591 |   %7 = alloca %struct.list_head*, align 8 ], [ (list_empty)https://gitlab.flux.utah.edu/xcap/xcap-capability-linux/-/blob/llvm_v4.8/./include/linux/list.h#L187 |   %7 = alloca %struct.list_head*, align 8 ], [ (__list_add)https://gitlab.flux.utah.edu/xcap/xcap-capability-linux/-/blob/llvm_v4.8/./include/linux/list.h#L38 |   %11 = alloca %struct.list_head*, align 8 ], [ (pkt_handle_queue)https://gitlab.flux.utah.edu/xcap/xcap-capability-linux/-/blob/llvm_v4.8/drivers/block/pktcdvd.c#L1195 |   %36 = alloca %struct.list_head*, align 8 ], [ (pkt_handle_packets)https://gitlab.flux.utah.edu/xcap/xcap-capability-linux/-/blob/llvm_v4.8/drivers/block/pktcdvd.c#L1414 |   %29 = alloca %struct.list_head*, align 8 ], [ (pkt_handle_packets)https://gitlab.flux.utah.edu/xcap/xcap-capability-linux/-/blob/llvm_v4.8/drivers/block/pktcdvd.c#L1414 |   %31 = alloca %struct.list_head*, align 8 ], [ (pkt_handle_queue)https://gitlab.flux.utah.edu/xcap/xcap-capability-linux/-/blob/llvm_v4.8/drivers/block/pktcdvd.c#L1195 |   %38 = alloca %struct.list_head*, align 8 ], [ (__list_del)https://gitlab.flux.utah.edu/xcap/xcap-capability-linux/-/blob/llvm_v4.8/./include/linux/list.h#L87 |   %9 = alloca %struct.list_head*, align 8 ], [ (INIT_LIST_HEAD)https://gitlab.flux.utah.edu/xcap/xcap-capability-linux/-/blob/llvm_v4.8/./include/linux/list.h#L25 |   %7 = alloca %struct.list_head*, align 8 ], [ (pkt_shrink_pktlist)https://gitlab.flux.utah.edu/xcap/xcap-capability-linux/-/blob/llvm_v4.8/drivers/block/pktcdvd.c#L591 |   %9 = alloca %struct.list_head*, align 8 ], ",
    "call path (type)": " [device_unregister->device_del->kobject_uevent->kobject_uevent_env->kzalloc.1192->kmalloc_order->alloc_pages_node.1525->__alloc_pages_node.1531->__alloc_pages.1533->__alloc_pages_nodemask->__alloc_pages_slowpath->should_reclaim_retry->congestion_wait->finish_wait->list_empty_careful] ",
    "cond_num": "0",
    "isControl": "1",
    "t_trace": "",
    "isTrue": "-",
    "atk_reason": "",
    "defense": ""
  },
  {
    "id": "21",
    "risky": "ptr-sen-api (memcpy)",
    "acc_path": "list_head->prev",
    "src": "https://gitlab.flux.utah.edu/xcap/xcap-capability-linux/-/blob/llvm_v4.8/block/blk-core.c#L1593",
    "dst": "https://gitlab.flux.utah.edu/xcap/xcap-capability-linux/-/blob/llvm_v4.8/./include/linux/compiler.h#L220",
    "drv_update loc (shared field)": "[ (pkt_handle_packets)https://gitlab.flux.utah.edu/xcap/xcap-capability-linux/-/blob/llvm_v4.8/drivers/block/pktcdvd.c#L1414 |   %35 = alloca %struct.list_head*, align 8 ], [ (kcdrwd)https://gitlab.flux.utah.edu/xcap/xcap-capability-linux/-/blob/llvm_v4.8/drivers/block/pktcdvd.c#L1462 |   %47 = alloca %struct.list_head*, align 8 ], [ (pkt_count_states)https://gitlab.flux.utah.edu/xcap/xcap-capability-linux/-/blob/llvm_v4.8/drivers/block/pktcdvd.c#L1443 |   %9 = alloca %struct.list_head*, align 8 ], [ (kcdrwd)https://gitlab.flux.utah.edu/xcap/xcap-capability-linux/-/blob/llvm_v4.8/drivers/block/pktcdvd.c#L1472 ], [ (pkt_count_states)https://gitlab.flux.utah.edu/xcap/xcap-capability-linux/-/blob/llvm_v4.8/drivers/block/pktcdvd.c#L1443 |   %11 = alloca %struct.list_head*, align 8 ], [ (kcdrwd)https://gitlab.flux.utah.edu/xcap/xcap-capability-linux/-/blob/llvm_v4.8/drivers/block/pktcdvd.c#L1462 |   %41 = alloca %struct.list_head*, align 8 ], [ (pkt_get_packet_data)https://gitlab.flux.utah.edu/xcap/xcap-capability-linux/-/blob/llvm_v4.8/drivers/block/pktcdvd.c#L1093 |   %7 = alloca %struct.list_head*, align 8 ], [ (kcdrwd)https://gitlab.flux.utah.edu/xcap/xcap-capability-linux/-/blob/llvm_v4.8/drivers/block/pktcdvd.c#L1462 |   %45 = alloca %struct.list_head*, align 8 ], [ (pkt_make_request_write)https://gitlab.flux.utah.edu/xcap/xcap-capability-linux/-/blob/llvm_v4.8/drivers/block/pktcdvd.c#L2360 |   %33 = alloca %struct.list_head*, align 8 ], [ (pkt_shrink_pktlist)https://gitlab.flux.utah.edu/xcap/xcap-capability-linux/-/blob/llvm_v4.8/drivers/block/pktcdvd.c#L591 |   %5 = alloca %struct.list_head*, align 8 ], [ (kcdrwd)https://gitlab.flux.utah.edu/xcap/xcap-capability-linux/-/blob/llvm_v4.8/drivers/block/pktcdvd.c#L1462 |   %37 = alloca %struct.list_head*, align 8 ], [ (kcdrwd)https://gitlab.flux.utah.edu/xcap/xcap-capability-linux/-/blob/llvm_v4.8/drivers/block/pktcdvd.c#L1462 |   %43 = alloca %struct.list_head*, align 8 ], [ (pkt_handle_packets)https://gitlab.flux.utah.edu/xcap/xcap-capability-linux/-/blob/llvm_v4.8/drivers/block/pktcdvd.c#L1414 |   %33 = alloca %struct.list_head*, align 8 ], [ (kcdrwd)https://gitlab.flux.utah.edu/xcap/xcap-capability-linux/-/blob/llvm_v4.8/drivers/block/pktcdvd.c#L1462 |   %39 = alloca %struct.list_head*, align 8 ], [ (pkt_get_packet_data)https://gitlab.flux.utah.edu/xcap/xcap-capability-linux/-/blob/llvm_v4.8/drivers/block/pktcdvd.c#L1093 |   %9 = alloca %struct.list_head*, align 8 ], [ (pkt_make_request_write)https://gitlab.flux.utah.edu/xcap/xcap-capability-linux/-/blob/llvm_v4.8/drivers/block/pktcdvd.c#L2360 |   %31 = alloca %struct.list_head*, align 8 ], [ (kcdrwd)https://gitlab.flux.utah.edu/xcap/xcap-capability-linux/-/blob/llvm_v4.8/drivers/block/pktcdvd.c#L1472 ], [ (pkt_handle_packets)https://gitlab.flux.utah.edu/xcap/xcap-capability-linux/-/blob/llvm_v4.8/drivers/block/pktcdvd.c#L1414 |   %27 = alloca %struct.list_head*, align 8 ], [ (pkt_shrink_pktlist)https://gitlab.flux.utah.edu/xcap/xcap-capability-linux/-/blob/llvm_v4.8/drivers/block/pktcdvd.c#L591 |   %7 = alloca %struct.list_head*, align 8 ], [ (list_empty)https://gitlab.flux.utah.edu/xcap/xcap-capability-linux/-/blob/llvm_v4.8/./include/linux/list.h#L187 |   %7 = alloca %struct.list_head*, align 8 ], [ (__list_add)https://gitlab.flux.utah.edu/xcap/xcap-capability-linux/-/blob/llvm_v4.8/./include/linux/list.h#L38 |   %11 = alloca %struct.list_head*, align 8 ], [ (pkt_handle_queue)https://gitlab.flux.utah.edu/xcap/xcap-capability-linux/-/blob/llvm_v4.8/drivers/block/pktcdvd.c#L1195 |   %36 = alloca %struct.list_head*, align 8 ], [ (pkt_handle_packets)https://gitlab.flux.utah.edu/xcap/xcap-capability-linux/-/blob/llvm_v4.8/drivers/block/pktcdvd.c#L1414 |   %29 = alloca %struct.list_head*, align 8 ], [ (pkt_handle_packets)https://gitlab.flux.utah.edu/xcap/xcap-capability-linux/-/blob/llvm_v4.8/drivers/block/pktcdvd.c#L1414 |   %31 = alloca %struct.list_head*, align 8 ], [ (pkt_handle_queue)https://gitlab.flux.utah.edu/xcap/xcap-capability-linux/-/blob/llvm_v4.8/drivers/block/pktcdvd.c#L1195 |   %38 = alloca %struct.list_head*, align 8 ], [ (__list_del)https://gitlab.flux.utah.edu/xcap/xcap-capability-linux/-/blob/llvm_v4.8/./include/linux/list.h#L87 |   %9 = alloca %struct.list_head*, align 8 ], [ (INIT_LIST_HEAD)https://gitlab.flux.utah.edu/xcap/xcap-capability-linux/-/blob/llvm_v4.8/./include/linux/list.h#L25 |   %7 = alloca %struct.list_head*, align 8 ], [ (pkt_shrink_pktlist)https://gitlab.flux.utah.edu/xcap/xcap-capability-linux/-/blob/llvm_v4.8/drivers/block/pktcdvd.c#L591 |   %9 = alloca %struct.list_head*, align 8 ], ",
    "call path (type)": " [blk_queue_split->generic_make_request->blk_queue_enter->percpu_ref_tryget_live.78->atomic64_add_unless.79->atomic64_read.80] ",
    "cond_num": "13",
    "isControl": "0"
  },
  {
    "id": "21",
    "risky": "ptr-sen-branch (memcpy)",
    "acc_path": "list_head->prev",
    "src": "https://gitlab.flux.utah.edu/xcap/xcap-capability-linux/-/blob/llvm_v4.8/block/blk-core.c#L1593",
    "dst": "https://gitlab.flux.utah.edu/xcap/xcap-capability-linux/-/blob/llvm_v4.8/block/blk-merge.c#L269",
    "drv_update loc (shared field)": "[ (pkt_handle_packets)https://gitlab.flux.utah.edu/xcap/xcap-capability-linux/-/blob/llvm_v4.8/drivers/block/pktcdvd.c#L1414 |   %35 = alloca %struct.list_head*, align 8 ], [ (kcdrwd)https://gitlab.flux.utah.edu/xcap/xcap-capability-linux/-/blob/llvm_v4.8/drivers/block/pktcdvd.c#L1462 |   %47 = alloca %struct.list_head*, align 8 ], [ (pkt_count_states)https://gitlab.flux.utah.edu/xcap/xcap-capability-linux/-/blob/llvm_v4.8/drivers/block/pktcdvd.c#L1443 |   %9 = alloca %struct.list_head*, align 8 ], [ (kcdrwd)https://gitlab.flux.utah.edu/xcap/xcap-capability-linux/-/blob/llvm_v4.8/drivers/block/pktcdvd.c#L1472 ], [ (pkt_count_states)https://gitlab.flux.utah.edu/xcap/xcap-capability-linux/-/blob/llvm_v4.8/drivers/block/pktcdvd.c#L1443 |   %11 = alloca %struct.list_head*, align 8 ], [ (kcdrwd)https://gitlab.flux.utah.edu/xcap/xcap-capability-linux/-/blob/llvm_v4.8/drivers/block/pktcdvd.c#L1462 |   %41 = alloca %struct.list_head*, align 8 ], [ (pkt_get_packet_data)https://gitlab.flux.utah.edu/xcap/xcap-capability-linux/-/blob/llvm_v4.8/drivers/block/pktcdvd.c#L1093 |   %7 = alloca %struct.list_head*, align 8 ], [ (kcdrwd)https://gitlab.flux.utah.edu/xcap/xcap-capability-linux/-/blob/llvm_v4.8/drivers/block/pktcdvd.c#L1462 |   %45 = alloca %struct.list_head*, align 8 ], [ (pkt_make_request_write)https://gitlab.flux.utah.edu/xcap/xcap-capability-linux/-/blob/llvm_v4.8/drivers/block/pktcdvd.c#L2360 |   %33 = alloca %struct.list_head*, align 8 ], [ (pkt_shrink_pktlist)https://gitlab.flux.utah.edu/xcap/xcap-capability-linux/-/blob/llvm_v4.8/drivers/block/pktcdvd.c#L591 |   %5 = alloca %struct.list_head*, align 8 ], [ (kcdrwd)https://gitlab.flux.utah.edu/xcap/xcap-capability-linux/-/blob/llvm_v4.8/drivers/block/pktcdvd.c#L1462 |   %37 = alloca %struct.list_head*, align 8 ], [ (kcdrwd)https://gitlab.flux.utah.edu/xcap/xcap-capability-linux/-/blob/llvm_v4.8/drivers/block/pktcdvd.c#L1462 |   %43 = alloca %struct.list_head*, align 8 ], [ (pkt_handle_packets)https://gitlab.flux.utah.edu/xcap/xcap-capability-linux/-/blob/llvm_v4.8/drivers/block/pktcdvd.c#L1414 |   %33 = alloca %struct.list_head*, align 8 ], [ (kcdrwd)https://gitlab.flux.utah.edu/xcap/xcap-capability-linux/-/blob/llvm_v4.8/drivers/block/pktcdvd.c#L1462 |   %39 = alloca %struct.list_head*, align 8 ], [ (pkt_get_packet_data)https://gitlab.flux.utah.edu/xcap/xcap-capability-linux/-/blob/llvm_v4.8/drivers/block/pktcdvd.c#L1093 |   %9 = alloca %struct.list_head*, align 8 ], [ (pkt_make_request_write)https://gitlab.flux.utah.edu/xcap/xcap-capability-linux/-/blob/llvm_v4.8/drivers/block/pktcdvd.c#L2360 |   %31 = alloca %struct.list_head*, align 8 ], [ (kcdrwd)https://gitlab.flux.utah.edu/xcap/xcap-capability-linux/-/blob/llvm_v4.8/drivers/block/pktcdvd.c#L1472 ], [ (pkt_handle_packets)https://gitlab.flux.utah.edu/xcap/xcap-capability-linux/-/blob/llvm_v4.8/drivers/block/pktcdvd.c#L1414 |   %27 = alloca %struct.list_head*, align 8 ], [ (pkt_shrink_pktlist)https://gitlab.flux.utah.edu/xcap/xcap-capability-linux/-/blob/llvm_v4.8/drivers/block/pktcdvd.c#L591 |   %7 = alloca %struct.list_head*, align 8 ], [ (list_empty)https://gitlab.flux.utah.edu/xcap/xcap-capability-linux/-/blob/llvm_v4.8/./include/linux/list.h#L187 |   %7 = alloca %struct.list_head*, align 8 ], [ (__list_add)https://gitlab.flux.utah.edu/xcap/xcap-capability-linux/-/blob/llvm_v4.8/./include/linux/list.h#L38 |   %11 = alloca %struct.list_head*, align 8 ], [ (pkt_handle_queue)https://gitlab.flux.utah.edu/xcap/xcap-capability-linux/-/blob/llvm_v4.8/drivers/block/pktcdvd.c#L1195 |   %36 = alloca %struct.list_head*, align 8 ], [ (pkt_handle_packets)https://gitlab.flux.utah.edu/xcap/xcap-capability-linux/-/blob/llvm_v4.8/drivers/block/pktcdvd.c#L1414 |   %29 = alloca %struct.list_head*, align 8 ], [ (pkt_handle_packets)https://gitlab.flux.utah.edu/xcap/xcap-capability-linux/-/blob/llvm_v4.8/drivers/block/pktcdvd.c#L1414 |   %31 = alloca %struct.list_head*, align 8 ], [ (pkt_handle_queue)https://gitlab.flux.utah.edu/xcap/xcap-capability-linux/-/blob/llvm_v4.8/drivers/block/pktcdvd.c#L1195 |   %38 = alloca %struct.list_head*, align 8 ], [ (__list_del)https://gitlab.flux.utah.edu/xcap/xcap-capability-linux/-/blob/llvm_v4.8/./include/linux/list.h#L87 |   %9 = alloca %struct.list_head*, align 8 ], [ (INIT_LIST_HEAD)https://gitlab.flux.utah.edu/xcap/xcap-capability-linux/-/blob/llvm_v4.8/./include/linux/list.h#L25 |   %7 = alloca %struct.list_head*, align 8 ], [ (pkt_shrink_pktlist)https://gitlab.flux.utah.edu/xcap/xcap-capability-linux/-/blob/llvm_v4.8/drivers/block/pktcdvd.c#L591 |   %9 = alloca %struct.list_head*, align 8 ], ",
    "call path (type)": " [device_unregister->device_del->kobject_uevent->kobject_uevent_env->kzalloc.1192->kmalloc_order->alloc_pages_node.1525->__alloc_pages_node.1531->__alloc_pages.1533->__alloc_pages_nodemask->__alloc_pages_slowpath->should_reclaim_retry->congestion_wait->io_schedule_timeout->schedule_timeout->schedule->sched_submit_work->blk_schedule_flush_plug->blk_flush_plug_list->__blk_end_request_all->__blk_end_bidi_request->blk_update_bidi_request->blk_update_request->blk_recalc_rq_segments->__blk_recalc_rq_segments] ",
    "cond_num": "29",
    "isControl": "0"
  },
  {
    "id": "21",
    "risky": "ptr-array",
    "acc_path": "list_head->prev",
    "src": "https://gitlab.flux.utah.edu/xcap/xcap-capability-linux/-/blob/llvm_v4.8/block/blk-core.c#L1593",
    "dst": "https://gitlab.flux.utah.edu/xcap/xcap-capability-linux/-/blob/llvm_v4.8/./include/linux/genhd.h#L396",
    "drv_update loc (shared field)": "[ (pkt_handle_packets)https://gitlab.flux.utah.edu/xcap/xcap-capability-linux/-/blob/llvm_v4.8/drivers/block/pktcdvd.c#L1414 |   %35 = alloca %struct.list_head*, align 8 ], [ (kcdrwd)https://gitlab.flux.utah.edu/xcap/xcap-capability-linux/-/blob/llvm_v4.8/drivers/block/pktcdvd.c#L1462 |   %47 = alloca %struct.list_head*, align 8 ], [ (pkt_count_states)https://gitlab.flux.utah.edu/xcap/xcap-capability-linux/-/blob/llvm_v4.8/drivers/block/pktcdvd.c#L1443 |   %9 = alloca %struct.list_head*, align 8 ], [ (kcdrwd)https://gitlab.flux.utah.edu/xcap/xcap-capability-linux/-/blob/llvm_v4.8/drivers/block/pktcdvd.c#L1472 ], [ (pkt_count_states)https://gitlab.flux.utah.edu/xcap/xcap-capability-linux/-/blob/llvm_v4.8/drivers/block/pktcdvd.c#L1443 |   %11 = alloca %struct.list_head*, align 8 ], [ (kcdrwd)https://gitlab.flux.utah.edu/xcap/xcap-capability-linux/-/blob/llvm_v4.8/drivers/block/pktcdvd.c#L1462 |   %41 = alloca %struct.list_head*, align 8 ], [ (pkt_get_packet_data)https://gitlab.flux.utah.edu/xcap/xcap-capability-linux/-/blob/llvm_v4.8/drivers/block/pktcdvd.c#L1093 |   %7 = alloca %struct.list_head*, align 8 ], [ (kcdrwd)https://gitlab.flux.utah.edu/xcap/xcap-capability-linux/-/blob/llvm_v4.8/drivers/block/pktcdvd.c#L1462 |   %45 = alloca %struct.list_head*, align 8 ], [ (pkt_make_request_write)https://gitlab.flux.utah.edu/xcap/xcap-capability-linux/-/blob/llvm_v4.8/drivers/block/pktcdvd.c#L2360 |   %33 = alloca %struct.list_head*, align 8 ], [ (pkt_shrink_pktlist)https://gitlab.flux.utah.edu/xcap/xcap-capability-linux/-/blob/llvm_v4.8/drivers/block/pktcdvd.c#L591 |   %5 = alloca %struct.list_head*, align 8 ], [ (kcdrwd)https://gitlab.flux.utah.edu/xcap/xcap-capability-linux/-/blob/llvm_v4.8/drivers/block/pktcdvd.c#L1462 |   %37 = alloca %struct.list_head*, align 8 ], [ (kcdrwd)https://gitlab.flux.utah.edu/xcap/xcap-capability-linux/-/blob/llvm_v4.8/drivers/block/pktcdvd.c#L1462 |   %43 = alloca %struct.list_head*, align 8 ], [ (pkt_handle_packets)https://gitlab.flux.utah.edu/xcap/xcap-capability-linux/-/blob/llvm_v4.8/drivers/block/pktcdvd.c#L1414 |   %33 = alloca %struct.list_head*, align 8 ], [ (kcdrwd)https://gitlab.flux.utah.edu/xcap/xcap-capability-linux/-/blob/llvm_v4.8/drivers/block/pktcdvd.c#L1462 |   %39 = alloca %struct.list_head*, align 8 ], [ (pkt_get_packet_data)https://gitlab.flux.utah.edu/xcap/xcap-capability-linux/-/blob/llvm_v4.8/drivers/block/pktcdvd.c#L1093 |   %9 = alloca %struct.list_head*, align 8 ], [ (pkt_make_request_write)https://gitlab.flux.utah.edu/xcap/xcap-capability-linux/-/blob/llvm_v4.8/drivers/block/pktcdvd.c#L2360 |   %31 = alloca %struct.list_head*, align 8 ], [ (kcdrwd)https://gitlab.flux.utah.edu/xcap/xcap-capability-linux/-/blob/llvm_v4.8/drivers/block/pktcdvd.c#L1472 ], [ (pkt_handle_packets)https://gitlab.flux.utah.edu/xcap/xcap-capability-linux/-/blob/llvm_v4.8/drivers/block/pktcdvd.c#L1414 |   %27 = alloca %struct.list_head*, align 8 ], [ (pkt_shrink_pktlist)https://gitlab.flux.utah.edu/xcap/xcap-capability-linux/-/blob/llvm_v4.8/drivers/block/pktcdvd.c#L591 |   %7 = alloca %struct.list_head*, align 8 ], [ (list_empty)https://gitlab.flux.utah.edu/xcap/xcap-capability-linux/-/blob/llvm_v4.8/./include/linux/list.h#L187 |   %7 = alloca %struct.list_head*, align 8 ], [ (__list_add)https://gitlab.flux.utah.edu/xcap/xcap-capability-linux/-/blob/llvm_v4.8/./include/linux/list.h#L38 |   %11 = alloca %struct.list_head*, align 8 ], [ (pkt_handle_queue)https://gitlab.flux.utah.edu/xcap/xcap-capability-linux/-/blob/llvm_v4.8/drivers/block/pktcdvd.c#L1195 |   %36 = alloca %struct.list_head*, align 8 ], [ (pkt_handle_packets)https://gitlab.flux.utah.edu/xcap/xcap-capability-linux/-/blob/llvm_v4.8/drivers/block/pktcdvd.c#L1414 |   %29 = alloca %struct.list_head*, align 8 ], [ (pkt_handle_packets)https://gitlab.flux.utah.edu/xcap/xcap-capability-linux/-/blob/llvm_v4.8/drivers/block/pktcdvd.c#L1414 |   %31 = alloca %struct.list_head*, align 8 ], [ (pkt_handle_queue)https://gitlab.flux.utah.edu/xcap/xcap-capability-linux/-/blob/llvm_v4.8/drivers/block/pktcdvd.c#L1195 |   %38 = alloca %struct.list_head*, align 8 ], [ (__list_del)https://gitlab.flux.utah.edu/xcap/xcap-capability-linux/-/blob/llvm_v4.8/./include/linux/list.h#L87 |   %9 = alloca %struct.list_head*, align 8 ], [ (INIT_LIST_HEAD)https://gitlab.flux.utah.edu/xcap/xcap-capability-linux/-/blob/llvm_v4.8/./include/linux/list.h#L25 |   %7 = alloca %struct.list_head*, align 8 ], [ (pkt_shrink_pktlist)https://gitlab.flux.utah.edu/xcap/xcap-capability-linux/-/blob/llvm_v4.8/drivers/block/pktcdvd.c#L591 |   %9 = alloca %struct.list_head*, align 8 ], ",
    "call path (type)": " [device_unregister->device_del->kobject_uevent->kobject_uevent_env->kzalloc.1192->kmalloc_order->alloc_pages_node.1525->__alloc_pages_node.1531->__alloc_pages.1533->__alloc_pages_nodemask->__alloc_pages_slowpath->should_reclaim_retry->congestion_wait->io_schedule_timeout->schedule_timeout->schedule->sched_submit_work->blk_schedule_flush_plug->blk_flush_plug_list->__blk_end_request_all->__blk_end_bidi_request->blk_finish_request->blk_account_io_done->part_round_stats->part_round_stats_single->part_in_flight] ",
    "cond_num": "14",
    "isControl": "0"
  },
  {
    "id": "21",
    "risky": "ptr-arith",
    "acc_path": "list_head->prev",
    "src": "https://gitlab.flux.utah.edu/xcap/xcap-capability-linux/-/blob/llvm_v4.8/block/blk-core.c#L1593",
    "dst": "https://gitlab.flux.utah.edu/xcap/xcap-capability-linux/-/blob/llvm_v4.8/./include/linux/genhd.h#L396",
    "drv_update loc (shared field)": "[ (pkt_handle_packets)https://gitlab.flux.utah.edu/xcap/xcap-capability-linux/-/blob/llvm_v4.8/drivers/block/pktcdvd.c#L1414 |   %35 = alloca %struct.list_head*, align 8 ], [ (kcdrwd)https://gitlab.flux.utah.edu/xcap/xcap-capability-linux/-/blob/llvm_v4.8/drivers/block/pktcdvd.c#L1462 |   %47 = alloca %struct.list_head*, align 8 ], [ (pkt_count_states)https://gitlab.flux.utah.edu/xcap/xcap-capability-linux/-/blob/llvm_v4.8/drivers/block/pktcdvd.c#L1443 |   %9 = alloca %struct.list_head*, align 8 ], [ (kcdrwd)https://gitlab.flux.utah.edu/xcap/xcap-capability-linux/-/blob/llvm_v4.8/drivers/block/pktcdvd.c#L1472 ], [ (pkt_count_states)https://gitlab.flux.utah.edu/xcap/xcap-capability-linux/-/blob/llvm_v4.8/drivers/block/pktcdvd.c#L1443 |   %11 = alloca %struct.list_head*, align 8 ], [ (kcdrwd)https://gitlab.flux.utah.edu/xcap/xcap-capability-linux/-/blob/llvm_v4.8/drivers/block/pktcdvd.c#L1462 |   %41 = alloca %struct.list_head*, align 8 ], [ (pkt_get_packet_data)https://gitlab.flux.utah.edu/xcap/xcap-capability-linux/-/blob/llvm_v4.8/drivers/block/pktcdvd.c#L1093 |   %7 = alloca %struct.list_head*, align 8 ], [ (kcdrwd)https://gitlab.flux.utah.edu/xcap/xcap-capability-linux/-/blob/llvm_v4.8/drivers/block/pktcdvd.c#L1462 |   %45 = alloca %struct.list_head*, align 8 ], [ (pkt_make_request_write)https://gitlab.flux.utah.edu/xcap/xcap-capability-linux/-/blob/llvm_v4.8/drivers/block/pktcdvd.c#L2360 |   %33 = alloca %struct.list_head*, align 8 ], [ (pkt_shrink_pktlist)https://gitlab.flux.utah.edu/xcap/xcap-capability-linux/-/blob/llvm_v4.8/drivers/block/pktcdvd.c#L591 |   %5 = alloca %struct.list_head*, align 8 ], [ (kcdrwd)https://gitlab.flux.utah.edu/xcap/xcap-capability-linux/-/blob/llvm_v4.8/drivers/block/pktcdvd.c#L1462 |   %37 = alloca %struct.list_head*, align 8 ], [ (kcdrwd)https://gitlab.flux.utah.edu/xcap/xcap-capability-linux/-/blob/llvm_v4.8/drivers/block/pktcdvd.c#L1462 |   %43 = alloca %struct.list_head*, align 8 ], [ (pkt_handle_packets)https://gitlab.flux.utah.edu/xcap/xcap-capability-linux/-/blob/llvm_v4.8/drivers/block/pktcdvd.c#L1414 |   %33 = alloca %struct.list_head*, align 8 ], [ (kcdrwd)https://gitlab.flux.utah.edu/xcap/xcap-capability-linux/-/blob/llvm_v4.8/drivers/block/pktcdvd.c#L1462 |   %39 = alloca %struct.list_head*, align 8 ], [ (pkt_get_packet_data)https://gitlab.flux.utah.edu/xcap/xcap-capability-linux/-/blob/llvm_v4.8/drivers/block/pktcdvd.c#L1093 |   %9 = alloca %struct.list_head*, align 8 ], [ (pkt_make_request_write)https://gitlab.flux.utah.edu/xcap/xcap-capability-linux/-/blob/llvm_v4.8/drivers/block/pktcdvd.c#L2360 |   %31 = alloca %struct.list_head*, align 8 ], [ (kcdrwd)https://gitlab.flux.utah.edu/xcap/xcap-capability-linux/-/blob/llvm_v4.8/drivers/block/pktcdvd.c#L1472 ], [ (pkt_handle_packets)https://gitlab.flux.utah.edu/xcap/xcap-capability-linux/-/blob/llvm_v4.8/drivers/block/pktcdvd.c#L1414 |   %27 = alloca %struct.list_head*, align 8 ], [ (pkt_shrink_pktlist)https://gitlab.flux.utah.edu/xcap/xcap-capability-linux/-/blob/llvm_v4.8/drivers/block/pktcdvd.c#L591 |   %7 = alloca %struct.list_head*, align 8 ], [ (list_empty)https://gitlab.flux.utah.edu/xcap/xcap-capability-linux/-/blob/llvm_v4.8/./include/linux/list.h#L187 |   %7 = alloca %struct.list_head*, align 8 ], [ (__list_add)https://gitlab.flux.utah.edu/xcap/xcap-capability-linux/-/blob/llvm_v4.8/./include/linux/list.h#L38 |   %11 = alloca %struct.list_head*, align 8 ], [ (pkt_handle_queue)https://gitlab.flux.utah.edu/xcap/xcap-capability-linux/-/blob/llvm_v4.8/drivers/block/pktcdvd.c#L1195 |   %36 = alloca %struct.list_head*, align 8 ], [ (pkt_handle_packets)https://gitlab.flux.utah.edu/xcap/xcap-capability-linux/-/blob/llvm_v4.8/drivers/block/pktcdvd.c#L1414 |   %29 = alloca %struct.list_head*, align 8 ], [ (pkt_handle_packets)https://gitlab.flux.utah.edu/xcap/xcap-capability-linux/-/blob/llvm_v4.8/drivers/block/pktcdvd.c#L1414 |   %31 = alloca %struct.list_head*, align 8 ], [ (pkt_handle_queue)https://gitlab.flux.utah.edu/xcap/xcap-capability-linux/-/blob/llvm_v4.8/drivers/block/pktcdvd.c#L1195 |   %38 = alloca %struct.list_head*, align 8 ], [ (__list_del)https://gitlab.flux.utah.edu/xcap/xcap-capability-linux/-/blob/llvm_v4.8/./include/linux/list.h#L87 |   %9 = alloca %struct.list_head*, align 8 ], [ (INIT_LIST_HEAD)https://gitlab.flux.utah.edu/xcap/xcap-capability-linux/-/blob/llvm_v4.8/./include/linux/list.h#L25 |   %7 = alloca %struct.list_head*, align 8 ], [ (pkt_shrink_pktlist)https://gitlab.flux.utah.edu/xcap/xcap-capability-linux/-/blob/llvm_v4.8/drivers/block/pktcdvd.c#L591 |   %9 = alloca %struct.list_head*, align 8 ], ",
    "call path (type)": " [device_unregister->device_del->kobject_uevent->kobject_uevent_env->kzalloc.1192->kmalloc_order->alloc_pages_node.1525->__alloc_pages_node.1531->__alloc_pages.1533->__alloc_pages_nodemask->__alloc_pages_slowpath->should_reclaim_retry->congestion_wait->io_schedule_timeout->schedule_timeout->schedule->sched_submit_work->blk_schedule_flush_plug->blk_flush_plug_list->__blk_end_request_all->__blk_end_bidi_request->blk_finish_request->blk_account_io_done->part_round_stats->part_round_stats_single->part_in_flight] ",
    "cond_num": "14",
    "isControl": "0"
  }
]
[
  {
    "struct name": "__wait_queue_head",
    "No.fields": 2,
    "No.classified fields": 0
  }
]
[
  {
    "struct name": "kobj_type",
    "No.fields": 5,
    "No.classified fields": 1,
    "FUNC_PTR": 1
  }
]
[
  {
    "struct name": "kobject",
    "No.fields": 12,
    "No.classified fields": 0
  }
]
[
  {
    "struct name": "bdi_writeback_congested",
    "No.fields": 5,
    "No.classified fields": 0
  }
]
[
  {
    "struct name": "bdi_writeback",
    "No.fields": 30,
    "No.classified fields": 0
  }
]
[
  {
    "struct name": "class",
    "No.fields": 15,
    "No.classified fields": 3,
    "PTR_READ": 2,
    "PTR_WRITE": 1,
    "FUNC_PTR": 1
  },
  {
    "id": "23",
    "risky": "ptr-write",
    "acc_path": "class->name",
    "src": "https://gitlab.flux.utah.edu/xcap/xcap-capability-linux/-/blob/llvm_v4.8/drivers/base/core.c#L2114",
    "dst": "https://gitlab.flux.utah.edu/xcap/xcap-capability-linux/-/blob/llvm_v4.8/drivers/base/core.c#L2149",
    "drv caller (param)": "",
    "call path (param)": "",
    "drv_update loc (shared field)": "[ (pkt_sysfs_init)https://gitlab.flux.utah.edu/xcap/xcap-capability-linux/-/blob/llvm_v4.8/drivers/block/pktcdvd.c#L426 ], ",
    "call path (type)": " [blkdev_get->__blkdev_get->rescan_partitions->add_partition->device_add->device_add_class_symlinks->dev_warn->__dev_printk->dev_printk_emit->dev_vprintk_emit->create_syslog_header] ",
    "cond_num": "3",
    "isControl": "0"
  },
  {
    "id": "23",
    "risky": "ptr-read",
    "acc_path": "class->name",
    "src": "https://gitlab.flux.utah.edu/xcap/xcap-capability-linux/-/blob/llvm_v4.8/drivers/base/core.c#L2114",
    "dst": "https://gitlab.flux.utah.edu/xcap/xcap-capability-linux/-/blob/llvm_v4.8/drivers/base/core.c#L2112",
    "drv caller (param)": "",
    "call path (param)": "",
    "drv_update loc (shared field)": "[ (pkt_sysfs_init)https://gitlab.flux.utah.edu/xcap/xcap-capability-linux/-/blob/llvm_v4.8/drivers/block/pktcdvd.c#L426 ], ",
    "call path (type)": " [blkdev_get->__blkdev_get->rescan_partitions->add_partition->device_add->device_add_class_symlinks->dev_warn->__dev_printk->dev_printk_emit->dev_vprintk_emit->create_syslog_header] ",
    "cond_num": "0",
    "isControl": "1",
    "t_trace": "",
    "isTrue": "-",
    "atk_reason": "",
    "defense": ""
  },
  {
    "id": "24",
    "risky": "ptr-read",
    "acc_path": "class->class_attrs",
    "src": "https://gitlab.flux.utah.edu/xcap/xcap-capability-linux/-/blob/llvm_v4.8/drivers/base/class.c#L127",
    "dst": "https://gitlab.flux.utah.edu/xcap/xcap-capability-linux/-/blob/llvm_v4.8/drivers/base/class.c#L138",
    "drv caller (param)": "",
    "call path (param)": "",
    "drv_update loc (shared field)": "[ (pkt_sysfs_init)https://gitlab.flux.utah.edu/xcap/xcap-capability-linux/-/blob/llvm_v4.8/drivers/block/pktcdvd.c#L429 ], ",
    "call path (type)": " [__class_register->add_class_attrs] ",
    "cond_num": "4",
    "isControl": "0"
  }
]
[
  {
    "struct name": "device",
    "No.fields": 33,
    "No.classified fields": 0
  }
]
[
  {
    "struct name": "backing_dev_info",
    "No.fields": 21,
    "No.classified fields": 0
  }
]
[
  {
    "struct name": "rb_node",
    "No.fields": 3,
    "No.classified fields": 0
  }
]
[
  {
    "struct name": "kmem_cache",
    "No.fields": 24,
    "No.classified fields": 0
  }
]
[
  {
    "struct name": "mempool_s",
    "No.fields": 8,
    "No.classified fields": 0
  }
]
[
  {
    "struct name": "zonelist",
    "No.fields": 1,
    "No.classified fields": 0
  }
]
[
  {
    "struct name": "page",
    "No.fields": 7,
    "No.classified fields": 0
  }
]
[
  {
    "struct name": "mem_section",
    "No.fields": 2,
    "No.classified fields": 0
  }
]
[
  {
    "struct name": "__wait_queue",
    "No.fields": 4,
    "No.classified fields": 3,
    "PTR_READ": 1,
    "PTR_WRITE": 1,
    "PTR_BUFFER": 1,
    "PTR_ARITH_BASE": 1,
    "CONTROL_SENB_RANCH": 1,
    "SEN_API": 1,
    "FUNC_PTR": 1,
    "UNCLASSIFY": 1
  },
  {
    "id": "27",
    "risky": "ptr-write",
    "acc_path": "__wait_queue->private",
    "src": "https://gitlab.flux.utah.edu/xcap/xcap-capability-linux/-/blob/llvm_v4.8/kernel/sched/core.c#L3596",
    "dst": "https://gitlab.flux.utah.edu/xcap/xcap-capability-linux/-/blob/llvm_v4.8/kernel/locking/spinlock_debug.c#L106 |   %25 = alloca i32, align 4",
    "drv caller (param)": "",
    "call path (param)": "",
    "drv_update loc (shared field)": "[ (kcdrwd)https://gitlab.flux.utah.edu/xcap/xcap-capability-linux/-/blob/llvm_v4.8/drivers/block/pktcdvd.c#L1472 ], ",
    "call path (type)": " [device_unregister->device_del->kobject_uevent->kobject_uevent_env->kzalloc.1192->kmalloc_order->alloc_pages_node.1525->__alloc_pages_node.1531->__alloc_pages.1533->__alloc_pages_nodemask->_cond_resched->preempt_schedule_common->__schedule->_raw_spin_lock->__raw_spin_lock->do_raw_spin_lock->__spin_lock_debug] ",
    "cond_num": "8",
    "isControl": "0"
  },
  {
    "id": "27",
    "risky": "ptr-read",
    "acc_path": "__wait_queue->private",
    "src": "https://gitlab.flux.utah.edu/xcap/xcap-capability-linux/-/blob/llvm_v4.8/kernel/sched/core.c#L3596",
    "dst": "https://gitlab.flux.utah.edu/xcap/xcap-capability-linux/-/blob/llvm_v4.8/./arch/x86/include/asm/atomic.h#L26",
    "drv caller (param)": "",
    "call path (param)": "",
    "drv_update loc (shared field)": "[ (kcdrwd)https://gitlab.flux.utah.edu/xcap/xcap-capability-linux/-/blob/llvm_v4.8/drivers/block/pktcdvd.c#L1472 ], ",
    "call path (type)": " [device_unregister->device_del->kobject_uevent->kobject_uevent_env->kzalloc.1192->kmalloc_order->alloc_pages_node.1525->__alloc_pages_node.1531->__alloc_pages.1533->__alloc_pages_nodemask->_cond_resched->preempt_schedule_common->__schedule->_raw_spin_lock->__raw_spin_lock->do_raw_spin_lock->__spin_lock_debug] ",
    "cond_num": "10",
    "isControl": "0"
  },
  {
    "id": "27",
    "risky": "ptr-sen-api (memcpy)",
    "acc_path": "__wait_queue->private",
    "src": "https://gitlab.flux.utah.edu/xcap/xcap-capability-linux/-/blob/llvm_v4.8/kernel/sched/core.c#L3596",
    "dst": "https://gitlab.flux.utah.edu/xcap/xcap-capability-linux/-/blob/llvm_v4.8/./include/linux/compiler.h#L252",
    "drv caller (param)": "",
    "call path (param)": "",
    "drv_update loc (shared field)": "[ (kcdrwd)https://gitlab.flux.utah.edu/xcap/xcap-capability-linux/-/blob/llvm_v4.8/drivers/block/pktcdvd.c#L1472 ], ",
    "call path (type)": " [device_unregister->device_del->kobject_uevent->kobject_uevent_env->kzalloc.1192->kmalloc_order->alloc_pages_node.1525->__alloc_pages_node.1531->__alloc_pages.1533->__alloc_pages_nodemask->_cond_resched->preempt_schedule_common->__schedule->try_to_wake_up_local->_raw_spin_unlock->__raw_spin_unlock->do_raw_spin_unlock->queued_spin_unlock->native_queued_spin_unlock] ",
    "cond_num": "6",
    "isControl": "0"
  },
  {
    "id": "27",
    "risky": "ptr-array",
    "acc_path": "__wait_queue->private",
    "src": "https://gitlab.flux.utah.edu/xcap/xcap-capability-linux/-/blob/llvm_v4.8/kernel/sched/core.c#L3596",
    "dst": "https://gitlab.flux.utah.edu/xcap/xcap-capability-linux/-/blob/llvm_v4.8/kernel/locking/spinlock_debug.c#L64",
    "drv caller (param)": "",
    "call path (param)": "",
    "drv_update loc (shared field)": "[ (kcdrwd)https://gitlab.flux.utah.edu/xcap/xcap-capability-linux/-/blob/llvm_v4.8/drivers/block/pktcdvd.c#L1472 ], ",
    "call path (type)": " [device_unregister->device_del->kobject_uevent->kobject_uevent_env->kzalloc.1192->kmalloc_order->alloc_pages_node.1525->__alloc_pages_node.1531->__alloc_pages.1533->__alloc_pages_nodemask->_cond_resched->preempt_schedule_common->__schedule->_raw_spin_lock->__raw_spin_lock->do_raw_spin_lock->debug_spin_lock_before->spin_bug->spin_dump] ",
    "cond_num": "14",
    "isControl": "0"
  },
  {
    "id": "27",
    "risky": "ptr-arith",
    "acc_path": "__wait_queue->private",
    "src": "https://gitlab.flux.utah.edu/xcap/xcap-capability-linux/-/blob/llvm_v4.8/kernel/sched/core.c#L3596",
    "dst": "https://gitlab.flux.utah.edu/xcap/xcap-capability-linux/-/blob/llvm_v4.8/kernel/locking/spinlock_debug.c#L64",
    "drv caller (param)": "",
    "call path (param)": "",
    "drv_update loc (shared field)": "[ (kcdrwd)https://gitlab.flux.utah.edu/xcap/xcap-capability-linux/-/blob/llvm_v4.8/drivers/block/pktcdvd.c#L1472 ], ",
    "call path (type)": " [device_unregister->device_del->kobject_uevent->kobject_uevent_env->kzalloc.1192->kmalloc_order->alloc_pages_node.1525->__alloc_pages_node.1531->__alloc_pages.1533->__alloc_pages_nodemask->_cond_resched->preempt_schedule_common->__schedule->_raw_spin_lock->__raw_spin_lock->do_raw_spin_lock->debug_spin_lock_before->spin_bug->spin_dump] ",
    "cond_num": "14",
    "isControl": "0"
  },
  {
    "id": "27",
    "risky": "ptr-sen-branch (memcpy)",
    "acc_path": "__wait_queue->private",
    "src": "https://gitlab.flux.utah.edu/xcap/xcap-capability-linux/-/blob/llvm_v4.8/kernel/sched/core.c#L3596",
    "dst": "https://gitlab.flux.utah.edu/xcap/xcap-capability-linux/-/blob/llvm_v4.8/kernel/sched/core.c#L2041",
    "drv caller (param)": "",
    "call path (param)": "",
    "drv_update loc (shared field)": "[ (kcdrwd)https://gitlab.flux.utah.edu/xcap/xcap-capability-linux/-/blob/llvm_v4.8/drivers/block/pktcdvd.c#L1472 ], ",
    "call path (type)": "",
    "cond_num": "1",
    "isControl": "1",
    "t_trace": "[ INST || DATA_DEF_USE || https://gitlab.flux.utah.edu/xcap/xcap-capability-linux/-/blob/llvm_v4.8/kernel/sched/core.c#L3596 ] -> [ INST || DATA_DEF_USE || https://gitlab.flux.utah.edu/xcap/xcap-capability-linux/-/blob/llvm_v4.8/kernel/sched/core.c#L3596 ] -> [ ACTUAL_IN || PARAMETER_IN ] -> [ FORMAL_IN || PARAMETER_INp ] -> [ INST || PARAMETER_IN || https://gitlab.flux.utah.edu/xcap/xcap-capability-linux/-/blob/llvm_v4.8/kernel/sched/core.c#L2041 ] -> [ INST || DATA_DEF_USE || https://gitlab.flux.utah.edu/xcap/xcap-capability-linux/-/blob/llvm_v4.8/kernel/sched/core.c#L2041 ] -> [ INST || DATA_DEF_USE || https://gitlab.flux.utah.edu/xcap/xcap-capability-linux/-/blob/llvm_v4.8/kernel/sched/core.c#L2041 ] -> ",
    "isTrue": "-",
    "atk_reason": "",
    "defense": ""
  }
]
