[
  {
    "struct name": "attribute",
    "No.fields": 2,
    "No.classified fields": 0
  }
]
[
  {
    "struct name": "kobject",
    "No.fields": 12,
    "No.classified fields": 0
  }
]
[
  {
    "struct name": "attribute_group",
    "No.fields": 5,
    "No.classified fields": 1,
    "PTR_READ": 1,
    "PTR_WRITE": 1,
    "PTR_BUFFER": 1,
    "PTR_ARITH_BASE": 1,
    "CONTROL_SENB_RANCH": 1,
    "SEN_API": 1
  },
  {
    "id": "0",
    "risky": "ptr-write",
    "acc_path": "attribute_group->attrs",
    "src": "https://gitlab.flux.utah.edu/xcap/xcap-capability-linux/-/blob/llvm_v4.8/kernel/params.c#L697",
    "dst": "https://gitlab.flux.utah.edu/xcap/xcap-capability-linux/-/blob/llvm_v4.8/mm/slab_common.c#L1250",
    "drv_update loc (shared field)": "[ (create_core_attrs)https://gitlab.flux.utah.edu/xcap/xcap-capability-linux/-/blob/llvm_v4.8/drivers/hwmon/coretemp.c#L415 ], ",
    "call path (type)": "",
    "cond_num": "12",
    "isControl": "0"
  },
  {
    "id": "0",
    "risky": "ptr-sen-api (memcpy)",
    "acc_path": "attribute_group->attrs",
    "src": "https://gitlab.flux.utah.edu/xcap/xcap-capability-linux/-/blob/llvm_v4.8/kernel/params.c#L697",
    "dst": "https://gitlab.flux.utah.edu/xcap/xcap-capability-linux/-/blob/llvm_v4.8/mm/slab_common.c#L1250",
    "drv_update loc (shared field)": "[ (create_core_attrs)https://gitlab.flux.utah.edu/xcap/xcap-capability-linux/-/blob/llvm_v4.8/drivers/hwmon/coretemp.c#L415 ], ",
    "call path (type)": "",
    "cond_num": "12",
    "isControl": "0"
  },
  {
    "id": "0",
    "risky": "ptr-sen-branch (kfree)",
    "acc_path": "attribute_group->attrs",
    "src": "https://gitlab.flux.utah.edu/xcap/xcap-capability-linux/-/blob/llvm_v4.8/kernel/params.c#L697",
    "dst": "https://gitlab.flux.utah.edu/xcap/xcap-capability-linux/-/blob/llvm_v4.8/mm/slab_common.c#L1296",
    "drv_update loc (shared field)": "[ (create_core_attrs)https://gitlab.flux.utah.edu/xcap/xcap-capability-linux/-/blob/llvm_v4.8/drivers/hwmon/coretemp.c#L415 ], ",
    "call path (type)": "",
    "cond_num": "7",
    "isControl": "0"
  },
  {
    "id": "0",
    "risky": "ptr-read",
    "acc_path": "attribute_group->attrs",
    "src": "https://gitlab.flux.utah.edu/xcap/xcap-capability-linux/-/blob/llvm_v4.8/kernel/params.c#L697",
    "dst": "https://gitlab.flux.utah.edu/xcap/xcap-capability-linux/-/blob/llvm_v4.8/kernel/params.c#L697",
    "drv_update loc (shared field)": "[ (create_core_attrs)https://gitlab.flux.utah.edu/xcap/xcap-capability-linux/-/blob/llvm_v4.8/drivers/hwmon/coretemp.c#L415 ], ",
    "call path (type)": "",
    "cond_num": "0",
    "isControl": "1",
    "t_trace": "",
    "isTrue": "-",
    "atk_reason": "",
    "defense": ""
  },
  {
    "id": "0",
    "risky": "ptr-array",
    "acc_path": "attribute_group->attrs",
    "src": "https://gitlab.flux.utah.edu/xcap/xcap-capability-linux/-/blob/llvm_v4.8/fs/sysfs/group.c#L43",
    "dst": "https://gitlab.flux.utah.edu/xcap/xcap-capability-linux/-/blob/llvm_v4.8/fs/sysfs/group.c#L43",
    "drv caller (param)": "",
    "call path (param)": "",
    "drv_update loc (shared field)": "[ (create_core_attrs)https://gitlab.flux.utah.edu/xcap/xcap-capability-linux/-/blob/llvm_v4.8/drivers/hwmon/coretemp.c#L415 ], ",
    "call path (type)": " [platform_device_add->device_add->device_add_attrs->device_add_groups->sysfs_create_groups->sysfs_create_group->internal_create_group->create_files] ",
    "cond_num": "7",
    "isControl": "0"
  },
  {
    "id": "0",
    "risky": "ptr-arith",
    "acc_path": "attribute_group->attrs",
    "src": "https://gitlab.flux.utah.edu/xcap/xcap-capability-linux/-/blob/llvm_v4.8/fs/sysfs/group.c#L43",
    "dst": "https://gitlab.flux.utah.edu/xcap/xcap-capability-linux/-/blob/llvm_v4.8/fs/sysfs/group.c#L43",
    "drv caller (param)": "",
    "call path (param)": "",
    "drv_update loc (shared field)": "[ (create_core_attrs)https://gitlab.flux.utah.edu/xcap/xcap-capability-linux/-/blob/llvm_v4.8/drivers/hwmon/coretemp.c#L415 ], ",
    "call path (type)": " [platform_device_add->device_add->device_add_attrs->device_add_groups->sysfs_create_groups->sysfs_create_group->internal_create_group->create_files] ",
    "cond_num": "7",
    "isControl": "0"
  }
]
[
  {
    "struct name": "static_key",
    "No.fields": 3,
    "No.classified fields": 0
  }
]
[
  {
    "struct name": "device",
    "No.fields": 35,
    "No.classified fields": 0
  }
]
[
  {
    "struct name": "device_attribute",
    "No.fields": 3,
    "No.classified fields": 0
  }
]
[
  {
    "struct name": "platform_device",
    "No.fields": 10,
    "No.classified fields": 0
  }
]
[
  {
    "struct name": "kmem_cache",
    "No.fields": 24,
    "No.classified fields": 0
  }
]
[
  {
    "struct name": "pci_dev",
    "No.fields": 90,
    "No.classified fields": 0
  }
]
[
  {
    "struct name": "mutex",
    "No.fields": 5,
    "No.classified fields": 0
  }
]
[
  {
    "struct name": "cpumask",
    "No.fields": 1,
    "No.classified fields": 0
  }
]
[
  {
    "struct name": "list_head",
    "No.fields": 2,
    "No.classified fields": 0
  }
]
[
  {
    "struct name": "cpuinfo_x86",
    "No.fields": 29,
    "No.classified fields": 0
  }
]
