[]
[
  {
    "id": "15",
    "risky": "numeric-arith",
    "acc_path": "m",
    "src": "https://gitlab.flux.utah.edu/xcap/xcap-capability-linux/-/blob/llvm_v4.8/kernel/time/time.c#L526",
    "dst": "https://gitlab.flux.utah.edu/xcap/xcap-capability-linux/-/blob/llvm_v4.8/./include/linux/jiffies.h#L301",
    "drv caller (param)": "[ skd_sg_io_await | https://gitlab.flux.utah.edu/xcap/xcap-capability-linux/-/blob/llvm_v4.8/./include/linux/jiffies.h#L361 ], ",
    "call path (param)": " [skd_sg_io_await->__msecs_to_jiffies->_msecs_to_jiffies.687] ",
    "cond_num": "0",
    "isControl": "1",
    "t_trace": "[ ACTUAL_IN || PARAMETER_IN ] -> [ FORMAL_IN || PARAMETER_INm ] -> [ INST || PARAMETER_IN || https://gitlab.flux.utah.edu/xcap/xcap-capability-linux/-/blob/llvm_v4.8/./include/linux/jiffies.h#L301 ] -> [ INST || DATA_DEF_USE || https://gitlab.flux.utah.edu/xcap/xcap-capability-linux/-/blob/llvm_v4.8/./include/linux/jiffies.h#L301 ] -> ",
    "isTrue": "-",
    "atk_reason": "",
    "defense": ""
  }
]
[
  {
    "id": "16",
    "risky": "val-sen-branch (memcpy)",
    "acc_path": "expires",
    "src": "https://gitlab.flux.utah.edu/xcap/xcap-capability-linux/-/blob/llvm_v4.8/kernel/time/timer.c#L1086",
    "dst": "https://gitlab.flux.utah.edu/xcap/xcap-capability-linux/-/blob/llvm_v4.8/kernel/time/timer.c#L973",
    "drv caller (param)": "[ skd_timer_tick | https://gitlab.flux.utah.edu/xcap/xcap-capability-linux/-/blob/llvm_v4.8/drivers/block/skd_main.c#L1012 ], ",
    "call path (param)": " [skd_timer_tick->mod_timer->__mod_timer] ",
    "cond_num": "1",
    "isControl": "0"
  },
  {
    "id": "16",
    "risky": "numeric-arith",
    "acc_path": "expires",
    "src": "https://gitlab.flux.utah.edu/xcap/xcap-capability-linux/-/blob/llvm_v4.8/kernel/time/timer.c#L1086",
    "dst": "https://gitlab.flux.utah.edu/xcap/xcap-capability-linux/-/blob/llvm_v4.8/kernel/time/timer.c#L476",
    "drv caller (param)": "[ skd_timer_tick | https://gitlab.flux.utah.edu/xcap/xcap-capability-linux/-/blob/llvm_v4.8/drivers/block/skd_main.c#L1012 ], ",
    "call path (param)": " [skd_timer_tick->mod_timer->__mod_timer->calc_wheel_index] ",
    "cond_num": "11",
    "isControl": "0"
  }
]
[]
[]
[]
[]
[]
[
  {
    "id": "22",
    "risky": "val-sen-api (kmalloc)",
    "acc_path": "size",
    "src": "https://gitlab.flux.utah.edu/xcap/xcap-capability-linux/-/blob/llvm_v4.8/mm/slab_common.c#L1018",
    "dst": "https://gitlab.flux.utah.edu/xcap/xcap-capability-linux/-/blob/llvm_v4.8/mm/slab_common.c#L1018",
    "drv caller (param)": "[ skd_sg_io_get_and_check_args | https://gitlab.flux.utah.edu/xcap/xcap-capability-linux/-/blob/llvm_v4.8/./include/linux/slab.h#L415 ], ",
    "call path (param)": " [skd_sg_io_get_and_check_args->kmalloc_order] ",
    "cond_num": "0",
    "isControl": "1",
    "t_trace": "",
    "isTrue": "-",
    "atk_reason": "",
    "defense": ""
  }
]
[
  {
    "id": "23",
    "risky": "numeric-arith",
    "acc_path": "flags",
    "src": "https://gitlab.flux.utah.edu/xcap/xcap-capability-linux/-/blob/llvm_v4.8/mm/slab_common.c#L1015",
    "dst": "https://gitlab.flux.utah.edu/xcap/xcap-capability-linux/-/blob/llvm_v4.8/./include/linux/gfp.h#L382",
    "drv caller (param)": "[ skd_sg_io_get_and_check_args | https://gitlab.flux.utah.edu/xcap/xcap-capability-linux/-/blob/llvm_v4.8/./include/linux/slab.h#L415 ], ",
    "call path (param)": " [skd_sg_io_get_and_check_args->kmalloc_order->alloc_pages_node.1006->__alloc_pages_node.1012->__alloc_pages.1014->__alloc_pages_nodemask->gfp_zone] ",
    "cond_num": "1",
    "isControl": "0"
  },
  {
    "id": "23",
    "risky": "val-sen-api (kmalloc)",
    "acc_path": "flags",
    "src": "https://gitlab.flux.utah.edu/xcap/xcap-capability-linux/-/blob/llvm_v4.8/mm/slab_common.c#L1018",
    "dst": "https://gitlab.flux.utah.edu/xcap/xcap-capability-linux/-/blob/llvm_v4.8/mm/slab_common.c#L1018",
    "drv caller (param)": "[ skd_sg_io_get_and_check_args | https://gitlab.flux.utah.edu/xcap/xcap-capability-linux/-/blob/llvm_v4.8/./include/linux/slab.h#L415 ], ",
    "call path (param)": " [skd_sg_io_get_and_check_args->kmalloc_order] ",
    "cond_num": "0",
    "isControl": "1",
    "t_trace": "",
    "isTrue": "-",
    "atk_reason": "",
    "defense": ""
  }
]
[
  {
    "id": "24",
    "risky": "val-sen-api (memcpy)",
    "acc_path": "order",
    "src": "https://gitlab.flux.utah.edu/xcap/xcap-capability-linux/-/blob/llvm_v4.8/mm/slab_common.c#L1015",
    "dst": "https://gitlab.flux.utah.edu/xcap/xcap-capability-linux/-/blob/llvm_v4.8/./include/linux/compiler.h#L252",
    "drv caller (param)": "[ skd_sg_io_get_and_check_args | https://gitlab.flux.utah.edu/xcap/xcap-capability-linux/-/blob/llvm_v4.8/./include/linux/slab.h#L415 ], ",
    "call path (param)": " [skd_sg_io_get_and_check_args->kmalloc_order->alloc_pages_node.1006->__alloc_pages_node.1012->__alloc_pages.1014->__alloc_pages_nodemask->__alloc_pages_slowpath->__alloc_pages_direct_compact->get_page_from_freelist->buffered_rmqueue->rmqueue_bulk->__rmqueue->__rmqueue_smallest->list_del.872->__list_del.876] ",
    "cond_num": "33",
    "isControl": "0"
  },
  {
    "id": "24",
    "risky": "numeric-arith",
    "acc_path": "order",
    "src": "https://gitlab.flux.utah.edu/xcap/xcap-capability-linux/-/blob/llvm_v4.8/mm/slab_common.c#L1015",
    "dst": "https://gitlab.flux.utah.edu/xcap/xcap-capability-linux/-/blob/llvm_v4.8/mm/internal.h#L136",
    "drv caller (param)": "[ skd_sg_io_get_and_check_args | https://gitlab.flux.utah.edu/xcap/xcap-capability-linux/-/blob/llvm_v4.8/./include/linux/slab.h#L415 ], ",
    "call path (param)": " [skd_sg_io_get_and_check_args->kmalloc_order->alloc_pages_node.1006->__alloc_pages_node.1012->__alloc_pages.1014->__alloc_pages_nodemask->__free_pages->free_hot_cold_page->free_pcppages_bulk->__free_one_page->__find_buddy_index] ",
    "cond_num": "34",
    "isControl": "0"
  },
  {
    "id": "24",
    "risky": "val-sen-branch (memcpy)",
    "acc_path": "order",
    "src": "https://gitlab.flux.utah.edu/xcap/xcap-capability-linux/-/blob/llvm_v4.8/mm/slab_common.c#L1015",
    "dst": "https://gitlab.flux.utah.edu/xcap/xcap-capability-linux/-/blob/llvm_v4.8/mm/page_alloc.c#L991",
    "drv caller (param)": "[ skd_sg_io_get_and_check_args | https://gitlab.flux.utah.edu/xcap/xcap-capability-linux/-/blob/llvm_v4.8/./include/linux/slab.h#L415 ], ",
    "call path (param)": " [skd_sg_io_get_and_check_args->kmalloc_order->alloc_pages_node.1006->__alloc_pages_node.1012->__alloc_pages.1014->__alloc_pages_nodemask->__free_pages->__free_pages_ok] ",
    "cond_num": "13",
    "isControl": "0"
  },
  {
    "id": "24",
    "risky": "arr-idx",
    "acc_path": "order",
    "src": "https://gitlab.flux.utah.edu/xcap/xcap-capability-linux/-/blob/llvm_v4.8/mm/slab_common.c#L1015",
    "dst": "https://gitlab.flux.utah.edu/xcap/xcap-capability-linux/-/blob/llvm_v4.8/mm/page_alloc.c#L1779",
    "drv caller (param)": "[ skd_sg_io_get_and_check_args | https://gitlab.flux.utah.edu/xcap/xcap-capability-linux/-/blob/llvm_v4.8/./include/linux/slab.h#L415 ], ",
    "call path (param)": " [skd_sg_io_get_and_check_args->kmalloc_order->alloc_pages_node.1006->__alloc_pages_node.1012->__alloc_pages.1014->__alloc_pages_nodemask->__alloc_pages_slowpath->__alloc_pages_direct_compact->get_page_from_freelist->buffered_rmqueue->rmqueue_bulk->__rmqueue->__rmqueue_smallest] ",
    "cond_num": "61",
    "isControl": "0"
  }
]
[
  {
    "id": "25",
    "risky": "val-sen-api (memcpy)",
    "acc_path": "order",
    "src": "https://gitlab.flux.utah.edu/xcap/xcap-capability-linux/-/blob/llvm_v4.8/mm/page_alloc.c#L3757",
    "dst": "https://gitlab.flux.utah.edu/xcap/xcap-capability-linux/-/blob/llvm_v4.8/./include/linux/compiler.h#L252",
    "drv caller (param)": "[ skd_release_special | https://gitlab.flux.utah.edu/xcap/xcap-capability-linux/-/blob/llvm_v4.8/drivers/block/skd_main.c#L2899 ], ",
    "call path (param)": " [skd_release_special->__free_pages->free_hot_cold_page->list_add_tail.873->__list_add.875] ",
    "cond_num": "21",
    "isControl": "0"
  },
  {
    "id": "25",
    "risky": "numeric-arith",
    "acc_path": "order",
    "src": "https://gitlab.flux.utah.edu/xcap/xcap-capability-linux/-/blob/llvm_v4.8/mm/page_alloc.c#L3757",
    "dst": "https://gitlab.flux.utah.edu/xcap/xcap-capability-linux/-/blob/llvm_v4.8/mm/page_alloc.c#L808",
    "drv caller (param)": "[ skd_release_special | https://gitlab.flux.utah.edu/xcap/xcap-capability-linux/-/blob/llvm_v4.8/drivers/block/skd_main.c#L2899 ], ",
    "call path (param)": " [skd_release_special->__free_pages->free_hot_cold_page->free_pcppages_bulk->__free_one_page] ",
    "cond_num": "19",
    "isControl": "0"
  },
  {
    "id": "25",
    "risky": "val-sen-branch (memcpy)",
    "acc_path": "order",
    "src": "https://gitlab.flux.utah.edu/xcap/xcap-capability-linux/-/blob/llvm_v4.8/mm/page_alloc.c#L3757",
    "dst": "https://gitlab.flux.utah.edu/xcap/xcap-capability-linux/-/blob/llvm_v4.8/mm/page_alloc.c#L991",
    "drv caller (param)": "[ skd_release_special | https://gitlab.flux.utah.edu/xcap/xcap-capability-linux/-/blob/llvm_v4.8/drivers/block/skd_main.c#L2899 ], ",
    "call path (param)": " [skd_release_special->__free_pages->__free_pages_ok] ",
    "cond_num": "0",
    "isControl": "1",
    "t_trace": "[ ACTUAL_IN || PARAMETER_INunsigned int ] -> [ FORMAL_IN || PARAMETER_INorder ] -> [ INST || PARAMETER_IN || https://gitlab.flux.utah.edu/xcap/xcap-capability-linux/-/blob/llvm_v4.8/mm/page_alloc.c#L1227 ] -> [ INST || UNKNOWN Edge Type || https://gitlab.flux.utah.edu/xcap/xcap-capability-linux/-/blob/llvm_v4.8/mm/page_alloc.c#L991 ] -> ",
    "isTrue": "-",
    "atk_reason": "",
    "defense": ""
  },
  {
    "id": "25",
    "risky": "arr-idx",
    "acc_path": "order",
    "src": "https://gitlab.flux.utah.edu/xcap/xcap-capability-linux/-/blob/llvm_v4.8/mm/page_alloc.c#L3757",
    "dst": "https://gitlab.flux.utah.edu/xcap/xcap-capability-linux/-/blob/llvm_v4.8/mm/page_alloc.c#L867",
    "drv caller (param)": "[ skd_release_special | https://gitlab.flux.utah.edu/xcap/xcap-capability-linux/-/blob/llvm_v4.8/drivers/block/skd_main.c#L2899 ], ",
    "call path (param)": " [skd_release_special->__free_pages->free_hot_cold_page->free_pcppages_bulk->__free_one_page] ",
    "cond_num": "20",
    "isControl": "0"
  }
]
[]
[]
[]
[]
[]
[]
[]
[]
[]
[]
[]
[]
[]
[]
[]
[]
