[]
[]
[
  {
    "id": "27",
    "risky": "ptr-read",
    "acc_path": "addr",
    "src": "https://gitlab.flux.utah.edu/xcap/xcap-capability-linux/-/blob/llvm_v4.8/lib/iov_iter.c#L362",
    "dst": "https://gitlab.flux.utah.edu/xcap/xcap-capability-linux/-/blob/llvm_v4.8/./arch/x86/include/asm/uaccess_64.h#L168",
    "drv caller (param)": "[ ffs_copy_to_iter | https://gitlab.flux.utah.edu/xcap/xcap-capability-linux/-/blob/llvm_v4.8/drivers/usb/gadget/function/f_fs.c#L657 ], ",
    "call path (param)": " [ffs_copy_to_iter->copy_to_iter] ",
    "cond_num": "6",
    "isControl": "0"
  },
  {
    "id": "27",
    "risky": "ptr-array",
    "acc_path": "addr",
    "src": "https://gitlab.flux.utah.edu/xcap/xcap-capability-linux/-/blob/llvm_v4.8/lib/iov_iter.c#L362",
    "dst": "https://gitlab.flux.utah.edu/xcap/xcap-capability-linux/-/blob/llvm_v4.8/./arch/x86/include/asm/uaccess_64.h#L168",
    "drv caller (param)": "[ ffs_copy_to_iter | https://gitlab.flux.utah.edu/xcap/xcap-capability-linux/-/blob/llvm_v4.8/drivers/usb/gadget/function/f_fs.c#L657 ], ",
    "call path (param)": " [ffs_copy_to_iter->copy_to_iter] ",
    "cond_num": "6",
    "isControl": "0"
  },
  {
    "id": "27",
    "risky": "ptr-arith",
    "acc_path": "addr",
    "src": "https://gitlab.flux.utah.edu/xcap/xcap-capability-linux/-/blob/llvm_v4.8/lib/iov_iter.c#L362",
    "dst": "https://gitlab.flux.utah.edu/xcap/xcap-capability-linux/-/blob/llvm_v4.8/./arch/x86/include/asm/uaccess_64.h#L168",
    "drv caller (param)": "[ ffs_copy_to_iter | https://gitlab.flux.utah.edu/xcap/xcap-capability-linux/-/blob/llvm_v4.8/drivers/usb/gadget/function/f_fs.c#L657 ], ",
    "call path (param)": " [ffs_copy_to_iter->copy_to_iter] ",
    "cond_num": "6",
    "isControl": "0"
  },
  {
    "id": "27",
    "risky": "ptr-write",
    "acc_path": "addr",
    "src": "https://gitlab.flux.utah.edu/xcap/xcap-capability-linux/-/blob/llvm_v4.8/lib/iov_iter.c#L362",
    "dst": "https://gitlab.flux.utah.edu/xcap/xcap-capability-linux/-/blob/llvm_v4.8/lib/iov_iter.c#L362",
    "drv caller (param)": "[ ffs_copy_to_iter | https://gitlab.flux.utah.edu/xcap/xcap-capability-linux/-/blob/llvm_v4.8/drivers/usb/gadget/function/f_fs.c#L657 ], ",
    "call path (param)": " [ffs_copy_to_iter->copy_to_iter] ",
    "cond_num": "0",
    "isControl": "1",
    "t_trace": "[ INST || DATA_DEF_USE || https://gitlab.flux.utah.edu/xcap/xcap-capability-linux/-/blob/llvm_v4.8/lib/iov_iter.c#L362 ] -> [ INST || DATA_ST || https://gitlab.flux.utah.edu/xcap/xcap-capability-linux/-/blob/llvm_v4.8/lib/iov_iter.c#L359 |   %39 = alloca i8*, align 8 ] -> [ INST || DATA_DEF_USE || https://gitlab.flux.utah.edu/xcap/xcap-capability-linux/-/blob/llvm_v4.8/lib/iov_iter.c#L362 ] -> [ INST || DATA_DEF_USE || https://gitlab.flux.utah.edu/xcap/xcap-capability-linux/-/blob/llvm_v4.8/lib/iov_iter.c#L362 ] -> [ INST || DATA_DEF_USE || https://gitlab.flux.utah.edu/xcap/xcap-capability-linux/-/blob/llvm_v4.8/lib/iov_iter.c#L362 ] -> ",
    "isTrue": "-",
    "atk_reason": "",
    "defense": ""
  },
  {
    "id": "27",
    "risky": "ptr-sen-api (memcpy)",
    "acc_path": "addr",
    "src": "https://gitlab.flux.utah.edu/xcap/xcap-capability-linux/-/blob/llvm_v4.8/lib/iov_iter.c#L362",
    "dst": "https://gitlab.flux.utah.edu/xcap/xcap-capability-linux/-/blob/llvm_v4.8/lib/iov_iter.c#L362",
    "drv caller (param)": "[ ffs_copy_to_iter | https://gitlab.flux.utah.edu/xcap/xcap-capability-linux/-/blob/llvm_v4.8/drivers/usb/gadget/function/f_fs.c#L657 ], ",
    "call path (param)": " [ffs_copy_to_iter->copy_to_iter] ",
    "cond_num": "0",
    "isControl": "1",
    "t_trace": "[ INST || DATA_DEF_USE || https://gitlab.flux.utah.edu/xcap/xcap-capability-linux/-/blob/llvm_v4.8/lib/iov_iter.c#L362 ] -> [ INST || DATA_ST || https://gitlab.flux.utah.edu/xcap/xcap-capability-linux/-/blob/llvm_v4.8/lib/iov_iter.c#L359 |   %39 = alloca i8*, align 8 ] -> [ INST || DATA_DEF_USE || https://gitlab.flux.utah.edu/xcap/xcap-capability-linux/-/blob/llvm_v4.8/lib/iov_iter.c#L362 ] -> [ INST || DATA_DEF_USE || https://gitlab.flux.utah.edu/xcap/xcap-capability-linux/-/blob/llvm_v4.8/lib/iov_iter.c#L362 ] -> [ INST || DATA_DEF_USE || https://gitlab.flux.utah.edu/xcap/xcap-capability-linux/-/blob/llvm_v4.8/lib/iov_iter.c#L362 ] -> ",
    "isTrue": "-",
    "atk_reason": "",
    "defense": ""
  }
]
[]
[]
[
  {
    "id": "30",
    "risky": "ptr-write",
    "acc_path": "addr",
    "src": "https://gitlab.flux.utah.edu/xcap/xcap-capability-linux/-/blob/llvm_v4.8/lib/iov_iter.c#L377",
    "dst": "https://gitlab.flux.utah.edu/xcap/xcap-capability-linux/-/blob/llvm_v4.8/./arch/x86/include/asm/uaccess_64.h#L100",
    "drv caller (param)": "[ ffs_epfile_io | https://gitlab.flux.utah.edu/xcap/xcap-capability-linux/-/blob/llvm_v4.8/drivers/usb/gadget/function/f_fs.c#L867 ], ",
    "call path (param)": " [ffs_epfile_io->copy_from_iter] ",
    "cond_num": "9",
    "isControl": "0"
  },
  {
    "id": "30",
    "risky": "ptr-array",
    "acc_path": "addr",
    "src": "https://gitlab.flux.utah.edu/xcap/xcap-capability-linux/-/blob/llvm_v4.8/lib/iov_iter.c#L377",
    "dst": "https://gitlab.flux.utah.edu/xcap/xcap-capability-linux/-/blob/llvm_v4.8/./arch/x86/include/asm/uaccess_64.h#L90",
    "drv caller (param)": "[ ffs_epfile_io | https://gitlab.flux.utah.edu/xcap/xcap-capability-linux/-/blob/llvm_v4.8/drivers/usb/gadget/function/f_fs.c#L867 ], ",
    "call path (param)": " [ffs_epfile_io->copy_from_iter] ",
    "cond_num": "6",
    "isControl": "0"
  },
  {
    "id": "30",
    "risky": "ptr-arith",
    "acc_path": "addr",
    "src": "https://gitlab.flux.utah.edu/xcap/xcap-capability-linux/-/blob/llvm_v4.8/lib/iov_iter.c#L377",
    "dst": "https://gitlab.flux.utah.edu/xcap/xcap-capability-linux/-/blob/llvm_v4.8/./arch/x86/include/asm/uaccess_64.h#L90",
    "drv caller (param)": "[ ffs_epfile_io | https://gitlab.flux.utah.edu/xcap/xcap-capability-linux/-/blob/llvm_v4.8/drivers/usb/gadget/function/f_fs.c#L867 ], ",
    "call path (param)": " [ffs_epfile_io->copy_from_iter] ",
    "cond_num": "6",
    "isControl": "0"
  },
  {
    "id": "30",
    "risky": "ptr-sen-api (memcpy)",
    "acc_path": "addr",
    "src": "https://gitlab.flux.utah.edu/xcap/xcap-capability-linux/-/blob/llvm_v4.8/lib/iov_iter.c#L377",
    "dst": "https://gitlab.flux.utah.edu/xcap/xcap-capability-linux/-/blob/llvm_v4.8/lib/iov_iter.c#L377",
    "drv caller (param)": "[ ffs_epfile_io | https://gitlab.flux.utah.edu/xcap/xcap-capability-linux/-/blob/llvm_v4.8/drivers/usb/gadget/function/f_fs.c#L867 ], ",
    "call path (param)": " [ffs_epfile_io->copy_from_iter] ",
    "cond_num": "0",
    "isControl": "1",
    "t_trace": "[ INST || DATA_DEF_USE || https://gitlab.flux.utah.edu/xcap/xcap-capability-linux/-/blob/llvm_v4.8/lib/iov_iter.c#L377 ] -> [ INST || DATA_ST || https://gitlab.flux.utah.edu/xcap/xcap-capability-linux/-/blob/llvm_v4.8/lib/iov_iter.c#L374 |   %39 = alloca i8*, align 8 ] -> [ INST || DATA_DEF_USE || https://gitlab.flux.utah.edu/xcap/xcap-capability-linux/-/blob/llvm_v4.8/lib/iov_iter.c#L377 ] -> [ INST || DATA_DEF_USE || https://gitlab.flux.utah.edu/xcap/xcap-capability-linux/-/blob/llvm_v4.8/lib/iov_iter.c#L377 ] -> [ INST || DATA_DEF_USE || https://gitlab.flux.utah.edu/xcap/xcap-capability-linux/-/blob/llvm_v4.8/lib/iov_iter.c#L377 ] -> ",
    "isTrue": "-",
    "atk_reason": "",
    "defense": ""
  }
]
[]
[
  {
    "id": "32",
    "risky": "val-sen-api (kmalloc)",
    "acc_path": "size",
    "src": "https://gitlab.flux.utah.edu/xcap/xcap-capability-linux/-/blob/llvm_v4.8/mm/slab_common.c#L1018",
    "dst": "https://gitlab.flux.utah.edu/xcap/xcap-capability-linux/-/blob/llvm_v4.8/mm/slab_common.c#L1018",
    "drv caller (param)": "[ ffs_ep0_read | https://gitlab.flux.utah.edu/xcap/xcap-capability-linux/-/blob/llvm_v4.8/./include/linux/slab.h#L415 ], ",
    "call path (param)": " [ffs_ep0_read->kmalloc_order] ",
    "cond_num": "0",
    "isControl": "1",
    "t_trace": "",
    "isTrue": "-",
    "atk_reason": "",
    "defense": ""
  }
]
[
  {
    "id": "33",
    "risky": "val-sen-api (kmalloc)",
    "acc_path": "flags",
    "src": "https://gitlab.flux.utah.edu/xcap/xcap-capability-linux/-/blob/llvm_v4.8/mm/slab_common.c#L1018",
    "dst": "https://gitlab.flux.utah.edu/xcap/xcap-capability-linux/-/blob/llvm_v4.8/mm/slab_common.c#L1018",
    "drv caller (param)": "[ ffs_ep0_read | https://gitlab.flux.utah.edu/xcap/xcap-capability-linux/-/blob/llvm_v4.8/./include/linux/slab.h#L415 ], ",
    "call path (param)": " [ffs_ep0_read->kmalloc_order] ",
    "cond_num": "0",
    "isControl": "1",
    "t_trace": "",
    "isTrue": "-",
    "atk_reason": "",
    "defense": ""
  }
]
[]
[]
[]
[]
[]
[
  {
    "id": "39",
    "risky": "numeric-arith",
    "acc_path": "nr",
    "src": "https://gitlab.flux.utah.edu/xcap/xcap-capability-linux/-/blob/llvm_v4.8/kernel/sched/wait.c#L105",
    "dst": "https://gitlab.flux.utah.edu/xcap/xcap-capability-linux/-/blob/llvm_v4.8/kernel/sched/wait.c#L74",
    "drv caller (param)": "[ __ffs_event_add | https://gitlab.flux.utah.edu/xcap/xcap-capability-linux/-/blob/llvm_v4.8/drivers/usb/gadget/function/f_fs.c#L2543 ], ",
    "call path (param)": " [__ffs_event_add->__wake_up_locked->__wake_up_common] ",
    "cond_num": "3",
    "isControl": "0"
  }
]
[]
