[
  {
    "struct name": "__wait_queue",
    "No.fields": 4,
    "No.classified fields": 3,
    "PTR_READ": 1,
    "PTR_WRITE": 1,
    "PTR_BUFFER": 1,
    "PTR_ARITH_BASE": 1,
    "CONTROL_SENB_RANCH": 1,
    "SEN_API": 1,
    "FUNC_PTR": 1,
    "UNCLASSIFY": 1
  },
  {
    "id": "1",
    "risky": "ptr-write",
    "acc_path": "__wait_queue->private",
    "src": "https://gitlab.flux.utah.edu/xcap/xcap-capability-linux/-/blob/llvm_v4.8/kernel/sched/core.c#L3596",
    "dst": "https://gitlab.flux.utah.edu/xcap/xcap-capability-linux/-/blob/llvm_v4.8/kernel/locking/spinlock_debug.c#L106 |   %25 = alloca i32, align 4",
    "drv caller (param)": "",
    "call path (param)": "",
    "drv_update loc (shared field)": "[ (ffs_ep0_read)https://gitlab.flux.utah.edu/xcap/xcap-capability-linux/-/blob/llvm_v4.8/drivers/usb/gadget/function/f_fs.c#L489 ], ",
    "call path (type)": " [eventfd_signal->_raw_spin_lock_irqsave->__raw_spin_lock_irqsave->do_raw_spin_lock->__spin_lock_debug] ",
    "cond_num": "8",
    "isControl": "0"
  },
  {
    "id": "1",
    "risky": "ptr-sen-api (memcpy)",
    "acc_path": "__wait_queue->private",
    "src": "https://gitlab.flux.utah.edu/xcap/xcap-capability-linux/-/blob/llvm_v4.8/kernel/sched/core.c#L3596",
    "dst": "https://gitlab.flux.utah.edu/xcap/xcap-capability-linux/-/blob/llvm_v4.8/./include/linux/compiler.h#L220",
    "drv caller (param)": "",
    "call path (param)": "",
    "drv_update loc (shared field)": "[ (ffs_ep0_read)https://gitlab.flux.utah.edu/xcap/xcap-capability-linux/-/blob/llvm_v4.8/drivers/usb/gadget/function/f_fs.c#L489 ], ",
    "call path (type)": " [eventfd_signal->_raw_spin_lock_irqsave->__raw_spin_lock_irqsave->do_raw_spin_lock->__spin_lock_debug] ",
    "cond_num": "10",
    "isControl": "0"
  },
  {
    "id": "1",
    "risky": "ptr-read",
    "acc_path": "__wait_queue->private",
    "src": "https://gitlab.flux.utah.edu/xcap/xcap-capability-linux/-/blob/llvm_v4.8/kernel/sched/core.c#L3596",
    "dst": "https://gitlab.flux.utah.edu/xcap/xcap-capability-linux/-/blob/llvm_v4.8/./arch/x86/include/asm/atomic.h#L26",
    "drv caller (param)": "",
    "call path (param)": "",
    "drv_update loc (shared field)": "[ (ffs_ep0_read)https://gitlab.flux.utah.edu/xcap/xcap-capability-linux/-/blob/llvm_v4.8/drivers/usb/gadget/function/f_fs.c#L489 ], ",
    "call path (type)": " [eventfd_signal->_raw_spin_lock_irqsave->__raw_spin_lock_irqsave->do_raw_spin_lock->__spin_lock_debug] ",
    "cond_num": "10",
    "isControl": "0"
  },
  {
    "id": "1",
    "risky": "ptr-sen-branch (memcpy)",
    "acc_path": "__wait_queue->private",
    "src": "https://gitlab.flux.utah.edu/xcap/xcap-capability-linux/-/blob/llvm_v4.8/kernel/sched/core.c#L3596",
    "dst": "https://gitlab.flux.utah.edu/xcap/xcap-capability-linux/-/blob/llvm_v4.8/kernel/sched/core.c#L2011",
    "drv caller (param)": "",
    "call path (param)": "",
    "drv_update loc (shared field)": "[ (ffs_ep0_read)https://gitlab.flux.utah.edu/xcap/xcap-capability-linux/-/blob/llvm_v4.8/drivers/usb/gadget/function/f_fs.c#L489 ], ",
    "call path (type)": " [kill_litter_super->kill_anon_super->generic_shutdown_super->destroy_workqueue->put_pwq_unlocked->put_pwq->schedule_work.441->queue_work.442->queue_work_on->__queue_work->insert_work->wake_up_worker->wake_up_process->try_to_wake_up] ",
    "cond_num": "0",
    "isControl": "1",
    "t_trace": "[ INST || DATA_DEF_USE || https://gitlab.flux.utah.edu/xcap/xcap-capability-linux/-/blob/llvm_v4.8/kernel/sched/core.c#L3596 ] -> [ INST || DATA_DEF_USE || https://gitlab.flux.utah.edu/xcap/xcap-capability-linux/-/blob/llvm_v4.8/kernel/sched/core.c#L3596 ] -> [ ACTUAL_IN || PARAMETER_IN ] -> [ FORMAL_IN || PARAMETER_INp ] -> [ INST || PARAMETER_IN || https://gitlab.flux.utah.edu/xcap/xcap-capability-linux/-/blob/llvm_v4.8/kernel/sched/core.c#L2011 ] -> [ INST || DATA_DEF_USE || https://gitlab.flux.utah.edu/xcap/xcap-capability-linux/-/blob/llvm_v4.8/kernel/sched/core.c#L2011 ] -> [ INST || DATA_DEF_USE || https://gitlab.flux.utah.edu/xcap/xcap-capability-linux/-/blob/llvm_v4.8/kernel/sched/core.c#L2011 ] -> [ INST || DATA_DEF_USE || https://gitlab.flux.utah.edu/xcap/xcap-capability-linux/-/blob/llvm_v4.8/kernel/sched/core.c#L2011 ] -> ",
    "isTrue": "-",
    "atk_reason": "",
    "defense": ""
  },
  {
    "id": "1",
    "risky": "ptr-array",
    "acc_path": "__wait_queue->private",
    "src": "https://gitlab.flux.utah.edu/xcap/xcap-capability-linux/-/blob/llvm_v4.8/kernel/sched/core.c#L3596",
    "dst": "https://gitlab.flux.utah.edu/xcap/xcap-capability-linux/-/blob/llvm_v4.8/kernel/sched/core.c#L1576",
    "drv caller (param)": "",
    "call path (param)": "",
    "drv_update loc (shared field)": "[ (ffs_ep0_read)https://gitlab.flux.utah.edu/xcap/xcap-capability-linux/-/blob/llvm_v4.8/drivers/usb/gadget/function/f_fs.c#L489 ], ",
    "call path (type)": " [kill_litter_super->kill_anon_super->generic_shutdown_super->destroy_workqueue->put_pwq_unlocked->put_pwq->schedule_work.441->queue_work.442->queue_work_on->__queue_work->insert_work->wake_up_worker->wake_up_process->try_to_wake_up->select_task_rq->select_fallback_rq] ",
    "cond_num": "16",
    "isControl": "0"
  },
  {
    "id": "1",
    "risky": "ptr-arith",
    "acc_path": "__wait_queue->private",
    "src": "https://gitlab.flux.utah.edu/xcap/xcap-capability-linux/-/blob/llvm_v4.8/kernel/sched/core.c#L3596",
    "dst": "https://gitlab.flux.utah.edu/xcap/xcap-capability-linux/-/blob/llvm_v4.8/kernel/sched/core.c#L1576",
    "drv caller (param)": "",
    "call path (param)": "",
    "drv_update loc (shared field)": "[ (ffs_ep0_read)https://gitlab.flux.utah.edu/xcap/xcap-capability-linux/-/blob/llvm_v4.8/drivers/usb/gadget/function/f_fs.c#L489 ], ",
    "call path (type)": " [kill_litter_super->kill_anon_super->generic_shutdown_super->destroy_workqueue->put_pwq_unlocked->put_pwq->schedule_work.441->queue_work.442->queue_work_on->__queue_work->insert_work->wake_up_worker->wake_up_process->try_to_wake_up->select_task_rq->select_fallback_rq] ",
    "cond_num": "16",
    "isControl": "0"
  }
]
[
  {
    "struct name": "kiocb",
    "No.fields": 5,
    "No.classified fields": 0
  }
]
[
  {
    "struct name": "eventfd_ctx",
    "No.fields": 4,
    "No.classified fields": 0
  }
]
[
  {
    "struct name": "static_key",
    "No.fields": 3,
    "No.classified fields": 0
  }
]
[
  {
    "struct name": "file_system_type",
    "No.fields": 14,
    "No.classified fields": 0
  }
]
[
  {
    "struct name": "mutex",
    "No.fields": 5,
    "No.classified fields": 0
  }
]
[
  {
    "struct name": "poll_table_struct",
    "No.fields": 2,
    "No.classified fields": 0
  }
]
[
  {
    "struct name": "file_operations",
    "No.fields": 31,
    "No.classified fields": 4,
    "FUNC_PTR": 4
  }
]
[
  {
    "struct name": "kref",
    "No.fields": 1,
    "No.classified fields": 0
  }
]
[
  {
    "struct name": "__wait_queue_head",
    "No.fields": 2,
    "No.classified fields": 0
  }
]
[
  {
    "struct name": "user_namespace",
    "No.fields": 10,
    "No.classified fields": 0
  }
]
[
  {
    "struct name": "super_operations",
    "No.fields": 22,
    "No.classified fields": 1,
    "FUNC_PTR": 1
  }
]
[
  {
    "struct name": "inode_operations",
    "No.fields": 25,
    "No.classified fields": 0
  }
]
[
  {
    "struct name": "super_block",
    "No.fields": 55,
    "No.classified fields": 5,
    "PTR_READ": 3,
    "PTR_WRITE": 2,
    "PTR_BUFFER": 1,
    "PTR_ARITH_BASE": 1,
    "CONTROL_SENB_RANCH": 2,
    "SEN_API": 1,
    "UNCLASSIFY": 2
  },
  {
    "id": "9",
    "risky": "ptr-read",
    "acc_path": "super_block->s_op",
    "src": "https://gitlab.flux.utah.edu/xcap/xcap-capability-linux/-/blob/llvm_v4.8/fs/inode.c#L205",
    "dst": "https://gitlab.flux.utah.edu/xcap/xcap-capability-linux/-/blob/llvm_v4.8/fs/inode.c#L205",
    "drv caller (param)": "",
    "call path (param)": "",
    "drv_update loc (shared field)": "[ (ffs_sb_fill)https://gitlab.flux.utah.edu/xcap/xcap-capability-linux/-/blob/llvm_v4.8/drivers/usb/gadget/function/f_fs.c#L1268 ], ",
    "call path (type)": " [new_inode->new_inode_pseudo->alloc_inode] ",
    "cond_num": "0",
    "isControl": "1",
    "t_trace": "[ INST || DATA_DEF_USE || https://gitlab.flux.utah.edu/xcap/xcap-capability-linux/-/blob/llvm_v4.8/fs/inode.c#L205 ] -> [ INST || DATA_DEF_USE || https://gitlab.flux.utah.edu/xcap/xcap-capability-linux/-/blob/llvm_v4.8/fs/inode.c#L205 ] -> ",
    "isTrue": "-",
    "atk_reason": "",
    "defense": ""
  },
  {
    "id": "9",
    "risky": "ptr-write",
    "acc_path": "super_block->s_op",
    "src": "https://gitlab.flux.utah.edu/xcap/xcap-capability-linux/-/blob/llvm_v4.8/fs/super.c#L419",
    "dst": "https://gitlab.flux.utah.edu/xcap/xcap-capability-linux/-/blob/llvm_v4.8/fs/super.c#L417 |   %5 = alloca %struct.super_operations.2449*, align 8",
    "drv caller (param)": "",
    "call path (param)": "",
    "drv_update loc (shared field)": "[ (ffs_sb_fill)https://gitlab.flux.utah.edu/xcap/xcap-capability-linux/-/blob/llvm_v4.8/drivers/usb/gadget/function/f_fs.c#L1268 ], ",
    "call path (type)": " [kill_litter_super->kill_anon_super->generic_shutdown_super] ",
    "cond_num": "0",
    "isControl": "1",
    "t_trace": "[ INST || DATA_DEF_USE || https://gitlab.flux.utah.edu/xcap/xcap-capability-linux/-/blob/llvm_v4.8/fs/super.c#L419 ] -> [ INST || DATA_ST || https://gitlab.flux.utah.edu/xcap/xcap-capability-linux/-/blob/llvm_v4.8/fs/super.c#L417 |   %5 = alloca %struct.super_operations.2449*, align 8 ] -> ",
    "isTrue": "-",
    "atk_reason": "",
    "defense": ""
  },
  {
    "id": "9",
    "risky": "ptr-sen-branch (kmem_cache_free)",
    "acc_path": "super_block->s_op",
    "src": "https://gitlab.flux.utah.edu/xcap/xcap-capability-linux/-/blob/llvm_v4.8/fs/inode.c#L213",
    "dst": "https://gitlab.flux.utah.edu/xcap/xcap-capability-linux/-/blob/llvm_v4.8/fs/inode.c#L213",
    "drv caller (param)": "",
    "call path (param)": "",
    "drv_update loc (shared field)": "[ (ffs_sb_fill)https://gitlab.flux.utah.edu/xcap/xcap-capability-linux/-/blob/llvm_v4.8/drivers/usb/gadget/function/f_fs.c#L1268 ], ",
    "call path (type)": " [new_inode->new_inode_pseudo->alloc_inode] ",
    "cond_num": "0",
    "isControl": "1",
    "t_trace": "[ INST || DATA_DEF_USE || https://gitlab.flux.utah.edu/xcap/xcap-capability-linux/-/blob/llvm_v4.8/fs/inode.c#L213 ] -> [ INST || DATA_DEF_USE || https://gitlab.flux.utah.edu/xcap/xcap-capability-linux/-/blob/llvm_v4.8/fs/inode.c#L213 ] -> [ INST || DATA_DEF_USE || https://gitlab.flux.utah.edu/xcap/xcap-capability-linux/-/blob/llvm_v4.8/fs/inode.c#L213 ] -> ",
    "isTrue": "-",
    "atk_reason": "",
    "defense": ""
  },
  {
    "id": "11",
    "risky": "ptr-read",
    "acc_path": "super_block->s_root",
    "src": "https://gitlab.flux.utah.edu/xcap/xcap-capability-linux/-/blob/llvm_v4.8/fs/super.c#L656",
    "dst": "https://gitlab.flux.utah.edu/xcap/xcap-capability-linux/-/blob/llvm_v4.8/fs/super.c#L656",
    "drv caller (param)": "",
    "call path (param)": "",
    "drv_update loc (shared field)": "[ (ffs_sb_fill)https://gitlab.flux.utah.edu/xcap/xcap-capability-linux/-/blob/llvm_v4.8/drivers/usb/gadget/function/f_fs.c#L1277 ], ",
    "call path (type)": "",
    "cond_num": "0",
    "isControl": "1",
    "t_trace": "",
    "isTrue": "-",
    "atk_reason": "",
    "defense": ""
  },
  {
    "id": "11",
    "risky": "ptr-write",
    "acc_path": "super_block->s_root",
    "src": "https://gitlab.flux.utah.edu/xcap/xcap-capability-linux/-/blob/llvm_v4.8/fs/super.c#L951",
    "dst": "https://gitlab.flux.utah.edu/xcap/xcap-capability-linux/-/blob/llvm_v4.8/kernel/locking/spinlock_debug.c#L106 |   %25 = alloca i32, align 4",
    "drv caller (param)": "[ ffs_fs_kill_sb | https://gitlab.flux.utah.edu/xcap/xcap-capability-linux/-/blob/llvm_v4.8/drivers/usb/gadget/function/f_fs.c#L1437 ], ",
    "call path (param)": " [ffs_fs_kill_sb->ffs_data_put->ffs_data_clear->ffs_epfiles_destroy->dput->_cond_resched->preempt_schedule_common->__schedule->_raw_spin_lock->__raw_spin_lock->do_raw_spin_lock->__spin_lock_debug] ",
    "drv_update loc (shared field)": "[ (ffs_sb_fill)https://gitlab.flux.utah.edu/xcap/xcap-capability-linux/-/blob/llvm_v4.8/drivers/usb/gadget/function/f_fs.c#L1277 ], ",
    "call path (type)": " [eventfd_signal->_raw_spin_lock_irqsave->__raw_spin_lock_irqsave->do_raw_spin_lock->__spin_lock_debug] ",
    "cond_num": "3",
    "isControl": "0"
  },
  {
    "id": "11",
    "risky": "ptr-sen-api (memcpy)",
    "acc_path": "super_block->s_root",
    "src": "https://gitlab.flux.utah.edu/xcap/xcap-capability-linux/-/blob/llvm_v4.8/fs/super.c#L951",
    "dst": "https://gitlab.flux.utah.edu/xcap/xcap-capability-linux/-/blob/llvm_v4.8/./include/linux/compiler.h#L220",
    "drv caller (param)": "[ ffs_fs_kill_sb | https://gitlab.flux.utah.edu/xcap/xcap-capability-linux/-/blob/llvm_v4.8/drivers/usb/gadget/function/f_fs.c#L1437 ], ",
    "call path (param)": " [ffs_fs_kill_sb->ffs_data_put->ffs_data_clear->ffs_epfiles_destroy->dput->_cond_resched->preempt_schedule_common->__schedule->_raw_spin_lock->__raw_spin_lock->do_raw_spin_lock->__spin_lock_debug] ",
    "drv_update loc (shared field)": "[ (ffs_sb_fill)https://gitlab.flux.utah.edu/xcap/xcap-capability-linux/-/blob/llvm_v4.8/drivers/usb/gadget/function/f_fs.c#L1277 ], ",
    "call path (type)": " [eventfd_signal->_raw_spin_lock_irqsave->__raw_spin_lock_irqsave->do_raw_spin_lock->__spin_lock_debug] ",
    "cond_num": "5",
    "isControl": "0"
  },
  {
    "id": "11",
    "risky": "ptr-array",
    "acc_path": "super_block->s_root",
    "src": "https://gitlab.flux.utah.edu/xcap/xcap-capability-linux/-/blob/llvm_v4.8/fs/super.c#L951",
    "dst": "https://gitlab.flux.utah.edu/xcap/xcap-capability-linux/-/blob/llvm_v4.8/kernel/locking/spinlock_debug.c#L64",
    "drv caller (param)": "[ ffs_fs_kill_sb | https://gitlab.flux.utah.edu/xcap/xcap-capability-linux/-/blob/llvm_v4.8/drivers/usb/gadget/function/f_fs.c#L1437 ], ",
    "call path (param)": " [ffs_fs_kill_sb->ffs_data_put->ffs_data_clear->ffs_epfiles_destroy->dput->_raw_spin_unlock->__raw_spin_unlock->do_raw_spin_unlock->debug_spin_unlock->spin_bug->spin_dump] ",
    "drv_update loc (shared field)": "[ (ffs_sb_fill)https://gitlab.flux.utah.edu/xcap/xcap-capability-linux/-/blob/llvm_v4.8/drivers/usb/gadget/function/f_fs.c#L1277 ], ",
    "call path (type)": " [eventfd_signal->_raw_spin_lock_irqsave->__raw_spin_lock_irqsave->do_raw_spin_lock->debug_spin_lock_before->spin_bug->spin_dump] ",
    "cond_num": "10",
    "isControl": "0"
  },
  {
    "id": "11",
    "risky": "ptr-arith",
    "acc_path": "super_block->s_root",
    "src": "https://gitlab.flux.utah.edu/xcap/xcap-capability-linux/-/blob/llvm_v4.8/fs/super.c#L951",
    "dst": "https://gitlab.flux.utah.edu/xcap/xcap-capability-linux/-/blob/llvm_v4.8/kernel/locking/spinlock_debug.c#L64",
    "drv caller (param)": "[ ffs_fs_kill_sb | https://gitlab.flux.utah.edu/xcap/xcap-capability-linux/-/blob/llvm_v4.8/drivers/usb/gadget/function/f_fs.c#L1437 ], ",
    "call path (param)": " [ffs_fs_kill_sb->ffs_data_put->ffs_data_clear->ffs_epfiles_destroy->dput->_raw_spin_unlock->__raw_spin_unlock->do_raw_spin_unlock->debug_spin_unlock->spin_bug->spin_dump] ",
    "drv_update loc (shared field)": "[ (ffs_sb_fill)https://gitlab.flux.utah.edu/xcap/xcap-capability-linux/-/blob/llvm_v4.8/drivers/usb/gadget/function/f_fs.c#L1277 ], ",
    "call path (type)": " [eventfd_signal->_raw_spin_lock_irqsave->__raw_spin_lock_irqsave->do_raw_spin_lock->debug_spin_lock_before->spin_bug->spin_dump] ",
    "cond_num": "10",
    "isControl": "0"
  },
  {
    "id": "11",
    "risky": "ptr-sen-branch (memcpy)",
    "acc_path": "super_block->s_root",
    "src": "https://gitlab.flux.utah.edu/xcap/xcap-capability-linux/-/blob/llvm_v4.8/fs/dcache.c#L1457",
    "dst": "https://gitlab.flux.utah.edu/xcap/xcap-capability-linux/-/blob/llvm_v4.8/fs/inode.c#L415",
    "drv caller (param)": "",
    "call path (param)": "",
    "drv_update loc (shared field)": "[ (ffs_sb_fill)https://gitlab.flux.utah.edu/xcap/xcap-capability-linux/-/blob/llvm_v4.8/drivers/usb/gadget/function/f_fs.c#L1277 ], ",
    "call path (type)": " [d_delete->dentry_unlink_inode->iput->iput_final->inode_add_lru] ",
    "cond_num": "30",
    "isControl": "0"
  },
  {
    "id": "12",
    "risky": "ptr-read",
    "acc_path": "super_block->s_fs_info",
    "src": "https://gitlab.flux.utah.edu/xcap/xcap-capability-linux/-/blob/llvm_v4.8/fs/super.c#L959",
    "dst": "https://gitlab.flux.utah.edu/xcap/xcap-capability-linux/-/blob/llvm_v4.8/fs/super.c#L959",
    "drv caller (param)": "",
    "call path (param)": "",
    "drv_update loc (shared field)": "[ (ffs_sb_fill)https://gitlab.flux.utah.edu/xcap/xcap-capability-linux/-/blob/llvm_v4.8/drivers/usb/gadget/function/f_fs.c#L1264 ], ",
    "call path (type)": "",
    "cond_num": "0",
    "isControl": "1",
    "t_trace": "",
    "isTrue": "-",
    "atk_reason": "",
    "defense": ""
  }
]
[
  {
    "struct name": "dentry",
    "No.fields": 16,
    "No.classified fields": 0
  }
]
[
  {
    "struct name": "file",
    "No.fields": 18,
    "No.classified fields": 1,
    "PTR_READ": 1,
    "PTR_WRITE": 1,
    "PTR_BUFFER": 1,
    "PTR_ARITH_BASE": 1,
    "CONTROL_SENB_RANCH": 1,
    "SEN_API": 1
  },
  {
    "id": "13",
    "risky": "ptr-read",
    "acc_path": "file->private_data",
    "src": "https://gitlab.flux.utah.edu/xcap/xcap-capability-linux/-/blob/llvm_v4.8/fs/eventfd.c#L267",
    "dst": "https://gitlab.flux.utah.edu/xcap/xcap-capability-linux/-/blob/llvm_v4.8/./include/linux/sched.h#L2066",
    "drv caller (param)": "",
    "call path (param)": "",
    "drv_update loc (shared field)": "[ (ffs_ep0_open)https://gitlab.flux.utah.edu/xcap/xcap-capability-linux/-/blob/llvm_v4.8/drivers/usb/gadget/function/f_fs.c#L553 ], [ (ffs_epfile_open)https://gitlab.flux.utah.edu/xcap/xcap-capability-linux/-/blob/llvm_v4.8/drivers/usb/gadget/function/f_fs.c#L980 ], ",
    "call path (type)": " [eventfd_signal->_raw_spin_lock_irqsave->__raw_spin_lock_irqsave->do_raw_spin_lock->debug_spin_lock_before->spin_bug->spin_dump->task_pid_nr.566] ",
    "cond_num": "17",
    "isControl": "0"
  },
  {
    "id": "13",
    "risky": "ptr-write",
    "acc_path": "file->private_data",
    "src": "https://gitlab.flux.utah.edu/xcap/xcap-capability-linux/-/blob/llvm_v4.8/fs/eventfd.c#L267",
    "dst": "https://gitlab.flux.utah.edu/xcap/xcap-capability-linux/-/blob/llvm_v4.8/kernel/locking/spinlock_debug.c#L106 |   %25 = alloca i32, align 4",
    "drv caller (param)": "",
    "call path (param)": "",
    "drv_update loc (shared field)": "[ (ffs_ep0_open)https://gitlab.flux.utah.edu/xcap/xcap-capability-linux/-/blob/llvm_v4.8/drivers/usb/gadget/function/f_fs.c#L553 ], [ (ffs_epfile_open)https://gitlab.flux.utah.edu/xcap/xcap-capability-linux/-/blob/llvm_v4.8/drivers/usb/gadget/function/f_fs.c#L980 ], ",
    "call path (type)": " [eventfd_signal->_raw_spin_lock_irqsave->__raw_spin_lock_irqsave->do_raw_spin_lock->__spin_lock_debug] ",
    "cond_num": "9",
    "isControl": "0"
  },
  {
    "id": "13",
    "risky": "ptr-sen-api (memcpy)",
    "acc_path": "file->private_data",
    "src": "https://gitlab.flux.utah.edu/xcap/xcap-capability-linux/-/blob/llvm_v4.8/fs/eventfd.c#L267",
    "dst": "https://gitlab.flux.utah.edu/xcap/xcap-capability-linux/-/blob/llvm_v4.8/./include/linux/compiler.h#L220",
    "drv caller (param)": "",
    "call path (param)": "",
    "drv_update loc (shared field)": "[ (ffs_ep0_open)https://gitlab.flux.utah.edu/xcap/xcap-capability-linux/-/blob/llvm_v4.8/drivers/usb/gadget/function/f_fs.c#L553 ], [ (ffs_epfile_open)https://gitlab.flux.utah.edu/xcap/xcap-capability-linux/-/blob/llvm_v4.8/drivers/usb/gadget/function/f_fs.c#L980 ], ",
    "call path (type)": " [eventfd_signal->_raw_spin_lock_irqsave->__raw_spin_lock_irqsave->do_raw_spin_lock->__spin_lock_debug] ",
    "cond_num": "11",
    "isControl": "0"
  },
  {
    "id": "13",
    "risky": "ptr-array",
    "acc_path": "file->private_data",
    "src": "https://gitlab.flux.utah.edu/xcap/xcap-capability-linux/-/blob/llvm_v4.8/fs/eventfd.c#L267",
    "dst": "https://gitlab.flux.utah.edu/xcap/xcap-capability-linux/-/blob/llvm_v4.8/kernel/sched/wait.c#L70",
    "drv caller (param)": "",
    "call path (param)": "",
    "drv_update loc (shared field)": "[ (ffs_ep0_open)https://gitlab.flux.utah.edu/xcap/xcap-capability-linux/-/blob/llvm_v4.8/drivers/usb/gadget/function/f_fs.c#L553 ], [ (ffs_epfile_open)https://gitlab.flux.utah.edu/xcap/xcap-capability-linux/-/blob/llvm_v4.8/drivers/usb/gadget/function/f_fs.c#L980 ], ",
    "call path (type)": " [eventfd_signal->__wake_up_locked_key->__wake_up_common] ",
    "cond_num": "8",
    "isControl": "0"
  },
  {
    "id": "13",
    "risky": "ptr-arith",
    "acc_path": "file->private_data",
    "src": "https://gitlab.flux.utah.edu/xcap/xcap-capability-linux/-/blob/llvm_v4.8/fs/eventfd.c#L267",
    "dst": "https://gitlab.flux.utah.edu/xcap/xcap-capability-linux/-/blob/llvm_v4.8/kernel/sched/wait.c#L70",
    "drv caller (param)": "",
    "call path (param)": "",
    "drv_update loc (shared field)": "[ (ffs_ep0_open)https://gitlab.flux.utah.edu/xcap/xcap-capability-linux/-/blob/llvm_v4.8/drivers/usb/gadget/function/f_fs.c#L553 ], [ (ffs_epfile_open)https://gitlab.flux.utah.edu/xcap/xcap-capability-linux/-/blob/llvm_v4.8/drivers/usb/gadget/function/f_fs.c#L980 ], ",
    "call path (type)": " [eventfd_signal->__wake_up_locked_key->__wake_up_common] ",
    "cond_num": "8",
    "isControl": "0"
  },
  {
    "id": "13",
    "risky": "ptr-sen-branch (copy_from_user)",
    "acc_path": "file->private_data",
    "src": "https://gitlab.flux.utah.edu/xcap/xcap-capability-linux/-/blob/llvm_v4.8/fs/libfs.c#L860",
    "dst": "https://gitlab.flux.utah.edu/xcap/xcap-capability-linux/-/blob/llvm_v4.8/fs/libfs.c#L861",
    "drv caller (param)": "",
    "call path (param)": "",
    "drv_update loc (shared field)": "[ (ffs_ep0_open)https://gitlab.flux.utah.edu/xcap/xcap-capability-linux/-/blob/llvm_v4.8/drivers/usb/gadget/function/f_fs.c#L553 ], [ (ffs_epfile_open)https://gitlab.flux.utah.edu/xcap/xcap-capability-linux/-/blob/llvm_v4.8/drivers/usb/gadget/function/f_fs.c#L980 ], ",
    "call path (type)": "",
    "cond_num": "0",
    "isControl": "1",
    "t_trace": "[ INST || DATA_DEF_USE || https://gitlab.flux.utah.edu/xcap/xcap-capability-linux/-/blob/llvm_v4.8/fs/libfs.c#L860 ] -> [ INST || DATA_DEF_USE || https://gitlab.flux.utah.edu/xcap/xcap-capability-linux/-/blob/llvm_v4.8/fs/libfs.c#L860 ] -> [ INST || DATA_ST || https://gitlab.flux.utah.edu/xcap/xcap-capability-linux/-/blob/llvm_v4.8/fs/libfs.c#L852 |   %14 = alloca %struct.simple_attr*, align 8 ] -> [ INST || DATA_DEF_USE || https://gitlab.flux.utah.edu/xcap/xcap-capability-linux/-/blob/llvm_v4.8/fs/libfs.c#L861 ] -> [ INST || DATA_DEF_USE || https://gitlab.flux.utah.edu/xcap/xcap-capability-linux/-/blob/llvm_v4.8/fs/libfs.c#L861 ] -> [ INST || DATA_DEF_USE || https://gitlab.flux.utah.edu/xcap/xcap-capability-linux/-/blob/llvm_v4.8/fs/libfs.c#L861 ] -> ",
    "isTrue": "-",
    "atk_reason": "",
    "defense": ""
  }
]
[
  {
    "struct name": "inode",
    "No.fields": 46,
    "No.classified fields": 4,
    "PTR_READ": 2,
    "NUM_ARITH": 1,
    "CONTROL_SENB_RANCH": 1
  },
  {
    "id": "14",
    "risky": "val-sen-branch (memcpy)",
    "acc_path": "inode->i_mode",
    "src": "https://gitlab.flux.utah.edu/xcap/xcap-capability-linux/-/blob/llvm_v4.8/fs/inode.c#L1631",
    "dst": "https://gitlab.flux.utah.edu/xcap/xcap-capability-linux/-/blob/llvm_v4.8/fs/inode.c#L1631",
    "drv caller (param)": "",
    "call path (param)": "",
    "drv_update loc (shared field)": "[ (ffs_sb_make_inode)https://gitlab.flux.utah.edu/xcap/xcap-capability-linux/-/blob/llvm_v4.8/drivers/usb/gadget/function/f_fs.c#L1199 ], ",
    "call path (type)": "",
    "cond_num": "0",
    "isControl": "1",
    "t_trace": "[ INST || DATA_DEF_USE || https://gitlab.flux.utah.edu/xcap/xcap-capability-linux/-/blob/llvm_v4.8/fs/inode.c#L1631 ] -> [ INST || DATA_DEF_USE || https://gitlab.flux.utah.edu/xcap/xcap-capability-linux/-/blob/llvm_v4.8/fs/inode.c#L1631 ] -> [ INST || DATA_DEF_USE || https://gitlab.flux.utah.edu/xcap/xcap-capability-linux/-/blob/llvm_v4.8/fs/inode.c#L1631 ] -> ",
    "isTrue": "-",
    "atk_reason": "",
    "defense": ""
  },
  {
    "id": "15",
    "risky": "ptr-read",
    "acc_path": "inode->i_op",
    "src": "https://gitlab.flux.utah.edu/xcap/xcap-capability-linux/-/blob/llvm_v4.8/fs/inode.c#L1600",
    "dst": "https://gitlab.flux.utah.edu/xcap/xcap-capability-linux/-/blob/llvm_v4.8/fs/inode.c#L1600",
    "drv caller (param)": "",
    "call path (param)": "",
    "drv_update loc (shared field)": "[ (ffs_sb_make_inode)https://gitlab.flux.utah.edu/xcap/xcap-capability-linux/-/blob/llvm_v4.8/drivers/usb/gadget/function/f_fs.c#L1209 ], ",
    "call path (type)": "",
    "cond_num": "0",
    "isControl": "1",
    "t_trace": "[ INST || DATA_DEF_USE || https://gitlab.flux.utah.edu/xcap/xcap-capability-linux/-/blob/llvm_v4.8/fs/inode.c#L1600 ] -> [ INST || DATA_DEF_USE || https://gitlab.flux.utah.edu/xcap/xcap-capability-linux/-/blob/llvm_v4.8/fs/inode.c#L1600 ] -> ",
    "isTrue": "-",
    "atk_reason": "",
    "defense": ""
  },
  {
    "id": "16",
    "risky": "numeric-arith",
    "acc_path": "inode->i_ino",
    "src": "https://gitlab.flux.utah.edu/xcap/xcap-capability-linux/-/blob/llvm_v4.8/fs/inode.c#L1353",
    "dst": "https://gitlab.flux.utah.edu/xcap/xcap-capability-linux/-/blob/llvm_v4.8/fs/inode.c#L454",
    "drv caller (param)": "",
    "call path (param)": "",
    "drv_update loc (shared field)": "[ (ffs_sb_make_inode)https://gitlab.flux.utah.edu/xcap/xcap-capability-linux/-/blob/llvm_v4.8/drivers/usb/gadget/function/f_fs.c#L1198 ], ",
    "call path (type)": "",
    "cond_num": "0",
    "isControl": "1",
    "t_trace": "[ INST || DATA_DEF_USE || https://gitlab.flux.utah.edu/xcap/xcap-capability-linux/-/blob/llvm_v4.8/fs/inode.c#L1353 ] -> [ INST || UNKNOWN Edge Type || https://gitlab.flux.utah.edu/xcap/xcap-capability-linux/-/blob/llvm_v4.8/fs/inode.c#L1354 ] -> [ ACTUAL_IN || PARAMETER_INlong unsigned int ] -> [ FORMAL_IN || PARAMETER_INhashval ] -> [ INST || PARAMETER_IN || https://gitlab.flux.utah.edu/xcap/xcap-capability-linux/-/blob/llvm_v4.8/fs/inode.c#L454 ] -> ",
    "isTrue": "-",
    "atk_reason": "",
    "defense": ""
  },
  {
    "id": "17",
    "risky": "ptr-read",
    "acc_path": "inode->i_private",
    "src": "https://gitlab.flux.utah.edu/xcap/xcap-capability-linux/-/blob/llvm_v4.8/fs/libfs.c#L289",
    "dst": "https://gitlab.flux.utah.edu/xcap/xcap-capability-linux/-/blob/llvm_v4.8/fs/libfs.c#L289",
    "drv caller (param)": "",
    "call path (param)": "",
    "drv_update loc (shared field)": "[ (ffs_sb_make_inode)https://gitlab.flux.utah.edu/xcap/xcap-capability-linux/-/blob/llvm_v4.8/drivers/usb/gadget/function/f_fs.c#L1205 ], ",
    "call path (type)": "",
    "cond_num": "0",
    "isControl": "1",
    "t_trace": "",
    "isTrue": "-",
    "atk_reason": "",
    "defense": ""
  }
]
[
  {
    "struct name": "spinlock",
    "No.fields": 1,
    "No.classified fields": 0
  }
]
[
  {
    "struct name": "config_group",
    "No.fields": 5,
    "No.classified fields": 0
  }
]
[
  {
    "struct name": "config_item",
    "No.fields": 8,
    "No.classified fields": 0
  }
]
[
  {
    "struct name": "work_struct",
    "No.fields": 3,
    "No.classified fields": 1,
    "FUNC_PTR": 1
  }
]
[
  {
    "struct name": "workqueue_struct",
    "No.fields": 21,
    "No.classified fields": 0
  }
]
[
  {
    "struct name": "completion",
    "No.fields": 2,
    "No.classified fields": 1,
    "NUM_ARITH": 1
  },
  {
    "id": "19",
    "risky": "numeric-arith",
    "acc_path": "completion->done",
    "src": "https://gitlab.flux.utah.edu/xcap/xcap-capability-linux/-/blob/llvm_v4.8/kernel/sched/completion.c#L54",
    "dst": "https://gitlab.flux.utah.edu/xcap/xcap-capability-linux/-/blob/llvm_v4.8/kernel/sched/completion.c#L54",
    "drv caller (param)": "[ ffs_ep0_complete | https://gitlab.flux.utah.edu/xcap/xcap-capability-linux/-/blob/llvm_v4.8/drivers/usb/gadget/function/f_fs.c#L214 ], ",
    "call path (param)": " [ffs_ep0_complete->complete_all] ",
    "drv_update loc (shared field)": "[ (ffs_epfile_io)https://gitlab.flux.utah.edu/xcap/xcap-capability-linux/-/blob/llvm_v4.8/drivers/usb/gadget/function/f_fs.c#L898 ], [ (ffs_epfile_io)https://gitlab.flux.utah.edu/xcap/xcap-capability-linux/-/blob/llvm_v4.8/drivers/usb/gadget/function/f_fs.c#L898 ], ",
    "call path (type)": " [complete_all] ",
    "cond_num": "0",
    "isControl": "1",
    "t_trace": "[ INST || DATA_DEF_USE || https://gitlab.flux.utah.edu/xcap/xcap-capability-linux/-/blob/llvm_v4.8/kernel/sched/completion.c#L54 ] -> ",
    "isTrue": "-",
    "atk_reason": "",
    "defense": ""
  }
]
[
  {
    "struct name": "thread_info",
    "No.fields": 4,
    "No.classified fields": 0
  }
]
[
  {
    "struct name": "timespec",
    "No.fields": 2,
    "No.classified fields": 2,
    "NUM_ARITH": 2,
    "CONTROL_SENB_RANCH": 1
  },
  {
    "id": "20",
    "risky": "numeric-arith",
    "acc_path": "timespec->tv_sec",
    "src": "https://gitlab.flux.utah.edu/xcap/xcap-capability-linux/-/blob/llvm_v4.8/kernel/time/timekeeping.c#L105",
    "dst": "https://gitlab.flux.utah.edu/xcap/xcap-capability-linux/-/blob/llvm_v4.8/kernel/time/timekeeping.c#L105",
    "drv caller (param)": "",
    "call path (param)": "",
    "drv_update loc (shared field)": "[ (ffs_sb_make_inode)https://gitlab.flux.utah.edu/xcap/xcap-capability-linux/-/blob/llvm_v4.8/drivers/usb/gadget/function/f_fs.c#L1196 ], ",
    "call path (type)": "",
    "cond_num": "0",
    "isControl": "1",
    "t_trace": "[ INST || DATA_DEF_USE || https://gitlab.flux.utah.edu/xcap/xcap-capability-linux/-/blob/llvm_v4.8/kernel/time/timekeeping.c#L105 ] -> ",
    "isTrue": "-",
    "atk_reason": "",
    "defense": ""
  },
  {
    "id": "20",
    "risky": "val-sen-branch (memcpy)",
    "acc_path": "timespec->tv_sec",
    "src": "https://gitlab.flux.utah.edu/xcap/xcap-capability-linux/-/blob/llvm_v4.8/kernel/time/timekeeping.c#L1723",
    "dst": "https://gitlab.flux.utah.edu/xcap/xcap-capability-linux/-/blob/llvm_v4.8/kernel/time/timekeeping.c#L1723",
    "drv_update loc (shared field)": "[ (ffs_sb_make_inode)https://gitlab.flux.utah.edu/xcap/xcap-capability-linux/-/blob/llvm_v4.8/drivers/usb/gadget/function/f_fs.c#L1196 ], ",
    "call path (type)": "",
    "cond_num": "1",
    "isControl": "0"
  },
  {
    "id": "21",
    "risky": "numeric-arith",
    "acc_path": "timespec->tv_nsec",
    "src": "https://gitlab.flux.utah.edu/xcap/xcap-capability-linux/-/blob/llvm_v4.8/./include/linux/time.h#L274",
    "dst": "https://gitlab.flux.utah.edu/xcap/xcap-capability-linux/-/blob/llvm_v4.8/./include/linux/time.h#L274",
    "drv caller (param)": "",
    "call path (param)": "",
    "drv_update loc (shared field)": "[ (ffs_sb_make_inode)https://gitlab.flux.utah.edu/xcap/xcap-capability-linux/-/blob/llvm_v4.8/drivers/usb/gadget/function/f_fs.c#L1196 ], ",
    "call path (type)": "",
    "cond_num": "0",
    "isControl": "1",
    "t_trace": "[ INST || DATA_DEF_USE || https://gitlab.flux.utah.edu/xcap/xcap-capability-linux/-/blob/llvm_v4.8/./include/linux/time.h#L274 ] -> ",
    "isTrue": "-",
    "atk_reason": "",
    "defense": ""
  }
]
[
  {
    "struct name": "task_struct",
    "No.fields": 155,
    "No.classified fields": 1,
    "NUM_ARITH": 1,
    "CONTROL_SENB_RANCH": 1
  },
  {
    "id": "22",
    "risky": "val-sen-branch (memcpy)",
    "acc_path": "task_struct->state",
    "src": "https://gitlab.flux.utah.edu/xcap/xcap-capability-linux/-/blob/llvm_v4.8/kernel/sched/core.c#L2011",
    "dst": "https://gitlab.flux.utah.edu/xcap/xcap-capability-linux/-/blob/llvm_v4.8/kernel/sched/core.c#L2011",
    "drv caller (param)": "",
    "call path (param)": "",
    "drv_update loc (shared field)": "[ (ffs_ep0_read)https://gitlab.flux.utah.edu/xcap/xcap-capability-linux/-/blob/llvm_v4.8/drivers/usb/gadget/function/f_fs.c#L489 ], ",
    "call path (type)": " [kill_litter_super->kill_anon_super->generic_shutdown_super->destroy_workqueue->put_pwq_unlocked->put_pwq->schedule_work.441->queue_work.442->queue_work_on->__queue_work->insert_work->wake_up_worker->wake_up_process->try_to_wake_up] ",
    "cond_num": "0",
    "isControl": "1",
    "t_trace": "[ INST || DATA_DEF_USE || https://gitlab.flux.utah.edu/xcap/xcap-capability-linux/-/blob/llvm_v4.8/kernel/sched/core.c#L2011 ] -> [ INST || DATA_DEF_USE || https://gitlab.flux.utah.edu/xcap/xcap-capability-linux/-/blob/llvm_v4.8/kernel/sched/core.c#L2011 ] -> ",
    "isTrue": "-",
    "atk_reason": "",
    "defense": ""
  },
  {
    "id": "22",
    "risky": "numeric-arith",
    "acc_path": "task_struct->state",
    "src": "https://gitlab.flux.utah.edu/xcap/xcap-capability-linux/-/blob/llvm_v4.8/kernel/sched/core.c#L2075",
    "dst": "https://gitlab.flux.utah.edu/xcap/xcap-capability-linux/-/blob/llvm_v4.8/kernel/sched/core.c#L2075",
    "drv caller (param)": "",
    "call path (param)": "",
    "drv_update loc (shared field)": "[ (ffs_ep0_read)https://gitlab.flux.utah.edu/xcap/xcap-capability-linux/-/blob/llvm_v4.8/drivers/usb/gadget/function/f_fs.c#L489 ], ",
    "call path (type)": " [kill_litter_super->kill_anon_super->generic_shutdown_super->destroy_workqueue->put_pwq_unlocked->put_pwq->schedule_work.441->queue_work.442->queue_work_on->__queue_work->insert_work->wake_up_worker->wake_up_process->try_to_wake_up] ",
    "cond_num": "0",
    "isControl": "1",
    "t_trace": "[ INST || DATA_DEF_USE || https://gitlab.flux.utah.edu/xcap/xcap-capability-linux/-/blob/llvm_v4.8/kernel/sched/core.c#L2075 ] -> [ INST || DATA_DEF_USE || https://gitlab.flux.utah.edu/xcap/xcap-capability-linux/-/blob/llvm_v4.8/kernel/sched/core.c#L2075 ] -> [ INST || DATA_DEF_USE || https://gitlab.flux.utah.edu/xcap/xcap-capability-linux/-/blob/llvm_v4.8/kernel/sched/core.c#L2075 ] -> [ INST || DATA_DEF_USE || https://gitlab.flux.utah.edu/xcap/xcap-capability-linux/-/blob/llvm_v4.8/kernel/sched/core.c#L0 ] -> [ INST || DATA_DEF_USE || https://gitlab.flux.utah.edu/xcap/xcap-capability-linux/-/blob/llvm_v4.8/kernel/sched/core.c#L2075 ] -> [ INST || DATA_DEF_USE || https://gitlab.flux.utah.edu/xcap/xcap-capability-linux/-/blob/llvm_v4.8/kernel/sched/core.c#L2075 ] -> [ INST || DATA_DEF_USE || https://gitlab.flux.utah.edu/xcap/xcap-capability-linux/-/blob/llvm_v4.8/kernel/sched/core.c#L2075 ] -> [ INST || DATA_DEF_USE || https://gitlab.flux.utah.edu/xcap/xcap-capability-linux/-/blob/llvm_v4.8/kernel/sched/core.c#L2075 ] -> [ INST || DATA_DEF_USE || https://gitlab.flux.utah.edu/xcap/xcap-capability-linux/-/blob/llvm_v4.8/kernel/sched/core.c#L2075 ] -> ",
    "isTrue": "-",
    "atk_reason": "",
    "defense": ""
  }
]
[
  {
    "struct name": "iov_iter",
    "No.fields": 5,
    "No.classified fields": 0
  }
]
[
  {
    "struct name": "mm_struct",
    "No.fields": 52,
    "No.classified fields": 0
  }
]
[
  {
    "struct name": "kmem_cache",
    "No.fields": 24,
    "No.classified fields": 0
  }
]
[
  {
    "struct name": "list_head",
    "No.fields": 2,
    "No.classified fields": 2,
    "PTR_READ": 2,
    "PTR_WRITE": 2,
    "PTR_BUFFER": 2,
    "PTR_ARITH_BASE": 2,
    "CONTROL_SENB_RANCH": 2,
    "SEN_API": 2
  },
  {
    "id": "23",
    "risky": "ptr-read",
    "acc_path": "list_head->next",
    "src": "https://gitlab.flux.utah.edu/xcap/xcap-capability-linux/-/blob/llvm_v4.8/kernel/workqueue.c#L2328",
    "dst": "https://gitlab.flux.utah.edu/xcap/xcap-capability-linux/-/blob/llvm_v4.8/./include/linux/list.h#L102",
    "drv_update loc (shared field)": "",
    "call path (type)": " [kill_litter_super->kill_anon_super->generic_shutdown_super->destroy_workqueue->drain_workqueue->flush_workqueue->list_del_init.440->__list_del_entry.443] ",
    "cond_num": "4",
    "isControl": "0"
  },
  {
    "id": "23",
    "risky": "ptr-write",
    "acc_path": "list_head->next",
    "src": "https://gitlab.flux.utah.edu/xcap/xcap-capability-linux/-/blob/llvm_v4.8/kernel/workqueue.c#L2328",
    "dst": "https://gitlab.flux.utah.edu/xcap/xcap-capability-linux/-/blob/llvm_v4.8/kernel/workqueue.c#L1028 |   %8 = alloca %struct.list_head*, align 8",
    "drv_update loc (shared field)": "",
    "call path (type)": "",
    "cond_num": "3",
    "isControl": "0"
  },
  {
    "id": "23",
    "risky": "ptr-array",
    "acc_path": "list_head->next",
    "src": "https://gitlab.flux.utah.edu/xcap/xcap-capability-linux/-/blob/llvm_v4.8/kernel/workqueue.c#L2328",
    "dst": "https://gitlab.flux.utah.edu/xcap/xcap-capability-linux/-/blob/llvm_v4.8/kernel/workqueue.c#L1037",
    "drv_update loc (shared field)": "",
    "call path (type)": "",
    "cond_num": "3",
    "isControl": "0"
  },
  {
    "id": "23",
    "risky": "ptr-arith",
    "acc_path": "list_head->next",
    "src": "https://gitlab.flux.utah.edu/xcap/xcap-capability-linux/-/blob/llvm_v4.8/kernel/workqueue.c#L2328",
    "dst": "https://gitlab.flux.utah.edu/xcap/xcap-capability-linux/-/blob/llvm_v4.8/kernel/workqueue.c#L1037",
    "drv_update loc (shared field)": "",
    "call path (type)": "",
    "cond_num": "3",
    "isControl": "0"
  },
  {
    "id": "23",
    "risky": "ptr-sen-api (memcpy)",
    "acc_path": "list_head->next",
    "src": "https://gitlab.flux.utah.edu/xcap/xcap-capability-linux/-/blob/llvm_v4.8/kernel/workqueue.c#L2328",
    "dst": "https://gitlab.flux.utah.edu/xcap/xcap-capability-linux/-/blob/llvm_v4.8/./include/linux/compiler.h#L252",
    "drv_update loc (shared field)": "",
    "call path (type)": " [kill_litter_super->kill_anon_super->generic_shutdown_super->destroy_workqueue->drain_workqueue->flush_workqueue->list_del_init.440->__list_del_entry.443->__list_del.445] ",
    "cond_num": "5",
    "isControl": "0"
  },
  {
    "id": "23",
    "risky": "ptr-sen-branch (kfree)",
    "acc_path": "list_head->next",
    "src": "https://gitlab.flux.utah.edu/xcap/xcap-capability-linux/-/blob/llvm_v4.8/kernel/workqueue.c#L4832",
    "dst": "https://gitlab.flux.utah.edu/xcap/xcap-capability-linux/-/blob/llvm_v4.8/kernel/workqueue.c#L3098",
    "drv_update loc (shared field)": "",
    "call path (type)": "",
    "cond_num": "8",
    "isControl": "0"
  },
  {
    "id": "24",
    "risky": "ptr-write",
    "acc_path": "list_head->prev",
    "src": "https://gitlab.flux.utah.edu/xcap/xcap-capability-linux/-/blob/llvm_v4.8/./include/linux/list.h#L340",
    "dst": "https://gitlab.flux.utah.edu/xcap/xcap-capability-linux/-/blob/llvm_v4.8/./include/linux/list.h#L281",
    "drv caller (param)": "",
    "call path (param)": "",
    "drv_update loc (shared field)": "[ (ffs_ep0_read)https://gitlab.flux.utah.edu/xcap/xcap-capability-linux/-/blob/llvm_v4.8/drivers/usb/gadget/function/f_fs.c#L489 ], [ (ffs_ep0_read)https://gitlab.flux.utah.edu/xcap/xcap-capability-linux/-/blob/llvm_v4.8/drivers/usb/gadget/function/f_fs.c#L489 ], [ (ffs_epfile_io)https://gitlab.flux.utah.edu/xcap/xcap-capability-linux/-/blob/llvm_v4.8/drivers/usb/gadget/function/f_fs.c#L898 ], [ (INIT_LIST_HEAD)https://gitlab.flux.utah.edu/xcap/xcap-capability-linux/-/blob/llvm_v4.8/./include/linux/list.h#L25 |   %7 = alloca %struct.list_head*, align 8 ], [ (_ffs_do_find_dev)https://gitlab.flux.utah.edu/xcap/xcap-capability-linux/-/blob/llvm_v4.8/drivers/usb/gadget/function/f_fs.c#L3170 |   %5 = alloca %struct.list_head*, align 8 ], [ (ffs_epfile_io)https://gitlab.flux.utah.edu/xcap/xcap-capability-linux/-/blob/llvm_v4.8/drivers/usb/gadget/function/f_fs.c#L898 ], [ (list_empty)https://gitlab.flux.utah.edu/xcap/xcap-capability-linux/-/blob/llvm_v4.8/./include/linux/list.h#L187 |   %7 = alloca %struct.list_head*, align 8 ], [ (__list_add)https://gitlab.flux.utah.edu/xcap/xcap-capability-linux/-/blob/llvm_v4.8/./include/linux/list.h#L38 |   %11 = alloca %struct.list_head*, align 8 ], [ (_ffs_get_single_dev)https://gitlab.flux.utah.edu/xcap/xcap-capability-linux/-/blob/llvm_v4.8/drivers/usb/gadget/function/f_fs.c#L3187 |   %3 = alloca %struct.list_head*, align 8 ], [ (_ffs_do_find_dev)https://gitlab.flux.utah.edu/xcap/xcap-capability-linux/-/blob/llvm_v4.8/drivers/usb/gadget/function/f_fs.c#L3170 |   %7 = alloca %struct.list_head*, align 8 ], [ (__list_del)https://gitlab.flux.utah.edu/xcap/xcap-capability-linux/-/blob/llvm_v4.8/./include/linux/list.h#L87 |   %9 = alloca %struct.list_head*, align 8 ], ",
    "call path (type)": " [kill_litter_super->kill_anon_super->generic_shutdown_super->destroy_workqueue->drain_workqueue->flush_workqueue->list_splice_tail_init->__list_splice] ",
    "cond_num": "0",
    "isControl": "1",
    "t_trace": "[ INST || DATA_DEF_USE || https://gitlab.flux.utah.edu/xcap/xcap-capability-linux/-/blob/llvm_v4.8/./include/linux/list.h#L340 ] -> [ ACTUAL_IN || PARAMETER_IN ] -> [ FORMAL_IN || PARAMETER_INprev ] -> [ INST || PARAMETER_IN || https://gitlab.flux.utah.edu/xcap/xcap-capability-linux/-/blob/llvm_v4.8/./include/linux/list.h#L281 ] -> [ INST || DATA_ST || https://gitlab.flux.utah.edu/xcap/xcap-capability-linux/-/blob/llvm_v4.8/./include/linux/list.h#L281 ] -> ",
    "isTrue": "-",
    "atk_reason": "",
    "defense": ""
  },
  {
    "id": "24",
    "risky": "ptr-read",
    "acc_path": "list_head->prev",
    "src": "https://gitlab.flux.utah.edu/xcap/xcap-capability-linux/-/blob/llvm_v4.8/./include/linux/list.h#L340",
    "dst": "https://gitlab.flux.utah.edu/xcap/xcap-capability-linux/-/blob/llvm_v4.8/./include/linux/list.h#L340",
    "drv caller (param)": "",
    "call path (param)": "",
    "drv_update loc (shared field)": "[ (ffs_ep0_read)https://gitlab.flux.utah.edu/xcap/xcap-capability-linux/-/blob/llvm_v4.8/drivers/usb/gadget/function/f_fs.c#L489 ], [ (ffs_ep0_read)https://gitlab.flux.utah.edu/xcap/xcap-capability-linux/-/blob/llvm_v4.8/drivers/usb/gadget/function/f_fs.c#L489 ], [ (ffs_epfile_io)https://gitlab.flux.utah.edu/xcap/xcap-capability-linux/-/blob/llvm_v4.8/drivers/usb/gadget/function/f_fs.c#L898 ], [ (INIT_LIST_HEAD)https://gitlab.flux.utah.edu/xcap/xcap-capability-linux/-/blob/llvm_v4.8/./include/linux/list.h#L25 |   %7 = alloca %struct.list_head*, align 8 ], [ (_ffs_do_find_dev)https://gitlab.flux.utah.edu/xcap/xcap-capability-linux/-/blob/llvm_v4.8/drivers/usb/gadget/function/f_fs.c#L3170 |   %5 = alloca %struct.list_head*, align 8 ], [ (ffs_epfile_io)https://gitlab.flux.utah.edu/xcap/xcap-capability-linux/-/blob/llvm_v4.8/drivers/usb/gadget/function/f_fs.c#L898 ], [ (list_empty)https://gitlab.flux.utah.edu/xcap/xcap-capability-linux/-/blob/llvm_v4.8/./include/linux/list.h#L187 |   %7 = alloca %struct.list_head*, align 8 ], [ (__list_add)https://gitlab.flux.utah.edu/xcap/xcap-capability-linux/-/blob/llvm_v4.8/./include/linux/list.h#L38 |   %11 = alloca %struct.list_head*, align 8 ], [ (_ffs_get_single_dev)https://gitlab.flux.utah.edu/xcap/xcap-capability-linux/-/blob/llvm_v4.8/drivers/usb/gadget/function/f_fs.c#L3187 |   %3 = alloca %struct.list_head*, align 8 ], [ (_ffs_do_find_dev)https://gitlab.flux.utah.edu/xcap/xcap-capability-linux/-/blob/llvm_v4.8/drivers/usb/gadget/function/f_fs.c#L3170 |   %7 = alloca %struct.list_head*, align 8 ], [ (__list_del)https://gitlab.flux.utah.edu/xcap/xcap-capability-linux/-/blob/llvm_v4.8/./include/linux/list.h#L87 |   %9 = alloca %struct.list_head*, align 8 ], ",
    "call path (type)": " [kill_litter_super->kill_anon_super->generic_shutdown_super->destroy_workqueue->drain_workqueue->flush_workqueue->list_splice_tail_init] ",
    "cond_num": "0",
    "isControl": "1",
    "t_trace": "",
    "isTrue": "-",
    "atk_reason": "",
    "defense": ""
  },
  {
    "id": "24",
    "risky": "ptr-sen-api (memcpy)",
    "acc_path": "list_head->prev",
    "src": "https://gitlab.flux.utah.edu/xcap/xcap-capability-linux/-/blob/llvm_v4.8/fs/dcache.c#L945",
    "dst": "https://gitlab.flux.utah.edu/xcap/xcap-capability-linux/-/blob/llvm_v4.8/./include/linux/compiler.h#L220",
    "drv caller (param)": "",
    "call path (param)": "",
    "drv_update loc (shared field)": "[ (ffs_ep0_read)https://gitlab.flux.utah.edu/xcap/xcap-capability-linux/-/blob/llvm_v4.8/drivers/usb/gadget/function/f_fs.c#L489 ], [ (ffs_ep0_read)https://gitlab.flux.utah.edu/xcap/xcap-capability-linux/-/blob/llvm_v4.8/drivers/usb/gadget/function/f_fs.c#L489 ], [ (ffs_epfile_io)https://gitlab.flux.utah.edu/xcap/xcap-capability-linux/-/blob/llvm_v4.8/drivers/usb/gadget/function/f_fs.c#L898 ], [ (INIT_LIST_HEAD)https://gitlab.flux.utah.edu/xcap/xcap-capability-linux/-/blob/llvm_v4.8/./include/linux/list.h#L25 |   %7 = alloca %struct.list_head*, align 8 ], [ (_ffs_do_find_dev)https://gitlab.flux.utah.edu/xcap/xcap-capability-linux/-/blob/llvm_v4.8/drivers/usb/gadget/function/f_fs.c#L3170 |   %5 = alloca %struct.list_head*, align 8 ], [ (ffs_epfile_io)https://gitlab.flux.utah.edu/xcap/xcap-capability-linux/-/blob/llvm_v4.8/drivers/usb/gadget/function/f_fs.c#L898 ], [ (list_empty)https://gitlab.flux.utah.edu/xcap/xcap-capability-linux/-/blob/llvm_v4.8/./include/linux/list.h#L187 |   %7 = alloca %struct.list_head*, align 8 ], [ (__list_add)https://gitlab.flux.utah.edu/xcap/xcap-capability-linux/-/blob/llvm_v4.8/./include/linux/list.h#L38 |   %11 = alloca %struct.list_head*, align 8 ], [ (_ffs_get_single_dev)https://gitlab.flux.utah.edu/xcap/xcap-capability-linux/-/blob/llvm_v4.8/drivers/usb/gadget/function/f_fs.c#L3187 |   %3 = alloca %struct.list_head*, align 8 ], [ (_ffs_do_find_dev)https://gitlab.flux.utah.edu/xcap/xcap-capability-linux/-/blob/llvm_v4.8/drivers/usb/gadget/function/f_fs.c#L3170 |   %7 = alloca %struct.list_head*, align 8 ], [ (__list_del)https://gitlab.flux.utah.edu/xcap/xcap-capability-linux/-/blob/llvm_v4.8/./include/linux/list.h#L87 |   %9 = alloca %struct.list_head*, align 8 ], ",
    "call path (type)": " [d_delete->dentry_unlink_inode->iput->iput_final->evict->destroy_inode->__destroy_inode->atomic_long_read.168->atomic64_read.169] ",
    "cond_num": "43",
    "isControl": "0"
  },
  {
    "id": "24",
    "risky": "ptr-array",
    "acc_path": "list_head->prev",
    "src": "https://gitlab.flux.utah.edu/xcap/xcap-capability-linux/-/blob/llvm_v4.8/fs/dcache.c#L945",
    "dst": "https://gitlab.flux.utah.edu/xcap/xcap-capability-linux/-/blob/llvm_v4.8/fs/dcache.c#L258",
    "drv caller (param)": "",
    "call path (param)": "",
    "drv_update loc (shared field)": "[ (ffs_ep0_read)https://gitlab.flux.utah.edu/xcap/xcap-capability-linux/-/blob/llvm_v4.8/drivers/usb/gadget/function/f_fs.c#L489 ], [ (ffs_ep0_read)https://gitlab.flux.utah.edu/xcap/xcap-capability-linux/-/blob/llvm_v4.8/drivers/usb/gadget/function/f_fs.c#L489 ], [ (ffs_epfile_io)https://gitlab.flux.utah.edu/xcap/xcap-capability-linux/-/blob/llvm_v4.8/drivers/usb/gadget/function/f_fs.c#L898 ], [ (INIT_LIST_HEAD)https://gitlab.flux.utah.edu/xcap/xcap-capability-linux/-/blob/llvm_v4.8/./include/linux/list.h#L25 |   %7 = alloca %struct.list_head*, align 8 ], [ (_ffs_do_find_dev)https://gitlab.flux.utah.edu/xcap/xcap-capability-linux/-/blob/llvm_v4.8/drivers/usb/gadget/function/f_fs.c#L3170 |   %5 = alloca %struct.list_head*, align 8 ], [ (ffs_epfile_io)https://gitlab.flux.utah.edu/xcap/xcap-capability-linux/-/blob/llvm_v4.8/drivers/usb/gadget/function/f_fs.c#L898 ], [ (list_empty)https://gitlab.flux.utah.edu/xcap/xcap-capability-linux/-/blob/llvm_v4.8/./include/linux/list.h#L187 |   %7 = alloca %struct.list_head*, align 8 ], [ (__list_add)https://gitlab.flux.utah.edu/xcap/xcap-capability-linux/-/blob/llvm_v4.8/./include/linux/list.h#L38 |   %11 = alloca %struct.list_head*, align 8 ], [ (_ffs_get_single_dev)https://gitlab.flux.utah.edu/xcap/xcap-capability-linux/-/blob/llvm_v4.8/drivers/usb/gadget/function/f_fs.c#L3187 |   %3 = alloca %struct.list_head*, align 8 ], [ (_ffs_do_find_dev)https://gitlab.flux.utah.edu/xcap/xcap-capability-linux/-/blob/llvm_v4.8/drivers/usb/gadget/function/f_fs.c#L3170 |   %7 = alloca %struct.list_head*, align 8 ], [ (__list_del)https://gitlab.flux.utah.edu/xcap/xcap-capability-linux/-/blob/llvm_v4.8/./include/linux/list.h#L87 |   %9 = alloca %struct.list_head*, align 8 ], ",
    "call path (type)": " [d_make_root->__d_alloc->external_name] ",
    "cond_num": "7",
    "isControl": "0"
  },
  {
    "id": "24",
    "risky": "ptr-arith",
    "acc_path": "list_head->prev",
    "src": "https://gitlab.flux.utah.edu/xcap/xcap-capability-linux/-/blob/llvm_v4.8/fs/dcache.c#L945",
    "dst": "https://gitlab.flux.utah.edu/xcap/xcap-capability-linux/-/blob/llvm_v4.8/fs/dcache.c#L258",
    "drv caller (param)": "",
    "call path (param)": "",
    "drv_update loc (shared field)": "[ (ffs_ep0_read)https://gitlab.flux.utah.edu/xcap/xcap-capability-linux/-/blob/llvm_v4.8/drivers/usb/gadget/function/f_fs.c#L489 ], [ (ffs_ep0_read)https://gitlab.flux.utah.edu/xcap/xcap-capability-linux/-/blob/llvm_v4.8/drivers/usb/gadget/function/f_fs.c#L489 ], [ (ffs_epfile_io)https://gitlab.flux.utah.edu/xcap/xcap-capability-linux/-/blob/llvm_v4.8/drivers/usb/gadget/function/f_fs.c#L898 ], [ (INIT_LIST_HEAD)https://gitlab.flux.utah.edu/xcap/xcap-capability-linux/-/blob/llvm_v4.8/./include/linux/list.h#L25 |   %7 = alloca %struct.list_head*, align 8 ], [ (_ffs_do_find_dev)https://gitlab.flux.utah.edu/xcap/xcap-capability-linux/-/blob/llvm_v4.8/drivers/usb/gadget/function/f_fs.c#L3170 |   %5 = alloca %struct.list_head*, align 8 ], [ (ffs_epfile_io)https://gitlab.flux.utah.edu/xcap/xcap-capability-linux/-/blob/llvm_v4.8/drivers/usb/gadget/function/f_fs.c#L898 ], [ (list_empty)https://gitlab.flux.utah.edu/xcap/xcap-capability-linux/-/blob/llvm_v4.8/./include/linux/list.h#L187 |   %7 = alloca %struct.list_head*, align 8 ], [ (__list_add)https://gitlab.flux.utah.edu/xcap/xcap-capability-linux/-/blob/llvm_v4.8/./include/linux/list.h#L38 |   %11 = alloca %struct.list_head*, align 8 ], [ (_ffs_get_single_dev)https://gitlab.flux.utah.edu/xcap/xcap-capability-linux/-/blob/llvm_v4.8/drivers/usb/gadget/function/f_fs.c#L3187 |   %3 = alloca %struct.list_head*, align 8 ], [ (_ffs_do_find_dev)https://gitlab.flux.utah.edu/xcap/xcap-capability-linux/-/blob/llvm_v4.8/drivers/usb/gadget/function/f_fs.c#L3170 |   %7 = alloca %struct.list_head*, align 8 ], [ (__list_del)https://gitlab.flux.utah.edu/xcap/xcap-capability-linux/-/blob/llvm_v4.8/./include/linux/list.h#L87 |   %9 = alloca %struct.list_head*, align 8 ], ",
    "call path (type)": " [d_make_root->__d_alloc->external_name] ",
    "cond_num": "7",
    "isControl": "0"
  },
  {
    "id": "24",
    "risky": "ptr-sen-branch (memcpy)",
    "acc_path": "list_head->prev",
    "src": "https://gitlab.flux.utah.edu/xcap/xcap-capability-linux/-/blob/llvm_v4.8/fs/dcache.c#L945",
    "dst": "https://gitlab.flux.utah.edu/xcap/xcap-capability-linux/-/blob/llvm_v4.8/fs/inode.c#L415",
    "drv caller (param)": "",
    "call path (param)": "",
    "drv_update loc (shared field)": "[ (ffs_ep0_read)https://gitlab.flux.utah.edu/xcap/xcap-capability-linux/-/blob/llvm_v4.8/drivers/usb/gadget/function/f_fs.c#L489 ], [ (ffs_ep0_read)https://gitlab.flux.utah.edu/xcap/xcap-capability-linux/-/blob/llvm_v4.8/drivers/usb/gadget/function/f_fs.c#L489 ], [ (ffs_epfile_io)https://gitlab.flux.utah.edu/xcap/xcap-capability-linux/-/blob/llvm_v4.8/drivers/usb/gadget/function/f_fs.c#L898 ], [ (INIT_LIST_HEAD)https://gitlab.flux.utah.edu/xcap/xcap-capability-linux/-/blob/llvm_v4.8/./include/linux/list.h#L25 |   %7 = alloca %struct.list_head*, align 8 ], [ (_ffs_do_find_dev)https://gitlab.flux.utah.edu/xcap/xcap-capability-linux/-/blob/llvm_v4.8/drivers/usb/gadget/function/f_fs.c#L3170 |   %5 = alloca %struct.list_head*, align 8 ], [ (ffs_epfile_io)https://gitlab.flux.utah.edu/xcap/xcap-capability-linux/-/blob/llvm_v4.8/drivers/usb/gadget/function/f_fs.c#L898 ], [ (list_empty)https://gitlab.flux.utah.edu/xcap/xcap-capability-linux/-/blob/llvm_v4.8/./include/linux/list.h#L187 |   %7 = alloca %struct.list_head*, align 8 ], [ (__list_add)https://gitlab.flux.utah.edu/xcap/xcap-capability-linux/-/blob/llvm_v4.8/./include/linux/list.h#L38 |   %11 = alloca %struct.list_head*, align 8 ], [ (_ffs_get_single_dev)https://gitlab.flux.utah.edu/xcap/xcap-capability-linux/-/blob/llvm_v4.8/drivers/usb/gadget/function/f_fs.c#L3187 |   %3 = alloca %struct.list_head*, align 8 ], [ (_ffs_do_find_dev)https://gitlab.flux.utah.edu/xcap/xcap-capability-linux/-/blob/llvm_v4.8/drivers/usb/gadget/function/f_fs.c#L3170 |   %7 = alloca %struct.list_head*, align 8 ], [ (__list_del)https://gitlab.flux.utah.edu/xcap/xcap-capability-linux/-/blob/llvm_v4.8/./include/linux/list.h#L87 |   %9 = alloca %struct.list_head*, align 8 ], ",
    "call path (type)": " [d_delete->dentry_unlink_inode->iput->iput_final->inode_add_lru] ",
    "cond_num": "30",
    "isControl": "0"
  }
]
