[
  {
    "struct name": "device_node",
    "No.fields": 13,
    "No.classified fields": 0
  }
]
[
  {
    "struct name": "property",
    "No.fields": 7,
    "No.classified fields": 0
  }
]
[
  {
    "struct name": "i2c_device_id",
    "No.fields": 2,
    "No.classified fields": 0
  }
]
[
  {
    "struct name": "i2c_client",
    "No.fields": 7,
    "No.classified fields": 0
  }
]
[
  {
    "struct name": "static_key",
    "No.fields": 3,
    "No.classified fields": 0
  }
]
[
  {
    "struct name": "device",
    "No.fields": 35,
    "No.classified fields": 0
  }
]
[
  {
    "struct name": "snd_soc_dapm_context",
    "No.fields": 14,
    "No.classified fields": 0
  }
]
[
  {
    "struct name": "snd_soc_dapm_widget",
    "No.fields": 39,
    "No.classified fields": 0
  }
]
[
  {
    "struct name": "snd_soc_codec",
    "No.fields": 12,
    "No.classified fields": 0
  }
]
[
  {
    "struct name": "snd_soc_dai",
    "No.fields": 23,
    "No.classified fields": 0
  }
]
[
  {
    "struct name": "snd_soc_component",
    "No.fields": 34,
    "No.classified fields": 0
  }
]
[
  {
    "struct name": "snd_mask",
    "No.fields": 1,
    "No.classified fields": 0
  }
]
[
  {
    "struct name": "snd_pcm_hw_params",
    "No.fields": 13,
    "No.classified fields": 0
  }
]
[
  {
    "struct name": "snd_kcontrol",
    "No.fields": 11,
    "No.classified fields": 0
  }
]
[
  {
    "struct name": "snd_pcm_substream",
    "No.fields": 25,
    "No.classified fields": 0
  }
]
[
  {
    "struct name": "rl6231_pll_code",
    "No.fields": 4,
    "No.classified fields": 0
  }
]
[
  {
    "struct name": "regmap",
    "No.fields": 0,
    "No.classified fields": 0
  }
]
[
  {
    "struct name": "clk",
    "No.fields": 0,
    "No.classified fields": 0
  }
]
