[
  {
    "struct name": "dimm_info",
    "No.fields": 11,
    "No.classified fields": 2,
    "NUM_ARITH": 1,
    "CONTROL_SENB_RANCH": 1,
    "UNCLASSIFY": 1
  },
  {
    "id": "1",
    "risky": "numeric-arith",
    "acc_path": "dimm_info->nr_pages",
    "src": "https://gitlab.flux.utah.edu/xcap/xcap-capability-linux/-/blob/llvm_v4.8/drivers/edac/edac_mc.c#L855",
    "dst": "https://gitlab.flux.utah.edu/xcap/xcap-capability-linux/-/blob/llvm_v4.8/drivers/edac/edac_mc.c#L855",
    "drv_update loc (shared field)": "[ (i5400_init_dimms)https://gitlab.flux.utah.edu/xcap/xcap-capability-linux/-/blob/llvm_v4.8/drivers/edac/i5400_edac.c#L1208 ], ",
    "call path (type)": "",
    "cond_num": "0",
    "isControl": "1",
    "t_trace": "[ INST || DATA_DEF_USE || https://gitlab.flux.utah.edu/xcap/xcap-capability-linux/-/blob/llvm_v4.8/drivers/edac/edac_mc.c#L855 ] -> [ INST || DATA_DEF_USE || https://gitlab.flux.utah.edu/xcap/xcap-capability-linux/-/blob/llvm_v4.8/drivers/edac/edac_mc.c#L855 ] -> [ INST || DATA_ST || https://gitlab.flux.utah.edu/xcap/xcap-capability-linux/-/blob/llvm_v4.8/drivers/edac/edac_mc.c#L842 |   %9 = alloca i32, align 4 ] -> [ INST || DATA_DEF_USE || https://gitlab.flux.utah.edu/xcap/xcap-capability-linux/-/blob/llvm_v4.8/drivers/edac/edac_mc.c#L855 ] -> ",
    "isTrue": "-",
    "atk_reason": "",
    "defense": ""
  },
  {
    "id": "1",
    "risky": "val-sen-branch (strcpy)",
    "acc_path": "dimm_info->nr_pages",
    "src": "https://gitlab.flux.utah.edu/xcap/xcap-capability-linux/-/blob/llvm_v4.8/drivers/edac/edac_mc.c#L1187",
    "dst": "https://gitlab.flux.utah.edu/xcap/xcap-capability-linux/-/blob/llvm_v4.8/drivers/edac/edac_mc.c#L1187",
    "drv_update loc (shared field)": "[ (i5400_init_dimms)https://gitlab.flux.utah.edu/xcap/xcap-capability-linux/-/blob/llvm_v4.8/drivers/edac/i5400_edac.c#L1208 ], ",
    "call path (type)": " [edac_mc_handle_error] ",
    "cond_num": "0",
    "isControl": "1",
    "t_trace": "[ INST || DATA_DEF_USE || https://gitlab.flux.utah.edu/xcap/xcap-capability-linux/-/blob/llvm_v4.8/drivers/edac/edac_mc.c#L1187 ] -> ",
    "isTrue": "-",
    "atk_reason": "",
    "defense": ""
  }
]
[
  {
    "struct name": "mem_ctl_info",
    "No.fields": 44,
    "No.classified fields": 10,
    "PTR_READ": 4,
    "PTR_WRITE": 3,
    "PTR_BUFFER": 2,
    "PTR_ARITH_BASE": 2,
    "ARR_IDX": 1,
    "CONTROL_SENB_RANCH": 2,
    "FUNC_PTR": 2,
    "UNCLASSIFY": 3
  },
  {
    "id": "7",
    "risky": "arr-idx",
    "acc_path": "mem_ctl_info->mc_idx",
    "src": "https://gitlab.flux.utah.edu/xcap/xcap-capability-linux/-/blob/llvm_v4.8/drivers/edac/edac_mc.c#L728",
    "dst": "https://gitlab.flux.utah.edu/xcap/xcap-capability-linux/-/blob/llvm_v4.8/drivers/edac/edac_mc.c#L728",
    "drv caller (param)": "[ i5400_probe1 | https://gitlab.flux.utah.edu/xcap/xcap-capability-linux/-/blob/llvm_v4.8/drivers/edac/i5400_edac.c#L1336 ], ",
    "call path (param)": " [i5400_probe1->edac_mc_add_mc_with_groups] ",
    "drv_update loc (shared field)": "[ (i5400_probe1)https://gitlab.flux.utah.edu/xcap/xcap-capability-linux/-/blob/llvm_v4.8/drivers/edac/i5400_edac.c#L1312 ], ",
    "call path (type)": " [edac_mc_add_mc_with_groups] ",
    "cond_num": "0",
    "isControl": "1",
    "t_trace": "[ INST || DATA_DEF_USE || https://gitlab.flux.utah.edu/xcap/xcap-capability-linux/-/blob/llvm_v4.8/drivers/edac/edac_mc.c#L728 ] -> [ INST || DATA_DEF_USE || https://gitlab.flux.utah.edu/xcap/xcap-capability-linux/-/blob/llvm_v4.8/drivers/edac/edac_mc.c#L728 ] -> ",
    "isTrue": "-",
    "atk_reason": "",
    "defense": ""
  },
  {
    "id": "7",
    "risky": "val-sen-branch (memcpy)",
    "acc_path": "mem_ctl_info->mc_idx",
    "src": "https://gitlab.flux.utah.edu/xcap/xcap-capability-linux/-/blob/llvm_v4.8/drivers/edac/edac_mc.c#L684",
    "dst": "https://gitlab.flux.utah.edu/xcap/xcap-capability-linux/-/blob/llvm_v4.8/drivers/edac/edac_mc.c#L684",
    "drv caller (param)": "[ i5400_probe1 | https://gitlab.flux.utah.edu/xcap/xcap-capability-linux/-/blob/llvm_v4.8/drivers/edac/i5400_edac.c#L1336 ], ",
    "call path (param)": " [i5400_probe1->edac_mc_add_mc_with_groups] ",
    "drv_update loc (shared field)": "[ (i5400_probe1)https://gitlab.flux.utah.edu/xcap/xcap-capability-linux/-/blob/llvm_v4.8/drivers/edac/i5400_edac.c#L1312 ], ",
    "call path (type)": " [edac_mc_add_mc_with_groups] ",
    "cond_num": "0",
    "isControl": "1",
    "t_trace": "[ INST || DATA_DEF_USE || https://gitlab.flux.utah.edu/xcap/xcap-capability-linux/-/blob/llvm_v4.8/drivers/edac/edac_mc.c#L684 ] -> ",
    "isTrue": "-",
    "atk_reason": "",
    "defense": ""
  },
  {
    "id": "8",
    "risky": "ptr-read",
    "acc_path": "mem_ctl_info->pdev",
    "src": "https://gitlab.flux.utah.edu/xcap/xcap-capability-linux/-/blob/llvm_v4.8/drivers/edac/edac_mc.c#L591",
    "dst": "https://gitlab.flux.utah.edu/xcap/xcap-capability-linux/-/blob/llvm_v4.8/drivers/edac/edac_mc.c#L591",
    "drv caller (param)": "",
    "call path (param)": "",
    "drv_update loc (shared field)": "[ (i5400_probe1)https://gitlab.flux.utah.edu/xcap/xcap-capability-linux/-/blob/llvm_v4.8/drivers/edac/i5400_edac.c#L1298 ], ",
    "call path (type)": " [edac_mc_add_mc_with_groups->add_mc_to_global_list] ",
    "cond_num": "0",
    "isControl": "1",
    "t_trace": "",
    "isTrue": "-",
    "atk_reason": "",
    "defense": ""
  },
  {
    "id": "8",
    "risky": "ptr-write",
    "acc_path": "mem_ctl_info->pdev",
    "src": "https://gitlab.flux.utah.edu/xcap/xcap-capability-linux/-/blob/llvm_v4.8/drivers/edac/edac_mc.c#L612",
    "dst": "https://gitlab.flux.utah.edu/xcap/xcap-capability-linux/-/blob/llvm_v4.8/./include/linux/device.h#L865 |   %2 = alloca i8*, align 8",
    "drv_update loc (shared field)": "[ (i5400_probe1)https://gitlab.flux.utah.edu/xcap/xcap-capability-linux/-/blob/llvm_v4.8/drivers/edac/i5400_edac.c#L1298 ], ",
    "call path (type)": " [edac_mc_add_mc_with_groups->add_mc_to_global_list->dev_name.72] ",
    "cond_num": "0",
    "isControl": "1",
    "t_trace": "[ INST || DATA_DEF_USE || https://gitlab.flux.utah.edu/xcap/xcap-capability-linux/-/blob/llvm_v4.8/drivers/edac/edac_mc.c#L612 ] -> [ ACTUAL_IN || PARAMETER_IN ] -> [ FORMAL_IN || PARAMETER_INdev ] -> [ INST || PARAMETER_IN || https://gitlab.flux.utah.edu/xcap/xcap-capability-linux/-/blob/llvm_v4.8/./include/linux/device.h#L871 ] -> [ INST || DATA_DEF_USE || https://gitlab.flux.utah.edu/xcap/xcap-capability-linux/-/blob/llvm_v4.8/./include/linux/device.h#L871 ] -> [ INST || DATA_DEF_USE || https://gitlab.flux.utah.edu/xcap/xcap-capability-linux/-/blob/llvm_v4.8/./include/linux/device.h#L871 ] -> [ INST || DATA_ST || https://gitlab.flux.utah.edu/xcap/xcap-capability-linux/-/blob/llvm_v4.8/./include/linux/device.h#L865 |   %2 = alloca i8*, align 8 ] -> ",
    "isTrue": "-",
    "atk_reason": "",
    "defense": ""
  },
  {
    "id": "9",
    "risky": "ptr-read",
    "acc_path": "mem_ctl_info->mod_name",
    "src": "https://gitlab.flux.utah.edu/xcap/xcap-capability-linux/-/blob/llvm_v4.8/drivers/edac/edac_mc.c#L612",
    "dst": "https://gitlab.flux.utah.edu/xcap/xcap-capability-linux/-/blob/llvm_v4.8/drivers/edac/edac_mc.c#L612",
    "drv_update loc (shared field)": "[ (i5400_probe1)https://gitlab.flux.utah.edu/xcap/xcap-capability-linux/-/blob/llvm_v4.8/drivers/edac/i5400_edac.c#L1316 ], ",
    "call path (type)": " [edac_mc_add_mc_with_groups->add_mc_to_global_list] ",
    "cond_num": "0",
    "isControl": "1",
    "t_trace": "",
    "isTrue": "-",
    "atk_reason": "",
    "defense": ""
  },
  {
    "id": "9",
    "risky": "ptr-array",
    "acc_path": "mem_ctl_info->mod_name",
    "src": "https://gitlab.flux.utah.edu/xcap/xcap-capability-linux/-/blob/llvm_v4.8/drivers/edac/edac_mc.c#L612",
    "dst": "https://gitlab.flux.utah.edu/xcap/xcap-capability-linux/-/blob/llvm_v4.8/drivers/edac/edac_mc.c#L596",
    "drv_update loc (shared field)": "[ (i5400_probe1)https://gitlab.flux.utah.edu/xcap/xcap-capability-linux/-/blob/llvm_v4.8/drivers/edac/i5400_edac.c#L1316 ], ",
    "call path (type)": " [edac_mc_add_mc_with_groups->add_mc_to_global_list] ",
    "cond_num": "2",
    "isControl": "0"
  },
  {
    "id": "9",
    "risky": "ptr-arith",
    "acc_path": "mem_ctl_info->mod_name",
    "src": "https://gitlab.flux.utah.edu/xcap/xcap-capability-linux/-/blob/llvm_v4.8/drivers/edac/edac_mc.c#L612",
    "dst": "https://gitlab.flux.utah.edu/xcap/xcap-capability-linux/-/blob/llvm_v4.8/drivers/edac/edac_mc.c#L596",
    "drv_update loc (shared field)": "[ (i5400_probe1)https://gitlab.flux.utah.edu/xcap/xcap-capability-linux/-/blob/llvm_v4.8/drivers/edac/i5400_edac.c#L1316 ], ",
    "call path (type)": " [edac_mc_add_mc_with_groups->add_mc_to_global_list] ",
    "cond_num": "2",
    "isControl": "0"
  },
  {
    "id": "9",
    "risky": "ptr-write",
    "acc_path": "mem_ctl_info->mod_name",
    "src": "https://gitlab.flux.utah.edu/xcap/xcap-capability-linux/-/blob/llvm_v4.8/drivers/edac/edac_mc.c#L612",
    "dst": "https://gitlab.flux.utah.edu/xcap/xcap-capability-linux/-/blob/llvm_v4.8/./include/linux/device.h#L865 |   %2 = alloca i8*, align 8",
    "drv_update loc (shared field)": "[ (i5400_probe1)https://gitlab.flux.utah.edu/xcap/xcap-capability-linux/-/blob/llvm_v4.8/drivers/edac/i5400_edac.c#L1316 ], ",
    "call path (type)": " [edac_mc_add_mc_with_groups->add_mc_to_global_list->dev_name.72] ",
    "cond_num": "1",
    "isControl": "1",
    "t_trace": "",
    "isTrue": "-",
    "atk_reason": "",
    "defense": ""
  },
  {
    "id": "9",
    "risky": "ptr-sen-branch (memcpy)",
    "acc_path": "mem_ctl_info->mod_name",
    "src": "https://gitlab.flux.utah.edu/xcap/xcap-capability-linux/-/blob/llvm_v4.8/drivers/edac/edac_mc.c#L752",
    "dst": "https://gitlab.flux.utah.edu/xcap/xcap-capability-linux/-/blob/llvm_v4.8/drivers/edac/edac_mc.c#L717",
    "drv caller (param)": "[ i5400_probe1 | https://gitlab.flux.utah.edu/xcap/xcap-capability-linux/-/blob/llvm_v4.8/drivers/edac/i5400_edac.c#L1336 ], ",
    "call path (param)": " [i5400_probe1->edac_mc_add_mc_with_groups] ",
    "drv_update loc (shared field)": "[ (i5400_probe1)https://gitlab.flux.utah.edu/xcap/xcap-capability-linux/-/blob/llvm_v4.8/drivers/edac/i5400_edac.c#L1316 ], ",
    "call path (type)": " [edac_mc_add_mc_with_groups] ",
    "cond_num": "4",
    "isControl": "0"
  },
  {
    "id": "10",
    "risky": "ptr-read",
    "acc_path": "mem_ctl_info->ctl_name",
    "src": "https://gitlab.flux.utah.edu/xcap/xcap-capability-linux/-/blob/llvm_v4.8/drivers/edac/edac_mc.c#L802",
    "dst": "https://gitlab.flux.utah.edu/xcap/xcap-capability-linux/-/blob/llvm_v4.8/drivers/edac/edac_mc.c#L802",
    "drv caller (param)": "[ i5400_remove_one | https://gitlab.flux.utah.edu/xcap/xcap-capability-linux/-/blob/llvm_v4.8/drivers/edac/i5400_edac.c#L1404 ], ",
    "call path (param)": " [i5400_remove_one->edac_mc_del_mc] ",
    "drv_update loc (shared field)": "[ (i5400_probe1)https://gitlab.flux.utah.edu/xcap/xcap-capability-linux/-/blob/llvm_v4.8/drivers/edac/i5400_edac.c#L1318 ], ",
    "call path (type)": " [edac_mc_del_mc] ",
    "cond_num": "0",
    "isControl": "1",
    "t_trace": "",
    "isTrue": "-",
    "atk_reason": "",
    "defense": ""
  },
  {
    "id": "10",
    "risky": "ptr-array",
    "acc_path": "mem_ctl_info->ctl_name",
    "src": "https://gitlab.flux.utah.edu/xcap/xcap-capability-linux/-/blob/llvm_v4.8/drivers/edac/edac_mc.c#L612",
    "dst": "https://gitlab.flux.utah.edu/xcap/xcap-capability-linux/-/blob/llvm_v4.8/drivers/edac/edac_mc.c#L596",
    "drv_update loc (shared field)": "[ (i5400_probe1)https://gitlab.flux.utah.edu/xcap/xcap-capability-linux/-/blob/llvm_v4.8/drivers/edac/i5400_edac.c#L1318 ], ",
    "call path (type)": " [edac_mc_add_mc_with_groups->add_mc_to_global_list] ",
    "cond_num": "2",
    "isControl": "0"
  },
  {
    "id": "10",
    "risky": "ptr-arith",
    "acc_path": "mem_ctl_info->ctl_name",
    "src": "https://gitlab.flux.utah.edu/xcap/xcap-capability-linux/-/blob/llvm_v4.8/drivers/edac/edac_mc.c#L612",
    "dst": "https://gitlab.flux.utah.edu/xcap/xcap-capability-linux/-/blob/llvm_v4.8/drivers/edac/edac_mc.c#L596",
    "drv_update loc (shared field)": "[ (i5400_probe1)https://gitlab.flux.utah.edu/xcap/xcap-capability-linux/-/blob/llvm_v4.8/drivers/edac/i5400_edac.c#L1318 ], ",
    "call path (type)": " [edac_mc_add_mc_with_groups->add_mc_to_global_list] ",
    "cond_num": "2",
    "isControl": "0"
  },
  {
    "id": "10",
    "risky": "ptr-write",
    "acc_path": "mem_ctl_info->ctl_name",
    "src": "https://gitlab.flux.utah.edu/xcap/xcap-capability-linux/-/blob/llvm_v4.8/drivers/edac/edac_mc.c#L612",
    "dst": "https://gitlab.flux.utah.edu/xcap/xcap-capability-linux/-/blob/llvm_v4.8/./include/linux/device.h#L865 |   %2 = alloca i8*, align 8",
    "drv_update loc (shared field)": "[ (i5400_probe1)https://gitlab.flux.utah.edu/xcap/xcap-capability-linux/-/blob/llvm_v4.8/drivers/edac/i5400_edac.c#L1318 ], ",
    "call path (type)": " [edac_mc_add_mc_with_groups->add_mc_to_global_list->dev_name.72] ",
    "cond_num": "1",
    "isControl": "1",
    "t_trace": "",
    "isTrue": "-",
    "atk_reason": "",
    "defense": ""
  },
  {
    "id": "11",
    "risky": "ptr-read",
    "acc_path": "mem_ctl_info->dev_name",
    "src": "https://gitlab.flux.utah.edu/xcap/xcap-capability-linux/-/blob/llvm_v4.8/drivers/edac/edac_mc.c#L802",
    "dst": "https://gitlab.flux.utah.edu/xcap/xcap-capability-linux/-/blob/llvm_v4.8/drivers/edac/edac_mc.c#L802",
    "drv caller (param)": "[ i5400_remove_one | https://gitlab.flux.utah.edu/xcap/xcap-capability-linux/-/blob/llvm_v4.8/drivers/edac/i5400_edac.c#L1404 ], ",
    "call path (param)": " [i5400_remove_one->edac_mc_del_mc] ",
    "drv_update loc (shared field)": "[ (i5400_probe1)https://gitlab.flux.utah.edu/xcap/xcap-capability-linux/-/blob/llvm_v4.8/drivers/edac/i5400_edac.c#L1319 ], ",
    "call path (type)": " [edac_mc_del_mc] ",
    "cond_num": "0",
    "isControl": "1",
    "t_trace": "",
    "isTrue": "-",
    "atk_reason": "",
    "defense": ""
  }
]
[
  {
    "struct name": "edac_mc_layer",
    "No.fields": 3,
    "No.classified fields": 0
  }
]
[
  {
    "struct name": "pci_bus",
    "No.fields": 25,
    "No.classified fields": 0
  }
]
[
  {
    "struct name": "device",
    "No.fields": 35,
    "No.classified fields": 0
  }
]
[
  {
    "struct name": "pci_device_id",
    "No.fields": 7,
    "No.classified fields": 0
  }
]
[
  {
    "struct name": "pci_dev",
    "No.fields": 90,
    "No.classified fields": 0
  }
]
[
  {
    "struct name": "kobject",
    "No.fields": 12,
    "No.classified fields": 0
  }
]
[
  {
    "struct name": "kmem_cache",
    "No.fields": 0,
    "No.classified fields": 0
  }
]
