[
  {
    "id": "6",
    "risky": "numeric-arith",
    "acc_path": "rw",
    "src": "https://gitlab.flux.utah.edu/xcap/xcap-capability-linux/-/blob/llvm_v4.8/block/blk-core.c#L1318",
    "dst": "https://gitlab.flux.utah.edu/xcap/xcap-capability-linux/-/blob/llvm_v4.8/block/blk-core.c#L1156",
    "drv caller (param)": "[ carm_get_special | https://gitlab.flux.utah.edu/xcap/xcap-capability-linux/-/blob/llvm_v4.8/drivers/block/sx8.c#L570 ], ",
    "call path (param)": " [carm_get_special->blk_get_request->blk_old_get_request->get_request->__get_request] ",
    "cond_num": "15",
    "isControl": "0"
  }
]
[]
[]
[]
[]
[]
[]
[]
[]
[]
[]
[]
