[
  {
    "struct name": "workqueue_struct",
    "No.fields": 21,
    "No.classified fields": 0
  }
]
[
  {
    "struct name": "dma_map_ops",
    "No.fields": 16,
    "No.classified fields": 0
  }
]
[
  {
    "struct name": "__wait_queue_head",
    "No.fields": 2,
    "No.classified fields": 0
  }
]
[
  {
    "struct name": "device",
    "No.fields": 33,
    "No.classified fields": 0
  }
]
[
  {
    "struct name": "request",
    "No.fields": 41,
    "No.classified fields": 1,
    "UNCLASSIFY": 1
  }
]
[
  {
    "struct name": "request_queue",
    "No.fields": 77,
    "No.classified fields": 0
  }
]
[
  {
    "struct name": "gendisk",
    "No.fields": 20,
    "No.classified fields": 4,
    "PTR_READ": 2,
    "PTR_WRITE": 2,
    "PTR_BUFFER": 1,
    "PTR_ARITH_BASE": 1,
    "NUM_ARITH": 2,
    "CONTROL_SENB_RANCH": 1,
    "SEN_API": 1
  },
  {
    "id": "1",
    "risky": "numeric-arith",
    "acc_path": "gendisk->major",
    "src": "https://gitlab.flux.utah.edu/xcap/xcap-capability-linux/-/blob/llvm_v4.8/block/genhd.c#L420",
    "dst": "https://gitlab.flux.utah.edu/xcap/xcap-capability-linux/-/blob/llvm_v4.8/block/genhd.c#L420",
    "drv_update loc (shared field)": "[ (carm_init_disks)https://gitlab.flux.utah.edu/xcap/xcap-capability-linux/-/blob/llvm_v4.8/drivers/block/sx8.c#L1513 ], ",
    "call path (type)": "",
    "cond_num": "0",
    "isControl": "1",
    "t_trace": "[ INST || DATA_DEF_USE || https://gitlab.flux.utah.edu/xcap/xcap-capability-linux/-/blob/llvm_v4.8/block/genhd.c#L420 ] -> ",
    "isTrue": "-",
    "atk_reason": "",
    "defense": ""
  },
  {
    "id": "2",
    "risky": "numeric-arith",
    "acc_path": "gendisk->first_minor",
    "src": "https://gitlab.flux.utah.edu/xcap/xcap-capability-linux/-/blob/llvm_v4.8/block/genhd.c#L420",
    "dst": "https://gitlab.flux.utah.edu/xcap/xcap-capability-linux/-/blob/llvm_v4.8/block/genhd.c#L420",
    "drv_update loc (shared field)": "[ (carm_init_disks)https://gitlab.flux.utah.edu/xcap/xcap-capability-linux/-/blob/llvm_v4.8/drivers/block/sx8.c#L1514 ], ",
    "call path (type)": "",
    "cond_num": "0",
    "isControl": "1",
    "t_trace": "[ INST || DATA_DEF_USE || https://gitlab.flux.utah.edu/xcap/xcap-capability-linux/-/blob/llvm_v4.8/block/genhd.c#L420 ] -> ",
    "isTrue": "-",
    "atk_reason": "",
    "defense": ""
  },
  {
    "id": "3",
    "risky": "ptr-read",
    "acc_path": "gendisk->fops",
    "src": "https://gitlab.flux.utah.edu/xcap/xcap-capability-linux/-/blob/llvm_v4.8/block/genhd.c#L1339",
    "dst": "https://gitlab.flux.utah.edu/xcap/xcap-capability-linux/-/blob/llvm_v4.8/block/genhd.c#L1339",
    "drv caller (param)": "",
    "call path (param)": "",
    "drv_update loc (shared field)": "[ (carm_init_disks)https://gitlab.flux.utah.edu/xcap/xcap-capability-linux/-/blob/llvm_v4.8/drivers/block/sx8.c#L1515 ], ",
    "call path (type)": "",
    "cond_num": "0",
    "isControl": "1",
    "t_trace": "",
    "isTrue": "-",
    "atk_reason": "",
    "defense": ""
  },
  {
    "id": "3",
    "risky": "ptr-write",
    "acc_path": "gendisk->fops",
    "src": "https://gitlab.flux.utah.edu/xcap/xcap-capability-linux/-/blob/llvm_v4.8/block/genhd.c#L1341",
    "dst": "https://gitlab.flux.utah.edu/xcap/xcap-capability-linux/-/blob/llvm_v4.8/block/genhd.c#L1334 |   %4 = alloca %struct.module.1305*, align 8",
    "drv caller (param)": "",
    "call path (param)": "",
    "drv_update loc (shared field)": "[ (carm_init_disks)https://gitlab.flux.utah.edu/xcap/xcap-capability-linux/-/blob/llvm_v4.8/drivers/block/sx8.c#L1515 ], ",
    "call path (type)": "",
    "cond_num": "0",
    "isControl": "1",
    "t_trace": "[ INST || DATA_DEF_USE || https://gitlab.flux.utah.edu/xcap/xcap-capability-linux/-/blob/llvm_v4.8/block/genhd.c#L1341 ] -> [ INST || DATA_DEF_USE || https://gitlab.flux.utah.edu/xcap/xcap-capability-linux/-/blob/llvm_v4.8/block/genhd.c#L1341 ] -> [ INST || DATA_DEF_USE || https://gitlab.flux.utah.edu/xcap/xcap-capability-linux/-/blob/llvm_v4.8/block/genhd.c#L1341 ] -> [ INST || DATA_ST || https://gitlab.flux.utah.edu/xcap/xcap-capability-linux/-/blob/llvm_v4.8/block/genhd.c#L1334 |   %4 = alloca %struct.module.1305*, align 8 ] -> ",
    "isTrue": "-",
    "atk_reason": "",
    "defense": ""
  },
  {
    "id": "3",
    "risky": "ptr-sen-branch (memcpy)",
    "acc_path": "gendisk->fops",
    "src": "https://gitlab.flux.utah.edu/xcap/xcap-capability-linux/-/blob/llvm_v4.8/block/genhd.c#L1815",
    "dst": "https://gitlab.flux.utah.edu/xcap/xcap-capability-linux/-/blob/llvm_v4.8/block/genhd.c#L1815",
    "drv caller (param)": "",
    "call path (param)": "",
    "drv_update loc (shared field)": "[ (carm_init_disks)https://gitlab.flux.utah.edu/xcap/xcap-capability-linux/-/blob/llvm_v4.8/drivers/block/sx8.c#L1515 ], ",
    "call path (type)": "",
    "cond_num": "0",
    "isControl": "1",
    "t_trace": "[ INST || DATA_DEF_USE || https://gitlab.flux.utah.edu/xcap/xcap-capability-linux/-/blob/llvm_v4.8/block/genhd.c#L1815 ] -> [ INST || DATA_DEF_USE || https://gitlab.flux.utah.edu/xcap/xcap-capability-linux/-/blob/llvm_v4.8/block/genhd.c#L1815 ] -> [ INST || DATA_DEF_USE || https://gitlab.flux.utah.edu/xcap/xcap-capability-linux/-/blob/llvm_v4.8/block/genhd.c#L1815 ] -> ",
    "isTrue": "-",
    "atk_reason": "",
    "defense": ""
  },
  {
    "id": "4",
    "risky": "ptr-sen-api (kobject_put)",
    "acc_path": "gendisk->queue",
    "src": "https://gitlab.flux.utah.edu/xcap/xcap-capability-linux/-/blob/llvm_v4.8/block/genhd.c#L1146",
    "dst": "https://gitlab.flux.utah.edu/xcap/xcap-capability-linux/-/blob/llvm_v4.8/block/blk-core.c#L381",
    "drv_update loc (shared field)": "[ (carm_init_disks)https://gitlab.flux.utah.edu/xcap/xcap-capability-linux/-/blob/llvm_v4.8/drivers/block/sx8.c#L1523 ], [ (carm_free_disks)https://gitlab.flux.utah.edu/xcap/xcap-capability-linux/-/blob/llvm_v4.8/drivers/block/sx8.c#L1533 |   %5 = alloca %struct.request_queue*, align 8 ], [ (carm_init_one)https://gitlab.flux.utah.edu/xcap/xcap-capability-linux/-/blob/llvm_v4.8/drivers/block/sx8.c#L1648 ], [ (carm_round_robin)https://gitlab.flux.utah.edu/xcap/xcap-capability-linux/-/blob/llvm_v4.8/drivers/block/sx8.c#L786 |   %3 = alloca %struct.request_queue*, align 8 ], [ (carm_init_one)https://gitlab.flux.utah.edu/xcap/xcap-capability-linux/-/blob/llvm_v4.8/drivers/block/sx8.c#L1567 |   %20 = alloca %struct.request_queue*, align 8 ], [ (carm_init_disks)https://gitlab.flux.utah.edu/xcap/xcap-capability-linux/-/blob/llvm_v4.8/drivers/block/sx8.c#L1490 |   %6 = alloca %struct.request_queue*, align 8 ], ",
    "call path (type)": " [blk_cleanup_queue->blk_put_queue] ",
    "cond_num": "0",
    "isControl": "1",
    "t_trace": "[ INST || DATA_DEF_USE || https://gitlab.flux.utah.edu/xcap/xcap-capability-linux/-/blob/llvm_v4.8/block/genhd.c#L1146 ] -> [ ACTUAL_IN || PARAMETER_IN ] -> [ FORMAL_IN || PARAMETER_INq ] -> [ INST || PARAMETER_IN || https://gitlab.flux.utah.edu/xcap/xcap-capability-linux/-/blob/llvm_v4.8/block/blk-core.c#L381 ] -> [ INST || DATA_DEF_USE || https://gitlab.flux.utah.edu/xcap/xcap-capability-linux/-/blob/llvm_v4.8/block/blk-core.c#L381 ] -> ",
    "isTrue": "-",
    "atk_reason": "",
    "defense": ""
  },
  {
    "id": "4",
    "risky": "ptr-read",
    "acc_path": "gendisk->queue",
    "src": "https://gitlab.flux.utah.edu/xcap/xcap-capability-linux/-/blob/llvm_v4.8/block/genhd.c#L1146",
    "dst": "https://gitlab.flux.utah.edu/xcap/xcap-capability-linux/-/blob/llvm_v4.8/block/genhd.c#L1146",
    "drv_update loc (shared field)": "[ (carm_init_disks)https://gitlab.flux.utah.edu/xcap/xcap-capability-linux/-/blob/llvm_v4.8/drivers/block/sx8.c#L1523 ], [ (carm_free_disks)https://gitlab.flux.utah.edu/xcap/xcap-capability-linux/-/blob/llvm_v4.8/drivers/block/sx8.c#L1533 |   %5 = alloca %struct.request_queue*, align 8 ], [ (carm_init_one)https://gitlab.flux.utah.edu/xcap/xcap-capability-linux/-/blob/llvm_v4.8/drivers/block/sx8.c#L1648 ], [ (carm_round_robin)https://gitlab.flux.utah.edu/xcap/xcap-capability-linux/-/blob/llvm_v4.8/drivers/block/sx8.c#L786 |   %3 = alloca %struct.request_queue*, align 8 ], [ (carm_init_one)https://gitlab.flux.utah.edu/xcap/xcap-capability-linux/-/blob/llvm_v4.8/drivers/block/sx8.c#L1567 |   %20 = alloca %struct.request_queue*, align 8 ], [ (carm_init_disks)https://gitlab.flux.utah.edu/xcap/xcap-capability-linux/-/blob/llvm_v4.8/drivers/block/sx8.c#L1490 |   %6 = alloca %struct.request_queue*, align 8 ], ",
    "call path (type)": "",
    "cond_num": "0",
    "isControl": "1",
    "t_trace": "",
    "isTrue": "-",
    "atk_reason": "",
    "defense": ""
  },
  {
    "id": "4",
    "risky": "ptr-write",
    "acc_path": "gendisk->queue",
    "src": "https://gitlab.flux.utah.edu/xcap/xcap-capability-linux/-/blob/llvm_v4.8/block/genhd.c#L996",
    "dst": "https://gitlab.flux.utah.edu/xcap/xcap-capability-linux/-/blob/llvm_v4.8/./include/linux/blkdev.h#L1264 |   %2 = alloca i32, align 4",
    "drv_update loc (shared field)": "[ (carm_init_disks)https://gitlab.flux.utah.edu/xcap/xcap-capability-linux/-/blob/llvm_v4.8/drivers/block/sx8.c#L1523 ], [ (carm_free_disks)https://gitlab.flux.utah.edu/xcap/xcap-capability-linux/-/blob/llvm_v4.8/drivers/block/sx8.c#L1533 |   %5 = alloca %struct.request_queue*, align 8 ], [ (carm_init_one)https://gitlab.flux.utah.edu/xcap/xcap-capability-linux/-/blob/llvm_v4.8/drivers/block/sx8.c#L1648 ], [ (carm_round_robin)https://gitlab.flux.utah.edu/xcap/xcap-capability-linux/-/blob/llvm_v4.8/drivers/block/sx8.c#L786 |   %3 = alloca %struct.request_queue*, align 8 ], [ (carm_init_one)https://gitlab.flux.utah.edu/xcap/xcap-capability-linux/-/blob/llvm_v4.8/drivers/block/sx8.c#L1567 |   %20 = alloca %struct.request_queue*, align 8 ], [ (carm_init_disks)https://gitlab.flux.utah.edu/xcap/xcap-capability-linux/-/blob/llvm_v4.8/drivers/block/sx8.c#L1490 |   %6 = alloca %struct.request_queue*, align 8 ], ",
    "call path (type)": "",
    "cond_num": "0",
    "isControl": "1",
    "t_trace": "[ INST || DATA_DEF_USE || https://gitlab.flux.utah.edu/xcap/xcap-capability-linux/-/blob/llvm_v4.8/block/genhd.c#L996 ] -> [ ACTUAL_IN || PARAMETER_IN ] -> [ FORMAL_IN || PARAMETER_INq ] -> [ INST || PARAMETER_IN || https://gitlab.flux.utah.edu/xcap/xcap-capability-linux/-/blob/llvm_v4.8/./include/linux/blkdev.h#L1269 ] -> [ INST || DATA_DEF_USE || https://gitlab.flux.utah.edu/xcap/xcap-capability-linux/-/blob/llvm_v4.8/./include/linux/blkdev.h#L1269 ] -> [ INST || DATA_DEF_USE || https://gitlab.flux.utah.edu/xcap/xcap-capability-linux/-/blob/llvm_v4.8/./include/linux/blkdev.h#L1269 ] -> [ INST || DATA_DEF_USE || https://gitlab.flux.utah.edu/xcap/xcap-capability-linux/-/blob/llvm_v4.8/./include/linux/blkdev.h#L1269 ] -> [ INST || DATA_ST || https://gitlab.flux.utah.edu/xcap/xcap-capability-linux/-/blob/llvm_v4.8/./include/linux/blkdev.h#L1264 |   %2 = alloca i32, align 4 ] -> ",
    "isTrue": "-",
    "atk_reason": "",
    "defense": ""
  },
  {
    "id": "4",
    "risky": "ptr-array",
    "acc_path": "gendisk->queue",
    "src": "https://gitlab.flux.utah.edu/xcap/xcap-capability-linux/-/blob/llvm_v4.8/block/genhd.c#L628",
    "dst": "https://gitlab.flux.utah.edu/xcap/xcap-capability-linux/-/blob/llvm_v4.8/./arch/x86/include/asm/bitops.h#L311",
    "drv caller (param)": "",
    "call path (param)": "",
    "drv_update loc (shared field)": "[ (carm_init_disks)https://gitlab.flux.utah.edu/xcap/xcap-capability-linux/-/blob/llvm_v4.8/drivers/block/sx8.c#L1523 ], [ (carm_free_disks)https://gitlab.flux.utah.edu/xcap/xcap-capability-linux/-/blob/llvm_v4.8/drivers/block/sx8.c#L1533 |   %5 = alloca %struct.request_queue*, align 8 ], [ (carm_init_one)https://gitlab.flux.utah.edu/xcap/xcap-capability-linux/-/blob/llvm_v4.8/drivers/block/sx8.c#L1648 ], [ (carm_round_robin)https://gitlab.flux.utah.edu/xcap/xcap-capability-linux/-/blob/llvm_v4.8/drivers/block/sx8.c#L786 |   %3 = alloca %struct.request_queue*, align 8 ], [ (carm_init_one)https://gitlab.flux.utah.edu/xcap/xcap-capability-linux/-/blob/llvm_v4.8/drivers/block/sx8.c#L1567 |   %20 = alloca %struct.request_queue*, align 8 ], [ (carm_init_disks)https://gitlab.flux.utah.edu/xcap/xcap-capability-linux/-/blob/llvm_v4.8/drivers/block/sx8.c#L1490 |   %6 = alloca %struct.request_queue*, align 8 ], ",
    "call path (type)": "",
    "cond_num": "0",
    "isControl": "1",
    "t_trace": "[ INST || DATA_DEF_USE || https://gitlab.flux.utah.edu/xcap/xcap-capability-linux/-/blob/llvm_v4.8/block/genhd.c#L628 ] -> [ ACTUAL_IN || PARAMETER_IN ] -> [ FORMAL_IN || PARAMETER_INq ] -> [ INST || PARAMETER_IN || https://gitlab.flux.utah.edu/xcap/xcap-capability-linux/-/blob/llvm_v4.8/block/blk-core.c#L891 ] -> [ INST || DATA_DEF_USE || https://gitlab.flux.utah.edu/xcap/xcap-capability-linux/-/blob/llvm_v4.8/block/blk-core.c#L891 ] -> [ INST || DATA_ST || https://gitlab.flux.utah.edu/xcap/xcap-capability-linux/-/blob/llvm_v4.8/block/blk-core.c#L889 |   %3 = alloca i64*, align 8 ] -> [ INST || DATA_DEF_USE || https://gitlab.flux.utah.edu/xcap/xcap-capability-linux/-/blob/llvm_v4.8/./arch/x86/include/asm/bitops.h#L311 ] -> ",
    "isTrue": "-",
    "atk_reason": "",
    "defense": ""
  },
  {
    "id": "4",
    "risky": "ptr-arith",
    "acc_path": "gendisk->queue",
    "src": "https://gitlab.flux.utah.edu/xcap/xcap-capability-linux/-/blob/llvm_v4.8/block/genhd.c#L628",
    "dst": "https://gitlab.flux.utah.edu/xcap/xcap-capability-linux/-/blob/llvm_v4.8/./arch/x86/include/asm/bitops.h#L311",
    "drv caller (param)": "",
    "call path (param)": "",
    "drv_update loc (shared field)": "[ (carm_init_disks)https://gitlab.flux.utah.edu/xcap/xcap-capability-linux/-/blob/llvm_v4.8/drivers/block/sx8.c#L1523 ], [ (carm_free_disks)https://gitlab.flux.utah.edu/xcap/xcap-capability-linux/-/blob/llvm_v4.8/drivers/block/sx8.c#L1533 |   %5 = alloca %struct.request_queue*, align 8 ], [ (carm_init_one)https://gitlab.flux.utah.edu/xcap/xcap-capability-linux/-/blob/llvm_v4.8/drivers/block/sx8.c#L1648 ], [ (carm_round_robin)https://gitlab.flux.utah.edu/xcap/xcap-capability-linux/-/blob/llvm_v4.8/drivers/block/sx8.c#L786 |   %3 = alloca %struct.request_queue*, align 8 ], [ (carm_init_one)https://gitlab.flux.utah.edu/xcap/xcap-capability-linux/-/blob/llvm_v4.8/drivers/block/sx8.c#L1567 |   %20 = alloca %struct.request_queue*, align 8 ], [ (carm_init_disks)https://gitlab.flux.utah.edu/xcap/xcap-capability-linux/-/blob/llvm_v4.8/drivers/block/sx8.c#L1490 |   %6 = alloca %struct.request_queue*, align 8 ], ",
    "call path (type)": "",
    "cond_num": "0",
    "isControl": "1",
    "t_trace": "[ INST || DATA_DEF_USE || https://gitlab.flux.utah.edu/xcap/xcap-capability-linux/-/blob/llvm_v4.8/block/genhd.c#L628 ] -> [ ACTUAL_IN || PARAMETER_IN ] -> [ FORMAL_IN || PARAMETER_INq ] -> [ INST || PARAMETER_IN || https://gitlab.flux.utah.edu/xcap/xcap-capability-linux/-/blob/llvm_v4.8/block/blk-core.c#L891 ] -> [ INST || DATA_DEF_USE || https://gitlab.flux.utah.edu/xcap/xcap-capability-linux/-/blob/llvm_v4.8/block/blk-core.c#L891 ] -> [ INST || DATA_ST || https://gitlab.flux.utah.edu/xcap/xcap-capability-linux/-/blob/llvm_v4.8/block/blk-core.c#L889 |   %3 = alloca i64*, align 8 ] -> [ INST || DATA_DEF_USE || https://gitlab.flux.utah.edu/xcap/xcap-capability-linux/-/blob/llvm_v4.8/./arch/x86/include/asm/bitops.h#L311 ] -> ",
    "isTrue": "-",
    "atk_reason": "",
    "defense": ""
  }
]
[
  {
    "struct name": "hd_struct",
    "No.fields": 15,
    "No.classified fields": 0
  }
]
[
  {
    "struct name": "block_device",
    "No.fields": 21,
    "No.classified fields": 0
  }
]
[
  {
    "struct name": "page",
    "No.fields": 7,
    "No.classified fields": 0
  }
]
[
  {
    "struct name": "list_head",
    "No.fields": 2,
    "No.classified fields": 0
  }
]
[
  {
    "struct name": "completion",
    "No.fields": 2,
    "No.classified fields": 0
  }
]
[
  {
    "struct name": "kobject",
    "No.fields": 12,
    "No.classified fields": 0
  }
]
[
  {
    "struct name": "work_struct",
    "No.fields": 3,
    "No.classified fields": 1,
    "FUNC_PTR": 1
  }
]
[
  {
    "struct name": "block_device_operations",
    "No.fields": 14,
    "No.classified fields": 0
  }
]
[
  {
    "struct name": "pci_device_id",
    "No.fields": 7,
    "No.classified fields": 0
  }
]
[
  {
    "struct name": "resource",
    "No.fields": 8,
    "No.classified fields": 0
  }
]
[
  {
    "struct name": "pci_dev",
    "No.fields": 88,
    "No.classified fields": 0
  }
]
[
  {
    "struct name": "spinlock",
    "No.fields": 1,
    "No.classified fields": 0
  }
]
[
  {
    "struct name": "mem_section",
    "No.fields": 2,
    "No.classified fields": 0
  }
]
[
  {
    "struct name": "kmem_cache",
    "No.fields": 0,
    "No.classified fields": 0
  }
]
