[
  {
    "struct name": "pci_device_id",
    "No.fields": 7,
    "No.classified fields": 0
  }
]
[
  {
    "struct name": "pci_dev",
    "No.fields": 90,
    "No.classified fields": 0
  }
]
[
  {
    "struct name": "pci_bus",
    "No.fields": 25,
    "No.classified fields": 0
  }
]
[
  {
    "struct name": "device",
    "No.fields": 35,
    "No.classified fields": 0
  }
]
[
  {
    "struct name": "usb_bus",
    "No.fields": 20,
    "No.classified fields": 0
  }
]
[
  {
    "struct name": "hc_driver",
    "No.fields": 44,
    "No.classified fields": 0
  }
]
[
  {
    "struct name": "usb_hcd",
    "No.fields": 36,
    "No.classified fields": 1,
    "UNCLASSIFY": 1
  }
]
[
  {
    "struct name": "static_key",
    "No.fields": 3,
    "No.classified fields": 0
  }
]
[
  {
    "struct name": "va_format",
    "No.fields": 2,
    "No.classified fields": 0
  }
]
