[
  {
    "struct name": "resource",
    "No.fields": 8,
    "No.classified fields": 0
  }
]
[
  {
    "struct name": "kobject",
    "No.fields": 12,
    "No.classified fields": 0
  }
]
[
  {
    "struct name": "device",
    "No.fields": 35,
    "No.classified fields": 1,
    "PTR_READ": 1,
    "PTR_WRITE": 1,
    "CONTROL_SENB_RANCH": 1,
    "SEN_API": 1
  },
  {
    "id": "0",
    "risky": "ptr-sen-branch (kfree)",
    "acc_path": "device->dma_mask",
    "src": "https://gitlab.flux.utah.edu/xcap/xcap-capability-linux/-/blob/llvm_v4.8/drivers/base/platform.c#L512",
    "dst": "https://gitlab.flux.utah.edu/xcap/xcap-capability-linux/-/blob/llvm_v4.8/drivers/base/platform.c#L512",
    "drv caller (param)": "",
    "call path (param)": "",
    "drv_update loc (shared field)": "[ (isp1761_pci_probe)https://gitlab.flux.utah.edu/xcap/xcap-capability-linux/-/blob/llvm_v4.8/drivers/usb/isp1760/isp1760-if.c#L141 ], [ (isp1760_register)https://gitlab.flux.utah.edu/xcap/xcap-capability-linux/-/blob/llvm_v4.8/drivers/usb/isp1760/isp1760-core.c#L127 ], ",
    "call path (type)": "",
    "cond_num": "0",
    "isControl": "1",
    "t_trace": "[ INST || DATA_DEF_USE || https://gitlab.flux.utah.edu/xcap/xcap-capability-linux/-/blob/llvm_v4.8/drivers/base/platform.c#L512 ] -> ",
    "isTrue": "-",
    "atk_reason": "",
    "defense": ""
  },
  {
    "id": "0",
    "risky": "ptr-read",
    "acc_path": "device->dma_mask",
    "src": "https://gitlab.flux.utah.edu/xcap/xcap-capability-linux/-/blob/llvm_v4.8/drivers/base/platform.c#L512",
    "dst": "https://gitlab.flux.utah.edu/xcap/xcap-capability-linux/-/blob/llvm_v4.8/drivers/base/platform.c#L512",
    "drv caller (param)": "",
    "call path (param)": "",
    "drv_update loc (shared field)": "[ (isp1761_pci_probe)https://gitlab.flux.utah.edu/xcap/xcap-capability-linux/-/blob/llvm_v4.8/drivers/usb/isp1760/isp1760-if.c#L141 ], [ (isp1760_register)https://gitlab.flux.utah.edu/xcap/xcap-capability-linux/-/blob/llvm_v4.8/drivers/usb/isp1760/isp1760-core.c#L127 ], ",
    "call path (type)": "",
    "cond_num": "0",
    "isControl": "1",
    "t_trace": "",
    "isTrue": "-",
    "atk_reason": "",
    "defense": ""
  },
  {
    "id": "0",
    "risky": "ptr-sen-api (kfree)",
    "acc_path": "device->dma_mask",
    "src": "https://gitlab.flux.utah.edu/xcap/xcap-capability-linux/-/blob/llvm_v4.8/drivers/base/platform.c#L540",
    "dst": "https://gitlab.flux.utah.edu/xcap/xcap-capability-linux/-/blob/llvm_v4.8/drivers/base/platform.c#L540",
    "drv caller (param)": "",
    "call path (param)": "",
    "drv_update loc (shared field)": "[ (isp1761_pci_probe)https://gitlab.flux.utah.edu/xcap/xcap-capability-linux/-/blob/llvm_v4.8/drivers/usb/isp1760/isp1760-if.c#L141 ], [ (isp1760_register)https://gitlab.flux.utah.edu/xcap/xcap-capability-linux/-/blob/llvm_v4.8/drivers/usb/isp1760/isp1760-core.c#L127 ], ",
    "call path (type)": "",
    "cond_num": "0",
    "isControl": "1",
    "t_trace": "[ INST || DATA_DEF_USE || https://gitlab.flux.utah.edu/xcap/xcap-capability-linux/-/blob/llvm_v4.8/drivers/base/platform.c#L540 ] -> [ INST || DATA_DEF_USE || https://gitlab.flux.utah.edu/xcap/xcap-capability-linux/-/blob/llvm_v4.8/drivers/base/platform.c#L540 ] -> ",
    "isTrue": "-",
    "atk_reason": "",
    "defense": ""
  },
  {
    "id": "0",
    "risky": "ptr-write",
    "acc_path": "device->dma_mask",
    "src": "https://gitlab.flux.utah.edu/xcap/xcap-capability-linux/-/blob/llvm_v4.8/drivers/base/platform.c#L515",
    "dst": "https://gitlab.flux.utah.edu/xcap/xcap-capability-linux/-/blob/llvm_v4.8/drivers/base/platform.c#L515",
    "drv caller (param)": "",
    "call path (param)": "",
    "drv_update loc (shared field)": "[ (isp1761_pci_probe)https://gitlab.flux.utah.edu/xcap/xcap-capability-linux/-/blob/llvm_v4.8/drivers/usb/isp1760/isp1760-if.c#L141 ], [ (isp1760_register)https://gitlab.flux.utah.edu/xcap/xcap-capability-linux/-/blob/llvm_v4.8/drivers/usb/isp1760/isp1760-core.c#L127 ], ",
    "call path (type)": "",
    "cond_num": "0",
    "isControl": "1",
    "t_trace": "[ INST || DATA_DEF_USE || https://gitlab.flux.utah.edu/xcap/xcap-capability-linux/-/blob/llvm_v4.8/drivers/base/platform.c#L515 ] -> ",
    "isTrue": "-",
    "atk_reason": "",
    "defense": ""
  }
]
[
  {
    "struct name": "device_node",
    "No.fields": 13,
    "No.classified fields": 0
  }
]
[
  {
    "struct name": "platform_device",
    "No.fields": 10,
    "No.classified fields": 0
  }
]
[
  {
    "struct name": "pci_bus",
    "No.fields": 25,
    "No.classified fields": 0
  }
]
[
  {
    "struct name": "pci_device_id",
    "No.fields": 7,
    "No.classified fields": 0
  }
]
[
  {
    "struct name": "spinlock",
    "No.fields": 1,
    "No.classified fields": 0
  }
]
[
  {
    "struct name": "list_head",
    "No.fields": 2,
    "No.classified fields": 2,
    "PTR_READ": 2,
    "PTR_WRITE": 2,
    "PTR_BUFFER": 2,
    "PTR_ARITH_BASE": 2,
    "CONTROL_SENB_RANCH": 2,
    "SEN_API": 2
  },
  {
    "id": "1",
    "risky": "ptr-read",
    "acc_path": "list_head->next",
    "src": "https://gitlab.flux.utah.edu/xcap/xcap-capability-linux/-/blob/llvm_v4.8/drivers/pci/pci.c#L3884",
    "dst": "https://gitlab.flux.utah.edu/xcap/xcap-capability-linux/-/blob/llvm_v4.8/drivers/pci/pci.c#L3884",
    "drv_update loc (shared field)": "[ (isp1760_ep_disable)https://gitlab.flux.utah.edu/xcap/xcap-capability-linux/-/blob/llvm_v4.8/drivers/usb/isp1760/isp1760-udc.c#L776 ], [ (isp1760_ep_rx_ready)https://gitlab.flux.utah.edu/xcap/xcap-capability-linux/-/blob/llvm_v4.8/drivers/usb/isp1760/isp1760-udc.c#L281 |   %23 = alloca %struct.list_head*, align 8 ], [ (list_empty)https://gitlab.flux.utah.edu/xcap/xcap-capability-linux/-/blob/llvm_v4.8/./include/linux/list.h#L187 |   %7 = alloca %struct.list_head*, align 8 ], [ (isp1760_ep_tx_complete)https://gitlab.flux.utah.edu/xcap/xcap-capability-linux/-/blob/llvm_v4.8/drivers/usb/isp1760/isp1760-udc.c#L321 |   %26 = alloca %struct.list_head*, align 8 ], [ (__list_add)https://gitlab.flux.utah.edu/xcap/xcap-capability-linux/-/blob/llvm_v4.8/./include/linux/list.h#L38 |   %11 = alloca %struct.list_head*, align 8 ], [ (isp1760_ep_disable)https://gitlab.flux.utah.edu/xcap/xcap-capability-linux/-/blob/llvm_v4.8/drivers/usb/isp1760/isp1760-udc.c#L771 |   %28 = alloca %struct.list_head*, align 8 ], [ (__isp1760_udc_set_halt)https://gitlab.flux.utah.edu/xcap/xcap-capability-linux/-/blob/llvm_v4.8/drivers/usb/isp1760/isp1760-udc.c#L401 |   %17 = alloca %struct.list_head*, align 8 ], [ (INIT_LIST_HEAD)https://gitlab.flux.utah.edu/xcap/xcap-capability-linux/-/blob/llvm_v4.8/./include/linux/list.h#L25 |   %7 = alloca %struct.list_head*, align 8 ], [ (isp1760_ep_disable)https://gitlab.flux.utah.edu/xcap/xcap-capability-linux/-/blob/llvm_v4.8/drivers/usb/isp1760/isp1760-udc.c#L771 |   %30 = alloca %struct.list_head*, align 8 ], [ (__list_del)https://gitlab.flux.utah.edu/xcap/xcap-capability-linux/-/blob/llvm_v4.8/./include/linux/list.h#L87 |   %9 = alloca %struct.list_head*, align 8 ], [ (__list_splice)https://gitlab.flux.utah.edu/xcap/xcap-capability-linux/-/blob/llvm_v4.8/./include/linux/list.h#L274 |   %8 = alloca %struct.list_head*, align 8 ], [ (isp1760_ep_tx_complete)https://gitlab.flux.utah.edu/xcap/xcap-capability-linux/-/blob/llvm_v4.8/drivers/usb/isp1760/isp1760-udc.c#L321 |   %22 = alloca %struct.list_head*, align 8 ], [ (__list_splice)https://gitlab.flux.utah.edu/xcap/xcap-capability-linux/-/blob/llvm_v4.8/./include/linux/list.h#L274 |   %7 = alloca %struct.list_head*, align 8 ], [ (isp1760_ep_disable)https://gitlab.flux.utah.edu/xcap/xcap-capability-linux/-/blob/llvm_v4.8/drivers/usb/isp1760/isp1760-udc.c#L771 |   %32 = alloca %struct.list_head*, align 8 ], [ (isp1760_ep_disable)https://gitlab.flux.utah.edu/xcap/xcap-capability-linux/-/blob/llvm_v4.8/drivers/usb/isp1760/isp1760-udc.c#L776 ], ",
    "call path (type)": "",
    "cond_num": "0",
    "isControl": "1",
    "t_trace": "",
    "isTrue": "-",
    "atk_reason": "",
    "defense": ""
  },
  {
    "id": "1",
    "risky": "ptr-write",
    "acc_path": "list_head->next",
    "src": "https://gitlab.flux.utah.edu/xcap/xcap-capability-linux/-/blob/llvm_v4.8/drivers/pci/pci.c#L3884",
    "dst": "https://gitlab.flux.utah.edu/xcap/xcap-capability-linux/-/blob/llvm_v4.8/drivers/pci/pci.c#L3876 |   %9 = alloca %struct.list_head*, align 8",
    "drv_update loc (shared field)": "[ (isp1760_ep_disable)https://gitlab.flux.utah.edu/xcap/xcap-capability-linux/-/blob/llvm_v4.8/drivers/usb/isp1760/isp1760-udc.c#L776 ], [ (isp1760_ep_rx_ready)https://gitlab.flux.utah.edu/xcap/xcap-capability-linux/-/blob/llvm_v4.8/drivers/usb/isp1760/isp1760-udc.c#L281 |   %23 = alloca %struct.list_head*, align 8 ], [ (list_empty)https://gitlab.flux.utah.edu/xcap/xcap-capability-linux/-/blob/llvm_v4.8/./include/linux/list.h#L187 |   %7 = alloca %struct.list_head*, align 8 ], [ (isp1760_ep_tx_complete)https://gitlab.flux.utah.edu/xcap/xcap-capability-linux/-/blob/llvm_v4.8/drivers/usb/isp1760/isp1760-udc.c#L321 |   %26 = alloca %struct.list_head*, align 8 ], [ (__list_add)https://gitlab.flux.utah.edu/xcap/xcap-capability-linux/-/blob/llvm_v4.8/./include/linux/list.h#L38 |   %11 = alloca %struct.list_head*, align 8 ], [ (isp1760_ep_disable)https://gitlab.flux.utah.edu/xcap/xcap-capability-linux/-/blob/llvm_v4.8/drivers/usb/isp1760/isp1760-udc.c#L771 |   %28 = alloca %struct.list_head*, align 8 ], [ (__isp1760_udc_set_halt)https://gitlab.flux.utah.edu/xcap/xcap-capability-linux/-/blob/llvm_v4.8/drivers/usb/isp1760/isp1760-udc.c#L401 |   %17 = alloca %struct.list_head*, align 8 ], [ (INIT_LIST_HEAD)https://gitlab.flux.utah.edu/xcap/xcap-capability-linux/-/blob/llvm_v4.8/./include/linux/list.h#L25 |   %7 = alloca %struct.list_head*, align 8 ], [ (isp1760_ep_disable)https://gitlab.flux.utah.edu/xcap/xcap-capability-linux/-/blob/llvm_v4.8/drivers/usb/isp1760/isp1760-udc.c#L771 |   %30 = alloca %struct.list_head*, align 8 ], [ (__list_del)https://gitlab.flux.utah.edu/xcap/xcap-capability-linux/-/blob/llvm_v4.8/./include/linux/list.h#L87 |   %9 = alloca %struct.list_head*, align 8 ], [ (__list_splice)https://gitlab.flux.utah.edu/xcap/xcap-capability-linux/-/blob/llvm_v4.8/./include/linux/list.h#L274 |   %8 = alloca %struct.list_head*, align 8 ], [ (isp1760_ep_tx_complete)https://gitlab.flux.utah.edu/xcap/xcap-capability-linux/-/blob/llvm_v4.8/drivers/usb/isp1760/isp1760-udc.c#L321 |   %22 = alloca %struct.list_head*, align 8 ], [ (__list_splice)https://gitlab.flux.utah.edu/xcap/xcap-capability-linux/-/blob/llvm_v4.8/./include/linux/list.h#L274 |   %7 = alloca %struct.list_head*, align 8 ], [ (isp1760_ep_disable)https://gitlab.flux.utah.edu/xcap/xcap-capability-linux/-/blob/llvm_v4.8/drivers/usb/isp1760/isp1760-udc.c#L771 |   %32 = alloca %struct.list_head*, align 8 ], [ (isp1760_ep_disable)https://gitlab.flux.utah.edu/xcap/xcap-capability-linux/-/blob/llvm_v4.8/drivers/usb/isp1760/isp1760-udc.c#L776 ], ",
    "call path (type)": "",
    "cond_num": "0",
    "isControl": "1",
    "t_trace": "[ INST || DATA_DEF_USE || https://gitlab.flux.utah.edu/xcap/xcap-capability-linux/-/blob/llvm_v4.8/drivers/pci/pci.c#L3884 ] -> [ INST || DATA_ST || https://gitlab.flux.utah.edu/xcap/xcap-capability-linux/-/blob/llvm_v4.8/drivers/pci/pci.c#L3876 |   %9 = alloca %struct.list_head*, align 8 ] -> ",
    "isTrue": "-",
    "atk_reason": "",
    "defense": ""
  },
  {
    "id": "1",
    "risky": "ptr-array",
    "acc_path": "list_head->next",
    "src": "https://gitlab.flux.utah.edu/xcap/xcap-capability-linux/-/blob/llvm_v4.8/drivers/pci/pci.c#L3884",
    "dst": "https://gitlab.flux.utah.edu/xcap/xcap-capability-linux/-/blob/llvm_v4.8/drivers/pci/pci.c#L3884",
    "drv_update loc (shared field)": "[ (isp1760_ep_disable)https://gitlab.flux.utah.edu/xcap/xcap-capability-linux/-/blob/llvm_v4.8/drivers/usb/isp1760/isp1760-udc.c#L776 ], [ (isp1760_ep_rx_ready)https://gitlab.flux.utah.edu/xcap/xcap-capability-linux/-/blob/llvm_v4.8/drivers/usb/isp1760/isp1760-udc.c#L281 |   %23 = alloca %struct.list_head*, align 8 ], [ (list_empty)https://gitlab.flux.utah.edu/xcap/xcap-capability-linux/-/blob/llvm_v4.8/./include/linux/list.h#L187 |   %7 = alloca %struct.list_head*, align 8 ], [ (isp1760_ep_tx_complete)https://gitlab.flux.utah.edu/xcap/xcap-capability-linux/-/blob/llvm_v4.8/drivers/usb/isp1760/isp1760-udc.c#L321 |   %26 = alloca %struct.list_head*, align 8 ], [ (__list_add)https://gitlab.flux.utah.edu/xcap/xcap-capability-linux/-/blob/llvm_v4.8/./include/linux/list.h#L38 |   %11 = alloca %struct.list_head*, align 8 ], [ (isp1760_ep_disable)https://gitlab.flux.utah.edu/xcap/xcap-capability-linux/-/blob/llvm_v4.8/drivers/usb/isp1760/isp1760-udc.c#L771 |   %28 = alloca %struct.list_head*, align 8 ], [ (__isp1760_udc_set_halt)https://gitlab.flux.utah.edu/xcap/xcap-capability-linux/-/blob/llvm_v4.8/drivers/usb/isp1760/isp1760-udc.c#L401 |   %17 = alloca %struct.list_head*, align 8 ], [ (INIT_LIST_HEAD)https://gitlab.flux.utah.edu/xcap/xcap-capability-linux/-/blob/llvm_v4.8/./include/linux/list.h#L25 |   %7 = alloca %struct.list_head*, align 8 ], [ (isp1760_ep_disable)https://gitlab.flux.utah.edu/xcap/xcap-capability-linux/-/blob/llvm_v4.8/drivers/usb/isp1760/isp1760-udc.c#L771 |   %30 = alloca %struct.list_head*, align 8 ], [ (__list_del)https://gitlab.flux.utah.edu/xcap/xcap-capability-linux/-/blob/llvm_v4.8/./include/linux/list.h#L87 |   %9 = alloca %struct.list_head*, align 8 ], [ (__list_splice)https://gitlab.flux.utah.edu/xcap/xcap-capability-linux/-/blob/llvm_v4.8/./include/linux/list.h#L274 |   %8 = alloca %struct.list_head*, align 8 ], [ (isp1760_ep_tx_complete)https://gitlab.flux.utah.edu/xcap/xcap-capability-linux/-/blob/llvm_v4.8/drivers/usb/isp1760/isp1760-udc.c#L321 |   %22 = alloca %struct.list_head*, align 8 ], [ (__list_splice)https://gitlab.flux.utah.edu/xcap/xcap-capability-linux/-/blob/llvm_v4.8/./include/linux/list.h#L274 |   %7 = alloca %struct.list_head*, align 8 ], [ (isp1760_ep_disable)https://gitlab.flux.utah.edu/xcap/xcap-capability-linux/-/blob/llvm_v4.8/drivers/usb/isp1760/isp1760-udc.c#L771 |   %32 = alloca %struct.list_head*, align 8 ], [ (isp1760_ep_disable)https://gitlab.flux.utah.edu/xcap/xcap-capability-linux/-/blob/llvm_v4.8/drivers/usb/isp1760/isp1760-udc.c#L776 ], ",
    "call path (type)": "",
    "cond_num": "0",
    "isControl": "1",
    "t_trace": "[ INST || DATA_DEF_USE || https://gitlab.flux.utah.edu/xcap/xcap-capability-linux/-/blob/llvm_v4.8/drivers/pci/pci.c#L3884 ] -> [ INST || UNKNOWN Edge Type || https://gitlab.flux.utah.edu/xcap/xcap-capability-linux/-/blob/llvm_v4.8/drivers/pci/pci.c#L3884 ] -> [ INST || DATA_DEF_USE || https://gitlab.flux.utah.edu/xcap/xcap-capability-linux/-/blob/llvm_v4.8/drivers/pci/pci.c#L3884 ] -> ",
    "isTrue": "-",
    "atk_reason": "",
    "defense": ""
  },
  {
    "id": "1",
    "risky": "ptr-arith",
    "acc_path": "list_head->next",
    "src": "https://gitlab.flux.utah.edu/xcap/xcap-capability-linux/-/blob/llvm_v4.8/drivers/pci/pci.c#L3884",
    "dst": "https://gitlab.flux.utah.edu/xcap/xcap-capability-linux/-/blob/llvm_v4.8/drivers/pci/pci.c#L3884",
    "drv_update loc (shared field)": "[ (isp1760_ep_disable)https://gitlab.flux.utah.edu/xcap/xcap-capability-linux/-/blob/llvm_v4.8/drivers/usb/isp1760/isp1760-udc.c#L776 ], [ (isp1760_ep_rx_ready)https://gitlab.flux.utah.edu/xcap/xcap-capability-linux/-/blob/llvm_v4.8/drivers/usb/isp1760/isp1760-udc.c#L281 |   %23 = alloca %struct.list_head*, align 8 ], [ (list_empty)https://gitlab.flux.utah.edu/xcap/xcap-capability-linux/-/blob/llvm_v4.8/./include/linux/list.h#L187 |   %7 = alloca %struct.list_head*, align 8 ], [ (isp1760_ep_tx_complete)https://gitlab.flux.utah.edu/xcap/xcap-capability-linux/-/blob/llvm_v4.8/drivers/usb/isp1760/isp1760-udc.c#L321 |   %26 = alloca %struct.list_head*, align 8 ], [ (__list_add)https://gitlab.flux.utah.edu/xcap/xcap-capability-linux/-/blob/llvm_v4.8/./include/linux/list.h#L38 |   %11 = alloca %struct.list_head*, align 8 ], [ (isp1760_ep_disable)https://gitlab.flux.utah.edu/xcap/xcap-capability-linux/-/blob/llvm_v4.8/drivers/usb/isp1760/isp1760-udc.c#L771 |   %28 = alloca %struct.list_head*, align 8 ], [ (__isp1760_udc_set_halt)https://gitlab.flux.utah.edu/xcap/xcap-capability-linux/-/blob/llvm_v4.8/drivers/usb/isp1760/isp1760-udc.c#L401 |   %17 = alloca %struct.list_head*, align 8 ], [ (INIT_LIST_HEAD)https://gitlab.flux.utah.edu/xcap/xcap-capability-linux/-/blob/llvm_v4.8/./include/linux/list.h#L25 |   %7 = alloca %struct.list_head*, align 8 ], [ (isp1760_ep_disable)https://gitlab.flux.utah.edu/xcap/xcap-capability-linux/-/blob/llvm_v4.8/drivers/usb/isp1760/isp1760-udc.c#L771 |   %30 = alloca %struct.list_head*, align 8 ], [ (__list_del)https://gitlab.flux.utah.edu/xcap/xcap-capability-linux/-/blob/llvm_v4.8/./include/linux/list.h#L87 |   %9 = alloca %struct.list_head*, align 8 ], [ (__list_splice)https://gitlab.flux.utah.edu/xcap/xcap-capability-linux/-/blob/llvm_v4.8/./include/linux/list.h#L274 |   %8 = alloca %struct.list_head*, align 8 ], [ (isp1760_ep_tx_complete)https://gitlab.flux.utah.edu/xcap/xcap-capability-linux/-/blob/llvm_v4.8/drivers/usb/isp1760/isp1760-udc.c#L321 |   %22 = alloca %struct.list_head*, align 8 ], [ (__list_splice)https://gitlab.flux.utah.edu/xcap/xcap-capability-linux/-/blob/llvm_v4.8/./include/linux/list.h#L274 |   %7 = alloca %struct.list_head*, align 8 ], [ (isp1760_ep_disable)https://gitlab.flux.utah.edu/xcap/xcap-capability-linux/-/blob/llvm_v4.8/drivers/usb/isp1760/isp1760-udc.c#L771 |   %32 = alloca %struct.list_head*, align 8 ], [ (isp1760_ep_disable)https://gitlab.flux.utah.edu/xcap/xcap-capability-linux/-/blob/llvm_v4.8/drivers/usb/isp1760/isp1760-udc.c#L776 ], ",
    "call path (type)": "",
    "cond_num": "0",
    "isControl": "1",
    "t_trace": "[ INST || DATA_DEF_USE || https://gitlab.flux.utah.edu/xcap/xcap-capability-linux/-/blob/llvm_v4.8/drivers/pci/pci.c#L3884 ] -> [ INST || UNKNOWN Edge Type || https://gitlab.flux.utah.edu/xcap/xcap-capability-linux/-/blob/llvm_v4.8/drivers/pci/pci.c#L3884 ] -> [ INST || DATA_DEF_USE || https://gitlab.flux.utah.edu/xcap/xcap-capability-linux/-/blob/llvm_v4.8/drivers/pci/pci.c#L3884 ] -> ",
    "isTrue": "-",
    "atk_reason": "",
    "defense": ""
  },
  {
    "id": "1",
    "risky": "ptr-sen-branch (kfree)",
    "acc_path": "list_head->next",
    "src": "https://gitlab.flux.utah.edu/xcap/xcap-capability-linux/-/blob/llvm_v4.8/drivers/pci/pci-driver.c#L184",
    "dst": "https://gitlab.flux.utah.edu/xcap/xcap-capability-linux/-/blob/llvm_v4.8/drivers/pci/pci-driver.c#L189",
    "drv_update loc (shared field)": "[ (isp1760_ep_disable)https://gitlab.flux.utah.edu/xcap/xcap-capability-linux/-/blob/llvm_v4.8/drivers/usb/isp1760/isp1760-udc.c#L776 ], [ (isp1760_ep_rx_ready)https://gitlab.flux.utah.edu/xcap/xcap-capability-linux/-/blob/llvm_v4.8/drivers/usb/isp1760/isp1760-udc.c#L281 |   %23 = alloca %struct.list_head*, align 8 ], [ (list_empty)https://gitlab.flux.utah.edu/xcap/xcap-capability-linux/-/blob/llvm_v4.8/./include/linux/list.h#L187 |   %7 = alloca %struct.list_head*, align 8 ], [ (isp1760_ep_tx_complete)https://gitlab.flux.utah.edu/xcap/xcap-capability-linux/-/blob/llvm_v4.8/drivers/usb/isp1760/isp1760-udc.c#L321 |   %26 = alloca %struct.list_head*, align 8 ], [ (__list_add)https://gitlab.flux.utah.edu/xcap/xcap-capability-linux/-/blob/llvm_v4.8/./include/linux/list.h#L38 |   %11 = alloca %struct.list_head*, align 8 ], [ (isp1760_ep_disable)https://gitlab.flux.utah.edu/xcap/xcap-capability-linux/-/blob/llvm_v4.8/drivers/usb/isp1760/isp1760-udc.c#L771 |   %28 = alloca %struct.list_head*, align 8 ], [ (__isp1760_udc_set_halt)https://gitlab.flux.utah.edu/xcap/xcap-capability-linux/-/blob/llvm_v4.8/drivers/usb/isp1760/isp1760-udc.c#L401 |   %17 = alloca %struct.list_head*, align 8 ], [ (INIT_LIST_HEAD)https://gitlab.flux.utah.edu/xcap/xcap-capability-linux/-/blob/llvm_v4.8/./include/linux/list.h#L25 |   %7 = alloca %struct.list_head*, align 8 ], [ (isp1760_ep_disable)https://gitlab.flux.utah.edu/xcap/xcap-capability-linux/-/blob/llvm_v4.8/drivers/usb/isp1760/isp1760-udc.c#L771 |   %30 = alloca %struct.list_head*, align 8 ], [ (__list_del)https://gitlab.flux.utah.edu/xcap/xcap-capability-linux/-/blob/llvm_v4.8/./include/linux/list.h#L87 |   %9 = alloca %struct.list_head*, align 8 ], [ (__list_splice)https://gitlab.flux.utah.edu/xcap/xcap-capability-linux/-/blob/llvm_v4.8/./include/linux/list.h#L274 |   %8 = alloca %struct.list_head*, align 8 ], [ (isp1760_ep_tx_complete)https://gitlab.flux.utah.edu/xcap/xcap-capability-linux/-/blob/llvm_v4.8/drivers/usb/isp1760/isp1760-udc.c#L321 |   %22 = alloca %struct.list_head*, align 8 ], [ (__list_splice)https://gitlab.flux.utah.edu/xcap/xcap-capability-linux/-/blob/llvm_v4.8/./include/linux/list.h#L274 |   %7 = alloca %struct.list_head*, align 8 ], [ (isp1760_ep_disable)https://gitlab.flux.utah.edu/xcap/xcap-capability-linux/-/blob/llvm_v4.8/drivers/usb/isp1760/isp1760-udc.c#L771 |   %32 = alloca %struct.list_head*, align 8 ], [ (isp1760_ep_disable)https://gitlab.flux.utah.edu/xcap/xcap-capability-linux/-/blob/llvm_v4.8/drivers/usb/isp1760/isp1760-udc.c#L776 ], ",
    "call path (type)": "",
    "cond_num": "5",
    "isControl": "0"
  },
  {
    "id": "1",
    "risky": "ptr-sen-api (memcpy)",
    "acc_path": "list_head->next",
    "src": "https://gitlab.flux.utah.edu/xcap/xcap-capability-linux/-/blob/llvm_v4.8/drivers/pci/pci-driver.c#L184",
    "dst": "https://gitlab.flux.utah.edu/xcap/xcap-capability-linux/-/blob/llvm_v4.8/./include/linux/compiler.h#L252",
    "drv_update loc (shared field)": "[ (isp1760_ep_disable)https://gitlab.flux.utah.edu/xcap/xcap-capability-linux/-/blob/llvm_v4.8/drivers/usb/isp1760/isp1760-udc.c#L776 ], [ (isp1760_ep_rx_ready)https://gitlab.flux.utah.edu/xcap/xcap-capability-linux/-/blob/llvm_v4.8/drivers/usb/isp1760/isp1760-udc.c#L281 |   %23 = alloca %struct.list_head*, align 8 ], [ (list_empty)https://gitlab.flux.utah.edu/xcap/xcap-capability-linux/-/blob/llvm_v4.8/./include/linux/list.h#L187 |   %7 = alloca %struct.list_head*, align 8 ], [ (isp1760_ep_tx_complete)https://gitlab.flux.utah.edu/xcap/xcap-capability-linux/-/blob/llvm_v4.8/drivers/usb/isp1760/isp1760-udc.c#L321 |   %26 = alloca %struct.list_head*, align 8 ], [ (__list_add)https://gitlab.flux.utah.edu/xcap/xcap-capability-linux/-/blob/llvm_v4.8/./include/linux/list.h#L38 |   %11 = alloca %struct.list_head*, align 8 ], [ (isp1760_ep_disable)https://gitlab.flux.utah.edu/xcap/xcap-capability-linux/-/blob/llvm_v4.8/drivers/usb/isp1760/isp1760-udc.c#L771 |   %28 = alloca %struct.list_head*, align 8 ], [ (__isp1760_udc_set_halt)https://gitlab.flux.utah.edu/xcap/xcap-capability-linux/-/blob/llvm_v4.8/drivers/usb/isp1760/isp1760-udc.c#L401 |   %17 = alloca %struct.list_head*, align 8 ], [ (INIT_LIST_HEAD)https://gitlab.flux.utah.edu/xcap/xcap-capability-linux/-/blob/llvm_v4.8/./include/linux/list.h#L25 |   %7 = alloca %struct.list_head*, align 8 ], [ (isp1760_ep_disable)https://gitlab.flux.utah.edu/xcap/xcap-capability-linux/-/blob/llvm_v4.8/drivers/usb/isp1760/isp1760-udc.c#L771 |   %30 = alloca %struct.list_head*, align 8 ], [ (__list_del)https://gitlab.flux.utah.edu/xcap/xcap-capability-linux/-/blob/llvm_v4.8/./include/linux/list.h#L87 |   %9 = alloca %struct.list_head*, align 8 ], [ (__list_splice)https://gitlab.flux.utah.edu/xcap/xcap-capability-linux/-/blob/llvm_v4.8/./include/linux/list.h#L274 |   %8 = alloca %struct.list_head*, align 8 ], [ (isp1760_ep_tx_complete)https://gitlab.flux.utah.edu/xcap/xcap-capability-linux/-/blob/llvm_v4.8/drivers/usb/isp1760/isp1760-udc.c#L321 |   %22 = alloca %struct.list_head*, align 8 ], [ (__list_splice)https://gitlab.flux.utah.edu/xcap/xcap-capability-linux/-/blob/llvm_v4.8/./include/linux/list.h#L274 |   %7 = alloca %struct.list_head*, align 8 ], [ (isp1760_ep_disable)https://gitlab.flux.utah.edu/xcap/xcap-capability-linux/-/blob/llvm_v4.8/drivers/usb/isp1760/isp1760-udc.c#L771 |   %32 = alloca %struct.list_head*, align 8 ], [ (isp1760_ep_disable)https://gitlab.flux.utah.edu/xcap/xcap-capability-linux/-/blob/llvm_v4.8/drivers/usb/isp1760/isp1760-udc.c#L776 ], ",
    "call path (type)": " [pci_unregister_driver->pci_free_dynids->list_del.160->__list_del.161] ",
    "cond_num": "7",
    "isControl": "0"
  },
  {
    "id": "2",
    "risky": "ptr-array",
    "acc_path": "list_head->prev",
    "src": "https://gitlab.flux.utah.edu/xcap/xcap-capability-linux/-/blob/llvm_v4.8/drivers/pci/pci.c#L4224",
    "dst": "https://gitlab.flux.utah.edu/xcap/xcap-capability-linux/-/blob/llvm_v4.8/drivers/pci/pci.c#L4199",
    "drv_update loc (shared field)": "[ (isp1760_ep_disable)https://gitlab.flux.utah.edu/xcap/xcap-capability-linux/-/blob/llvm_v4.8/drivers/usb/isp1760/isp1760-udc.c#L776 ], [ (isp1760_ep_rx_ready)https://gitlab.flux.utah.edu/xcap/xcap-capability-linux/-/blob/llvm_v4.8/drivers/usb/isp1760/isp1760-udc.c#L281 |   %23 = alloca %struct.list_head*, align 8 ], [ (list_empty)https://gitlab.flux.utah.edu/xcap/xcap-capability-linux/-/blob/llvm_v4.8/./include/linux/list.h#L187 |   %7 = alloca %struct.list_head*, align 8 ], [ (isp1760_ep_tx_complete)https://gitlab.flux.utah.edu/xcap/xcap-capability-linux/-/blob/llvm_v4.8/drivers/usb/isp1760/isp1760-udc.c#L321 |   %26 = alloca %struct.list_head*, align 8 ], [ (__list_add)https://gitlab.flux.utah.edu/xcap/xcap-capability-linux/-/blob/llvm_v4.8/./include/linux/list.h#L38 |   %11 = alloca %struct.list_head*, align 8 ], [ (isp1760_ep_disable)https://gitlab.flux.utah.edu/xcap/xcap-capability-linux/-/blob/llvm_v4.8/drivers/usb/isp1760/isp1760-udc.c#L771 |   %28 = alloca %struct.list_head*, align 8 ], [ (__isp1760_udc_set_halt)https://gitlab.flux.utah.edu/xcap/xcap-capability-linux/-/blob/llvm_v4.8/drivers/usb/isp1760/isp1760-udc.c#L401 |   %17 = alloca %struct.list_head*, align 8 ], [ (INIT_LIST_HEAD)https://gitlab.flux.utah.edu/xcap/xcap-capability-linux/-/blob/llvm_v4.8/./include/linux/list.h#L25 |   %7 = alloca %struct.list_head*, align 8 ], [ (isp1760_ep_disable)https://gitlab.flux.utah.edu/xcap/xcap-capability-linux/-/blob/llvm_v4.8/drivers/usb/isp1760/isp1760-udc.c#L771 |   %30 = alloca %struct.list_head*, align 8 ], [ (__list_del)https://gitlab.flux.utah.edu/xcap/xcap-capability-linux/-/blob/llvm_v4.8/./include/linux/list.h#L87 |   %9 = alloca %struct.list_head*, align 8 ], [ (__list_splice)https://gitlab.flux.utah.edu/xcap/xcap-capability-linux/-/blob/llvm_v4.8/./include/linux/list.h#L274 |   %8 = alloca %struct.list_head*, align 8 ], [ (isp1760_ep_tx_complete)https://gitlab.flux.utah.edu/xcap/xcap-capability-linux/-/blob/llvm_v4.8/drivers/usb/isp1760/isp1760-udc.c#L321 |   %22 = alloca %struct.list_head*, align 8 ], [ (__list_splice)https://gitlab.flux.utah.edu/xcap/xcap-capability-linux/-/blob/llvm_v4.8/./include/linux/list.h#L274 |   %7 = alloca %struct.list_head*, align 8 ], [ (isp1760_ep_disable)https://gitlab.flux.utah.edu/xcap/xcap-capability-linux/-/blob/llvm_v4.8/drivers/usb/isp1760/isp1760-udc.c#L771 |   %32 = alloca %struct.list_head*, align 8 ], [ (isp1760_ep_disable)https://gitlab.flux.utah.edu/xcap/xcap-capability-linux/-/blob/llvm_v4.8/drivers/usb/isp1760/isp1760-udc.c#L776 ], ",
    "call path (type)": "",
    "cond_num": "4",
    "isControl": "1",
    "t_trace": "[ INST || DATA_DEF_USE || https://gitlab.flux.utah.edu/xcap/xcap-capability-linux/-/blob/llvm_v4.8/drivers/pci/pci.c#L4224 ] -> [ INST || UNKNOWN Edge Type || https://gitlab.flux.utah.edu/xcap/xcap-capability-linux/-/blob/llvm_v4.8/drivers/pci/pci.c#L4224 ] -> [ INST || DATA_DEF_USE || https://gitlab.flux.utah.edu/xcap/xcap-capability-linux/-/blob/llvm_v4.8/drivers/pci/pci.c#L4224 ] -> [ INST || DATA_DEF_USE || https://gitlab.flux.utah.edu/xcap/xcap-capability-linux/-/blob/llvm_v4.8/drivers/pci/pci.c#L4224 ] -> [ INST || DATA_DEF_USE || https://gitlab.flux.utah.edu/xcap/xcap-capability-linux/-/blob/llvm_v4.8/drivers/pci/pci.c#L4224 ] -> [ INST || DATA_ST || https://gitlab.flux.utah.edu/xcap/xcap-capability-linux/-/blob/llvm_v4.8/drivers/pci/pci.c#L4207 |   %12 = alloca %struct.pci_dev.1772*, align 8 ] -> [ INST || DATA_DEF_USE || https://gitlab.flux.utah.edu/xcap/xcap-capability-linux/-/blob/llvm_v4.8/drivers/pci/pci.c#L4224 ] -> [ INST || UNKNOWN Edge Type || https://gitlab.flux.utah.edu/xcap/xcap-capability-linux/-/blob/llvm_v4.8/drivers/pci/pci.c#L4226 ] -> [ INST || DATA_DEF_USE || https://gitlab.flux.utah.edu/xcap/xcap-capability-linux/-/blob/llvm_v4.8/drivers/pci/pci.c#L4226 ] -> [ INST || DATA_DEF_USE || https://gitlab.flux.utah.edu/xcap/xcap-capability-linux/-/blob/llvm_v4.8/drivers/pci/pci.c#L4226 ] -> [ ACTUAL_IN || PARAMETER_IN ] -> [ FORMAL_IN || PARAMETER_INbus ] -> [ INST || PARAMETER_IN || https://gitlab.flux.utah.edu/xcap/xcap-capability-linux/-/blob/llvm_v4.8/drivers/pci/pci.c#L4199 ] -> [ INST || DATA_DEF_USE || https://gitlab.flux.utah.edu/xcap/xcap-capability-linux/-/blob/llvm_v4.8/drivers/pci/pci.c#L4199 ] -> [ INST || DATA_DEF_USE || https://gitlab.flux.utah.edu/xcap/xcap-capability-linux/-/blob/llvm_v4.8/drivers/pci/pci.c#L4199 ] -> [ INST || DATA_DEF_USE || https://gitlab.flux.utah.edu/xcap/xcap-capability-linux/-/blob/llvm_v4.8/drivers/pci/pci.c#L4199 ] -> [ INST || UNKNOWN Edge Type || https://gitlab.flux.utah.edu/xcap/xcap-capability-linux/-/blob/llvm_v4.8/drivers/pci/pci.c#L4199 ] -> [ INST || DATA_DEF_USE || https://gitlab.flux.utah.edu/xcap/xcap-capability-linux/-/blob/llvm_v4.8/drivers/pci/pci.c#L4199 ] -> [ INST || DATA_DEF_USE || https://gitlab.flux.utah.edu/xcap/xcap-capability-linux/-/blob/llvm_v4.8/drivers/pci/pci.c#L4199 ] -> [ INST || DATA_DEF_USE || https://gitlab.flux.utah.edu/xcap/xcap-capability-linux/-/blob/llvm_v4.8/drivers/pci/pci.c#L4199 ] -> [ INST || DATA_ST || https://gitlab.flux.utah.edu/xcap/xcap-capability-linux/-/blob/llvm_v4.8/drivers/pci/pci.c#L4195 |   %5 = alloca %struct.pci_dev.1772*, align 8 ] -> [ INST || DATA_DEF_USE || https://gitlab.flux.utah.edu/xcap/xcap-capability-linux/-/blob/llvm_v4.8/drivers/pci/pci.c#L4199 ] -> [ INST || UNKNOWN Edge Type || https://gitlab.flux.utah.edu/xcap/xcap-capability-linux/-/blob/llvm_v4.8/drivers/pci/pci.c#L4199 ] -> [ INST || DATA_DEF_USE || https://gitlab.flux.utah.edu/xcap/xcap-capability-linux/-/blob/llvm_v4.8/drivers/pci/pci.c#L4199 ] -> [ INST || DATA_DEF_USE || https://gitlab.flux.utah.edu/xcap/xcap-capability-linux/-/blob/llvm_v4.8/drivers/pci/pci.c#L4199 ] -> [ INST || DATA_DEF_USE || https://gitlab.flux.utah.edu/xcap/xcap-capability-linux/-/blob/llvm_v4.8/drivers/pci/pci.c#L4199 ] -> [ INST || UNKNOWN Edge Type || https://gitlab.flux.utah.edu/xcap/xcap-capability-linux/-/blob/llvm_v4.8/drivers/pci/pci.c#L4199 ] -> [ INST || DATA_DEF_USE || https://gitlab.flux.utah.edu/xcap/xcap-capability-linux/-/blob/llvm_v4.8/drivers/pci/pci.c#L4199 ] -> ",
    "isTrue": "-",
    "atk_reason": "",
    "defense": ""
  },
  {
    "id": "2",
    "risky": "ptr-arith",
    "acc_path": "list_head->prev",
    "src": "https://gitlab.flux.utah.edu/xcap/xcap-capability-linux/-/blob/llvm_v4.8/drivers/pci/pci.c#L4224",
    "dst": "https://gitlab.flux.utah.edu/xcap/xcap-capability-linux/-/blob/llvm_v4.8/drivers/pci/pci.c#L4199",
    "drv_update loc (shared field)": "[ (isp1760_ep_disable)https://gitlab.flux.utah.edu/xcap/xcap-capability-linux/-/blob/llvm_v4.8/drivers/usb/isp1760/isp1760-udc.c#L776 ], [ (isp1760_ep_rx_ready)https://gitlab.flux.utah.edu/xcap/xcap-capability-linux/-/blob/llvm_v4.8/drivers/usb/isp1760/isp1760-udc.c#L281 |   %23 = alloca %struct.list_head*, align 8 ], [ (list_empty)https://gitlab.flux.utah.edu/xcap/xcap-capability-linux/-/blob/llvm_v4.8/./include/linux/list.h#L187 |   %7 = alloca %struct.list_head*, align 8 ], [ (isp1760_ep_tx_complete)https://gitlab.flux.utah.edu/xcap/xcap-capability-linux/-/blob/llvm_v4.8/drivers/usb/isp1760/isp1760-udc.c#L321 |   %26 = alloca %struct.list_head*, align 8 ], [ (__list_add)https://gitlab.flux.utah.edu/xcap/xcap-capability-linux/-/blob/llvm_v4.8/./include/linux/list.h#L38 |   %11 = alloca %struct.list_head*, align 8 ], [ (isp1760_ep_disable)https://gitlab.flux.utah.edu/xcap/xcap-capability-linux/-/blob/llvm_v4.8/drivers/usb/isp1760/isp1760-udc.c#L771 |   %28 = alloca %struct.list_head*, align 8 ], [ (__isp1760_udc_set_halt)https://gitlab.flux.utah.edu/xcap/xcap-capability-linux/-/blob/llvm_v4.8/drivers/usb/isp1760/isp1760-udc.c#L401 |   %17 = alloca %struct.list_head*, align 8 ], [ (INIT_LIST_HEAD)https://gitlab.flux.utah.edu/xcap/xcap-capability-linux/-/blob/llvm_v4.8/./include/linux/list.h#L25 |   %7 = alloca %struct.list_head*, align 8 ], [ (isp1760_ep_disable)https://gitlab.flux.utah.edu/xcap/xcap-capability-linux/-/blob/llvm_v4.8/drivers/usb/isp1760/isp1760-udc.c#L771 |   %30 = alloca %struct.list_head*, align 8 ], [ (__list_del)https://gitlab.flux.utah.edu/xcap/xcap-capability-linux/-/blob/llvm_v4.8/./include/linux/list.h#L87 |   %9 = alloca %struct.list_head*, align 8 ], [ (__list_splice)https://gitlab.flux.utah.edu/xcap/xcap-capability-linux/-/blob/llvm_v4.8/./include/linux/list.h#L274 |   %8 = alloca %struct.list_head*, align 8 ], [ (isp1760_ep_tx_complete)https://gitlab.flux.utah.edu/xcap/xcap-capability-linux/-/blob/llvm_v4.8/drivers/usb/isp1760/isp1760-udc.c#L321 |   %22 = alloca %struct.list_head*, align 8 ], [ (__list_splice)https://gitlab.flux.utah.edu/xcap/xcap-capability-linux/-/blob/llvm_v4.8/./include/linux/list.h#L274 |   %7 = alloca %struct.list_head*, align 8 ], [ (isp1760_ep_disable)https://gitlab.flux.utah.edu/xcap/xcap-capability-linux/-/blob/llvm_v4.8/drivers/usb/isp1760/isp1760-udc.c#L771 |   %32 = alloca %struct.list_head*, align 8 ], [ (isp1760_ep_disable)https://gitlab.flux.utah.edu/xcap/xcap-capability-linux/-/blob/llvm_v4.8/drivers/usb/isp1760/isp1760-udc.c#L776 ], ",
    "call path (type)": "",
    "cond_num": "4",
    "isControl": "1",
    "t_trace": "[ INST || DATA_DEF_USE || https://gitlab.flux.utah.edu/xcap/xcap-capability-linux/-/blob/llvm_v4.8/drivers/pci/pci.c#L4224 ] -> [ INST || UNKNOWN Edge Type || https://gitlab.flux.utah.edu/xcap/xcap-capability-linux/-/blob/llvm_v4.8/drivers/pci/pci.c#L4224 ] -> [ INST || DATA_DEF_USE || https://gitlab.flux.utah.edu/xcap/xcap-capability-linux/-/blob/llvm_v4.8/drivers/pci/pci.c#L4224 ] -> [ INST || DATA_DEF_USE || https://gitlab.flux.utah.edu/xcap/xcap-capability-linux/-/blob/llvm_v4.8/drivers/pci/pci.c#L4224 ] -> [ INST || DATA_DEF_USE || https://gitlab.flux.utah.edu/xcap/xcap-capability-linux/-/blob/llvm_v4.8/drivers/pci/pci.c#L4224 ] -> [ INST || DATA_ST || https://gitlab.flux.utah.edu/xcap/xcap-capability-linux/-/blob/llvm_v4.8/drivers/pci/pci.c#L4207 |   %12 = alloca %struct.pci_dev.1772*, align 8 ] -> [ INST || DATA_DEF_USE || https://gitlab.flux.utah.edu/xcap/xcap-capability-linux/-/blob/llvm_v4.8/drivers/pci/pci.c#L4224 ] -> [ INST || UNKNOWN Edge Type || https://gitlab.flux.utah.edu/xcap/xcap-capability-linux/-/blob/llvm_v4.8/drivers/pci/pci.c#L4226 ] -> [ INST || DATA_DEF_USE || https://gitlab.flux.utah.edu/xcap/xcap-capability-linux/-/blob/llvm_v4.8/drivers/pci/pci.c#L4226 ] -> [ INST || DATA_DEF_USE || https://gitlab.flux.utah.edu/xcap/xcap-capability-linux/-/blob/llvm_v4.8/drivers/pci/pci.c#L4226 ] -> [ ACTUAL_IN || PARAMETER_IN ] -> [ FORMAL_IN || PARAMETER_INbus ] -> [ INST || PARAMETER_IN || https://gitlab.flux.utah.edu/xcap/xcap-capability-linux/-/blob/llvm_v4.8/drivers/pci/pci.c#L4199 ] -> [ INST || DATA_DEF_USE || https://gitlab.flux.utah.edu/xcap/xcap-capability-linux/-/blob/llvm_v4.8/drivers/pci/pci.c#L4199 ] -> [ INST || DATA_DEF_USE || https://gitlab.flux.utah.edu/xcap/xcap-capability-linux/-/blob/llvm_v4.8/drivers/pci/pci.c#L4199 ] -> [ INST || DATA_DEF_USE || https://gitlab.flux.utah.edu/xcap/xcap-capability-linux/-/blob/llvm_v4.8/drivers/pci/pci.c#L4199 ] -> [ INST || UNKNOWN Edge Type || https://gitlab.flux.utah.edu/xcap/xcap-capability-linux/-/blob/llvm_v4.8/drivers/pci/pci.c#L4199 ] -> [ INST || DATA_DEF_USE || https://gitlab.flux.utah.edu/xcap/xcap-capability-linux/-/blob/llvm_v4.8/drivers/pci/pci.c#L4199 ] -> [ INST || DATA_DEF_USE || https://gitlab.flux.utah.edu/xcap/xcap-capability-linux/-/blob/llvm_v4.8/drivers/pci/pci.c#L4199 ] -> [ INST || DATA_DEF_USE || https://gitlab.flux.utah.edu/xcap/xcap-capability-linux/-/blob/llvm_v4.8/drivers/pci/pci.c#L4199 ] -> [ INST || DATA_ST || https://gitlab.flux.utah.edu/xcap/xcap-capability-linux/-/blob/llvm_v4.8/drivers/pci/pci.c#L4195 |   %5 = alloca %struct.pci_dev.1772*, align 8 ] -> [ INST || DATA_DEF_USE || https://gitlab.flux.utah.edu/xcap/xcap-capability-linux/-/blob/llvm_v4.8/drivers/pci/pci.c#L4199 ] -> [ INST || UNKNOWN Edge Type || https://gitlab.flux.utah.edu/xcap/xcap-capability-linux/-/blob/llvm_v4.8/drivers/pci/pci.c#L4199 ] -> [ INST || DATA_DEF_USE || https://gitlab.flux.utah.edu/xcap/xcap-capability-linux/-/blob/llvm_v4.8/drivers/pci/pci.c#L4199 ] -> [ INST || DATA_DEF_USE || https://gitlab.flux.utah.edu/xcap/xcap-capability-linux/-/blob/llvm_v4.8/drivers/pci/pci.c#L4199 ] -> [ INST || DATA_DEF_USE || https://gitlab.flux.utah.edu/xcap/xcap-capability-linux/-/blob/llvm_v4.8/drivers/pci/pci.c#L4199 ] -> [ INST || UNKNOWN Edge Type || https://gitlab.flux.utah.edu/xcap/xcap-capability-linux/-/blob/llvm_v4.8/drivers/pci/pci.c#L4199 ] -> [ INST || DATA_DEF_USE || https://gitlab.flux.utah.edu/xcap/xcap-capability-linux/-/blob/llvm_v4.8/drivers/pci/pci.c#L4199 ] -> ",
    "isTrue": "-",
    "atk_reason": "",
    "defense": ""
  },
  {
    "id": "2",
    "risky": "ptr-write",
    "acc_path": "list_head->prev",
    "src": "https://gitlab.flux.utah.edu/xcap/xcap-capability-linux/-/blob/llvm_v4.8/drivers/pci/pci.c#L4224",
    "dst": "https://gitlab.flux.utah.edu/xcap/xcap-capability-linux/-/blob/llvm_v4.8/drivers/pci/pci.c#L4195 |   %6 = alloca %struct.list_head*, align 8",
    "drv_update loc (shared field)": "[ (isp1760_ep_disable)https://gitlab.flux.utah.edu/xcap/xcap-capability-linux/-/blob/llvm_v4.8/drivers/usb/isp1760/isp1760-udc.c#L776 ], [ (isp1760_ep_rx_ready)https://gitlab.flux.utah.edu/xcap/xcap-capability-linux/-/blob/llvm_v4.8/drivers/usb/isp1760/isp1760-udc.c#L281 |   %23 = alloca %struct.list_head*, align 8 ], [ (list_empty)https://gitlab.flux.utah.edu/xcap/xcap-capability-linux/-/blob/llvm_v4.8/./include/linux/list.h#L187 |   %7 = alloca %struct.list_head*, align 8 ], [ (isp1760_ep_tx_complete)https://gitlab.flux.utah.edu/xcap/xcap-capability-linux/-/blob/llvm_v4.8/drivers/usb/isp1760/isp1760-udc.c#L321 |   %26 = alloca %struct.list_head*, align 8 ], [ (__list_add)https://gitlab.flux.utah.edu/xcap/xcap-capability-linux/-/blob/llvm_v4.8/./include/linux/list.h#L38 |   %11 = alloca %struct.list_head*, align 8 ], [ (isp1760_ep_disable)https://gitlab.flux.utah.edu/xcap/xcap-capability-linux/-/blob/llvm_v4.8/drivers/usb/isp1760/isp1760-udc.c#L771 |   %28 = alloca %struct.list_head*, align 8 ], [ (__isp1760_udc_set_halt)https://gitlab.flux.utah.edu/xcap/xcap-capability-linux/-/blob/llvm_v4.8/drivers/usb/isp1760/isp1760-udc.c#L401 |   %17 = alloca %struct.list_head*, align 8 ], [ (INIT_LIST_HEAD)https://gitlab.flux.utah.edu/xcap/xcap-capability-linux/-/blob/llvm_v4.8/./include/linux/list.h#L25 |   %7 = alloca %struct.list_head*, align 8 ], [ (isp1760_ep_disable)https://gitlab.flux.utah.edu/xcap/xcap-capability-linux/-/blob/llvm_v4.8/drivers/usb/isp1760/isp1760-udc.c#L771 |   %30 = alloca %struct.list_head*, align 8 ], [ (__list_del)https://gitlab.flux.utah.edu/xcap/xcap-capability-linux/-/blob/llvm_v4.8/./include/linux/list.h#L87 |   %9 = alloca %struct.list_head*, align 8 ], [ (__list_splice)https://gitlab.flux.utah.edu/xcap/xcap-capability-linux/-/blob/llvm_v4.8/./include/linux/list.h#L274 |   %8 = alloca %struct.list_head*, align 8 ], [ (isp1760_ep_tx_complete)https://gitlab.flux.utah.edu/xcap/xcap-capability-linux/-/blob/llvm_v4.8/drivers/usb/isp1760/isp1760-udc.c#L321 |   %22 = alloca %struct.list_head*, align 8 ], [ (__list_splice)https://gitlab.flux.utah.edu/xcap/xcap-capability-linux/-/blob/llvm_v4.8/./include/linux/list.h#L274 |   %7 = alloca %struct.list_head*, align 8 ], [ (isp1760_ep_disable)https://gitlab.flux.utah.edu/xcap/xcap-capability-linux/-/blob/llvm_v4.8/drivers/usb/isp1760/isp1760-udc.c#L771 |   %32 = alloca %struct.list_head*, align 8 ], [ (isp1760_ep_disable)https://gitlab.flux.utah.edu/xcap/xcap-capability-linux/-/blob/llvm_v4.8/drivers/usb/isp1760/isp1760-udc.c#L776 ], ",
    "call path (type)": "",
    "cond_num": "2",
    "isControl": "1",
    "t_trace": "[ INST || DATA_DEF_USE || https://gitlab.flux.utah.edu/xcap/xcap-capability-linux/-/blob/llvm_v4.8/drivers/pci/pci.c#L4224 ] -> [ INST || UNKNOWN Edge Type || https://gitlab.flux.utah.edu/xcap/xcap-capability-linux/-/blob/llvm_v4.8/drivers/pci/pci.c#L4224 ] -> [ INST || DATA_DEF_USE || https://gitlab.flux.utah.edu/xcap/xcap-capability-linux/-/blob/llvm_v4.8/drivers/pci/pci.c#L4224 ] -> [ INST || DATA_DEF_USE || https://gitlab.flux.utah.edu/xcap/xcap-capability-linux/-/blob/llvm_v4.8/drivers/pci/pci.c#L4224 ] -> [ INST || DATA_DEF_USE || https://gitlab.flux.utah.edu/xcap/xcap-capability-linux/-/blob/llvm_v4.8/drivers/pci/pci.c#L4224 ] -> [ INST || DATA_ST || https://gitlab.flux.utah.edu/xcap/xcap-capability-linux/-/blob/llvm_v4.8/drivers/pci/pci.c#L4207 |   %12 = alloca %struct.pci_dev.1772*, align 8 ] -> [ INST || DATA_DEF_USE || https://gitlab.flux.utah.edu/xcap/xcap-capability-linux/-/blob/llvm_v4.8/drivers/pci/pci.c#L4224 ] -> [ INST || UNKNOWN Edge Type || https://gitlab.flux.utah.edu/xcap/xcap-capability-linux/-/blob/llvm_v4.8/drivers/pci/pci.c#L4226 ] -> [ INST || DATA_DEF_USE || https://gitlab.flux.utah.edu/xcap/xcap-capability-linux/-/blob/llvm_v4.8/drivers/pci/pci.c#L4226 ] -> [ INST || DATA_DEF_USE || https://gitlab.flux.utah.edu/xcap/xcap-capability-linux/-/blob/llvm_v4.8/drivers/pci/pci.c#L4226 ] -> [ ACTUAL_IN || PARAMETER_IN ] -> [ FORMAL_IN || PARAMETER_INbus ] -> [ INST || PARAMETER_IN || https://gitlab.flux.utah.edu/xcap/xcap-capability-linux/-/blob/llvm_v4.8/drivers/pci/pci.c#L4199 ] -> [ INST || DATA_DEF_USE || https://gitlab.flux.utah.edu/xcap/xcap-capability-linux/-/blob/llvm_v4.8/drivers/pci/pci.c#L4199 ] -> [ INST || DATA_DEF_USE || https://gitlab.flux.utah.edu/xcap/xcap-capability-linux/-/blob/llvm_v4.8/drivers/pci/pci.c#L4199 ] -> [ INST || DATA_DEF_USE || https://gitlab.flux.utah.edu/xcap/xcap-capability-linux/-/blob/llvm_v4.8/drivers/pci/pci.c#L4199 ] -> [ INST || UNKNOWN Edge Type || https://gitlab.flux.utah.edu/xcap/xcap-capability-linux/-/blob/llvm_v4.8/drivers/pci/pci.c#L4199 ] -> [ INST || DATA_DEF_USE || https://gitlab.flux.utah.edu/xcap/xcap-capability-linux/-/blob/llvm_v4.8/drivers/pci/pci.c#L4199 ] -> [ INST || DATA_DEF_USE || https://gitlab.flux.utah.edu/xcap/xcap-capability-linux/-/blob/llvm_v4.8/drivers/pci/pci.c#L4199 ] -> [ INST || DATA_DEF_USE || https://gitlab.flux.utah.edu/xcap/xcap-capability-linux/-/blob/llvm_v4.8/drivers/pci/pci.c#L4199 ] -> [ INST || DATA_ST || https://gitlab.flux.utah.edu/xcap/xcap-capability-linux/-/blob/llvm_v4.8/drivers/pci/pci.c#L4195 |   %5 = alloca %struct.pci_dev.1772*, align 8 ] -> [ INST || DATA_DEF_USE || https://gitlab.flux.utah.edu/xcap/xcap-capability-linux/-/blob/llvm_v4.8/drivers/pci/pci.c#L4199 ] -> [ INST || UNKNOWN Edge Type || https://gitlab.flux.utah.edu/xcap/xcap-capability-linux/-/blob/llvm_v4.8/drivers/pci/pci.c#L4199 ] -> [ INST || DATA_DEF_USE || https://gitlab.flux.utah.edu/xcap/xcap-capability-linux/-/blob/llvm_v4.8/drivers/pci/pci.c#L4199 ] -> [ INST || DATA_DEF_USE || https://gitlab.flux.utah.edu/xcap/xcap-capability-linux/-/blob/llvm_v4.8/drivers/pci/pci.c#L4199 ] -> [ INST || DATA_DEF_USE || https://gitlab.flux.utah.edu/xcap/xcap-capability-linux/-/blob/llvm_v4.8/drivers/pci/pci.c#L4199 ] -> [ INST || DATA_ST || https://gitlab.flux.utah.edu/xcap/xcap-capability-linux/-/blob/llvm_v4.8/drivers/pci/pci.c#L4195 |   %6 = alloca %struct.list_head*, align 8 ] -> ",
    "isTrue": "-",
    "atk_reason": "",
    "defense": ""
  },
  {
    "id": "2",
    "risky": "ptr-read",
    "acc_path": "list_head->prev",
    "src": "https://gitlab.flux.utah.edu/xcap/xcap-capability-linux/-/blob/llvm_v4.8/drivers/pci/pci.c#L4224",
    "dst": "https://gitlab.flux.utah.edu/xcap/xcap-capability-linux/-/blob/llvm_v4.8/drivers/pci/pci.c#L4199",
    "drv_update loc (shared field)": "[ (isp1760_ep_disable)https://gitlab.flux.utah.edu/xcap/xcap-capability-linux/-/blob/llvm_v4.8/drivers/usb/isp1760/isp1760-udc.c#L776 ], [ (isp1760_ep_rx_ready)https://gitlab.flux.utah.edu/xcap/xcap-capability-linux/-/blob/llvm_v4.8/drivers/usb/isp1760/isp1760-udc.c#L281 |   %23 = alloca %struct.list_head*, align 8 ], [ (list_empty)https://gitlab.flux.utah.edu/xcap/xcap-capability-linux/-/blob/llvm_v4.8/./include/linux/list.h#L187 |   %7 = alloca %struct.list_head*, align 8 ], [ (isp1760_ep_tx_complete)https://gitlab.flux.utah.edu/xcap/xcap-capability-linux/-/blob/llvm_v4.8/drivers/usb/isp1760/isp1760-udc.c#L321 |   %26 = alloca %struct.list_head*, align 8 ], [ (__list_add)https://gitlab.flux.utah.edu/xcap/xcap-capability-linux/-/blob/llvm_v4.8/./include/linux/list.h#L38 |   %11 = alloca %struct.list_head*, align 8 ], [ (isp1760_ep_disable)https://gitlab.flux.utah.edu/xcap/xcap-capability-linux/-/blob/llvm_v4.8/drivers/usb/isp1760/isp1760-udc.c#L771 |   %28 = alloca %struct.list_head*, align 8 ], [ (__isp1760_udc_set_halt)https://gitlab.flux.utah.edu/xcap/xcap-capability-linux/-/blob/llvm_v4.8/drivers/usb/isp1760/isp1760-udc.c#L401 |   %17 = alloca %struct.list_head*, align 8 ], [ (INIT_LIST_HEAD)https://gitlab.flux.utah.edu/xcap/xcap-capability-linux/-/blob/llvm_v4.8/./include/linux/list.h#L25 |   %7 = alloca %struct.list_head*, align 8 ], [ (isp1760_ep_disable)https://gitlab.flux.utah.edu/xcap/xcap-capability-linux/-/blob/llvm_v4.8/drivers/usb/isp1760/isp1760-udc.c#L771 |   %30 = alloca %struct.list_head*, align 8 ], [ (__list_del)https://gitlab.flux.utah.edu/xcap/xcap-capability-linux/-/blob/llvm_v4.8/./include/linux/list.h#L87 |   %9 = alloca %struct.list_head*, align 8 ], [ (__list_splice)https://gitlab.flux.utah.edu/xcap/xcap-capability-linux/-/blob/llvm_v4.8/./include/linux/list.h#L274 |   %8 = alloca %struct.list_head*, align 8 ], [ (isp1760_ep_tx_complete)https://gitlab.flux.utah.edu/xcap/xcap-capability-linux/-/blob/llvm_v4.8/drivers/usb/isp1760/isp1760-udc.c#L321 |   %22 = alloca %struct.list_head*, align 8 ], [ (__list_splice)https://gitlab.flux.utah.edu/xcap/xcap-capability-linux/-/blob/llvm_v4.8/./include/linux/list.h#L274 |   %7 = alloca %struct.list_head*, align 8 ], [ (isp1760_ep_disable)https://gitlab.flux.utah.edu/xcap/xcap-capability-linux/-/blob/llvm_v4.8/drivers/usb/isp1760/isp1760-udc.c#L771 |   %32 = alloca %struct.list_head*, align 8 ], [ (isp1760_ep_disable)https://gitlab.flux.utah.edu/xcap/xcap-capability-linux/-/blob/llvm_v4.8/drivers/usb/isp1760/isp1760-udc.c#L776 ], ",
    "call path (type)": "",
    "cond_num": "4",
    "isControl": "1",
    "t_trace": "[ INST || DATA_DEF_USE || https://gitlab.flux.utah.edu/xcap/xcap-capability-linux/-/blob/llvm_v4.8/drivers/pci/pci.c#L4224 ] -> [ INST || UNKNOWN Edge Type || https://gitlab.flux.utah.edu/xcap/xcap-capability-linux/-/blob/llvm_v4.8/drivers/pci/pci.c#L4224 ] -> [ INST || DATA_DEF_USE || https://gitlab.flux.utah.edu/xcap/xcap-capability-linux/-/blob/llvm_v4.8/drivers/pci/pci.c#L4224 ] -> [ INST || DATA_DEF_USE || https://gitlab.flux.utah.edu/xcap/xcap-capability-linux/-/blob/llvm_v4.8/drivers/pci/pci.c#L4224 ] -> [ INST || DATA_DEF_USE || https://gitlab.flux.utah.edu/xcap/xcap-capability-linux/-/blob/llvm_v4.8/drivers/pci/pci.c#L4224 ] -> [ INST || DATA_ST || https://gitlab.flux.utah.edu/xcap/xcap-capability-linux/-/blob/llvm_v4.8/drivers/pci/pci.c#L4207 |   %12 = alloca %struct.pci_dev.1772*, align 8 ] -> [ INST || DATA_DEF_USE || https://gitlab.flux.utah.edu/xcap/xcap-capability-linux/-/blob/llvm_v4.8/drivers/pci/pci.c#L4224 ] -> [ INST || UNKNOWN Edge Type || https://gitlab.flux.utah.edu/xcap/xcap-capability-linux/-/blob/llvm_v4.8/drivers/pci/pci.c#L4226 ] -> [ INST || DATA_DEF_USE || https://gitlab.flux.utah.edu/xcap/xcap-capability-linux/-/blob/llvm_v4.8/drivers/pci/pci.c#L4226 ] -> [ INST || DATA_DEF_USE || https://gitlab.flux.utah.edu/xcap/xcap-capability-linux/-/blob/llvm_v4.8/drivers/pci/pci.c#L4226 ] -> [ ACTUAL_IN || PARAMETER_IN ] -> [ FORMAL_IN || PARAMETER_INbus ] -> [ INST || PARAMETER_IN || https://gitlab.flux.utah.edu/xcap/xcap-capability-linux/-/blob/llvm_v4.8/drivers/pci/pci.c#L4199 ] -> [ INST || DATA_DEF_USE || https://gitlab.flux.utah.edu/xcap/xcap-capability-linux/-/blob/llvm_v4.8/drivers/pci/pci.c#L4199 ] -> [ INST || DATA_DEF_USE || https://gitlab.flux.utah.edu/xcap/xcap-capability-linux/-/blob/llvm_v4.8/drivers/pci/pci.c#L4199 ] -> [ INST || DATA_DEF_USE || https://gitlab.flux.utah.edu/xcap/xcap-capability-linux/-/blob/llvm_v4.8/drivers/pci/pci.c#L4199 ] -> [ INST || UNKNOWN Edge Type || https://gitlab.flux.utah.edu/xcap/xcap-capability-linux/-/blob/llvm_v4.8/drivers/pci/pci.c#L4199 ] -> [ INST || DATA_DEF_USE || https://gitlab.flux.utah.edu/xcap/xcap-capability-linux/-/blob/llvm_v4.8/drivers/pci/pci.c#L4199 ] -> [ INST || DATA_DEF_USE || https://gitlab.flux.utah.edu/xcap/xcap-capability-linux/-/blob/llvm_v4.8/drivers/pci/pci.c#L4199 ] -> [ INST || DATA_DEF_USE || https://gitlab.flux.utah.edu/xcap/xcap-capability-linux/-/blob/llvm_v4.8/drivers/pci/pci.c#L4199 ] -> [ INST || DATA_ST || https://gitlab.flux.utah.edu/xcap/xcap-capability-linux/-/blob/llvm_v4.8/drivers/pci/pci.c#L4195 |   %5 = alloca %struct.pci_dev.1772*, align 8 ] -> [ INST || DATA_DEF_USE || https://gitlab.flux.utah.edu/xcap/xcap-capability-linux/-/blob/llvm_v4.8/drivers/pci/pci.c#L4199 ] -> [ INST || UNKNOWN Edge Type || https://gitlab.flux.utah.edu/xcap/xcap-capability-linux/-/blob/llvm_v4.8/drivers/pci/pci.c#L4199 ] -> [ INST || DATA_DEF_USE || https://gitlab.flux.utah.edu/xcap/xcap-capability-linux/-/blob/llvm_v4.8/drivers/pci/pci.c#L4199 ] -> [ INST || DATA_DEF_USE || https://gitlab.flux.utah.edu/xcap/xcap-capability-linux/-/blob/llvm_v4.8/drivers/pci/pci.c#L4199 ] -> ",
    "isTrue": "-",
    "atk_reason": "",
    "defense": ""
  },
  {
    "id": "2",
    "risky": "ptr-sen-api (memcpy)",
    "acc_path": "list_head->prev",
    "src": "https://gitlab.flux.utah.edu/xcap/xcap-capability-linux/-/blob/llvm_v4.8/drivers/base/devres.c#L564",
    "dst": "https://gitlab.flux.utah.edu/xcap/xcap-capability-linux/-/blob/llvm_v4.8/./include/linux/compiler.h#L220",
    "drv caller (param)": "",
    "call path (param)": "",
    "drv_update loc (shared field)": "[ (isp1760_ep_disable)https://gitlab.flux.utah.edu/xcap/xcap-capability-linux/-/blob/llvm_v4.8/drivers/usb/isp1760/isp1760-udc.c#L776 ], [ (isp1760_ep_rx_ready)https://gitlab.flux.utah.edu/xcap/xcap-capability-linux/-/blob/llvm_v4.8/drivers/usb/isp1760/isp1760-udc.c#L281 |   %23 = alloca %struct.list_head*, align 8 ], [ (list_empty)https://gitlab.flux.utah.edu/xcap/xcap-capability-linux/-/blob/llvm_v4.8/./include/linux/list.h#L187 |   %7 = alloca %struct.list_head*, align 8 ], [ (isp1760_ep_tx_complete)https://gitlab.flux.utah.edu/xcap/xcap-capability-linux/-/blob/llvm_v4.8/drivers/usb/isp1760/isp1760-udc.c#L321 |   %26 = alloca %struct.list_head*, align 8 ], [ (__list_add)https://gitlab.flux.utah.edu/xcap/xcap-capability-linux/-/blob/llvm_v4.8/./include/linux/list.h#L38 |   %11 = alloca %struct.list_head*, align 8 ], [ (isp1760_ep_disable)https://gitlab.flux.utah.edu/xcap/xcap-capability-linux/-/blob/llvm_v4.8/drivers/usb/isp1760/isp1760-udc.c#L771 |   %28 = alloca %struct.list_head*, align 8 ], [ (__isp1760_udc_set_halt)https://gitlab.flux.utah.edu/xcap/xcap-capability-linux/-/blob/llvm_v4.8/drivers/usb/isp1760/isp1760-udc.c#L401 |   %17 = alloca %struct.list_head*, align 8 ], [ (INIT_LIST_HEAD)https://gitlab.flux.utah.edu/xcap/xcap-capability-linux/-/blob/llvm_v4.8/./include/linux/list.h#L25 |   %7 = alloca %struct.list_head*, align 8 ], [ (isp1760_ep_disable)https://gitlab.flux.utah.edu/xcap/xcap-capability-linux/-/blob/llvm_v4.8/drivers/usb/isp1760/isp1760-udc.c#L771 |   %30 = alloca %struct.list_head*, align 8 ], [ (__list_del)https://gitlab.flux.utah.edu/xcap/xcap-capability-linux/-/blob/llvm_v4.8/./include/linux/list.h#L87 |   %9 = alloca %struct.list_head*, align 8 ], [ (__list_splice)https://gitlab.flux.utah.edu/xcap/xcap-capability-linux/-/blob/llvm_v4.8/./include/linux/list.h#L274 |   %8 = alloca %struct.list_head*, align 8 ], [ (isp1760_ep_tx_complete)https://gitlab.flux.utah.edu/xcap/xcap-capability-linux/-/blob/llvm_v4.8/drivers/usb/isp1760/isp1760-udc.c#L321 |   %22 = alloca %struct.list_head*, align 8 ], [ (__list_splice)https://gitlab.flux.utah.edu/xcap/xcap-capability-linux/-/blob/llvm_v4.8/./include/linux/list.h#L274 |   %7 = alloca %struct.list_head*, align 8 ], [ (isp1760_ep_disable)https://gitlab.flux.utah.edu/xcap/xcap-capability-linux/-/blob/llvm_v4.8/drivers/usb/isp1760/isp1760-udc.c#L771 |   %32 = alloca %struct.list_head*, align 8 ], [ (isp1760_ep_disable)https://gitlab.flux.utah.edu/xcap/xcap-capability-linux/-/blob/llvm_v4.8/drivers/usb/isp1760/isp1760-udc.c#L776 ], ",
    "call path (type)": " [devm_ioremap_resource->__devm_request_region->devres_add->add_dr->list_empty.22] ",
    "cond_num": "5",
    "isControl": "0"
  },
  {
    "id": "2",
    "risky": "ptr-sen-branch (kfree)",
    "acc_path": "list_head->prev",
    "src": "https://gitlab.flux.utah.edu/xcap/xcap-capability-linux/-/blob/llvm_v4.8/drivers/base/devres.c#L492",
    "dst": "https://gitlab.flux.utah.edu/xcap/xcap-capability-linux/-/blob/llvm_v4.8/drivers/base/devres.c#L492",
    "drv_update loc (shared field)": "[ (isp1760_ep_disable)https://gitlab.flux.utah.edu/xcap/xcap-capability-linux/-/blob/llvm_v4.8/drivers/usb/isp1760/isp1760-udc.c#L776 ], [ (isp1760_ep_rx_ready)https://gitlab.flux.utah.edu/xcap/xcap-capability-linux/-/blob/llvm_v4.8/drivers/usb/isp1760/isp1760-udc.c#L281 |   %23 = alloca %struct.list_head*, align 8 ], [ (list_empty)https://gitlab.flux.utah.edu/xcap/xcap-capability-linux/-/blob/llvm_v4.8/./include/linux/list.h#L187 |   %7 = alloca %struct.list_head*, align 8 ], [ (isp1760_ep_tx_complete)https://gitlab.flux.utah.edu/xcap/xcap-capability-linux/-/blob/llvm_v4.8/drivers/usb/isp1760/isp1760-udc.c#L321 |   %26 = alloca %struct.list_head*, align 8 ], [ (__list_add)https://gitlab.flux.utah.edu/xcap/xcap-capability-linux/-/blob/llvm_v4.8/./include/linux/list.h#L38 |   %11 = alloca %struct.list_head*, align 8 ], [ (isp1760_ep_disable)https://gitlab.flux.utah.edu/xcap/xcap-capability-linux/-/blob/llvm_v4.8/drivers/usb/isp1760/isp1760-udc.c#L771 |   %28 = alloca %struct.list_head*, align 8 ], [ (__isp1760_udc_set_halt)https://gitlab.flux.utah.edu/xcap/xcap-capability-linux/-/blob/llvm_v4.8/drivers/usb/isp1760/isp1760-udc.c#L401 |   %17 = alloca %struct.list_head*, align 8 ], [ (INIT_LIST_HEAD)https://gitlab.flux.utah.edu/xcap/xcap-capability-linux/-/blob/llvm_v4.8/./include/linux/list.h#L25 |   %7 = alloca %struct.list_head*, align 8 ], [ (isp1760_ep_disable)https://gitlab.flux.utah.edu/xcap/xcap-capability-linux/-/blob/llvm_v4.8/drivers/usb/isp1760/isp1760-udc.c#L771 |   %30 = alloca %struct.list_head*, align 8 ], [ (__list_del)https://gitlab.flux.utah.edu/xcap/xcap-capability-linux/-/blob/llvm_v4.8/./include/linux/list.h#L87 |   %9 = alloca %struct.list_head*, align 8 ], [ (__list_splice)https://gitlab.flux.utah.edu/xcap/xcap-capability-linux/-/blob/llvm_v4.8/./include/linux/list.h#L274 |   %8 = alloca %struct.list_head*, align 8 ], [ (isp1760_ep_tx_complete)https://gitlab.flux.utah.edu/xcap/xcap-capability-linux/-/blob/llvm_v4.8/drivers/usb/isp1760/isp1760-udc.c#L321 |   %22 = alloca %struct.list_head*, align 8 ], [ (__list_splice)https://gitlab.flux.utah.edu/xcap/xcap-capability-linux/-/blob/llvm_v4.8/./include/linux/list.h#L274 |   %7 = alloca %struct.list_head*, align 8 ], [ (isp1760_ep_disable)https://gitlab.flux.utah.edu/xcap/xcap-capability-linux/-/blob/llvm_v4.8/drivers/usb/isp1760/isp1760-udc.c#L771 |   %32 = alloca %struct.list_head*, align 8 ], [ (isp1760_ep_disable)https://gitlab.flux.utah.edu/xcap/xcap-capability-linux/-/blob/llvm_v4.8/drivers/usb/isp1760/isp1760-udc.c#L776 ], ",
    "call path (type)": "",
    "cond_num": "0",
    "isControl": "1",
    "t_trace": "[ INST || DATA_DEF_USE || https://gitlab.flux.utah.edu/xcap/xcap-capability-linux/-/blob/llvm_v4.8/drivers/base/devres.c#L492 ] -> [ INST || UNKNOWN Edge Type || https://gitlab.flux.utah.edu/xcap/xcap-capability-linux/-/blob/llvm_v4.8/drivers/base/devres.c#L492 ] -> [ INST || DATA_DEF_USE || https://gitlab.flux.utah.edu/xcap/xcap-capability-linux/-/blob/llvm_v4.8/drivers/base/devres.c#L492 ] -> [ INST || DATA_DEF_USE || https://gitlab.flux.utah.edu/xcap/xcap-capability-linux/-/blob/llvm_v4.8/drivers/base/devres.c#L492 ] -> [ INST || DATA_DEF_USE || https://gitlab.flux.utah.edu/xcap/xcap-capability-linux/-/blob/llvm_v4.8/drivers/base/devres.c#L492 ] -> [ INST || DATA_ST || https://gitlab.flux.utah.edu/xcap/xcap-capability-linux/-/blob/llvm_v4.8/drivers/base/devres.c#L477 |   %19 = alloca %struct.devres*, align 8 ] -> [ INST || DATA_DEF_USE || https://gitlab.flux.utah.edu/xcap/xcap-capability-linux/-/blob/llvm_v4.8/drivers/base/devres.c#L492 ] -> [ INST || UNKNOWN Edge Type || https://gitlab.flux.utah.edu/xcap/xcap-capability-linux/-/blob/llvm_v4.8/drivers/base/devres.c#L492 ] -> [ INST || DATA_DEF_USE || https://gitlab.flux.utah.edu/xcap/xcap-capability-linux/-/blob/llvm_v4.8/drivers/base/devres.c#L492 ] -> [ INST || DATA_DEF_USE || https://gitlab.flux.utah.edu/xcap/xcap-capability-linux/-/blob/llvm_v4.8/drivers/base/devres.c#L492 ] -> [ INST || DATA_DEF_USE || https://gitlab.flux.utah.edu/xcap/xcap-capability-linux/-/blob/llvm_v4.8/drivers/base/devres.c#L492 ] -> [ INST || DATA_DEF_USE || https://gitlab.flux.utah.edu/xcap/xcap-capability-linux/-/blob/llvm_v4.8/drivers/base/devres.c#L492 ] -> [ INST || UNKNOWN Edge Type || https://gitlab.flux.utah.edu/xcap/xcap-capability-linux/-/blob/llvm_v4.8/drivers/base/devres.c#L492 ] -> [ INST || DATA_DEF_USE || https://gitlab.flux.utah.edu/xcap/xcap-capability-linux/-/blob/llvm_v4.8/drivers/base/devres.c#L492 ] -> [ INST || DATA_DEF_USE || https://gitlab.flux.utah.edu/xcap/xcap-capability-linux/-/blob/llvm_v4.8/drivers/base/devres.c#L492 ] -> [ INST || DATA_DEF_USE || https://gitlab.flux.utah.edu/xcap/xcap-capability-linux/-/blob/llvm_v4.8/drivers/base/devres.c#L492 ] -> [ INST || DATA_ST || https://gitlab.flux.utah.edu/xcap/xcap-capability-linux/-/blob/llvm_v4.8/drivers/base/devres.c#L477 |   %21 = alloca %struct.devres*, align 8 ] -> [ INST || DATA_DEF_USE || https://gitlab.flux.utah.edu/xcap/xcap-capability-linux/-/blob/llvm_v4.8/drivers/base/devres.c#L492 ] -> [ INST || UNKNOWN Edge Type || https://gitlab.flux.utah.edu/xcap/xcap-capability-linux/-/blob/llvm_v4.8/drivers/base/devres.c#L492 ] -> [ INST || UNKNOWN Edge Type || https://gitlab.flux.utah.edu/xcap/xcap-capability-linux/-/blob/llvm_v4.8/drivers/base/devres.c#L492 ] -> [ INST || DATA_DEF_USE || https://gitlab.flux.utah.edu/xcap/xcap-capability-linux/-/blob/llvm_v4.8/drivers/base/devres.c#L492 ] -> [ INST || DATA_DEF_USE || https://gitlab.flux.utah.edu/xcap/xcap-capability-linux/-/blob/llvm_v4.8/drivers/base/devres.c#L492 ] -> ",
    "isTrue": "-",
    "atk_reason": "",
    "defense": ""
  }
]
[
  {
    "struct name": "static_key",
    "No.fields": 3,
    "No.classified fields": 0
  }
]
[
  {
    "struct name": "timer_list",
    "No.fields": 5,
    "No.classified fields": 1,
    "FUNC_PTR": 1
  }
]
[
  {
    "struct name": "pci_dev",
    "No.fields": 90,
    "No.classified fields": 0
  }
]
[
  {
    "struct name": "kmem_cache",
    "No.fields": 24,
    "No.classified fields": 0
  }
]
