[]
[
  {
    "id": "14",
    "risky": "ptr-sen-branch (kfree)",
    "acc_path": "dev_id",
    "src": "https://gitlab.flux.utah.edu/xcap/xcap-capability-linux/-/blob/llvm_v4.8/kernel/irq/manage.c#L1588",
    "dst": "https://gitlab.flux.utah.edu/xcap/xcap-capability-linux/-/blob/llvm_v4.8/kernel/irq/manage.c#L1484",
    "drv caller (param)": "[ DAC960_DetectCleanup | https://gitlab.flux.utah.edu/xcap/xcap-capability-linux/-/blob/llvm_v4.8/drivers/block/DAC960.c#L2693 ], ",
    "call path (param)": " [DAC960_DetectCleanup->free_irq->__free_irq] ",
    "cond_num": "3",
    "isControl": "0"
  }
]
[
  {
    "id": "15",
    "risky": "val-sen-api (kmalloc)",
    "acc_path": "size",
    "src": "https://gitlab.flux.utah.edu/xcap/xcap-capability-linux/-/blob/llvm_v4.8/mm/slab_common.c#L1018",
    "dst": "https://gitlab.flux.utah.edu/xcap/xcap-capability-linux/-/blob/llvm_v4.8/mm/slab_common.c#L1018",
    "drv caller (param)": "[ DAC960_CheckStatusBuffer | https://gitlab.flux.utah.edu/xcap/xcap-capability-linux/-/blob/llvm_v4.8/./include/linux/slab.h#L415 ], ",
    "call path (param)": " [DAC960_CheckStatusBuffer->kmalloc_order] ",
    "cond_num": "0",
    "isControl": "1",
    "t_trace": "",
    "isTrue": "-",
    "atk_reason": "",
    "defense": ""
  }
]
[
  {
    "id": "16",
    "risky": "val-sen-api (kmalloc)",
    "acc_path": "flags",
    "src": "https://gitlab.flux.utah.edu/xcap/xcap-capability-linux/-/blob/llvm_v4.8/mm/slab_common.c#L1018",
    "dst": "https://gitlab.flux.utah.edu/xcap/xcap-capability-linux/-/blob/llvm_v4.8/mm/slab_common.c#L1018",
    "drv caller (param)": "[ DAC960_CheckStatusBuffer | https://gitlab.flux.utah.edu/xcap/xcap-capability-linux/-/blob/llvm_v4.8/./include/linux/slab.h#L415 ], ",
    "call path (param)": " [DAC960_CheckStatusBuffer->kmalloc_order] ",
    "cond_num": "0",
    "isControl": "1",
    "t_trace": "",
    "isTrue": "-",
    "atk_reason": "",
    "defense": ""
  }
]
[]
[]
[]
[]
[]
[]
[
  {
    "id": "23",
    "risky": "numeric-arith",
    "acc_path": "phys_addr",
    "src": "https://gitlab.flux.utah.edu/xcap/xcap-capability-linux/-/blob/llvm_v4.8/arch/x86/mm/ioremap.c#L240",
    "dst": "https://gitlab.flux.utah.edu/xcap/xcap-capability-linux/-/blob/llvm_v4.8/kernel/resource.c#L488",
    "drv caller (param)": "[ DAC960_DetectController | https://gitlab.flux.utah.edu/xcap/xcap-capability-linux/-/blob/llvm_v4.8/drivers/block/DAC960.c#L2788 ], ",
    "call path (param)": " [DAC960_DetectController->ioremap_nocache->__ioremap_caller->walk_system_ram_range] ",
    "cond_num": "4",
    "isControl": "0"
  },
  {
    "id": "23",
    "risky": "val-sen-branch (memcpy)",
    "acc_path": "phys_addr",
    "src": "https://gitlab.flux.utah.edu/xcap/xcap-capability-linux/-/blob/llvm_v4.8/arch/x86/mm/ioremap.c#L240",
    "dst": "https://gitlab.flux.utah.edu/xcap/xcap-capability-linux/-/blob/llvm_v4.8/arch/x86/mm/ioremap.c#L97",
    "drv caller (param)": "[ DAC960_DetectController | https://gitlab.flux.utah.edu/xcap/xcap-capability-linux/-/blob/llvm_v4.8/drivers/block/DAC960.c#L2788 ], ",
    "call path (param)": " [DAC960_DetectController->ioremap_nocache->__ioremap_caller] ",
    "cond_num": "1",
    "isControl": "0"
  }
]
[
  {
    "id": "24",
    "risky": "numeric-arith",
    "acc_path": "size",
    "src": "https://gitlab.flux.utah.edu/xcap/xcap-capability-linux/-/blob/llvm_v4.8/arch/x86/mm/ioremap.c#L240",
    "dst": "https://gitlab.flux.utah.edu/xcap/xcap-capability-linux/-/blob/llvm_v4.8/kernel/resource.c#L488",
    "drv caller (param)": "[ DAC960_DetectController | https://gitlab.flux.utah.edu/xcap/xcap-capability-linux/-/blob/llvm_v4.8/drivers/block/DAC960.c#L2788 ], ",
    "call path (param)": " [DAC960_DetectController->ioremap_nocache->__ioremap_caller->walk_system_ram_range] ",
    "cond_num": "4",
    "isControl": "0"
  },
  {
    "id": "24",
    "risky": "val-sen-branch (memcpy)",
    "acc_path": "size",
    "src": "https://gitlab.flux.utah.edu/xcap/xcap-capability-linux/-/blob/llvm_v4.8/arch/x86/mm/ioremap.c#L240",
    "dst": "https://gitlab.flux.utah.edu/xcap/xcap-capability-linux/-/blob/llvm_v4.8/arch/x86/mm/ioremap.c#L97",
    "drv caller (param)": "[ DAC960_DetectController | https://gitlab.flux.utah.edu/xcap/xcap-capability-linux/-/blob/llvm_v4.8/drivers/block/DAC960.c#L2788 ], ",
    "call path (param)": " [DAC960_DetectController->ioremap_nocache->__ioremap_caller] ",
    "cond_num": "0",
    "isControl": "1",
    "t_trace": "[ ACTUAL_IN || PARAMETER_INlong unsigned int ] -> [ FORMAL_IN || PARAMETER_INsize ] -> [ INST || PARAMETER_IN || https://gitlab.flux.utah.edu/xcap/xcap-capability-linux/-/blob/llvm_v4.8/arch/x86/mm/ioremap.c#L97 ] -> ",
    "isTrue": "-",
    "atk_reason": "",
    "defense": ""
  }
]
[]
[]
[]
[]
[]
[]
[]
[
  {
    "id": "32",
    "risky": "numeric-arith",
    "acc_path": "nr_bytes",
    "src": "https://gitlab.flux.utah.edu/xcap/xcap-capability-linux/-/blob/llvm_v4.8/block/blk-core.c#L2875",
    "dst": "https://gitlab.flux.utah.edu/xcap/xcap-capability-linux/-/blob/llvm_v4.8/block/blk-core.c#L2630",
    "drv caller (param)": "[ DAC960_ProcessCompletedRequest | https://gitlab.flux.utah.edu/xcap/xcap-capability-linux/-/blob/llvm_v4.8/drivers/block/DAC960.c#L3472 ], ",
    "call path (param)": " [DAC960_ProcessCompletedRequest->__blk_end_request->__blk_end_bidi_request->blk_update_bidi_request->blk_update_request] ",
    "cond_num": "12",
    "isControl": "0"
  }
]
