[
  {
    "struct name": "dimm_info",
    "No.fields": 11,
    "No.classified fields": 2,
    "NUM_ARITH": 1,
    "CONTROL_SENB_RANCH": 1,
    "UNCLASSIFY": 1
  },
  {
    "id": "1",
    "risky": "numeric-arith",
    "acc_path": "dimm_info->nr_pages",
    "src": "https://gitlab.flux.utah.edu/xcap/xcap-capability-linux/-/blob/llvm_v4.8/drivers/edac/edac_mc.c#L855",
    "dst": "https://gitlab.flux.utah.edu/xcap/xcap-capability-linux/-/blob/llvm_v4.8/drivers/edac/edac_mc.c#L855",
    "drv_update loc (shared field)": "[ (e752x_init_csrows)https://gitlab.flux.utah.edu/xcap/xcap-capability-linux/-/blob/llvm_v4.8/drivers/edac/e752x_edac.c#L1131 ], ",
    "call path (type)": " [edac_mc_find_csrow_by_page] ",
    "cond_num": "0",
    "isControl": "1",
    "t_trace": "[ INST || DATA_DEF_USE || https://gitlab.flux.utah.edu/xcap/xcap-capability-linux/-/blob/llvm_v4.8/drivers/edac/edac_mc.c#L855 ] -> [ INST || DATA_DEF_USE || https://gitlab.flux.utah.edu/xcap/xcap-capability-linux/-/blob/llvm_v4.8/drivers/edac/edac_mc.c#L855 ] -> [ INST || DATA_ST || https://gitlab.flux.utah.edu/xcap/xcap-capability-linux/-/blob/llvm_v4.8/drivers/edac/edac_mc.c#L842 |   %9 = alloca i32, align 4 ] -> [ INST || DATA_DEF_USE || https://gitlab.flux.utah.edu/xcap/xcap-capability-linux/-/blob/llvm_v4.8/drivers/edac/edac_mc.c#L855 ] -> ",
    "isTrue": "-",
    "atk_reason": "",
    "defense": ""
  },
  {
    "id": "1",
    "risky": "val-sen-branch (strcpy)",
    "acc_path": "dimm_info->nr_pages",
    "src": "https://gitlab.flux.utah.edu/xcap/xcap-capability-linux/-/blob/llvm_v4.8/drivers/edac/edac_mc.c#L1187",
    "dst": "https://gitlab.flux.utah.edu/xcap/xcap-capability-linux/-/blob/llvm_v4.8/drivers/edac/edac_mc.c#L1187",
    "drv_update loc (shared field)": "[ (e752x_init_csrows)https://gitlab.flux.utah.edu/xcap/xcap-capability-linux/-/blob/llvm_v4.8/drivers/edac/e752x_edac.c#L1131 ], ",
    "call path (type)": " [edac_mc_handle_error] ",
    "cond_num": "0",
    "isControl": "1",
    "t_trace": "[ INST || DATA_DEF_USE || https://gitlab.flux.utah.edu/xcap/xcap-capability-linux/-/blob/llvm_v4.8/drivers/edac/edac_mc.c#L1187 ] -> ",
    "isTrue": "-",
    "atk_reason": "",
    "defense": ""
  }
]
[
  {
    "struct name": "rank_info",
    "No.fields": 4,
    "No.classified fields": 0
  }
]
[
  {
    "struct name": "csrow_info",
    "No.fields": 10,
    "No.classified fields": 2,
    "UNCLASSIFY": 2
  }
]
[
  {
    "struct name": "mem_ctl_info",
    "No.fields": 44,
    "No.classified fields": 9,
    "PTR_READ": 4,
    "PTR_WRITE": 3,
    "PTR_BUFFER": 2,
    "PTR_ARITH_BASE": 2,
    "CONTROL_SENB_RANCH": 1,
    "FUNC_PTR": 2,
    "UNCLASSIFY": 3
  },
  {
    "id": "9",
    "risky": "ptr-read",
    "acc_path": "mem_ctl_info->pdev",
    "src": "https://gitlab.flux.utah.edu/xcap/xcap-capability-linux/-/blob/llvm_v4.8/drivers/edac/edac_mc.c#L612",
    "dst": "https://gitlab.flux.utah.edu/xcap/xcap-capability-linux/-/blob/llvm_v4.8/./include/linux/device.h#L868",
    "drv_update loc (shared field)": "[ (e752x_probe1)https://gitlab.flux.utah.edu/xcap/xcap-capability-linux/-/blob/llvm_v4.8/drivers/edac/e752x_edac.c#L1307 ], ",
    "call path (type)": " [edac_mc_add_mc_with_groups->add_mc_to_global_list->dev_name.47] ",
    "cond_num": "0",
    "isControl": "1",
    "t_trace": "[ INST || DATA_DEF_USE || https://gitlab.flux.utah.edu/xcap/xcap-capability-linux/-/blob/llvm_v4.8/drivers/edac/edac_mc.c#L612 ] -> [ ACTUAL_IN || PARAMETER_IN ] -> [ FORMAL_IN || PARAMETER_INdev ] -> [ INST || PARAMETER_IN || https://gitlab.flux.utah.edu/xcap/xcap-capability-linux/-/blob/llvm_v4.8/./include/linux/device.h#L868 ] -> [ INST || DATA_DEF_USE || https://gitlab.flux.utah.edu/xcap/xcap-capability-linux/-/blob/llvm_v4.8/./include/linux/device.h#L868 ] -> ",
    "isTrue": "-",
    "atk_reason": "",
    "defense": ""
  },
  {
    "id": "9",
    "risky": "ptr-write",
    "acc_path": "mem_ctl_info->pdev",
    "src": "https://gitlab.flux.utah.edu/xcap/xcap-capability-linux/-/blob/llvm_v4.8/drivers/edac/edac_mc.c#L612",
    "dst": "https://gitlab.flux.utah.edu/xcap/xcap-capability-linux/-/blob/llvm_v4.8/./include/linux/device.h#L865 |   %2 = alloca i8*, align 8",
    "drv_update loc (shared field)": "[ (e752x_probe1)https://gitlab.flux.utah.edu/xcap/xcap-capability-linux/-/blob/llvm_v4.8/drivers/edac/e752x_edac.c#L1307 ], ",
    "call path (type)": " [edac_mc_add_mc_with_groups->add_mc_to_global_list->dev_name.47] ",
    "cond_num": "0",
    "isControl": "1",
    "t_trace": "[ INST || DATA_DEF_USE || https://gitlab.flux.utah.edu/xcap/xcap-capability-linux/-/blob/llvm_v4.8/drivers/edac/edac_mc.c#L612 ] -> [ ACTUAL_IN || PARAMETER_IN ] -> [ FORMAL_IN || PARAMETER_INdev ] -> [ INST || PARAMETER_IN || https://gitlab.flux.utah.edu/xcap/xcap-capability-linux/-/blob/llvm_v4.8/./include/linux/device.h#L871 ] -> [ INST || DATA_DEF_USE || https://gitlab.flux.utah.edu/xcap/xcap-capability-linux/-/blob/llvm_v4.8/./include/linux/device.h#L871 ] -> [ INST || DATA_DEF_USE || https://gitlab.flux.utah.edu/xcap/xcap-capability-linux/-/blob/llvm_v4.8/./include/linux/device.h#L871 ] -> [ INST || DATA_ST || https://gitlab.flux.utah.edu/xcap/xcap-capability-linux/-/blob/llvm_v4.8/./include/linux/device.h#L865 |   %2 = alloca i8*, align 8 ] -> ",
    "isTrue": "-",
    "atk_reason": "",
    "defense": ""
  },
  {
    "id": "10",
    "risky": "ptr-read",
    "acc_path": "mem_ctl_info->mod_name",
    "src": "https://gitlab.flux.utah.edu/xcap/xcap-capability-linux/-/blob/llvm_v4.8/drivers/edac/edac_mc.c#L126",
    "dst": "https://gitlab.flux.utah.edu/xcap/xcap-capability-linux/-/blob/llvm_v4.8/drivers/edac/edac_mc.c#L126",
    "drv caller (param)": "",
    "call path (param)": "",
    "drv_update loc (shared field)": "[ (e752x_probe1)https://gitlab.flux.utah.edu/xcap/xcap-capability-linux/-/blob/llvm_v4.8/drivers/edac/e752x_edac.c#L1305 ], ",
    "call path (type)": " [edac_mc_add_mc_with_groups->edac_mc_dump_mci] ",
    "cond_num": "0",
    "isControl": "1",
    "t_trace": "",
    "isTrue": "-",
    "atk_reason": "",
    "defense": ""
  },
  {
    "id": "10",
    "risky": "ptr-array",
    "acc_path": "mem_ctl_info->mod_name",
    "src": "https://gitlab.flux.utah.edu/xcap/xcap-capability-linux/-/blob/llvm_v4.8/drivers/edac/edac_mc.c#L612",
    "dst": "https://gitlab.flux.utah.edu/xcap/xcap-capability-linux/-/blob/llvm_v4.8/drivers/edac/edac_mc.c#L596",
    "drv_update loc (shared field)": "[ (e752x_probe1)https://gitlab.flux.utah.edu/xcap/xcap-capability-linux/-/blob/llvm_v4.8/drivers/edac/e752x_edac.c#L1305 ], ",
    "call path (type)": " [edac_mc_add_mc_with_groups->add_mc_to_global_list] ",
    "cond_num": "2",
    "isControl": "0"
  },
  {
    "id": "10",
    "risky": "ptr-arith",
    "acc_path": "mem_ctl_info->mod_name",
    "src": "https://gitlab.flux.utah.edu/xcap/xcap-capability-linux/-/blob/llvm_v4.8/drivers/edac/edac_mc.c#L612",
    "dst": "https://gitlab.flux.utah.edu/xcap/xcap-capability-linux/-/blob/llvm_v4.8/drivers/edac/edac_mc.c#L596",
    "drv_update loc (shared field)": "[ (e752x_probe1)https://gitlab.flux.utah.edu/xcap/xcap-capability-linux/-/blob/llvm_v4.8/drivers/edac/e752x_edac.c#L1305 ], ",
    "call path (type)": " [edac_mc_add_mc_with_groups->add_mc_to_global_list] ",
    "cond_num": "2",
    "isControl": "0"
  },
  {
    "id": "10",
    "risky": "ptr-write",
    "acc_path": "mem_ctl_info->mod_name",
    "src": "https://gitlab.flux.utah.edu/xcap/xcap-capability-linux/-/blob/llvm_v4.8/drivers/edac/edac_mc.c#L612",
    "dst": "https://gitlab.flux.utah.edu/xcap/xcap-capability-linux/-/blob/llvm_v4.8/./include/linux/device.h#L865 |   %2 = alloca i8*, align 8",
    "drv_update loc (shared field)": "[ (e752x_probe1)https://gitlab.flux.utah.edu/xcap/xcap-capability-linux/-/blob/llvm_v4.8/drivers/edac/e752x_edac.c#L1305 ], ",
    "call path (type)": " [edac_mc_add_mc_with_groups->add_mc_to_global_list->dev_name.47] ",
    "cond_num": "1",
    "isControl": "1",
    "t_trace": "",
    "isTrue": "-",
    "atk_reason": "",
    "defense": ""
  },
  {
    "id": "10",
    "risky": "ptr-sen-branch (memcpy)",
    "acc_path": "mem_ctl_info->mod_name",
    "src": "https://gitlab.flux.utah.edu/xcap/xcap-capability-linux/-/blob/llvm_v4.8/drivers/edac/edac_mc.c#L717",
    "dst": "https://gitlab.flux.utah.edu/xcap/xcap-capability-linux/-/blob/llvm_v4.8/drivers/edac/edac_mc.c#L717",
    "drv caller (param)": "[ e752x_probe1 | https://gitlab.flux.utah.edu/xcap/xcap-capability-linux/-/blob/llvm_v4.8/drivers/edac/e752x_edac.c#L1357 ], ",
    "call path (param)": " [e752x_probe1->edac_mc_add_mc_with_groups] ",
    "drv_update loc (shared field)": "[ (e752x_probe1)https://gitlab.flux.utah.edu/xcap/xcap-capability-linux/-/blob/llvm_v4.8/drivers/edac/e752x_edac.c#L1305 ], ",
    "call path (type)": " [edac_mc_add_mc_with_groups] ",
    "cond_num": "0",
    "isControl": "1",
    "t_trace": "[ INST || DATA_DEF_USE || https://gitlab.flux.utah.edu/xcap/xcap-capability-linux/-/blob/llvm_v4.8/drivers/edac/edac_mc.c#L717 ] -> ",
    "isTrue": "-",
    "atk_reason": "",
    "defense": ""
  },
  {
    "id": "11",
    "risky": "ptr-read",
    "acc_path": "mem_ctl_info->ctl_name",
    "src": "https://gitlab.flux.utah.edu/xcap/xcap-capability-linux/-/blob/llvm_v4.8/drivers/edac/edac_mc.c#L126",
    "dst": "https://gitlab.flux.utah.edu/xcap/xcap-capability-linux/-/blob/llvm_v4.8/drivers/edac/edac_mc.c#L126",
    "drv caller (param)": "",
    "call path (param)": "",
    "drv_update loc (shared field)": "[ (e752x_probe1)https://gitlab.flux.utah.edu/xcap/xcap-capability-linux/-/blob/llvm_v4.8/drivers/edac/e752x_edac.c#L1320 ], ",
    "call path (type)": " [edac_mc_add_mc_with_groups->edac_mc_dump_mci] ",
    "cond_num": "0",
    "isControl": "1",
    "t_trace": "",
    "isTrue": "-",
    "atk_reason": "",
    "defense": ""
  },
  {
    "id": "11",
    "risky": "ptr-array",
    "acc_path": "mem_ctl_info->ctl_name",
    "src": "https://gitlab.flux.utah.edu/xcap/xcap-capability-linux/-/blob/llvm_v4.8/drivers/edac/edac_mc.c#L612",
    "dst": "https://gitlab.flux.utah.edu/xcap/xcap-capability-linux/-/blob/llvm_v4.8/drivers/edac/edac_mc.c#L596",
    "drv_update loc (shared field)": "[ (e752x_probe1)https://gitlab.flux.utah.edu/xcap/xcap-capability-linux/-/blob/llvm_v4.8/drivers/edac/e752x_edac.c#L1320 ], ",
    "call path (type)": " [edac_mc_add_mc_with_groups->add_mc_to_global_list] ",
    "cond_num": "2",
    "isControl": "0"
  },
  {
    "id": "11",
    "risky": "ptr-arith",
    "acc_path": "mem_ctl_info->ctl_name",
    "src": "https://gitlab.flux.utah.edu/xcap/xcap-capability-linux/-/blob/llvm_v4.8/drivers/edac/edac_mc.c#L612",
    "dst": "https://gitlab.flux.utah.edu/xcap/xcap-capability-linux/-/blob/llvm_v4.8/drivers/edac/edac_mc.c#L596",
    "drv_update loc (shared field)": "[ (e752x_probe1)https://gitlab.flux.utah.edu/xcap/xcap-capability-linux/-/blob/llvm_v4.8/drivers/edac/e752x_edac.c#L1320 ], ",
    "call path (type)": " [edac_mc_add_mc_with_groups->add_mc_to_global_list] ",
    "cond_num": "2",
    "isControl": "0"
  },
  {
    "id": "11",
    "risky": "ptr-write",
    "acc_path": "mem_ctl_info->ctl_name",
    "src": "https://gitlab.flux.utah.edu/xcap/xcap-capability-linux/-/blob/llvm_v4.8/drivers/edac/edac_mc.c#L612",
    "dst": "https://gitlab.flux.utah.edu/xcap/xcap-capability-linux/-/blob/llvm_v4.8/./include/linux/device.h#L865 |   %2 = alloca i8*, align 8",
    "drv_update loc (shared field)": "[ (e752x_probe1)https://gitlab.flux.utah.edu/xcap/xcap-capability-linux/-/blob/llvm_v4.8/drivers/edac/e752x_edac.c#L1320 ], ",
    "call path (type)": " [edac_mc_add_mc_with_groups->add_mc_to_global_list->dev_name.47] ",
    "cond_num": "1",
    "isControl": "1",
    "t_trace": "",
    "isTrue": "-",
    "atk_reason": "",
    "defense": ""
  },
  {
    "id": "12",
    "risky": "ptr-read",
    "acc_path": "mem_ctl_info->dev_name",
    "src": "https://gitlab.flux.utah.edu/xcap/xcap-capability-linux/-/blob/llvm_v4.8/drivers/edac/edac_mc.c#L802",
    "dst": "https://gitlab.flux.utah.edu/xcap/xcap-capability-linux/-/blob/llvm_v4.8/drivers/edac/edac_mc.c#L802",
    "drv caller (param)": "[ e752x_remove_one | https://gitlab.flux.utah.edu/xcap/xcap-capability-linux/-/blob/llvm_v4.8/drivers/edac/e752x_edac.c#L1409 ], ",
    "call path (param)": " [e752x_remove_one->edac_mc_del_mc] ",
    "drv_update loc (shared field)": "[ (e752x_probe1)https://gitlab.flux.utah.edu/xcap/xcap-capability-linux/-/blob/llvm_v4.8/drivers/edac/e752x_edac.c#L1321 ], ",
    "call path (type)": " [edac_mc_del_mc] ",
    "cond_num": "0",
    "isControl": "1",
    "t_trace": "",
    "isTrue": "-",
    "atk_reason": "",
    "defense": ""
  }
]
[
  {
    "struct name": "edac_mc_layer",
    "No.fields": 3,
    "No.classified fields": 0
  }
]
[
  {
    "struct name": "device",
    "No.fields": 35,
    "No.classified fields": 0
  }
]
[
  {
    "struct name": "pci_device_id",
    "No.fields": 7,
    "No.classified fields": 0
  }
]
[
  {
    "struct name": "pci_dev",
    "No.fields": 90,
    "No.classified fields": 0
  }
]
[
  {
    "struct name": "pci_bus",
    "No.fields": 25,
    "No.classified fields": 0
  }
]
[
  {
    "struct name": "kobject",
    "No.fields": 12,
    "No.classified fields": 0
  }
]
