[]
[]
[]
[
  {
    "id": "3",
    "risky": "ptr-sen-branch (kzalloc)",
    "acc_path": "name",
    "src": "https://gitlab.flux.utah.edu/xcap/xcap-capability-linux/-/blob/llvm_v4.8/drivers/hwmon/hwmon.c#L202",
    "dst": "https://gitlab.flux.utah.edu/xcap/xcap-capability-linux/-/blob/llvm_v4.8/drivers/hwmon/hwmon.c#L104",
    "drv caller (param)": "[ max6639_probe | https://gitlab.flux.utah.edu/xcap/xcap-capability-linux/-/blob/llvm_v4.8/drivers/hwmon/max6639.c#L558 ], ",
    "call path (param)": " [max6639_probe->devm_hwmon_device_register_with_groups->hwmon_device_register_with_groups] ",
    "cond_num": "0",
    "isControl": "1",
    "t_trace": "[ ACTUAL_IN || PARAMETER_IN ] -> [ FORMAL_IN || PARAMETER_INname ] -> [ INST || PARAMETER_IN || https://gitlab.flux.utah.edu/xcap/xcap-capability-linux/-/blob/llvm_v4.8/drivers/hwmon/hwmon.c#L104 ] -> ",
    "isTrue": "-",
    "atk_reason": "",
    "defense": ""
  }
]
