[]
[
  {
    "id": "28",
    "risky": "numeric-arith",
    "acc_path": "delta",
    "src": "https://gitlab.flux.utah.edu/xcap/xcap-capability-linux/-/blob/llvm_v4.8/net/core/skbuff.c#L1647",
    "dst": "https://gitlab.flux.utah.edu/xcap/xcap-capability-linux/-/blob/llvm_v4.8/net/core/skbuff.c#L1799",
    "drv caller (param)": "[ aoenet_rcv | https://gitlab.flux.utah.edu/xcap/xcap-capability-linux/-/blob/llvm_v4.8/drivers/block/aoe/aoenet.c#L150 ], ",
    "call path (param)": " [aoenet_rcv->__pskb_pull_tail->skb_copy_bits] ",
    "cond_num": "8",
    "isControl": "0"
  },
  {
    "id": "28",
    "risky": "arr-idx",
    "acc_path": "delta",
    "src": "https://gitlab.flux.utah.edu/xcap/xcap-capability-linux/-/blob/llvm_v4.8/net/core/skbuff.c#L1647",
    "dst": "https://gitlab.flux.utah.edu/xcap/xcap-capability-linux/-/blob/llvm_v4.8/net/core/skbuff.c#L1799",
    "drv caller (param)": "[ aoenet_rcv | https://gitlab.flux.utah.edu/xcap/xcap-capability-linux/-/blob/llvm_v4.8/drivers/block/aoe/aoenet.c#L150 ], ",
    "call path (param)": " [aoenet_rcv->__pskb_pull_tail->skb_copy_bits] ",
    "cond_num": "8",
    "isControl": "0"
  },
  {
    "id": "28",
    "risky": "val-sen-branch (memcpy)",
    "acc_path": "delta",
    "src": "https://gitlab.flux.utah.edu/xcap/xcap-capability-linux/-/blob/llvm_v4.8/net/core/skbuff.c#L1647",
    "dst": "https://gitlab.flux.utah.edu/xcap/xcap-capability-linux/-/blob/llvm_v4.8/net/core/skbuff.c#L1775",
    "drv caller (param)": "[ aoenet_rcv | https://gitlab.flux.utah.edu/xcap/xcap-capability-linux/-/blob/llvm_v4.8/drivers/block/aoe/aoenet.c#L150 ], ",
    "call path (param)": " [aoenet_rcv->__pskb_pull_tail->skb_copy_bits] ",
    "cond_num": "1",
    "isControl": "1",
    "t_trace": "[ ACTUAL_IN || PARAMETER_INint ] -> [ FORMAL_IN || PARAMETER_INlen ] -> [ INST || PARAMETER_IN || https://gitlab.flux.utah.edu/xcap/xcap-capability-linux/-/blob/llvm_v4.8/net/core/skbuff.c#L1804 ] -> [ INST || DATA_DEF_USE || https://gitlab.flux.utah.edu/xcap/xcap-capability-linux/-/blob/llvm_v4.8/net/core/skbuff.c#L1804 ] -> [ INST || DATA_ST || https://gitlab.flux.utah.edu/xcap/xcap-capability-linux/-/blob/llvm_v4.8/net/core/skbuff.c#L1765 |   %9 = alloca i32, align 4 ] -> [ INST || DATA_DEF_USE || https://gitlab.flux.utah.edu/xcap/xcap-capability-linux/-/blob/llvm_v4.8/net/core/skbuff.c#L1820 ] -> [ INST || UNKNOWN Edge Type || https://gitlab.flux.utah.edu/xcap/xcap-capability-linux/-/blob/llvm_v4.8/net/core/skbuff.c#L1826 ] -> [ INST || DATA_DEF_USE || https://gitlab.flux.utah.edu/xcap/xcap-capability-linux/-/blob/llvm_v4.8/net/core/skbuff.c#L1826 ] -> [ INST || DATA_DEF_USE || https://gitlab.flux.utah.edu/xcap/xcap-capability-linux/-/blob/llvm_v4.8/net/core/skbuff.c#L1826 ] -> [ INST || DATA_ST || https://gitlab.flux.utah.edu/xcap/xcap-capability-linux/-/blob/llvm_v4.8/net/core/skbuff.c#L1765 |   %8 = alloca i8*, align 8 ] -> [ INST || DATA_DEF_USE || https://gitlab.flux.utah.edu/xcap/xcap-capability-linux/-/blob/llvm_v4.8/net/core/skbuff.c#L1821 ] -> [ ACTUAL_IN || PARAMETER_IN ] -> [ FORMAL_IN || PARAMETER_INto ] -> [ INST || PARAMETER_IN || https://gitlab.flux.utah.edu/xcap/xcap-capability-linux/-/blob/llvm_v4.8/net/core/skbuff.c#L1787 ] -> [ INST || DATA_DEF_USE || https://gitlab.flux.utah.edu/xcap/xcap-capability-linux/-/blob/llvm_v4.8/net/core/skbuff.c#L1787 ] -> [ INST || DATA_DEF_USE || https://gitlab.flux.utah.edu/xcap/xcap-capability-linux/-/blob/llvm_v4.8/net/core/skbuff.c#L1787 ] -> [ INST || DATA_DEF_USE || https://gitlab.flux.utah.edu/xcap/xcap-capability-linux/-/blob/llvm_v4.8/net/core/skbuff.c#L1787 ] -> [ INST || DATA_ST || https://gitlab.flux.utah.edu/xcap/xcap-capability-linux/-/blob/llvm_v4.8/net/core/skbuff.c#L1765 |   %15 = alloca %struct.skb_frag_struct.458*, align 8 ] -> [ INST || DATA_DEF_USE || https://gitlab.flux.utah.edu/xcap/xcap-capability-linux/-/blob/llvm_v4.8/net/core/skbuff.c#L1791 ] -> [ INST || DATA_DEF_USE || https://gitlab.flux.utah.edu/xcap/xcap-capability-linux/-/blob/llvm_v4.8/net/core/skbuff.c#L1791 ] -> [ INST || DATA_DEF_USE || https://gitlab.flux.utah.edu/xcap/xcap-capability-linux/-/blob/llvm_v4.8/net/core/skbuff.c#L1791 ] -> [ INST || DATA_ST || https://gitlab.flux.utah.edu/xcap/xcap-capability-linux/-/blob/llvm_v4.8/net/core/skbuff.c#L1765 |   %14 = alloca i32, align 4 ] -> [ INST || DATA_DEF_USE || https://gitlab.flux.utah.edu/xcap/xcap-capability-linux/-/blob/llvm_v4.8/net/core/skbuff.c#L1809 ] -> [ INST || UNKNOWN Edge Type || https://gitlab.flux.utah.edu/xcap/xcap-capability-linux/-/blob/llvm_v4.8/net/core/skbuff.c#L1821 ] -> [ INST || DATA_DEF_USE || https://gitlab.flux.utah.edu/xcap/xcap-capability-linux/-/blob/llvm_v4.8/net/core/skbuff.c#L1821 ] -> [ ACTUAL_IN || PARAMETER_INint ] -> [ FORMAL_IN || PARAMETER_INoffset ] -> [ INST || PARAMETER_IN || https://gitlab.flux.utah.edu/xcap/xcap-capability-linux/-/blob/llvm_v4.8/net/core/skbuff.c#L1781 ] -> [ INST || DATA_DEF_USE || https://gitlab.flux.utah.edu/xcap/xcap-capability-linux/-/blob/llvm_v4.8/net/core/skbuff.c#L1781 ] -> [ INST || DATA_ST || https://gitlab.flux.utah.edu/xcap/xcap-capability-linux/-/blob/llvm_v4.8/net/core/skbuff.c#L1765 |   %7 = alloca i32, align 4 ] -> [ INST || DATA_DEF_USE || https://gitlab.flux.utah.edu/xcap/xcap-capability-linux/-/blob/llvm_v4.8/net/core/skbuff.c#L1775 ] -> [ INST || DATA_DEF_USE || https://gitlab.flux.utah.edu/xcap/xcap-capability-linux/-/blob/llvm_v4.8/net/core/skbuff.c#L1775 ] -> ",
    "isTrue": "-",
    "atk_reason": "",
    "defense": ""
  },
  {
    "id": "28",
    "risky": "val-sen-api (memcpy)",
    "acc_path": "delta",
    "src": "https://gitlab.flux.utah.edu/xcap/xcap-capability-linux/-/blob/llvm_v4.8/net/core/skbuff.c#L1647",
    "dst": "https://gitlab.flux.utah.edu/xcap/xcap-capability-linux/-/blob/llvm_v4.8/net/core/skbuff.c#L1799",
    "drv caller (param)": "[ aoenet_rcv | https://gitlab.flux.utah.edu/xcap/xcap-capability-linux/-/blob/llvm_v4.8/drivers/block/aoe/aoenet.c#L150 ], ",
    "call path (param)": " [aoenet_rcv->__pskb_pull_tail->skb_copy_bits] ",
    "cond_num": "8",
    "isControl": "0"
  }
]
[
  {
    "id": "29",
    "risky": "val-sen-api (memcpy)",
    "acc_path": "offset",
    "src": "https://gitlab.flux.utah.edu/xcap/xcap-capability-linux/-/blob/llvm_v4.8/net/core/skbuff.c#L1778",
    "dst": "https://gitlab.flux.utah.edu/xcap/xcap-capability-linux/-/blob/llvm_v4.8/./include/linux/skbuff.h#L3125",
    "drv caller (param)": "[ bvcpy | https://gitlab.flux.utah.edu/xcap/xcap-capability-linux/-/blob/llvm_v4.8/drivers/block/aoe/aoecmd.c#L1096 ], ",
    "call path (param)": " [bvcpy->skb_copy_bits->skb_copy_from_linear_data_offset] ",
    "cond_num": "2",
    "isControl": "0"
  },
  {
    "id": "29",
    "risky": "arr-idx",
    "acc_path": "offset",
    "src": "https://gitlab.flux.utah.edu/xcap/xcap-capability-linux/-/blob/llvm_v4.8/net/core/skbuff.c#L1778",
    "dst": "https://gitlab.flux.utah.edu/xcap/xcap-capability-linux/-/blob/llvm_v4.8/./include/linux/skbuff.h#L3125",
    "drv caller (param)": "[ bvcpy | https://gitlab.flux.utah.edu/xcap/xcap-capability-linux/-/blob/llvm_v4.8/drivers/block/aoe/aoecmd.c#L1096 ], ",
    "call path (param)": " [bvcpy->skb_copy_bits->skb_copy_from_linear_data_offset] ",
    "cond_num": "2",
    "isControl": "0"
  }
]
[]
[]
[]
[]
[]
[]
[]
[
  {
    "id": "37",
    "risky": "numeric-arith",
    "acc_path": "nr_bytes",
    "src": "https://gitlab.flux.utah.edu/xcap/xcap-capability-linux/-/blob/llvm_v4.8/block/blk-core.c#L2875",
    "dst": "https://gitlab.flux.utah.edu/xcap/xcap-capability-linux/-/blob/llvm_v4.8/block/blk-core.c#L2630",
    "drv caller (param)": "[ aoe_end_request | https://gitlab.flux.utah.edu/xcap/xcap-capability-linux/-/blob/llvm_v4.8/drivers/block/aoe/aoecmd.c#L1114 ], ",
    "call path (param)": " [aoe_end_request->__blk_end_request->__blk_end_bidi_request->blk_update_bidi_request->blk_update_request] ",
    "cond_num": "12",
    "isControl": "0"
  }
]
[]
[
  {
    "id": "39",
    "risky": "val-sen-api (kmem_cache_alloc)",
    "acc_path": "gfp_mask",
    "src": "https://gitlab.flux.utah.edu/xcap/xcap-capability-linux/-/blob/llvm_v4.8/net/core/skbuff.c#L1061",
    "dst": "https://gitlab.flux.utah.edu/xcap/xcap-capability-linux/-/blob/llvm_v4.8/net/core/skbuff.c#L1061",
    "drv caller (param)": "[ aoecmd_ata_id | https://gitlab.flux.utah.edu/xcap/xcap-capability-linux/-/blob/llvm_v4.8/drivers/block/aoe/aoecmd.c#L1475 ], ",
    "call path (param)": " [aoecmd_ata_id->skb_clone] ",
    "cond_num": "0",
    "isControl": "1",
    "t_trace": "",
    "isTrue": "-",
    "atk_reason": "",
    "defense": ""
  },
  {
    "id": "39",
    "risky": "numeric-arith",
    "acc_path": "gfp_mask",
    "src": "https://gitlab.flux.utah.edu/xcap/xcap-capability-linux/-/blob/llvm_v4.8/net/core/skbuff.c#L1050",
    "dst": "https://gitlab.flux.utah.edu/xcap/xcap-capability-linux/-/blob/llvm_v4.8/./include/linux/gfp.h#L382",
    "drv caller (param)": "[ aoecmd_ata_id | https://gitlab.flux.utah.edu/xcap/xcap-capability-linux/-/blob/llvm_v4.8/drivers/block/aoe/aoecmd.c#L1475 ], ",
    "call path (param)": " [aoecmd_ata_id->skb_clone->skb_orphan_frags.1634->skb_copy_ubufs->alloc_pages_node.1618->__alloc_pages_node.1628->__alloc_pages.1630->__alloc_pages_nodemask->gfp_zone] ",
    "cond_num": "3",
    "isControl": "0"
  }
]
[
  {
    "id": "40",
    "risky": "ptr-arith",
    "acc_path": "element",
    "src": "https://gitlab.flux.utah.edu/xcap/xcap-capability-linux/-/blob/llvm_v4.8/mm/mempool.c#L438",
    "dst": "https://gitlab.flux.utah.edu/xcap/xcap-capability-linux/-/blob/llvm_v4.8/mm/mempool.c#L110",
    "drv caller (param)": "[ aoe_end_buf | https://gitlab.flux.utah.edu/xcap/xcap-capability-linux/-/blob/llvm_v4.8/drivers/block/aoe/aoecmd.c#L1131 ], ",
    "call path (param)": " [aoe_end_buf->mempool_free->add_element->kasan_poison_element] ",
    "drv_update loc (shared field)": "",
    "call path (type)": " [__pskb_pull_tail->skb_clone->skb_orphan_frags.1634->skb_copy_ubufs->alloc_pages_node.1618->__alloc_pages_node.1628->__alloc_pages.1630->__alloc_pages_nodemask->__alloc_pages_slowpath->should_reclaim_retry->schedule_timeout_uninterruptible->schedule_timeout->schedule->sched_submit_work->blk_schedule_flush_plug->blk_flush_plug_list->__blk_end_request_all->__blk_end_bidi_request->blk_finish_request->__blk_put_request->blk_free_request->mempool_free->add_element->kasan_poison_element] ",
    "cond_num": "5",
    "isControl": "0"
  },
  {
    "id": "40",
    "risky": "ptr-sen-api (kfree)",
    "acc_path": "element",
    "src": "https://gitlab.flux.utah.edu/xcap/xcap-capability-linux/-/blob/llvm_v4.8/mm/mempool.c#L438",
    "dst": "https://gitlab.flux.utah.edu/xcap/xcap-capability-linux/-/blob/llvm_v4.8/mm/mempool.c#L108",
    "drv caller (param)": "[ aoe_end_buf | https://gitlab.flux.utah.edu/xcap/xcap-capability-linux/-/blob/llvm_v4.8/drivers/block/aoe/aoecmd.c#L1131 ], ",
    "call path (param)": " [aoe_end_buf->mempool_free->add_element->kasan_poison_element] ",
    "drv_update loc (shared field)": "",
    "call path (type)": " [__pskb_pull_tail->skb_clone->skb_orphan_frags.1634->skb_copy_ubufs->alloc_pages_node.1618->__alloc_pages_node.1628->__alloc_pages.1630->__alloc_pages_nodemask->__alloc_pages_slowpath->should_reclaim_retry->schedule_timeout_uninterruptible->schedule_timeout->schedule->sched_submit_work->blk_schedule_flush_plug->blk_flush_plug_list->__blk_end_request_all->__blk_end_bidi_request->blk_finish_request->__blk_put_request->blk_free_request->mempool_free->add_element->kasan_poison_element] ",
    "cond_num": "4",
    "isControl": "0"
  }
]
[]
[]
[
  {
    "id": "43",
    "risky": "numeric-arith",
    "acc_path": "len",
    "src": "https://gitlab.flux.utah.edu/xcap/xcap-capability-linux/-/blob/llvm_v4.8/net/core/skbuff.c#L1518",
    "dst": "https://gitlab.flux.utah.edu/xcap/xcap-capability-linux/-/blob/llvm_v4.8/./include/linux/skbuff.h#L1885",
    "drv caller (param)": "[ newtframe | https://gitlab.flux.utah.edu/xcap/xcap-capability-linux/-/blob/llvm_v4.8/drivers/block/aoe/aoecmd.c#L245 ], ",
    "call path (param)": " [newtframe->skb_trim->__skb_trim->skb_set_tail_pointer] ",
    "cond_num": "2",
    "isControl": "0"
  }
]
[
  {
    "id": "44",
    "risky": "numeric-arith",
    "acc_path": "len",
    "src": "https://gitlab.flux.utah.edu/xcap/xcap-capability-linux/-/blob/llvm_v4.8/net/core/skbuff.c#L1502",
    "dst": "https://gitlab.flux.utah.edu/xcap/xcap-capability-linux/-/blob/llvm_v4.8/./include/linux/skbuff.h#L1931",
    "drv caller (param)": "[ ktiocomplete | https://gitlab.flux.utah.edu/xcap/xcap-capability-linux/-/blob/llvm_v4.8/drivers/block/aoe/aoecmd.c#L1169 ], ",
    "call path (param)": " [ktiocomplete->skb_pull->skb_pull_inline->__skb_pull.1655] ",
    "cond_num": "1",
    "isControl": "1",
    "t_trace": "[ ACTUAL_IN || PARAMETER_INunsigned int ] -> [ FORMAL_IN || PARAMETER_INlen ] -> [ ACTUAL_IN || PARAMETER_INunsigned int ] -> [ FORMAL_IN || PARAMETER_INlen ] -> [ INST || PARAMETER_IN || https://gitlab.flux.utah.edu/xcap/xcap-capability-linux/-/blob/llvm_v4.8/./include/linux/skbuff.h#L1931 ] -> [ INST || DATA_DEF_USE || https://gitlab.flux.utah.edu/xcap/xcap-capability-linux/-/blob/llvm_v4.8/./include/linux/skbuff.h#L1931 ] -> [ INST || DATA_ST || https://gitlab.flux.utah.edu/xcap/xcap-capability-linux/-/blob/llvm_v4.8/./include/linux/skbuff.h#L1931 ] -> [ INST || DATA_DEF_USE || https://gitlab.flux.utah.edu/xcap/xcap-capability-linux/-/blob/llvm_v4.8/./include/linux/skbuff.h#L1931 ] -> ",
    "isTrue": "-",
    "atk_reason": "",
    "defense": ""
  },
  {
    "id": "44",
    "risky": "arr-idx",
    "acc_path": "len",
    "src": "https://gitlab.flux.utah.edu/xcap/xcap-capability-linux/-/blob/llvm_v4.8/net/core/skbuff.c#L1502",
    "dst": "https://gitlab.flux.utah.edu/xcap/xcap-capability-linux/-/blob/llvm_v4.8/./include/linux/skbuff.h#L1933",
    "drv caller (param)": "[ ktiocomplete | https://gitlab.flux.utah.edu/xcap/xcap-capability-linux/-/blob/llvm_v4.8/drivers/block/aoe/aoecmd.c#L1169 ], ",
    "call path (param)": " [ktiocomplete->skb_pull->skb_pull_inline->__skb_pull.1655] ",
    "cond_num": "3",
    "isControl": "1",
    "t_trace": "[ ACTUAL_IN || PARAMETER_INunsigned int ] -> [ FORMAL_IN || PARAMETER_INlen ] -> [ ACTUAL_IN || PARAMETER_INunsigned int ] -> [ FORMAL_IN || PARAMETER_INlen ] -> [ INST || PARAMETER_IN || https://gitlab.flux.utah.edu/xcap/xcap-capability-linux/-/blob/llvm_v4.8/./include/linux/skbuff.h#L1933 ] -> [ INST || DATA_DEF_USE || https://gitlab.flux.utah.edu/xcap/xcap-capability-linux/-/blob/llvm_v4.8/./include/linux/skbuff.h#L1933 ] -> ",
    "isTrue": "-",
    "atk_reason": "",
    "defense": ""
  }
]
[]
[]
[
  {
    "id": "47",
    "risky": "arr-idx",
    "acc_path": "partno",
    "src": "https://gitlab.flux.utah.edu/xcap/xcap-capability-linux/-/blob/llvm_v4.8/block/genhd.c#L753",
    "dst": "https://gitlab.flux.utah.edu/xcap/xcap-capability-linux/-/blob/llvm_v4.8/block/genhd.c#L74",
    "drv caller (param)": "[ aoecmd_sleepwork | https://gitlab.flux.utah.edu/xcap/xcap-capability-linux/-/blob/llvm_v4.8/drivers/block/aoe/aoecmd.c#L965 ], ",
    "call path (param)": " [aoecmd_sleepwork->aoeblk_gdalloc->add_disk->device_add_disk->register_disk->blkdev_get->bd_start_claiming->bdget_disk->disk_get_part] ",
    "cond_num": "3",
    "isControl": "0"
  },
  {
    "id": "47",
    "risky": "val-sen-api (memcpy)",
    "acc_path": "partno",
    "src": "https://gitlab.flux.utah.edu/xcap/xcap-capability-linux/-/blob/llvm_v4.8/block/genhd.c#L753",
    "dst": "https://gitlab.flux.utah.edu/xcap/xcap-capability-linux/-/blob/llvm_v4.8/./include/linux/compiler.h#L220",
    "drv caller (param)": "[ aoecmd_sleepwork | https://gitlab.flux.utah.edu/xcap/xcap-capability-linux/-/blob/llvm_v4.8/drivers/block/aoe/aoecmd.c#L965 ], ",
    "call path (param)": " [aoecmd_sleepwork->aoeblk_gdalloc->add_disk->device_add_disk->register_disk->blkdev_get->bd_start_claiming->bdget_disk->disk_get_part] ",
    "cond_num": "4",
    "isControl": "0"
  },
  {
    "id": "47",
    "risky": "val-sen-branch (memcpy)",
    "acc_path": "partno",
    "src": "https://gitlab.flux.utah.edu/xcap/xcap-capability-linux/-/blob/llvm_v4.8/block/genhd.c#L753",
    "dst": "https://gitlab.flux.utah.edu/xcap/xcap-capability-linux/-/blob/llvm_v4.8/block/genhd.c#L73",
    "drv caller (param)": "[ aoecmd_sleepwork | https://gitlab.flux.utah.edu/xcap/xcap-capability-linux/-/blob/llvm_v4.8/drivers/block/aoe/aoecmd.c#L965 ], ",
    "call path (param)": " [aoecmd_sleepwork->aoeblk_gdalloc->add_disk->device_add_disk->register_disk->blkdev_get->bd_start_claiming->bdget_disk->disk_get_part] ",
    "cond_num": "2",
    "isControl": "0"
  }
]
[]
[]
[]
[]
[
  {
    "id": "52",
    "risky": "val-sen-api (memcpy)",
    "acc_path": "order",
    "src": "https://gitlab.flux.utah.edu/xcap/xcap-capability-linux/-/blob/llvm_v4.8/mm/page_alloc.c#L3767",
    "dst": "https://gitlab.flux.utah.edu/xcap/xcap-capability-linux/-/blob/llvm_v4.8/./include/linux/compiler.h#L252",
    "drv caller (param)": "[ aoecmd_exit | https://gitlab.flux.utah.edu/xcap/xcap-capability-linux/-/blob/llvm_v4.8/drivers/block/aoe/aoecmd.c#L1824 ], ",
    "call path (param)": " [aoecmd_exit->aoe_flush_iocq->aoe_flush_iocq_by_index->consume_skb->__kfree_skb->skb_release_all->skb_release_data->skb_free_head->skb_free_frag->__free_page_frag->__free_pages_ok->free_one_page->__free_one_page->list_add_tail.1116->__list_add.1118] ",
    "cond_num": "23",
    "isControl": "0"
  },
  {
    "id": "52",
    "risky": "numeric-arith",
    "acc_path": "order",
    "src": "https://gitlab.flux.utah.edu/xcap/xcap-capability-linux/-/blob/llvm_v4.8/mm/page_alloc.c#L3767",
    "dst": "https://gitlab.flux.utah.edu/xcap/xcap-capability-linux/-/blob/llvm_v4.8/mm/page_alloc.c#L808",
    "drv caller (param)": "[ aoecmd_exit | https://gitlab.flux.utah.edu/xcap/xcap-capability-linux/-/blob/llvm_v4.8/drivers/block/aoe/aoecmd.c#L1824 ], ",
    "call path (param)": " [aoecmd_exit->aoe_flush_iocq->aoe_flush_iocq_by_index->consume_skb->__kfree_skb->skb_release_all->skb_release_data->skb_free_head->skb_free_frag->__free_page_frag->__free_pages_ok->free_one_page->__free_one_page] ",
    "cond_num": "21",
    "isControl": "0"
  },
  {
    "id": "52",
    "risky": "arr-idx",
    "acc_path": "order",
    "src": "https://gitlab.flux.utah.edu/xcap/xcap-capability-linux/-/blob/llvm_v4.8/mm/page_alloc.c#L3767",
    "dst": "https://gitlab.flux.utah.edu/xcap/xcap-capability-linux/-/blob/llvm_v4.8/mm/page_alloc.c#L865",
    "drv caller (param)": "[ aoecmd_exit | https://gitlab.flux.utah.edu/xcap/xcap-capability-linux/-/blob/llvm_v4.8/drivers/block/aoe/aoecmd.c#L1824 ], ",
    "call path (param)": " [aoecmd_exit->aoe_flush_iocq->aoe_flush_iocq_by_index->consume_skb->__kfree_skb->skb_release_all->skb_release_data->skb_free_head->skb_free_frag->__free_page_frag->__free_pages_ok->free_one_page->__free_one_page] ",
    "cond_num": "22",
    "isControl": "0"
  },
  {
    "id": "52",
    "risky": "val-sen-branch (memcpy)",
    "acc_path": "order",
    "src": "https://gitlab.flux.utah.edu/xcap/xcap-capability-linux/-/blob/llvm_v4.8/mm/page_alloc.c#L3767",
    "dst": "https://gitlab.flux.utah.edu/xcap/xcap-capability-linux/-/blob/llvm_v4.8/mm/page_alloc.c#L719",
    "drv caller (param)": "[ aoecmd_exit | https://gitlab.flux.utah.edu/xcap/xcap-capability-linux/-/blob/llvm_v4.8/drivers/block/aoe/aoecmd.c#L1824 ], ",
    "call path (param)": " [aoecmd_exit->aoe_flush_iocq->aoe_flush_iocq_by_index->consume_skb->__kfree_skb->skb_release_all->skb_release_data->skb_free_head->skb_free_frag->__free_page_frag->__free_pages_ok->free_one_page->__free_one_page->page_is_buddy] ",
    "cond_num": "22",
    "isControl": "0"
  }
]
[]
[
  {
    "id": "54",
    "risky": "val-sen-branch (kmem_cache_alloc)",
    "acc_path": "min_nr",
    "src": "https://gitlab.flux.utah.edu/xcap/xcap-capability-linux/-/blob/llvm_v4.8/mm/mempool.c#L178",
    "dst": "https://gitlab.flux.utah.edu/xcap/xcap-capability-linux/-/blob/llvm_v4.8/./include/linux/slab.h#L318",
    "drv caller (param)": "[ aoeblk_gdalloc | https://gitlab.flux.utah.edu/xcap/xcap-capability-linux/-/blob/llvm_v4.8/drivers/block/aoe/aoeblk.c#L378 ], ",
    "call path (param)": " [aoeblk_gdalloc->mempool_create->mempool_create_node] ",
    "cond_num": "29",
    "isControl": "0"
  },
  {
    "id": "54",
    "risky": "val-sen-api (kmalloc)",
    "acc_path": "min_nr",
    "src": "https://gitlab.flux.utah.edu/xcap/xcap-capability-linux/-/blob/llvm_v4.8/mm/mempool.c#L178",
    "dst": "https://gitlab.flux.utah.edu/xcap/xcap-capability-linux/-/blob/llvm_v4.8/./include/linux/slab.h#L359",
    "drv caller (param)": "[ aoeblk_gdalloc | https://gitlab.flux.utah.edu/xcap/xcap-capability-linux/-/blob/llvm_v4.8/drivers/block/aoe/aoeblk.c#L378 ], ",
    "call path (param)": " [aoeblk_gdalloc->mempool_create->mempool_create_node] ",
    "cond_num": "4",
    "isControl": "0"
  },
  {
    "id": "54",
    "risky": "numeric-arith",
    "acc_path": "min_nr",
    "src": "https://gitlab.flux.utah.edu/xcap/xcap-capability-linux/-/blob/llvm_v4.8/mm/mempool.c#L178",
    "dst": "https://gitlab.flux.utah.edu/xcap/xcap-capability-linux/-/blob/llvm_v4.8/mm/mempool.c#L191",
    "drv caller (param)": "[ aoeblk_gdalloc | https://gitlab.flux.utah.edu/xcap/xcap-capability-linux/-/blob/llvm_v4.8/drivers/block/aoe/aoeblk.c#L378 ], ",
    "call path (param)": " [aoeblk_gdalloc->mempool_create->mempool_create_node] ",
    "cond_num": "1",
    "isControl": "0"
  }
]
[]
[]
[]
