[
  {
    "struct name": "device_attribute",
    "No.fields": 3,
    "No.classified fields": 2,
    "FUNC_PTR": 2
  }
]
[
  {
    "struct name": "i2c_board_info",
    "No.fields": 8,
    "No.classified fields": 0
  }
]
[
  {
    "struct name": "device",
    "No.fields": 35,
    "No.classified fields": 0
  }
]
[
  {
    "struct name": "i2c_device_id",
    "No.fields": 2,
    "No.classified fields": 0
  }
]
[
  {
    "struct name": "i2c_algorithm",
    "No.fields": 3,
    "No.classified fields": 0
  }
]
[
  {
    "struct name": "i2c_adapter",
    "No.fields": 19,
    "No.classified fields": 0
  }
]
[
  {
    "struct name": "i2c_client",
    "No.fields": 7,
    "No.classified fields": 0
  }
]
[
  {
    "struct name": "static_key",
    "No.fields": 3,
    "No.classified fields": 0
  }
]
