[]
[
  {
    "id": "1",
    "risky": "val-sen-api (kmalloc)",
    "acc_path": "size",
    "src": "https://gitlab.flux.utah.edu/xcap/xcap-capability-linux/-/blob/llvm_v4.8/mm/slab_common.c#L1018",
    "dst": "https://gitlab.flux.utah.edu/xcap/xcap-capability-linux/-/blob/llvm_v4.8/mm/slab_common.c#L1018",
    "drv caller (param)": "[ rndis_bind | https://gitlab.flux.utah.edu/xcap/xcap-capability-linux/-/blob/llvm_v4.8/./include/linux/slab.h#L415 ], ",
    "call path (param)": " [rndis_bind->kzalloc->kmalloc_order] ",
    "cond_num": "0",
    "isControl": "1",
    "t_trace": "",
    "isTrue": "-",
    "atk_reason": "",
    "defense": ""
  }
]
[
  {
    "id": "2",
    "risky": "val-sen-api (kmalloc)",
    "acc_path": "flags",
    "src": "https://gitlab.flux.utah.edu/xcap/xcap-capability-linux/-/blob/llvm_v4.8/mm/slab_common.c#L1018",
    "dst": "https://gitlab.flux.utah.edu/xcap/xcap-capability-linux/-/blob/llvm_v4.8/mm/slab_common.c#L1018",
    "drv caller (param)": "[ rndis_bind | https://gitlab.flux.utah.edu/xcap/xcap-capability-linux/-/blob/llvm_v4.8/./include/linux/slab.h#L415 ], ",
    "call path (param)": " [rndis_bind->kzalloc->kmalloc_order] ",
    "cond_num": "0",
    "isControl": "1",
    "t_trace": "",
    "isTrue": "-",
    "atk_reason": "",
    "defense": ""
  }
]
[]
[
  {
    "id": "4",
    "risky": "numeric-arith",
    "acc_path": "len",
    "src": "https://gitlab.flux.utah.edu/xcap/xcap-capability-linux/-/blob/llvm_v4.8/net/core/skbuff.c#L1518",
    "dst": "https://gitlab.flux.utah.edu/xcap/xcap-capability-linux/-/blob/llvm_v4.8/./include/linux/skbuff.h#L1885",
    "drv caller (param)": "[ rndis_rm_hdr | https://gitlab.flux.utah.edu/xcap/xcap-capability-linux/-/blob/llvm_v4.8/drivers/usb/gadget/function/rndis.c#L1080 ], ",
    "call path (param)": " [rndis_rm_hdr->skb_trim->__skb_trim->skb_set_tail_pointer] ",
    "cond_num": "2",
    "isControl": "0"
  }
]
[
  {
    "id": "5",
    "risky": "numeric-arith",
    "acc_path": "len",
    "src": "https://gitlab.flux.utah.edu/xcap/xcap-capability-linux/-/blob/llvm_v4.8/net/core/skbuff.c#L1502",
    "dst": "https://gitlab.flux.utah.edu/xcap/xcap-capability-linux/-/blob/llvm_v4.8/./include/linux/skbuff.h#L1931",
    "drv caller (param)": "[ rndis_rm_hdr | https://gitlab.flux.utah.edu/xcap/xcap-capability-linux/-/blob/llvm_v4.8/drivers/usb/gadget/function/rndis.c#L1076 ], ",
    "call path (param)": " [rndis_rm_hdr->skb_pull->skb_pull_inline->__skb_pull.424] ",
    "cond_num": "1",
    "isControl": "1",
    "t_trace": "[ ACTUAL_IN || PARAMETER_INunsigned int ] -> [ FORMAL_IN || PARAMETER_INlen ] -> [ ACTUAL_IN || PARAMETER_INunsigned int ] -> [ FORMAL_IN || PARAMETER_INlen ] -> [ INST || PARAMETER_IN || https://gitlab.flux.utah.edu/xcap/xcap-capability-linux/-/blob/llvm_v4.8/./include/linux/skbuff.h#L1931 ] -> [ INST || DATA_DEF_USE || https://gitlab.flux.utah.edu/xcap/xcap-capability-linux/-/blob/llvm_v4.8/./include/linux/skbuff.h#L1931 ] -> [ INST || DATA_ST || https://gitlab.flux.utah.edu/xcap/xcap-capability-linux/-/blob/llvm_v4.8/./include/linux/skbuff.h#L1931 ] -> [ INST || DATA_DEF_USE || https://gitlab.flux.utah.edu/xcap/xcap-capability-linux/-/blob/llvm_v4.8/./include/linux/skbuff.h#L1931 ] -> ",
    "isTrue": "-",
    "atk_reason": "",
    "defense": ""
  },
  {
    "id": "5",
    "risky": "arr-idx",
    "acc_path": "len",
    "src": "https://gitlab.flux.utah.edu/xcap/xcap-capability-linux/-/blob/llvm_v4.8/net/core/skbuff.c#L1502",
    "dst": "https://gitlab.flux.utah.edu/xcap/xcap-capability-linux/-/blob/llvm_v4.8/./include/linux/skbuff.h#L1933",
    "drv caller (param)": "[ rndis_rm_hdr | https://gitlab.flux.utah.edu/xcap/xcap-capability-linux/-/blob/llvm_v4.8/drivers/usb/gadget/function/rndis.c#L1076 ], ",
    "call path (param)": " [rndis_rm_hdr->skb_pull->skb_pull_inline->__skb_pull.424] ",
    "cond_num": "3",
    "isControl": "0"
  }
]
[]
[
  {
    "id": "7",
    "risky": "val-sen-branch (memcpy)",
    "acc_path": "id",
    "src": "https://gitlab.flux.utah.edu/xcap/xcap-capability-linux/-/blob/llvm_v4.8/lib/idr.c#L1129",
    "dst": "https://gitlab.flux.utah.edu/xcap/xcap-capability-linux/-/blob/llvm_v4.8/lib/idr.c#L147",
    "drv caller (param)": "[ rndis_put_nr | https://gitlab.flux.utah.edu/xcap/xcap-capability-linux/-/blob/llvm_v4.8/drivers/usb/gadget/function/rndis.c#L875 ], ",
    "call path (param)": " [rndis_put_nr->ida_simple_remove->ida_remove->idr_remove->sub_remove->free_layer] ",
    "cond_num": "11",
    "isControl": "0"
  },
  {
    "id": "7",
    "risky": "numeric-arith",
    "acc_path": "id",
    "src": "https://gitlab.flux.utah.edu/xcap/xcap-capability-linux/-/blob/llvm_v4.8/lib/idr.c#L1129",
    "dst": "https://gitlab.flux.utah.edu/xcap/xcap-capability-linux/-/blob/llvm_v4.8/lib/idr.c#L531",
    "drv caller (param)": "[ rndis_put_nr | https://gitlab.flux.utah.edu/xcap/xcap-capability-linux/-/blob/llvm_v4.8/drivers/usb/gadget/function/rndis.c#L875 ], ",
    "call path (param)": " [rndis_put_nr->ida_simple_remove->ida_remove->idr_remove->sub_remove] ",
    "cond_num": "11",
    "isControl": "0"
  },
  {
    "id": "7",
    "risky": "arr-idx",
    "acc_path": "id",
    "src": "https://gitlab.flux.utah.edu/xcap/xcap-capability-linux/-/blob/llvm_v4.8/lib/idr.c#L1129",
    "dst": "https://gitlab.flux.utah.edu/xcap/xcap-capability-linux/-/blob/llvm_v4.8/lib/idr.c#L529",
    "drv caller (param)": "[ rndis_put_nr | https://gitlab.flux.utah.edu/xcap/xcap-capability-linux/-/blob/llvm_v4.8/drivers/usb/gadget/function/rndis.c#L875 ], ",
    "call path (param)": " [rndis_put_nr->ida_simple_remove->ida_remove->idr_remove->sub_remove] ",
    "cond_num": "9",
    "isControl": "0"
  },
  {
    "id": "7",
    "risky": "val-sen-api (kfree)",
    "acc_path": "id",
    "src": "https://gitlab.flux.utah.edu/xcap/xcap-capability-linux/-/blob/llvm_v4.8/lib/idr.c#L1129",
    "dst": "https://gitlab.flux.utah.edu/xcap/xcap-capability-linux/-/blob/llvm_v4.8/lib/idr.c#L881",
    "drv caller (param)": "[ rndis_put_nr | https://gitlab.flux.utah.edu/xcap/xcap-capability-linux/-/blob/llvm_v4.8/drivers/usb/gadget/function/rndis.c#L875 ], ",
    "call path (param)": " [rndis_put_nr->ida_simple_remove->ida_remove->free_bitmap] ",
    "cond_num": "3",
    "isControl": "0"
  }
]
[
  {
    "id": "8",
    "risky": "numeric-arith",
    "acc_path": "start",
    "src": "https://gitlab.flux.utah.edu/xcap/xcap-capability-linux/-/blob/llvm_v4.8/lib/idr.c#L1100",
    "dst": "https://gitlab.flux.utah.edu/xcap/xcap-capability-linux/-/blob/llvm_v4.8/lib/idr.c#L263",
    "drv caller (param)": "[ rndis_get_nr | https://gitlab.flux.utah.edu/xcap/xcap-capability-linux/-/blob/llvm_v4.8/drivers/usb/gadget/function/rndis.c#L870 ], ",
    "call path (param)": " [rndis_get_nr->ida_simple_get->ida_get_new_above->idr_get_empty_slot->sub_alloc] ",
    "cond_num": "12",
    "isControl": "0"
  },
  {
    "id": "8",
    "risky": "val-sen-api (memset)",
    "acc_path": "start",
    "src": "https://gitlab.flux.utah.edu/xcap/xcap-capability-linux/-/blob/llvm_v4.8/lib/idr.c#L1100",
    "dst": "https://gitlab.flux.utah.edu/xcap/xcap-capability-linux/-/blob/llvm_v4.8/lib/idr.c#L965",
    "drv caller (param)": "[ rndis_get_nr | https://gitlab.flux.utah.edu/xcap/xcap-capability-linux/-/blob/llvm_v4.8/drivers/usb/gadget/function/rndis.c#L870 ], ",
    "call path (param)": " [rndis_get_nr->ida_simple_get->ida_get_new_above] ",
    "cond_num": "5",
    "isControl": "0"
  },
  {
    "id": "8",
    "risky": "val-sen-branch (memcpy)",
    "acc_path": "start",
    "src": "https://gitlab.flux.utah.edu/xcap/xcap-capability-linux/-/blob/llvm_v4.8/lib/idr.c#L1100",
    "dst": "https://gitlab.flux.utah.edu/xcap/xcap-capability-linux/-/blob/llvm_v4.8/lib/idr.c#L245",
    "drv caller (param)": "[ rndis_get_nr | https://gitlab.flux.utah.edu/xcap/xcap-capability-linux/-/blob/llvm_v4.8/drivers/usb/gadget/function/rndis.c#L870 ], ",
    "call path (param)": " [rndis_get_nr->ida_simple_get->ida_get_new_above->idr_get_empty_slot->sub_alloc] ",
    "cond_num": "11",
    "isControl": "0"
  },
  {
    "id": "8",
    "risky": "arr-idx",
    "acc_path": "start",
    "src": "https://gitlab.flux.utah.edu/xcap/xcap-capability-linux/-/blob/llvm_v4.8/lib/idr.c#L1100",
    "dst": "https://gitlab.flux.utah.edu/xcap/xcap-capability-linux/-/blob/llvm_v4.8/lib/idr.c#L955",
    "drv caller (param)": "[ rndis_get_nr | https://gitlab.flux.utah.edu/xcap/xcap-capability-linux/-/blob/llvm_v4.8/drivers/usb/gadget/function/rndis.c#L870 ], ",
    "call path (param)": " [rndis_get_nr->ida_simple_get->ida_get_new_above] ",
    "cond_num": "3",
    "isControl": "0"
  }
]
[]
[
  {
    "id": "10",
    "risky": "val-sen-api (kmalloc)",
    "acc_path": "gfp_mask",
    "src": "https://gitlab.flux.utah.edu/xcap/xcap-capability-linux/-/blob/llvm_v4.8/lib/idr.c#L1096",
    "dst": "https://gitlab.flux.utah.edu/xcap/xcap-capability-linux/-/blob/llvm_v4.8/./include/linux/slab.h#L391",
    "drv caller (param)": "[ rndis_get_nr | https://gitlab.flux.utah.edu/xcap/xcap-capability-linux/-/blob/llvm_v4.8/drivers/usb/gadget/function/rndis.c#L870 ], ",
    "call path (param)": " [rndis_get_nr->ida_simple_get->ida_pre_get] ",
    "cond_num": "8",
    "isControl": "0"
  },
  {
    "id": "10",
    "risky": "val-sen-branch (kmem_cache_alloc)",
    "acc_path": "gfp_mask",
    "src": "https://gitlab.flux.utah.edu/xcap/xcap-capability-linux/-/blob/llvm_v4.8/lib/idr.c#L1096",
    "dst": "https://gitlab.flux.utah.edu/xcap/xcap-capability-linux/-/blob/llvm_v4.8/./include/linux/slab.h#L484",
    "drv caller (param)": "[ rndis_get_nr | https://gitlab.flux.utah.edu/xcap/xcap-capability-linux/-/blob/llvm_v4.8/drivers/usb/gadget/function/rndis.c#L870 ], ",
    "call path (param)": " [rndis_get_nr->ida_simple_get->ida_pre_get] ",
    "cond_num": "4",
    "isControl": "0"
  }
]
