[]
[]
[
  {
    "id": "12",
    "risky": "numeric-arith",
    "acc_path": "n_layers",
    "src": "https://gitlab.flux.utah.edu/xcap/xcap-capability-linux/-/blob/llvm_v4.8/drivers/edac/edac_mc.c#L306",
    "dst": "https://gitlab.flux.utah.edu/xcap/xcap-capability-linux/-/blob/llvm_v4.8/drivers/edac/edac_mc.c#L180",
    "drv caller (param)": "[ skx_register_mci | https://gitlab.flux.utah.edu/xcap/xcap-capability-linux/-/blob/llvm_v4.8/drivers/edac/skx_edac.c#L455 ], ",
    "call path (param)": " [skx_register_mci->edac_mc_alloc->edac_align_ptr] ",
    "cond_num": "2",
    "isControl": "0"
  },
  {
    "id": "12",
    "risky": "arr-idx",
    "acc_path": "n_layers",
    "src": "https://gitlab.flux.utah.edu/xcap/xcap-capability-linux/-/blob/llvm_v4.8/drivers/edac/edac_mc.c#L306",
    "dst": "https://gitlab.flux.utah.edu/xcap/xcap-capability-linux/-/blob/llvm_v4.8/drivers/edac/edac_mc.c#L180",
    "drv caller (param)": "[ skx_register_mci | https://gitlab.flux.utah.edu/xcap/xcap-capability-linux/-/blob/llvm_v4.8/drivers/edac/skx_edac.c#L455 ], ",
    "call path (param)": " [skx_register_mci->edac_mc_alloc->edac_align_ptr] ",
    "cond_num": "2",
    "isControl": "0"
  }
]
[
  {
    "id": "13",
    "risky": "arr-idx",
    "acc_path": "sz_pvt",
    "src": "https://gitlab.flux.utah.edu/xcap/xcap-capability-linux/-/blob/llvm_v4.8/drivers/edac/edac_mc.c#L316",
    "dst": "https://gitlab.flux.utah.edu/xcap/xcap-capability-linux/-/blob/llvm_v4.8/drivers/edac/edac_mc.c#L180",
    "drv caller (param)": "[ skx_register_mci | https://gitlab.flux.utah.edu/xcap/xcap-capability-linux/-/blob/llvm_v4.8/drivers/edac/skx_edac.c#L455 ], ",
    "call path (param)": " [skx_register_mci->edac_mc_alloc->edac_align_ptr] ",
    "cond_num": "4",
    "isControl": "0"
  },
  {
    "id": "13",
    "risky": "numeric-arith",
    "acc_path": "sz_pvt",
    "src": "https://gitlab.flux.utah.edu/xcap/xcap-capability-linux/-/blob/llvm_v4.8/drivers/edac/edac_mc.c#L316",
    "dst": "https://gitlab.flux.utah.edu/xcap/xcap-capability-linux/-/blob/llvm_v4.8/drivers/edac/edac_mc.c#L180",
    "drv caller (param)": "[ skx_register_mci | https://gitlab.flux.utah.edu/xcap/xcap-capability-linux/-/blob/llvm_v4.8/drivers/edac/skx_edac.c#L455 ], ",
    "call path (param)": " [skx_register_mci->edac_mc_alloc->edac_align_ptr] ",
    "cond_num": "4",
    "isControl": "0"
  }
]
[]
[]
[]
[]
[]
[]
[]
[]
[]
[]
[
  {
    "id": "24",
    "risky": "ptr-sen-api (strcpy)",
    "acc_path": "msg",
    "src": "https://gitlab.flux.utah.edu/xcap/xcap-capability-linux/-/blob/llvm_v4.8/drivers/edac/edac_mc.c#L1256",
    "dst": "https://gitlab.flux.utah.edu/xcap/xcap-capability-linux/-/blob/llvm_v4.8/drivers/edac/edac_mc.c#L1197",
    "drv caller (param)": "[ skx_mce_output_error | https://gitlab.flux.utah.edu/xcap/xcap-capability-linux/-/blob/llvm_v4.8/drivers/edac/skx_edac.c#L959 ], ",
    "call path (param)": " [skx_mce_output_error->edac_mc_handle_error] ",
    "cond_num": "0",
    "isControl": "1",
    "t_trace": "",
    "isTrue": "-",
    "atk_reason": "",
    "defense": ""
  },
  {
    "id": "24",
    "risky": "ptr-array",
    "acc_path": "msg",
    "src": "https://gitlab.flux.utah.edu/xcap/xcap-capability-linux/-/blob/llvm_v4.8/drivers/edac/edac_mc.c#L1256",
    "dst": "https://gitlab.flux.utah.edu/xcap/xcap-capability-linux/-/blob/llvm_v4.8/drivers/edac/edac_mc.c#L1195",
    "drv caller (param)": "[ skx_mce_output_error | https://gitlab.flux.utah.edu/xcap/xcap-capability-linux/-/blob/llvm_v4.8/drivers/edac/skx_edac.c#L959 ], ",
    "call path (param)": " [skx_mce_output_error->edac_mc_handle_error] ",
    "cond_num": "0",
    "isControl": "1",
    "t_trace": "",
    "isTrue": "-",
    "atk_reason": "",
    "defense": ""
  },
  {
    "id": "24",
    "risky": "ptr-arith",
    "acc_path": "msg",
    "src": "https://gitlab.flux.utah.edu/xcap/xcap-capability-linux/-/blob/llvm_v4.8/drivers/edac/edac_mc.c#L1256",
    "dst": "https://gitlab.flux.utah.edu/xcap/xcap-capability-linux/-/blob/llvm_v4.8/drivers/edac/edac_mc.c#L1195",
    "drv caller (param)": "[ skx_mce_output_error | https://gitlab.flux.utah.edu/xcap/xcap-capability-linux/-/blob/llvm_v4.8/drivers/edac/skx_edac.c#L959 ], ",
    "call path (param)": " [skx_mce_output_error->edac_mc_handle_error] ",
    "cond_num": "0",
    "isControl": "1",
    "t_trace": "",
    "isTrue": "-",
    "atk_reason": "",
    "defense": ""
  },
  {
    "id": "24",
    "risky": "ptr-sen-branch (strcpy)",
    "acc_path": "msg",
    "src": "https://gitlab.flux.utah.edu/xcap/xcap-capability-linux/-/blob/llvm_v4.8/drivers/edac/edac_mc.c#L1256",
    "dst": "https://gitlab.flux.utah.edu/xcap/xcap-capability-linux/-/blob/llvm_v4.8/drivers/edac/edac_mc.c#L1193",
    "drv caller (param)": "[ skx_mce_output_error | https://gitlab.flux.utah.edu/xcap/xcap-capability-linux/-/blob/llvm_v4.8/drivers/edac/skx_edac.c#L959 ], ",
    "call path (param)": " [skx_mce_output_error->edac_mc_handle_error] ",
    "cond_num": "0",
    "isControl": "1",
    "t_trace": "",
    "isTrue": "-",
    "atk_reason": "",
    "defense": ""
  },
  {
    "id": "24",
    "risky": "ptr-write",
    "acc_path": "msg",
    "src": "https://gitlab.flux.utah.edu/xcap/xcap-capability-linux/-/blob/llvm_v4.8/drivers/edac/edac_mc.c#L1256",
    "dst": "https://gitlab.flux.utah.edu/xcap/xcap-capability-linux/-/blob/llvm_v4.8/drivers/edac/edac_mc.c#L1199",
    "drv caller (param)": "[ skx_mce_output_error | https://gitlab.flux.utah.edu/xcap/xcap-capability-linux/-/blob/llvm_v4.8/drivers/edac/skx_edac.c#L959 ], ",
    "call path (param)": " [skx_mce_output_error->edac_mc_handle_error] ",
    "cond_num": "0",
    "isControl": "1",
    "t_trace": "",
    "isTrue": "-",
    "atk_reason": "",
    "defense": ""
  },
  {
    "id": "24",
    "risky": "ptr-read",
    "acc_path": "msg",
    "src": "https://gitlab.flux.utah.edu/xcap/xcap-capability-linux/-/blob/llvm_v4.8/drivers/edac/edac_mc.c#L1256",
    "dst": "https://gitlab.flux.utah.edu/xcap/xcap-capability-linux/-/blob/llvm_v4.8/drivers/edac/edac_mc.c#L1187",
    "drv caller (param)": "[ skx_mce_output_error | https://gitlab.flux.utah.edu/xcap/xcap-capability-linux/-/blob/llvm_v4.8/drivers/edac/skx_edac.c#L959 ], ",
    "call path (param)": " [skx_mce_output_error->edac_mc_handle_error] ",
    "cond_num": "0",
    "isControl": "1",
    "t_trace": "",
    "isTrue": "-",
    "atk_reason": "",
    "defense": ""
  }
]
