[
  {
    "id": "10",
    "risky": "val-sen-api (memcpy)",
    "acc_path": "order",
    "src": "https://gitlab.flux.utah.edu/xcap/xcap-capability-linux/-/blob/llvm_v4.8/mm/page_alloc.c#L3757",
    "dst": "https://gitlab.flux.utah.edu/xcap/xcap-capability-linux/-/blob/llvm_v4.8/./include/linux/compiler.h#L252",
    "drv caller (param)": "[ brd_insert_page | https://gitlab.flux.utah.edu/xcap/xcap-capability-linux/-/blob/llvm_v4.8/drivers/block/brd.c#L125 ], ",
    "call path (param)": " [brd_insert_page->__free_pages->free_hot_cold_page->free_one_page->__free_one_page->list_add_tail.440->__list_add.442] ",
    "cond_num": "21",
    "isControl": "0"
  },
  {
    "id": "10",
    "risky": "numeric-arith",
    "acc_path": "order",
    "src": "https://gitlab.flux.utah.edu/xcap/xcap-capability-linux/-/blob/llvm_v4.8/mm/page_alloc.c#L3757",
    "dst": "https://gitlab.flux.utah.edu/xcap/xcap-capability-linux/-/blob/llvm_v4.8/mm/page_alloc.c#L808",
    "drv caller (param)": "[ brd_insert_page | https://gitlab.flux.utah.edu/xcap/xcap-capability-linux/-/blob/llvm_v4.8/drivers/block/brd.c#L125 ], ",
    "call path (param)": " [brd_insert_page->__free_pages->free_hot_cold_page->free_one_page->__free_one_page] ",
    "cond_num": "19",
    "isControl": "0"
  },
  {
    "id": "10",
    "risky": "arr-idx",
    "acc_path": "order",
    "src": "https://gitlab.flux.utah.edu/xcap/xcap-capability-linux/-/blob/llvm_v4.8/mm/page_alloc.c#L3757",
    "dst": "https://gitlab.flux.utah.edu/xcap/xcap-capability-linux/-/blob/llvm_v4.8/mm/page_alloc.c#L860",
    "drv caller (param)": "[ brd_insert_page | https://gitlab.flux.utah.edu/xcap/xcap-capability-linux/-/blob/llvm_v4.8/drivers/block/brd.c#L125 ], ",
    "call path (param)": " [brd_insert_page->__free_pages->free_hot_cold_page->free_one_page->__free_one_page] ",
    "cond_num": "20",
    "isControl": "0"
  },
  {
    "id": "10",
    "risky": "val-sen-branch (memcpy)",
    "acc_path": "order",
    "src": "https://gitlab.flux.utah.edu/xcap/xcap-capability-linux/-/blob/llvm_v4.8/mm/page_alloc.c#L3757",
    "dst": "https://gitlab.flux.utah.edu/xcap/xcap-capability-linux/-/blob/llvm_v4.8/mm/page_alloc.c#L991",
    "drv caller (param)": "[ brd_insert_page | https://gitlab.flux.utah.edu/xcap/xcap-capability-linux/-/blob/llvm_v4.8/drivers/block/brd.c#L125 ], ",
    "call path (param)": " [brd_insert_page->__free_pages->__free_pages_ok] ",
    "cond_num": "0",
    "isControl": "1",
    "t_trace": "[ ACTUAL_IN || PARAMETER_INunsigned int ] -> [ FORMAL_IN || PARAMETER_INorder ] -> [ INST || PARAMETER_IN || https://gitlab.flux.utah.edu/xcap/xcap-capability-linux/-/blob/llvm_v4.8/mm/page_alloc.c#L1227 ] -> [ INST || UNKNOWN Edge Type || https://gitlab.flux.utah.edu/xcap/xcap-capability-linux/-/blob/llvm_v4.8/mm/page_alloc.c#L991 ] -> ",
    "isTrue": "-",
    "atk_reason": "",
    "defense": ""
  }
]
[]
[]
[]
[]
[
  {
    "id": "15",
    "risky": "arr-idx",
    "acc_path": "index",
    "src": "https://gitlab.flux.utah.edu/xcap/xcap-capability-linux/-/blob/llvm_v4.8/lib/radix-tree.c#L745",
    "dst": "https://gitlab.flux.utah.edu/xcap/xcap-capability-linux/-/blob/llvm_v4.8/lib/radix-tree.c#L104",
    "drv caller (param)": "[ brd_insert_page | https://gitlab.flux.utah.edu/xcap/xcap-capability-linux/-/blob/llvm_v4.8/drivers/block/brd.c#L126 ], ",
    "call path (param)": " [brd_insert_page->radix_tree_insert->__radix_tree_insert->__radix_tree_create->radix_tree_descend] ",
    "cond_num": "3",
    "isControl": "0"
  },
  {
    "id": "15",
    "risky": "val-sen-api (memcpy)",
    "acc_path": "index",
    "src": "https://gitlab.flux.utah.edu/xcap/xcap-capability-linux/-/blob/llvm_v4.8/lib/radix-tree.c#L745",
    "dst": "https://gitlab.flux.utah.edu/xcap/xcap-capability-linux/-/blob/llvm_v4.8/./include/linux/compiler.h#L220",
    "drv caller (param)": "[ brd_insert_page | https://gitlab.flux.utah.edu/xcap/xcap-capability-linux/-/blob/llvm_v4.8/drivers/block/brd.c#L126 ], ",
    "call path (param)": " [brd_insert_page->radix_tree_insert->__radix_tree_insert->__radix_tree_create->radix_tree_descend] ",
    "cond_num": "4",
    "isControl": "0"
  }
]
[]
[]
[
  {
    "id": "18",
    "risky": "val-sen-api (kmem_cache_alloc)",
    "acc_path": "gfp_mask",
    "src": "https://gitlab.flux.utah.edu/xcap/xcap-capability-linux/-/blob/llvm_v4.8/lib/radix-tree.c#L395",
    "dst": "https://gitlab.flux.utah.edu/xcap/xcap-capability-linux/-/blob/llvm_v4.8/lib/radix-tree.c#L364",
    "drv caller (param)": "[ brd_insert_page | https://gitlab.flux.utah.edu/xcap/xcap-capability-linux/-/blob/llvm_v4.8/drivers/block/brd.c#L116 ], ",
    "call path (param)": " [brd_insert_page->radix_tree_preload->__radix_tree_preload] ",
    "cond_num": "1",
    "isControl": "0"
  }
]
[
  {
    "id": "19",
    "risky": "val-sen-api (memcpy)",
    "acc_path": "index",
    "src": "https://gitlab.flux.utah.edu/xcap/xcap-capability-linux/-/blob/llvm_v4.8/lib/radix-tree.c#L1582",
    "dst": "https://gitlab.flux.utah.edu/xcap/xcap-capability-linux/-/blob/llvm_v4.8/./include/linux/compiler.h#L220",
    "drv caller (param)": "[ brd_free_pages | https://gitlab.flux.utah.edu/xcap/xcap-capability-linux/-/blob/llvm_v4.8/drivers/block/brd.c#L181 ], ",
    "call path (param)": " [brd_free_pages->radix_tree_delete->radix_tree_delete_item->__radix_tree_lookup->radix_tree_descend] ",
    "cond_num": "4",
    "isControl": "0"
  },
  {
    "id": "19",
    "risky": "arr-idx",
    "acc_path": "index",
    "src": "https://gitlab.flux.utah.edu/xcap/xcap-capability-linux/-/blob/llvm_v4.8/lib/radix-tree.c#L1582",
    "dst": "https://gitlab.flux.utah.edu/xcap/xcap-capability-linux/-/blob/llvm_v4.8/lib/radix-tree.c#L104",
    "drv caller (param)": "[ brd_free_pages | https://gitlab.flux.utah.edu/xcap/xcap-capability-linux/-/blob/llvm_v4.8/drivers/block/brd.c#L181 ], ",
    "call path (param)": " [brd_free_pages->radix_tree_delete->radix_tree_delete_item->__radix_tree_lookup->radix_tree_descend] ",
    "cond_num": "3",
    "isControl": "0"
  }
]
[
  {
    "id": "20",
    "risky": "val-sen-api (kmem_cache_alloc)",
    "acc_path": "gfp_mask",
    "src": "https://gitlab.flux.utah.edu/xcap/xcap-capability-linux/-/blob/llvm_v4.8/block/blk-core.c#L647",
    "dst": "https://gitlab.flux.utah.edu/xcap/xcap-capability-linux/-/blob/llvm_v4.8/./include/linux/slab.h#L364",
    "drv caller (param)": "[ brd_alloc | https://gitlab.flux.utah.edu/xcap/xcap-capability-linux/-/blob/llvm_v4.8/drivers/block/brd.c#L487 ], ",
    "call path (param)": " [brd_alloc->blk_alloc_queue->blk_alloc_queue_node] ",
    "cond_num": "0",
    "isControl": "1",
    "t_trace": "[ ACTUAL_IN || PARAMETER_INgfp_t ] -> [ FORMAL_IN || PARAMETER_INgfp_mask ] -> [ INST || PARAMETER_IN || https://gitlab.flux.utah.edu/xcap/xcap-capability-linux/-/blob/llvm_v4.8/block/blk-core.c#L698 ] -> [ INST || DATA_DEF_USE || https://gitlab.flux.utah.edu/xcap/xcap-capability-linux/-/blob/llvm_v4.8/block/blk-core.c#L698 ] -> [ INST || DATA_ST || https://gitlab.flux.utah.edu/xcap/xcap-capability-linux/-/blob/llvm_v4.8/block/blk-core.c#L692 |   %7 = alloca i32, align 4 ] -> [ INST || DATA_DEF_USE || https://gitlab.flux.utah.edu/xcap/xcap-capability-linux/-/blob/llvm_v4.8/./include/linux/slab.h#L364 ] -> ",
    "isTrue": "-",
    "atk_reason": "",
    "defense": ""
  }
]
[]
[]
[]
[]
[]
[]
[]
[]
[]
