[
  {
    "struct name": "mutex",
    "No.fields": 5,
    "No.classified fields": 0
  }
]
[
  {
    "struct name": "bio_vec",
    "No.fields": 3,
    "No.classified fields": 0
  }
]
[
  {
    "struct name": "bio",
    "No.fields": 22,
    "No.classified fields": 0
  }
]
[
  {
    "struct name": "request_queue",
    "No.fields": 77,
    "No.classified fields": 0
  }
]
[
  {
    "struct name": "gendisk",
    "No.fields": 20,
    "No.classified fields": 5,
    "PTR_READ": 2,
    "PTR_WRITE": 2,
    "PTR_BUFFER": 1,
    "PTR_ARITH_BASE": 1,
    "NUM_ARITH": 2,
    "CONTROL_SENB_RANCH": 1,
    "SEN_API": 1,
    "UNCLASSIFY": 1
  },
  {
    "id": "0",
    "risky": "numeric-arith",
    "acc_path": "gendisk->major",
    "src": "https://gitlab.flux.utah.edu/xcap/xcap-capability-linux/-/blob/llvm_v4.8/block/genhd.c#L420",
    "dst": "https://gitlab.flux.utah.edu/xcap/xcap-capability-linux/-/blob/llvm_v4.8/block/genhd.c#L420",
    "drv_update loc (shared field)": "[ (brd_alloc)https://gitlab.flux.utah.edu/xcap/xcap-capability-linux/-/blob/llvm_v4.8/drivers/block/brd.c#L513 ], ",
    "call path (type)": "",
    "cond_num": "0",
    "isControl": "1",
    "t_trace": "[ INST || DATA_DEF_USE || https://gitlab.flux.utah.edu/xcap/xcap-capability-linux/-/blob/llvm_v4.8/block/genhd.c#L420 ] -> ",
    "isTrue": "-",
    "atk_reason": "",
    "defense": ""
  },
  {
    "id": "1",
    "risky": "numeric-arith",
    "acc_path": "gendisk->first_minor",
    "src": "https://gitlab.flux.utah.edu/xcap/xcap-capability-linux/-/blob/llvm_v4.8/block/genhd.c#L420",
    "dst": "https://gitlab.flux.utah.edu/xcap/xcap-capability-linux/-/blob/llvm_v4.8/block/genhd.c#L420",
    "drv_update loc (shared field)": "[ (brd_alloc)https://gitlab.flux.utah.edu/xcap/xcap-capability-linux/-/blob/llvm_v4.8/drivers/block/brd.c#L514 ], ",
    "call path (type)": "",
    "cond_num": "0",
    "isControl": "1",
    "t_trace": "[ INST || DATA_DEF_USE || https://gitlab.flux.utah.edu/xcap/xcap-capability-linux/-/blob/llvm_v4.8/block/genhd.c#L420 ] -> ",
    "isTrue": "-",
    "atk_reason": "",
    "defense": ""
  },
  {
    "id": "2",
    "risky": "ptr-read",
    "acc_path": "gendisk->fops",
    "src": "https://gitlab.flux.utah.edu/xcap/xcap-capability-linux/-/blob/llvm_v4.8/fs/block_dev.c#L1172",
    "dst": "https://gitlab.flux.utah.edu/xcap/xcap-capability-linux/-/blob/llvm_v4.8/fs/block_dev.c#L1172",
    "drv caller (param)": "",
    "call path (param)": "",
    "drv_update loc (shared field)": "[ (brd_alloc)https://gitlab.flux.utah.edu/xcap/xcap-capability-linux/-/blob/llvm_v4.8/drivers/block/brd.c#L515 ], ",
    "call path (type)": "",
    "cond_num": "0",
    "isControl": "1",
    "t_trace": "[ INST || DATA_DEF_USE || https://gitlab.flux.utah.edu/xcap/xcap-capability-linux/-/blob/llvm_v4.8/fs/block_dev.c#L1172 ] -> [ INST || DATA_DEF_USE || https://gitlab.flux.utah.edu/xcap/xcap-capability-linux/-/blob/llvm_v4.8/fs/block_dev.c#L1172 ] -> ",
    "isTrue": "-",
    "atk_reason": "",
    "defense": ""
  },
  {
    "id": "2",
    "risky": "ptr-write",
    "acc_path": "gendisk->fops",
    "src": "https://gitlab.flux.utah.edu/xcap/xcap-capability-linux/-/blob/llvm_v4.8/fs/block_dev.c#L411",
    "dst": "https://gitlab.flux.utah.edu/xcap/xcap-capability-linux/-/blob/llvm_v4.8/fs/block_dev.c#L408 |   %8 = alloca %struct.block_device_operations.1036*, align 8",
    "drv caller (param)": "",
    "call path (param)": "",
    "drv_update loc (shared field)": "[ (brd_alloc)https://gitlab.flux.utah.edu/xcap/xcap-capability-linux/-/blob/llvm_v4.8/drivers/block/brd.c#L515 ], ",
    "call path (type)": "",
    "cond_num": "0",
    "isControl": "1",
    "t_trace": "[ INST || DATA_DEF_USE || https://gitlab.flux.utah.edu/xcap/xcap-capability-linux/-/blob/llvm_v4.8/fs/block_dev.c#L411 ] -> [ INST || DATA_ST || https://gitlab.flux.utah.edu/xcap/xcap-capability-linux/-/blob/llvm_v4.8/fs/block_dev.c#L408 |   %8 = alloca %struct.block_device_operations.1036*, align 8 ] -> ",
    "isTrue": "-",
    "atk_reason": "",
    "defense": ""
  },
  {
    "id": "2",
    "risky": "ptr-sen-branch (memcpy)",
    "acc_path": "gendisk->fops",
    "src": "https://gitlab.flux.utah.edu/xcap/xcap-capability-linux/-/blob/llvm_v4.8/block/genhd.c#L1815",
    "dst": "https://gitlab.flux.utah.edu/xcap/xcap-capability-linux/-/blob/llvm_v4.8/block/genhd.c#L1815",
    "drv caller (param)": "",
    "call path (param)": "",
    "drv_update loc (shared field)": "[ (brd_alloc)https://gitlab.flux.utah.edu/xcap/xcap-capability-linux/-/blob/llvm_v4.8/drivers/block/brd.c#L515 ], ",
    "call path (type)": "",
    "cond_num": "0",
    "isControl": "1",
    "t_trace": "[ INST || DATA_DEF_USE || https://gitlab.flux.utah.edu/xcap/xcap-capability-linux/-/blob/llvm_v4.8/block/genhd.c#L1815 ] -> [ INST || DATA_DEF_USE || https://gitlab.flux.utah.edu/xcap/xcap-capability-linux/-/blob/llvm_v4.8/block/genhd.c#L1815 ] -> [ INST || DATA_DEF_USE || https://gitlab.flux.utah.edu/xcap/xcap-capability-linux/-/blob/llvm_v4.8/block/genhd.c#L1815 ] -> ",
    "isTrue": "-",
    "atk_reason": "",
    "defense": ""
  },
  {
    "id": "3",
    "risky": "ptr-read",
    "acc_path": "gendisk->queue",
    "src": "https://gitlab.flux.utah.edu/xcap/xcap-capability-linux/-/blob/llvm_v4.8/block/genhd.c#L996",
    "dst": "https://gitlab.flux.utah.edu/xcap/xcap-capability-linux/-/blob/llvm_v4.8/block/genhd.c#L996",
    "drv_update loc (shared field)": "[ (brd_alloc)https://gitlab.flux.utah.edu/xcap/xcap-capability-linux/-/blob/llvm_v4.8/drivers/block/brd.c#L517 ], [ (brd_alloc)https://gitlab.flux.utah.edu/xcap/xcap-capability-linux/-/blob/llvm_v4.8/drivers/block/brd.c#L487 ], ",
    "call path (type)": "",
    "cond_num": "0",
    "isControl": "1",
    "t_trace": "",
    "isTrue": "-",
    "atk_reason": "",
    "defense": ""
  },
  {
    "id": "3",
    "risky": "ptr-write",
    "acc_path": "gendisk->queue",
    "src": "https://gitlab.flux.utah.edu/xcap/xcap-capability-linux/-/blob/llvm_v4.8/block/genhd.c#L996",
    "dst": "https://gitlab.flux.utah.edu/xcap/xcap-capability-linux/-/blob/llvm_v4.8/./include/linux/blkdev.h#L1264 |   %2 = alloca i32, align 4",
    "drv_update loc (shared field)": "[ (brd_alloc)https://gitlab.flux.utah.edu/xcap/xcap-capability-linux/-/blob/llvm_v4.8/drivers/block/brd.c#L517 ], [ (brd_alloc)https://gitlab.flux.utah.edu/xcap/xcap-capability-linux/-/blob/llvm_v4.8/drivers/block/brd.c#L487 ], ",
    "call path (type)": "",
    "cond_num": "0",
    "isControl": "1",
    "t_trace": "[ INST || DATA_DEF_USE || https://gitlab.flux.utah.edu/xcap/xcap-capability-linux/-/blob/llvm_v4.8/block/genhd.c#L996 ] -> [ ACTUAL_IN || PARAMETER_IN ] -> [ FORMAL_IN || PARAMETER_INq ] -> [ INST || PARAMETER_IN || https://gitlab.flux.utah.edu/xcap/xcap-capability-linux/-/blob/llvm_v4.8/./include/linux/blkdev.h#L1269 ] -> [ INST || DATA_DEF_USE || https://gitlab.flux.utah.edu/xcap/xcap-capability-linux/-/blob/llvm_v4.8/./include/linux/blkdev.h#L1269 ] -> [ INST || DATA_DEF_USE || https://gitlab.flux.utah.edu/xcap/xcap-capability-linux/-/blob/llvm_v4.8/./include/linux/blkdev.h#L1269 ] -> [ INST || DATA_DEF_USE || https://gitlab.flux.utah.edu/xcap/xcap-capability-linux/-/blob/llvm_v4.8/./include/linux/blkdev.h#L1269 ] -> [ INST || DATA_ST || https://gitlab.flux.utah.edu/xcap/xcap-capability-linux/-/blob/llvm_v4.8/./include/linux/blkdev.h#L1264 |   %2 = alloca i32, align 4 ] -> ",
    "isTrue": "-",
    "atk_reason": "",
    "defense": ""
  },
  {
    "id": "3",
    "risky": "ptr-array",
    "acc_path": "gendisk->queue",
    "src": "https://gitlab.flux.utah.edu/xcap/xcap-capability-linux/-/blob/llvm_v4.8/block/genhd.c#L628",
    "dst": "https://gitlab.flux.utah.edu/xcap/xcap-capability-linux/-/blob/llvm_v4.8/./arch/x86/include/asm/bitops.h#L311",
    "drv caller (param)": "",
    "call path (param)": "",
    "drv_update loc (shared field)": "[ (brd_alloc)https://gitlab.flux.utah.edu/xcap/xcap-capability-linux/-/blob/llvm_v4.8/drivers/block/brd.c#L517 ], [ (brd_alloc)https://gitlab.flux.utah.edu/xcap/xcap-capability-linux/-/blob/llvm_v4.8/drivers/block/brd.c#L487 ], ",
    "call path (type)": "",
    "cond_num": "0",
    "isControl": "1",
    "t_trace": "[ INST || DATA_DEF_USE || https://gitlab.flux.utah.edu/xcap/xcap-capability-linux/-/blob/llvm_v4.8/block/genhd.c#L628 ] -> [ ACTUAL_IN || PARAMETER_IN ] -> [ FORMAL_IN || PARAMETER_INq ] -> [ INST || PARAMETER_IN || https://gitlab.flux.utah.edu/xcap/xcap-capability-linux/-/blob/llvm_v4.8/block/blk-core.c#L891 ] -> [ INST || DATA_DEF_USE || https://gitlab.flux.utah.edu/xcap/xcap-capability-linux/-/blob/llvm_v4.8/block/blk-core.c#L891 ] -> [ INST || DATA_ST || https://gitlab.flux.utah.edu/xcap/xcap-capability-linux/-/blob/llvm_v4.8/block/blk-core.c#L889 |   %3 = alloca i64*, align 8 ] -> [ INST || DATA_DEF_USE || https://gitlab.flux.utah.edu/xcap/xcap-capability-linux/-/blob/llvm_v4.8/./arch/x86/include/asm/bitops.h#L311 ] -> ",
    "isTrue": "-",
    "atk_reason": "",
    "defense": ""
  },
  {
    "id": "3",
    "risky": "ptr-arith",
    "acc_path": "gendisk->queue",
    "src": "https://gitlab.flux.utah.edu/xcap/xcap-capability-linux/-/blob/llvm_v4.8/block/genhd.c#L628",
    "dst": "https://gitlab.flux.utah.edu/xcap/xcap-capability-linux/-/blob/llvm_v4.8/./arch/x86/include/asm/bitops.h#L311",
    "drv caller (param)": "",
    "call path (param)": "",
    "drv_update loc (shared field)": "[ (brd_alloc)https://gitlab.flux.utah.edu/xcap/xcap-capability-linux/-/blob/llvm_v4.8/drivers/block/brd.c#L517 ], [ (brd_alloc)https://gitlab.flux.utah.edu/xcap/xcap-capability-linux/-/blob/llvm_v4.8/drivers/block/brd.c#L487 ], ",
    "call path (type)": "",
    "cond_num": "0",
    "isControl": "1",
    "t_trace": "[ INST || DATA_DEF_USE || https://gitlab.flux.utah.edu/xcap/xcap-capability-linux/-/blob/llvm_v4.8/block/genhd.c#L628 ] -> [ ACTUAL_IN || PARAMETER_IN ] -> [ FORMAL_IN || PARAMETER_INq ] -> [ INST || PARAMETER_IN || https://gitlab.flux.utah.edu/xcap/xcap-capability-linux/-/blob/llvm_v4.8/block/blk-core.c#L891 ] -> [ INST || DATA_DEF_USE || https://gitlab.flux.utah.edu/xcap/xcap-capability-linux/-/blob/llvm_v4.8/block/blk-core.c#L891 ] -> [ INST || DATA_ST || https://gitlab.flux.utah.edu/xcap/xcap-capability-linux/-/blob/llvm_v4.8/block/blk-core.c#L889 |   %3 = alloca i64*, align 8 ] -> [ INST || DATA_DEF_USE || https://gitlab.flux.utah.edu/xcap/xcap-capability-linux/-/blob/llvm_v4.8/./arch/x86/include/asm/bitops.h#L311 ] -> ",
    "isTrue": "-",
    "atk_reason": "",
    "defense": ""
  },
  {
    "id": "3",
    "risky": "ptr-sen-api (kobject_put)",
    "acc_path": "gendisk->queue",
    "src": "https://gitlab.flux.utah.edu/xcap/xcap-capability-linux/-/blob/llvm_v4.8/block/genhd.c#L1146",
    "dst": "https://gitlab.flux.utah.edu/xcap/xcap-capability-linux/-/blob/llvm_v4.8/block/blk-core.c#L381",
    "drv_update loc (shared field)": "[ (brd_alloc)https://gitlab.flux.utah.edu/xcap/xcap-capability-linux/-/blob/llvm_v4.8/drivers/block/brd.c#L517 ], [ (brd_alloc)https://gitlab.flux.utah.edu/xcap/xcap-capability-linux/-/blob/llvm_v4.8/drivers/block/brd.c#L487 ], ",
    "call path (type)": " [blk_cleanup_queue->blk_put_queue] ",
    "cond_num": "0",
    "isControl": "1",
    "t_trace": "[ INST || DATA_DEF_USE || https://gitlab.flux.utah.edu/xcap/xcap-capability-linux/-/blob/llvm_v4.8/block/genhd.c#L1146 ] -> [ ACTUAL_IN || PARAMETER_IN ] -> [ FORMAL_IN || PARAMETER_INq ] -> [ INST || PARAMETER_IN || https://gitlab.flux.utah.edu/xcap/xcap-capability-linux/-/blob/llvm_v4.8/block/blk-core.c#L381 ] -> [ INST || DATA_DEF_USE || https://gitlab.flux.utah.edu/xcap/xcap-capability-linux/-/blob/llvm_v4.8/block/blk-core.c#L381 ] -> ",
    "isTrue": "-",
    "atk_reason": "",
    "defense": ""
  }
]
[
  {
    "struct name": "spinlock",
    "No.fields": 1,
    "No.classified fields": 0
  }
]
[
  {
    "struct name": "list_head",
    "No.fields": 2,
    "No.classified fields": 0
  }
]
[
  {
    "struct name": "queue_limits",
    "No.fields": 25,
    "No.classified fields": 2,
    "NUM_ARITH": 1,
    "UNCLASSIFY": 1
  },
  {
    "id": "5",
    "risky": "numeric-arith",
    "acc_path": "queue_limits->discard_granularity",
    "src": "https://gitlab.flux.utah.edu/xcap/xcap-capability-linux/-/blob/llvm_v4.8/block/blk-settings.c#L615",
    "dst": "https://gitlab.flux.utah.edu/xcap/xcap-capability-linux/-/blob/llvm_v4.8/block/blk-settings.c#L615",
    "drv caller (param)": "",
    "call path (param)": "",
    "drv_update loc (shared field)": "[ (brd_alloc)https://gitlab.flux.utah.edu/xcap/xcap-capability-linux/-/blob/llvm_v4.8/drivers/block/brd.c#L503 ], ",
    "call path (type)": "",
    "cond_num": "0",
    "isControl": "1",
    "t_trace": "[ INST || DATA_DEF_USE || https://gitlab.flux.utah.edu/xcap/xcap-capability-linux/-/blob/llvm_v4.8/block/blk-settings.c#L615 ] -> ",
    "isTrue": "-",
    "atk_reason": "",
    "defense": ""
  }
]
[
  {
    "struct name": "kobject",
    "No.fields": 12,
    "No.classified fields": 0
  }
]
[
  {
    "struct name": "hd_struct",
    "No.fields": 15,
    "No.classified fields": 0
  }
]
[
  {
    "struct name": "block_device_operations",
    "No.fields": 14,
    "No.classified fields": 1,
    "FUNC_PTR": 1
  }
]
[
  {
    "struct name": "block_device",
    "No.fields": 21,
    "No.classified fields": 0
  }
]
[
  {
    "struct name": "radix_tree_node",
    "No.fields": 7,
    "No.classified fields": 0
  }
]
[
  {
    "struct name": "zonelist",
    "No.fields": 1,
    "No.classified fields": 0
  }
]
[
  {
    "struct name": "page",
    "No.fields": 7,
    "No.classified fields": 0
  }
]
[
  {
    "struct name": "task_struct",
    "No.fields": 155,
    "No.classified fields": 0
  }
]
[
  {
    "struct name": "kmem_cache",
    "No.fields": 24,
    "No.classified fields": 0
  }
]
[
  {
    "struct name": "mem_section",
    "No.fields": 2,
    "No.classified fields": 0
  }
]
[
  {
    "struct name": "radix_tree_root",
    "No.fields": 2,
    "No.classified fields": 2,
    "PTR_READ": 1,
    "PTR_WRITE": 1,
    "PTR_BUFFER": 1,
    "PTR_ARITH_BASE": 1,
    "CONTROL_SENB_RANCH": 1,
    "SEN_API": 1,
    "UNCLASSIFY": 1
  },
  {
    "id": "9",
    "risky": "ptr-read",
    "acc_path": "radix_tree_root->rnode",
    "src": "https://gitlab.flux.utah.edu/xcap/xcap-capability-linux/-/blob/llvm_v4.8/lib/radix-tree.c#L1405",
    "dst": "https://gitlab.flux.utah.edu/xcap/xcap-capability-linux/-/blob/llvm_v4.8/lib/radix-tree.c#L1417",
    "drv caller (param)": "",
    "call path (param)": "",
    "drv_update loc (shared field)": "[ (brd_alloc)https://gitlab.flux.utah.edu/xcap/xcap-capability-linux/-/blob/llvm_v4.8/drivers/block/brd.c#L485 ], ",
    "call path (type)": " [radix_tree_delete->radix_tree_delete_item->__radix_tree_delete_node->radix_tree_shrink] ",
    "cond_num": "1",
    "isControl": "0"
  },
  {
    "id": "9",
    "risky": "ptr-arith",
    "acc_path": "radix_tree_root->rnode",
    "src": "https://gitlab.flux.utah.edu/xcap/xcap-capability-linux/-/blob/llvm_v4.8/lib/radix-tree.c#L1405",
    "dst": "https://gitlab.flux.utah.edu/xcap/xcap-capability-linux/-/blob/llvm_v4.8/./include/linux/radix-tree.h#L451",
    "drv caller (param)": "",
    "call path (param)": "",
    "drv_update loc (shared field)": "[ (brd_alloc)https://gitlab.flux.utah.edu/xcap/xcap-capability-linux/-/blob/llvm_v4.8/drivers/block/brd.c#L485 ], ",
    "call path (type)": " [radix_tree_gang_lookup->entry_to_node] ",
    "cond_num": "4",
    "isControl": "0"
  },
  {
    "id": "9",
    "risky": "ptr-write",
    "acc_path": "radix_tree_root->rnode",
    "src": "https://gitlab.flux.utah.edu/xcap/xcap-capability-linux/-/blob/llvm_v4.8/lib/radix-tree.c#L1405",
    "dst": "https://gitlab.flux.utah.edu/xcap/xcap-capability-linux/-/blob/llvm_v4.8/lib/radix-tree.c#L1400 |   %4 = alloca %struct.radix_tree_node*, align 8",
    "drv caller (param)": "",
    "call path (param)": "",
    "drv_update loc (shared field)": "[ (brd_alloc)https://gitlab.flux.utah.edu/xcap/xcap-capability-linux/-/blob/llvm_v4.8/drivers/block/brd.c#L485 ], ",
    "call path (type)": " [radix_tree_delete->radix_tree_delete_item->__radix_tree_delete_node->radix_tree_shrink] ",
    "cond_num": "0",
    "isControl": "1",
    "t_trace": "[ INST || DATA_DEF_USE || https://gitlab.flux.utah.edu/xcap/xcap-capability-linux/-/blob/llvm_v4.8/lib/radix-tree.c#L1405 ] -> [ INST || UNKNOWN Edge Type || https://gitlab.flux.utah.edu/xcap/xcap-capability-linux/-/blob/llvm_v4.8/lib/radix-tree.c#L1410 ] -> [ INST || DATA_DEF_USE || https://gitlab.flux.utah.edu/xcap/xcap-capability-linux/-/blob/llvm_v4.8/lib/radix-tree.c#L1410 ] -> [ INST || DATA_DEF_USE || https://gitlab.flux.utah.edu/xcap/xcap-capability-linux/-/blob/llvm_v4.8/lib/radix-tree.c#L1410 ] -> [ INST || DATA_ST || https://gitlab.flux.utah.edu/xcap/xcap-capability-linux/-/blob/llvm_v4.8/lib/radix-tree.c#L1400 |   %4 = alloca %struct.radix_tree_node*, align 8 ] -> ",
    "isTrue": "-",
    "atk_reason": "",
    "defense": ""
  },
  {
    "id": "9",
    "risky": "ptr-array",
    "acc_path": "radix_tree_root->rnode",
    "src": "https://gitlab.flux.utah.edu/xcap/xcap-capability-linux/-/blob/llvm_v4.8/lib/radix-tree.c#L1405",
    "dst": "https://gitlab.flux.utah.edu/xcap/xcap-capability-linux/-/blob/llvm_v4.8/lib/radix-tree.c#L1456",
    "drv caller (param)": "",
    "call path (param)": "",
    "drv_update loc (shared field)": "[ (brd_alloc)https://gitlab.flux.utah.edu/xcap/xcap-capability-linux/-/blob/llvm_v4.8/drivers/block/brd.c#L485 ], ",
    "call path (type)": " [radix_tree_delete->radix_tree_delete_item->__radix_tree_delete_node->radix_tree_shrink] ",
    "cond_num": "5",
    "isControl": "0"
  },
  {
    "id": "9",
    "risky": "ptr-sen-branch (memcpy)",
    "acc_path": "radix_tree_root->rnode",
    "src": "https://gitlab.flux.utah.edu/xcap/xcap-capability-linux/-/blob/llvm_v4.8/lib/radix-tree.c#L504",
    "dst": "https://gitlab.flux.utah.edu/xcap/xcap-capability-linux/-/blob/llvm_v4.8/lib/radix-tree.c#L505",
    "drv caller (param)": "",
    "call path (param)": "",
    "drv_update loc (shared field)": "[ (brd_alloc)https://gitlab.flux.utah.edu/xcap/xcap-capability-linux/-/blob/llvm_v4.8/drivers/block/brd.c#L485 ], ",
    "call path (type)": "",
    "cond_num": "0",
    "isControl": "1",
    "t_trace": "[ INST || DATA_DEF_USE || https://gitlab.flux.utah.edu/xcap/xcap-capability-linux/-/blob/llvm_v4.8/lib/radix-tree.c#L504 ] -> [ INST || UNKNOWN Edge Type || https://gitlab.flux.utah.edu/xcap/xcap-capability-linux/-/blob/llvm_v4.8/lib/radix-tree.c#L505 ] -> ",
    "isTrue": "-",
    "atk_reason": "",
    "defense": ""
  },
  {
    "id": "9",
    "risky": "ptr-sen-api (memcpy)",
    "acc_path": "radix_tree_root->rnode",
    "src": "https://gitlab.flux.utah.edu/xcap/xcap-capability-linux/-/blob/llvm_v4.8/lib/radix-tree.c#L571",
    "dst": "https://gitlab.flux.utah.edu/xcap/xcap-capability-linux/-/blob/llvm_v4.8/./include/linux/compiler.h#L252",
    "drv caller (param)": "",
    "call path (param)": "",
    "drv_update loc (shared field)": "[ (brd_alloc)https://gitlab.flux.utah.edu/xcap/xcap-capability-linux/-/blob/llvm_v4.8/drivers/block/brd.c#L485 ], ",
    "call path (type)": "",
    "cond_num": "11",
    "isControl": "0"
  }
]
