[
  {
    "struct name": "device",
    "No.fields": 35,
    "No.classified fields": 0
  }
]
[
  {
    "struct name": "delayed_work",
    "No.fields": 4,
    "No.classified fields": 0
  }
]
[
  {
    "struct name": "bio",
    "No.fields": 22,
    "No.classified fields": 1,
    "PTR_READ": 1,
    "PTR_WRITE": 1,
    "PTR_BUFFER": 1,
    "PTR_ARITH_BASE": 1
  },
  {
    "id": "0",
    "risky": "ptr-read",
    "acc_path": "bio->bi_bdev",
    "src": "https://gitlab.flux.utah.edu/xcap/xcap-capability-linux/-/blob/llvm_v4.8/block/blk-core.c#L2094",
    "dst": "https://gitlab.flux.utah.edu/xcap/xcap-capability-linux/-/blob/llvm_v4.8/block/blk-core.c#L2094",
    "drv caller (param)": "",
    "call path (param)": "",
    "drv_update loc (shared field)": "[ (__nvme_submit_user_cmd)https://gitlab.flux.utah.edu/xcap/xcap-capability-linux/-/blob/llvm_v4.8/drivers/nvme/host/core.c#L410 ], ",
    "call path (type)": "",
    "cond_num": "0",
    "isControl": "1",
    "t_trace": "",
    "isTrue": "-",
    "atk_reason": "",
    "defense": ""
  },
  {
    "id": "0",
    "risky": "ptr-write",
    "acc_path": "bio->bi_bdev",
    "src": "https://gitlab.flux.utah.edu/xcap/xcap-capability-linux/-/blob/llvm_v4.8/block/blk-core.c#L1789",
    "dst": "https://gitlab.flux.utah.edu/xcap/xcap-capability-linux/-/blob/llvm_v4.8/block/blk-core.c#L1787 |   %4 = alloca %struct.hd_struct.441*, align 8",
    "drv caller (param)": "",
    "call path (param)": "",
    "drv_update loc (shared field)": "[ (__nvme_submit_user_cmd)https://gitlab.flux.utah.edu/xcap/xcap-capability-linux/-/blob/llvm_v4.8/drivers/nvme/host/core.c#L410 ], ",
    "call path (type)": "",
    "cond_num": "0",
    "isControl": "1",
    "t_trace": "[ INST || DATA_DEF_USE || https://gitlab.flux.utah.edu/xcap/xcap-capability-linux/-/blob/llvm_v4.8/block/blk-core.c#L1789 ] -> [ INST || UNKNOWN Edge Type || https://gitlab.flux.utah.edu/xcap/xcap-capability-linux/-/blob/llvm_v4.8/block/blk-core.c#L1792 ] -> [ INST || DATA_DEF_USE || https://gitlab.flux.utah.edu/xcap/xcap-capability-linux/-/blob/llvm_v4.8/block/blk-core.c#L1792 ] -> [ INST || DATA_DEF_USE || https://gitlab.flux.utah.edu/xcap/xcap-capability-linux/-/blob/llvm_v4.8/block/blk-core.c#L1792 ] -> [ INST || DATA_ST || https://gitlab.flux.utah.edu/xcap/xcap-capability-linux/-/blob/llvm_v4.8/block/blk-core.c#L1787 |   %4 = alloca %struct.hd_struct.441*, align 8 ] -> ",
    "isTrue": "-",
    "atk_reason": "",
    "defense": ""
  },
  {
    "id": "0",
    "risky": "ptr-array",
    "acc_path": "bio->bi_bdev",
    "src": "https://gitlab.flux.utah.edu/xcap/xcap-capability-linux/-/blob/llvm_v4.8/block/blk-core.c#L1903",
    "dst": "https://gitlab.flux.utah.edu/xcap/xcap-capability-linux/-/blob/llvm_v4.8/./include/linux/genhd.h#L226",
    "drv caller (param)": "",
    "call path (param)": "",
    "drv_update loc (shared field)": "[ (__nvme_submit_user_cmd)https://gitlab.flux.utah.edu/xcap/xcap-capability-linux/-/blob/llvm_v4.8/drivers/nvme/host/core.c#L410 ], ",
    "call path (type)": " [blk_cleanup_queue->blk_freeze_queue->blk_mq_freeze_queue_start->blk_mq_run_hw_queues->blk_mq_run_hw_queue->__blk_mq_run_hw_queue->blk_mq_end_request->blk_update_request->blk_account_io_completion->part_to_disk] ",
    "cond_num": "3",
    "isControl": "0"
  },
  {
    "id": "0",
    "risky": "ptr-arith",
    "acc_path": "bio->bi_bdev",
    "src": "https://gitlab.flux.utah.edu/xcap/xcap-capability-linux/-/blob/llvm_v4.8/block/blk-core.c#L1903",
    "dst": "https://gitlab.flux.utah.edu/xcap/xcap-capability-linux/-/blob/llvm_v4.8/./include/linux/genhd.h#L226",
    "drv caller (param)": "",
    "call path (param)": "",
    "drv_update loc (shared field)": "[ (__nvme_submit_user_cmd)https://gitlab.flux.utah.edu/xcap/xcap-capability-linux/-/blob/llvm_v4.8/drivers/nvme/host/core.c#L410 ], ",
    "call path (type)": " [blk_cleanup_queue->blk_freeze_queue->blk_mq_freeze_queue_start->blk_mq_run_hw_queues->blk_mq_run_hw_queue->__blk_mq_run_hw_queue->blk_mq_end_request->blk_update_request->blk_account_io_completion->part_to_disk] ",
    "cond_num": "3",
    "isControl": "0"
  }
]
[
  {
    "struct name": "request",
    "No.fields": 41,
    "No.classified fields": 5,
    "PTR_READ": 2,
    "PTR_BUFFER": 1,
    "PTR_ARITH_BASE": 1,
    "NUM_ARITH": 1,
    "UNCLASSIFY": 2
  },
  {
    "id": "3",
    "risky": "numeric-arith",
    "acc_path": "request->__data_len",
    "src": "https://gitlab.flux.utah.edu/xcap/xcap-capability-linux/-/blob/llvm_v4.8/block/blk-core.c#L1521",
    "dst": "https://gitlab.flux.utah.edu/xcap/xcap-capability-linux/-/blob/llvm_v4.8/block/blk-core.c#L1521",
    "drv caller (param)": "",
    "call path (param)": "",
    "drv_update loc (shared field)": "[ (nvme_setup_discard)https://gitlab.flux.utah.edu/xcap/xcap-capability-linux/-/blob/llvm_v4.8/drivers/nvme/host/core.c#L275 ], ",
    "call path (type)": "",
    "cond_num": "0",
    "isControl": "1",
    "t_trace": "[ INST || DATA_DEF_USE || https://gitlab.flux.utah.edu/xcap/xcap-capability-linux/-/blob/llvm_v4.8/block/blk-core.c#L1521 ] -> ",
    "isTrue": "-",
    "atk_reason": "",
    "defense": ""
  },
  {
    "id": "4",
    "risky": "ptr-read",
    "acc_path": "request->cmd",
    "src": "https://gitlab.flux.utah.edu/xcap/xcap-capability-linux/-/blob/llvm_v4.8/block/blk-core.c#L175",
    "dst": "https://gitlab.flux.utah.edu/xcap/xcap-capability-linux/-/blob/llvm_v4.8/block/blk-core.c#L175",
    "drv caller (param)": "",
    "call path (param)": "",
    "drv_update loc (shared field)": "[ (nvme_alloc_request)https://gitlab.flux.utah.edu/xcap/xcap-capability-linux/-/blob/llvm_v4.8/drivers/nvme/host/core.c#L228 ], ",
    "call path (type)": " [blk_cleanup_queue->blk_freeze_queue->blk_mq_freeze_queue_start->blk_mq_run_hw_queues->blk_mq_run_hw_queue->__blk_mq_run_hw_queue->blk_mq_end_request->blk_update_request->blk_dump_rq_flags] ",
    "cond_num": "0",
    "isControl": "1",
    "t_trace": "",
    "isTrue": "-",
    "atk_reason": "",
    "defense": ""
  },
  {
    "id": "4",
    "risky": "ptr-array",
    "acc_path": "request->cmd",
    "src": "https://gitlab.flux.utah.edu/xcap/xcap-capability-linux/-/blob/llvm_v4.8/block/blk-core.c#L175",
    "dst": "https://gitlab.flux.utah.edu/xcap/xcap-capability-linux/-/blob/llvm_v4.8/block/blk-core.c#L175",
    "drv caller (param)": "",
    "call path (param)": "",
    "drv_update loc (shared field)": "[ (nvme_alloc_request)https://gitlab.flux.utah.edu/xcap/xcap-capability-linux/-/blob/llvm_v4.8/drivers/nvme/host/core.c#L228 ], ",
    "call path (type)": " [blk_cleanup_queue->blk_freeze_queue->blk_mq_freeze_queue_start->blk_mq_run_hw_queues->blk_mq_run_hw_queue->__blk_mq_run_hw_queue->blk_mq_end_request->blk_update_request->blk_dump_rq_flags] ",
    "cond_num": "0",
    "isControl": "1",
    "t_trace": "[ INST || DATA_DEF_USE || https://gitlab.flux.utah.edu/xcap/xcap-capability-linux/-/blob/llvm_v4.8/block/blk-core.c#L175 ] -> ",
    "isTrue": "-",
    "atk_reason": "",
    "defense": ""
  },
  {
    "id": "4",
    "risky": "ptr-arith",
    "acc_path": "request->cmd",
    "src": "https://gitlab.flux.utah.edu/xcap/xcap-capability-linux/-/blob/llvm_v4.8/block/blk-core.c#L175",
    "dst": "https://gitlab.flux.utah.edu/xcap/xcap-capability-linux/-/blob/llvm_v4.8/block/blk-core.c#L175",
    "drv caller (param)": "",
    "call path (param)": "",
    "drv_update loc (shared field)": "[ (nvme_alloc_request)https://gitlab.flux.utah.edu/xcap/xcap-capability-linux/-/blob/llvm_v4.8/drivers/nvme/host/core.c#L228 ], ",
    "call path (type)": " [blk_cleanup_queue->blk_freeze_queue->blk_mq_freeze_queue_start->blk_mq_run_hw_queues->blk_mq_run_hw_queue->__blk_mq_run_hw_queue->blk_mq_end_request->blk_update_request->blk_dump_rq_flags] ",
    "cond_num": "0",
    "isControl": "1",
    "t_trace": "[ INST || DATA_DEF_USE || https://gitlab.flux.utah.edu/xcap/xcap-capability-linux/-/blob/llvm_v4.8/block/blk-core.c#L175 ] -> ",
    "isTrue": "-",
    "atk_reason": "",
    "defense": ""
  },
  {
    "id": "5",
    "risky": "ptr-read",
    "acc_path": "request->end_io_data",
    "src": "https://gitlab.flux.utah.edu/xcap/xcap-capability-linux/-/blob/llvm_v4.8/block/blk-exec.c#L25",
    "dst": "https://gitlab.flux.utah.edu/xcap/xcap-capability-linux/-/blob/llvm_v4.8/block/blk-exec.c#L25",
    "drv caller (param)": "",
    "call path (param)": "",
    "drv_update loc (shared field)": "[ (nvme_keep_alive)https://gitlab.flux.utah.edu/xcap/xcap-capability-linux/-/blob/llvm_v4.8/drivers/nvme/host/core.c#L509 ], ",
    "call path (type)": "",
    "cond_num": "0",
    "isControl": "1",
    "t_trace": "",
    "isTrue": "-",
    "atk_reason": "",
    "defense": ""
  }
]
[
  {
    "struct name": "request_queue",
    "No.fields": 77,
    "No.classified fields": 0
  }
]
[
  {
    "struct name": "gendisk",
    "No.fields": 20,
    "No.classified fields": 3,
    "PTR_READ": 2,
    "PTR_WRITE": 2,
    "PTR_BUFFER": 1,
    "PTR_ARITH_BASE": 1,
    "CONTROL_SENB_RANCH": 1,
    "SEN_API": 1,
    "UNCLASSIFY": 1
  },
  {
    "id": "6",
    "risky": "ptr-read",
    "acc_path": "gendisk->fops",
    "src": "https://gitlab.flux.utah.edu/xcap/xcap-capability-linux/-/blob/llvm_v4.8/fs/block_dev.c#L1351",
    "dst": "https://gitlab.flux.utah.edu/xcap/xcap-capability-linux/-/blob/llvm_v4.8/fs/block_dev.c#L1351",
    "drv caller (param)": "",
    "call path (param)": "",
    "drv_update loc (shared field)": "[ (nvme_alloc_ns)https://gitlab.flux.utah.edu/xcap/xcap-capability-linux/-/blob/llvm_v4.8/drivers/nvme/host/core.c#L1675 ], ",
    "call path (type)": " [device_add_disk->register_disk->blkdev_get->__blkdev_get] ",
    "cond_num": "0",
    "isControl": "1",
    "t_trace": "[ INST || DATA_DEF_USE || https://gitlab.flux.utah.edu/xcap/xcap-capability-linux/-/blob/llvm_v4.8/fs/block_dev.c#L1351 ] -> [ INST || DATA_DEF_USE || https://gitlab.flux.utah.edu/xcap/xcap-capability-linux/-/blob/llvm_v4.8/fs/block_dev.c#L1351 ] -> ",
    "isTrue": "-",
    "atk_reason": "",
    "defense": ""
  },
  {
    "id": "6",
    "risky": "ptr-sen-branch (memcpy)",
    "acc_path": "gendisk->fops",
    "src": "https://gitlab.flux.utah.edu/xcap/xcap-capability-linux/-/blob/llvm_v4.8/block/genhd.c#L1815",
    "dst": "https://gitlab.flux.utah.edu/xcap/xcap-capability-linux/-/blob/llvm_v4.8/block/genhd.c#L1815",
    "drv caller (param)": "",
    "call path (param)": "",
    "drv_update loc (shared field)": "[ (nvme_alloc_ns)https://gitlab.flux.utah.edu/xcap/xcap-capability-linux/-/blob/llvm_v4.8/drivers/nvme/host/core.c#L1675 ], ",
    "call path (type)": " [device_add_disk->disk_alloc_events] ",
    "cond_num": "0",
    "isControl": "1",
    "t_trace": "[ INST || DATA_DEF_USE || https://gitlab.flux.utah.edu/xcap/xcap-capability-linux/-/blob/llvm_v4.8/block/genhd.c#L1815 ] -> [ INST || DATA_DEF_USE || https://gitlab.flux.utah.edu/xcap/xcap-capability-linux/-/blob/llvm_v4.8/block/genhd.c#L1815 ] -> [ INST || DATA_DEF_USE || https://gitlab.flux.utah.edu/xcap/xcap-capability-linux/-/blob/llvm_v4.8/block/genhd.c#L1815 ] -> ",
    "isTrue": "-",
    "atk_reason": "",
    "defense": ""
  },
  {
    "id": "6",
    "risky": "ptr-write",
    "acc_path": "gendisk->fops",
    "src": "https://gitlab.flux.utah.edu/xcap/xcap-capability-linux/-/blob/llvm_v4.8/block/genhd.c#L1341",
    "dst": "https://gitlab.flux.utah.edu/xcap/xcap-capability-linux/-/blob/llvm_v4.8/block/genhd.c#L1334 |   %4 = alloca %struct.module.2439*, align 8",
    "drv caller (param)": "",
    "call path (param)": "",
    "drv_update loc (shared field)": "[ (nvme_alloc_ns)https://gitlab.flux.utah.edu/xcap/xcap-capability-linux/-/blob/llvm_v4.8/drivers/nvme/host/core.c#L1675 ], ",
    "call path (type)": " [device_add_disk->register_disk->blkdev_get->bd_start_claiming->get_gendisk->get_disk] ",
    "cond_num": "0",
    "isControl": "1",
    "t_trace": "[ INST || DATA_DEF_USE || https://gitlab.flux.utah.edu/xcap/xcap-capability-linux/-/blob/llvm_v4.8/block/genhd.c#L1341 ] -> [ INST || DATA_DEF_USE || https://gitlab.flux.utah.edu/xcap/xcap-capability-linux/-/blob/llvm_v4.8/block/genhd.c#L1341 ] -> [ INST || DATA_DEF_USE || https://gitlab.flux.utah.edu/xcap/xcap-capability-linux/-/blob/llvm_v4.8/block/genhd.c#L1341 ] -> [ INST || DATA_ST || https://gitlab.flux.utah.edu/xcap/xcap-capability-linux/-/blob/llvm_v4.8/block/genhd.c#L1334 |   %4 = alloca %struct.module.2439*, align 8 ] -> ",
    "isTrue": "-",
    "atk_reason": "",
    "defense": ""
  },
  {
    "id": "7",
    "risky": "ptr-read",
    "acc_path": "gendisk->queue",
    "src": "https://gitlab.flux.utah.edu/xcap/xcap-capability-linux/-/blob/llvm_v4.8/block/genhd.c#L628",
    "dst": "https://gitlab.flux.utah.edu/xcap/xcap-capability-linux/-/blob/llvm_v4.8/block/genhd.c#L628",
    "drv caller (param)": "[ nvme_alloc_ns | https://gitlab.flux.utah.edu/xcap/xcap-capability-linux/-/blob/llvm_v4.8/drivers/nvme/host/core.c#L1692 ], ",
    "call path (param)": " [nvme_alloc_ns->device_add_disk] ",
    "drv_update loc (shared field)": "[ (nvme_alloc_ns)https://gitlab.flux.utah.edu/xcap/xcap-capability-linux/-/blob/llvm_v4.8/drivers/nvme/host/core.c#L1677 ], [ (nvme_alloc_ns)https://gitlab.flux.utah.edu/xcap/xcap-capability-linux/-/blob/llvm_v4.8/drivers/nvme/host/core.c#L1655 ], ",
    "call path (type)": " [device_add_disk] ",
    "cond_num": "0",
    "isControl": "1",
    "t_trace": "",
    "isTrue": "-",
    "atk_reason": "",
    "defense": ""
  },
  {
    "id": "7",
    "risky": "ptr-array",
    "acc_path": "gendisk->queue",
    "src": "https://gitlab.flux.utah.edu/xcap/xcap-capability-linux/-/blob/llvm_v4.8/block/genhd.c#L628",
    "dst": "https://gitlab.flux.utah.edu/xcap/xcap-capability-linux/-/blob/llvm_v4.8/./arch/x86/include/asm/bitops.h#L311",
    "drv caller (param)": "[ nvme_alloc_ns | https://gitlab.flux.utah.edu/xcap/xcap-capability-linux/-/blob/llvm_v4.8/drivers/nvme/host/core.c#L1692 ], ",
    "call path (param)": " [nvme_alloc_ns->device_add_disk->blk_get_queue] ",
    "drv_update loc (shared field)": "[ (nvme_alloc_ns)https://gitlab.flux.utah.edu/xcap/xcap-capability-linux/-/blob/llvm_v4.8/drivers/nvme/host/core.c#L1677 ], [ (nvme_alloc_ns)https://gitlab.flux.utah.edu/xcap/xcap-capability-linux/-/blob/llvm_v4.8/drivers/nvme/host/core.c#L1655 ], ",
    "call path (type)": " [device_add_disk->blk_get_queue] ",
    "cond_num": "0",
    "isControl": "1",
    "t_trace": "[ INST || DATA_DEF_USE || https://gitlab.flux.utah.edu/xcap/xcap-capability-linux/-/blob/llvm_v4.8/block/genhd.c#L628 ] -> [ ACTUAL_IN || PARAMETER_IN ] -> [ FORMAL_IN || PARAMETER_INq ] -> [ INST || PARAMETER_IN || https://gitlab.flux.utah.edu/xcap/xcap-capability-linux/-/blob/llvm_v4.8/block/blk-core.c#L891 ] -> [ INST || DATA_DEF_USE || https://gitlab.flux.utah.edu/xcap/xcap-capability-linux/-/blob/llvm_v4.8/block/blk-core.c#L891 ] -> [ INST || DATA_ST || https://gitlab.flux.utah.edu/xcap/xcap-capability-linux/-/blob/llvm_v4.8/block/blk-core.c#L889 |   %3 = alloca i64*, align 8 ] -> [ INST || DATA_DEF_USE || https://gitlab.flux.utah.edu/xcap/xcap-capability-linux/-/blob/llvm_v4.8/./arch/x86/include/asm/bitops.h#L311 ] -> ",
    "isTrue": "-",
    "atk_reason": "",
    "defense": ""
  },
  {
    "id": "7",
    "risky": "ptr-arith",
    "acc_path": "gendisk->queue",
    "src": "https://gitlab.flux.utah.edu/xcap/xcap-capability-linux/-/blob/llvm_v4.8/block/genhd.c#L628",
    "dst": "https://gitlab.flux.utah.edu/xcap/xcap-capability-linux/-/blob/llvm_v4.8/./arch/x86/include/asm/bitops.h#L311",
    "drv caller (param)": "[ nvme_alloc_ns | https://gitlab.flux.utah.edu/xcap/xcap-capability-linux/-/blob/llvm_v4.8/drivers/nvme/host/core.c#L1692 ], ",
    "call path (param)": " [nvme_alloc_ns->device_add_disk->blk_get_queue] ",
    "drv_update loc (shared field)": "[ (nvme_alloc_ns)https://gitlab.flux.utah.edu/xcap/xcap-capability-linux/-/blob/llvm_v4.8/drivers/nvme/host/core.c#L1677 ], [ (nvme_alloc_ns)https://gitlab.flux.utah.edu/xcap/xcap-capability-linux/-/blob/llvm_v4.8/drivers/nvme/host/core.c#L1655 ], ",
    "call path (type)": " [device_add_disk->blk_get_queue] ",
    "cond_num": "0",
    "isControl": "1",
    "t_trace": "[ INST || DATA_DEF_USE || https://gitlab.flux.utah.edu/xcap/xcap-capability-linux/-/blob/llvm_v4.8/block/genhd.c#L628 ] -> [ ACTUAL_IN || PARAMETER_IN ] -> [ FORMAL_IN || PARAMETER_INq ] -> [ INST || PARAMETER_IN || https://gitlab.flux.utah.edu/xcap/xcap-capability-linux/-/blob/llvm_v4.8/block/blk-core.c#L891 ] -> [ INST || DATA_DEF_USE || https://gitlab.flux.utah.edu/xcap/xcap-capability-linux/-/blob/llvm_v4.8/block/blk-core.c#L891 ] -> [ INST || DATA_ST || https://gitlab.flux.utah.edu/xcap/xcap-capability-linux/-/blob/llvm_v4.8/block/blk-core.c#L889 |   %3 = alloca i64*, align 8 ] -> [ INST || DATA_DEF_USE || https://gitlab.flux.utah.edu/xcap/xcap-capability-linux/-/blob/llvm_v4.8/./arch/x86/include/asm/bitops.h#L311 ] -> ",
    "isTrue": "-",
    "atk_reason": "",
    "defense": ""
  },
  {
    "id": "7",
    "risky": "ptr-write",
    "acc_path": "gendisk->queue",
    "src": "https://gitlab.flux.utah.edu/xcap/xcap-capability-linux/-/blob/llvm_v4.8/block/genhd.c#L996",
    "dst": "https://gitlab.flux.utah.edu/xcap/xcap-capability-linux/-/blob/llvm_v4.8/./include/linux/blkdev.h#L1264 |   %2 = alloca i32, align 4",
    "drv_update loc (shared field)": "[ (nvme_alloc_ns)https://gitlab.flux.utah.edu/xcap/xcap-capability-linux/-/blob/llvm_v4.8/drivers/nvme/host/core.c#L1677 ], [ (nvme_alloc_ns)https://gitlab.flux.utah.edu/xcap/xcap-capability-linux/-/blob/llvm_v4.8/drivers/nvme/host/core.c#L1655 ], ",
    "call path (type)": "",
    "cond_num": "0",
    "isControl": "1",
    "t_trace": "[ INST || DATA_DEF_USE || https://gitlab.flux.utah.edu/xcap/xcap-capability-linux/-/blob/llvm_v4.8/block/genhd.c#L996 ] -> [ ACTUAL_IN || PARAMETER_IN ] -> [ FORMAL_IN || PARAMETER_INq ] -> [ INST || PARAMETER_IN || https://gitlab.flux.utah.edu/xcap/xcap-capability-linux/-/blob/llvm_v4.8/./include/linux/blkdev.h#L1269 ] -> [ INST || DATA_DEF_USE || https://gitlab.flux.utah.edu/xcap/xcap-capability-linux/-/blob/llvm_v4.8/./include/linux/blkdev.h#L1269 ] -> [ INST || DATA_DEF_USE || https://gitlab.flux.utah.edu/xcap/xcap-capability-linux/-/blob/llvm_v4.8/./include/linux/blkdev.h#L1269 ] -> [ INST || DATA_DEF_USE || https://gitlab.flux.utah.edu/xcap/xcap-capability-linux/-/blob/llvm_v4.8/./include/linux/blkdev.h#L1269 ] -> [ INST || DATA_ST || https://gitlab.flux.utah.edu/xcap/xcap-capability-linux/-/blob/llvm_v4.8/./include/linux/blkdev.h#L1264 |   %2 = alloca i32, align 4 ] -> ",
    "isTrue": "-",
    "atk_reason": "",
    "defense": ""
  },
  {
    "id": "7",
    "risky": "ptr-sen-api (memset)",
    "acc_path": "gendisk->queue",
    "src": "https://gitlab.flux.utah.edu/xcap/xcap-capability-linux/-/blob/llvm_v4.8/block/blk-integrity.c#L434",
    "dst": "https://gitlab.flux.utah.edu/xcap/xcap-capability-linux/-/blob/llvm_v4.8/block/blk-integrity.c#L434",
    "drv caller (param)": "[ nvme_revalidate_disk | https://gitlab.flux.utah.edu/xcap/xcap-capability-linux/-/blob/llvm_v4.8/drivers/nvme/host/core.c#L950 ], ",
    "call path (param)": " [nvme_revalidate_disk->blk_integrity_unregister] ",
    "drv_update loc (shared field)": "[ (nvme_alloc_ns)https://gitlab.flux.utah.edu/xcap/xcap-capability-linux/-/blob/llvm_v4.8/drivers/nvme/host/core.c#L1677 ], [ (nvme_alloc_ns)https://gitlab.flux.utah.edu/xcap/xcap-capability-linux/-/blob/llvm_v4.8/drivers/nvme/host/core.c#L1655 ], ",
    "call path (type)": " [blk_integrity_unregister] ",
    "cond_num": "0",
    "isControl": "1",
    "t_trace": "[ INST || DATA_DEF_USE || https://gitlab.flux.utah.edu/xcap/xcap-capability-linux/-/blob/llvm_v4.8/block/blk-integrity.c#L434 ] -> [ INST || DATA_DEF_USE || https://gitlab.flux.utah.edu/xcap/xcap-capability-linux/-/blob/llvm_v4.8/block/blk-integrity.c#L434 ] -> [ INST || DATA_DEF_USE || https://gitlab.flux.utah.edu/xcap/xcap-capability-linux/-/blob/llvm_v4.8/block/blk-integrity.c#L434 ] -> ",
    "isTrue": "-",
    "atk_reason": "",
    "defense": ""
  }
]
[
  {
    "struct name": "blk_integrity_profile",
    "No.fields": 3,
    "No.classified fields": 0
  }
]
[
  {
    "struct name": "blk_integrity",
    "No.fields": 5,
    "No.classified fields": 4,
    "PTR_READ": 1,
    "ARR_IDX": 1,
    "NUM_ARITH": 1,
    "CONTROL_SENB_RANCH": 1,
    "SEN_API": 1,
    "UNCLASSIFY": 2
  },
  {
    "id": "9",
    "risky": "ptr-read",
    "acc_path": "blk_integrity->profile",
    "src": "https://gitlab.flux.utah.edu/xcap/xcap-capability-linux/-/blob/llvm_v4.8/block/blk-integrity.c#L175",
    "dst": "https://gitlab.flux.utah.edu/xcap/xcap-capability-linux/-/blob/llvm_v4.8/block/blk-integrity.c#L175",
    "drv caller (param)": "",
    "call path (param)": "",
    "drv_update loc (shared field)": "[ (nvme_init_integrity)https://gitlab.flux.utah.edu/xcap/xcap-capability-linux/-/blob/llvm_v4.8/drivers/nvme/host/core.c#L851 ], [ (nvme_init_integrity)https://gitlab.flux.utah.edu/xcap/xcap-capability-linux/-/blob/llvm_v4.8/drivers/nvme/host/core.c#L857 ], [ (nvme_init_integrity)https://gitlab.flux.utah.edu/xcap/xcap-capability-linux/-/blob/llvm_v4.8/drivers/nvme/host/core.c#L862 ], ",
    "call path (type)": "",
    "cond_num": "0",
    "isControl": "1",
    "t_trace": "",
    "isTrue": "-",
    "atk_reason": "",
    "defense": ""
  },
  {
    "id": "11",
    "risky": "val-sen-api (kmalloc)",
    "acc_path": "blk_integrity->tuple_size",
    "src": "https://gitlab.flux.utah.edu/xcap/xcap-capability-linux/-/blob/llvm_v4.8/block/bio-integrity.c#L288",
    "dst": "https://gitlab.flux.utah.edu/xcap/xcap-capability-linux/-/blob/llvm_v4.8/./include/linux/slab.h#L415",
    "drv_update loc (shared field)": "[ (nvme_init_integrity)https://gitlab.flux.utah.edu/xcap/xcap-capability-linux/-/blob/llvm_v4.8/drivers/nvme/host/core.c#L865 ], ",
    "call path (type)": " [bio_integrity_alloc] ",
    "cond_num": "8",
    "isControl": "0"
  },
  {
    "id": "11",
    "risky": "numeric-arith",
    "acc_path": "blk_integrity->tuple_size",
    "src": "https://gitlab.flux.utah.edu/xcap/xcap-capability-linux/-/blob/llvm_v4.8/block/bio-integrity.c#L288",
    "dst": "https://gitlab.flux.utah.edu/xcap/xcap-capability-linux/-/blob/llvm_v4.8/./include/linux/slab.h#L421",
    "drv_update loc (shared field)": "[ (nvme_init_integrity)https://gitlab.flux.utah.edu/xcap/xcap-capability-linux/-/blob/llvm_v4.8/drivers/nvme/host/core.c#L865 ], ",
    "call path (type)": " [bio_integrity_alloc] ",
    "cond_num": "8",
    "isControl": "0"
  },
  {
    "id": "11",
    "risky": "val-sen-branch (memset)",
    "acc_path": "blk_integrity->tuple_size",
    "src": "https://gitlab.flux.utah.edu/xcap/xcap-capability-linux/-/blob/llvm_v4.8/block/bio-integrity.c#L288",
    "dst": "https://gitlab.flux.utah.edu/xcap/xcap-capability-linux/-/blob/llvm_v4.8/./include/linux/slab.h#L310",
    "drv_update loc (shared field)": "[ (nvme_init_integrity)https://gitlab.flux.utah.edu/xcap/xcap-capability-linux/-/blob/llvm_v4.8/drivers/nvme/host/core.c#L865 ], ",
    "call path (type)": " [bio_integrity_alloc] ",
    "cond_num": "27",
    "isControl": "0"
  },
  {
    "id": "11",
    "risky": "arr-idx",
    "acc_path": "blk_integrity->tuple_size",
    "src": "https://gitlab.flux.utah.edu/xcap/xcap-capability-linux/-/blob/llvm_v4.8/block/bio-integrity.c#L288",
    "dst": "https://gitlab.flux.utah.edu/xcap/xcap-capability-linux/-/blob/llvm_v4.8/block/bio-integrity.c#L335",
    "drv_update loc (shared field)": "[ (nvme_init_integrity)https://gitlab.flux.utah.edu/xcap/xcap-capability-linux/-/blob/llvm_v4.8/drivers/nvme/host/core.c#L865 ], ",
    "call path (type)": "",
    "cond_num": "12",
    "isControl": "0"
  }
]
[
  {
    "struct name": "bio_integrity_payload",
    "No.fields": 10,
    "No.classified fields": 0
  }
]
[
  {
    "struct name": "bvec_iter",
    "No.fields": 4,
    "No.classified fields": 2,
    "NUM_ARITH": 2,
    "CONTROL_SENB_RANCH": 1
  },
  {
    "id": "13",
    "risky": "numeric-arith",
    "acc_path": "bvec_iter->bi_sector",
    "src": "https://gitlab.flux.utah.edu/xcap/xcap-capability-linux/-/blob/llvm_v4.8/./include/linux/bio.h#L172",
    "dst": "https://gitlab.flux.utah.edu/xcap/xcap-capability-linux/-/blob/llvm_v4.8/./include/linux/bio.h#L172",
    "drv caller (param)": "",
    "call path (param)": "",
    "drv_update loc (shared field)": "[ (__nvme_submit_user_cmd)https://gitlab.flux.utah.edu/xcap/xcap-capability-linux/-/blob/llvm_v4.8/drivers/nvme/host/core.c#L440 ], ",
    "call path (type)": "",
    "cond_num": "0",
    "isControl": "1",
    "t_trace": "[ INST || DATA_DEF_USE || https://gitlab.flux.utah.edu/xcap/xcap-capability-linux/-/blob/llvm_v4.8/./include/linux/bio.h#L172 ] -> ",
    "isTrue": "-",
    "atk_reason": "",
    "defense": ""
  },
  {
    "id": "14",
    "risky": "numeric-arith",
    "acc_path": "bvec_iter->bi_size",
    "src": "https://gitlab.flux.utah.edu/xcap/xcap-capability-linux/-/blob/llvm_v4.8/block/bio-integrity.c#L241",
    "dst": "https://gitlab.flux.utah.edu/xcap/xcap-capability-linux/-/blob/llvm_v4.8/./include/linux/bvec.h#L82",
    "drv_update loc (shared field)": "[ (__nvme_submit_user_cmd)https://gitlab.flux.utah.edu/xcap/xcap-capability-linux/-/blob/llvm_v4.8/drivers/nvme/host/core.c#L439 ], ",
    "call path (type)": "",
    "cond_num": "11",
    "isControl": "0"
  },
  {
    "id": "14",
    "risky": "val-sen-branch (memcpy)",
    "acc_path": "bvec_iter->bi_size",
    "src": "https://gitlab.flux.utah.edu/xcap/xcap-capability-linux/-/blob/llvm_v4.8/block/bio-integrity.c#L241",
    "dst": "https://gitlab.flux.utah.edu/xcap/xcap-capability-linux/-/blob/llvm_v4.8/block/bio-integrity.c#L241",
    "drv_update loc (shared field)": "[ (__nvme_submit_user_cmd)https://gitlab.flux.utah.edu/xcap/xcap-capability-linux/-/blob/llvm_v4.8/drivers/nvme/host/core.c#L439 ], ",
    "call path (type)": "",
    "cond_num": "0",
    "isControl": "1",
    "t_trace": "[ INST || DATA_DEF_USE || https://gitlab.flux.utah.edu/xcap/xcap-capability-linux/-/blob/llvm_v4.8/block/bio-integrity.c#L241 ] -> ",
    "isTrue": "-",
    "atk_reason": "",
    "defense": ""
  }
]
[
  {
    "struct name": "blk_mq_tag_set",
    "No.fields": 12,
    "No.classified fields": 0
  }
]
[
  {
    "struct name": "queue_limits",
    "No.fields": 25,
    "No.classified fields": 3,
    "NUM_ARITH": 2,
    "UNCLASSIFY": 1
  },
  {
    "id": "15",
    "risky": "numeric-arith",
    "acc_path": "queue_limits->discard_granularity",
    "src": "https://gitlab.flux.utah.edu/xcap/xcap-capability-linux/-/blob/llvm_v4.8/block/blk-settings.c#L616",
    "dst": "https://gitlab.flux.utah.edu/xcap/xcap-capability-linux/-/blob/llvm_v4.8/block/blk-settings.c#L616",
    "drv caller (param)": "",
    "call path (param)": "",
    "drv_update loc (shared field)": "[ (nvme_config_discard)https://gitlab.flux.utah.edu/xcap/xcap-capability-linux/-/blob/llvm_v4.8/drivers/nvme/host/core.c#L886 ], ",
    "call path (type)": "",
    "cond_num": "0",
    "isControl": "1",
    "t_trace": "[ INST || DATA_DEF_USE || https://gitlab.flux.utah.edu/xcap/xcap-capability-linux/-/blob/llvm_v4.8/block/blk-settings.c#L616 ] -> ",
    "isTrue": "-",
    "atk_reason": "",
    "defense": ""
  },
  {
    "id": "16",
    "risky": "numeric-arith",
    "acc_path": "queue_limits->discard_alignment",
    "src": "https://gitlab.flux.utah.edu/xcap/xcap-capability-linux/-/blob/llvm_v4.8/block/blk-settings.c#L615",
    "dst": "https://gitlab.flux.utah.edu/xcap/xcap-capability-linux/-/blob/llvm_v4.8/block/blk-settings.c#L615",
    "drv caller (param)": "",
    "call path (param)": "",
    "drv_update loc (shared field)": "[ (nvme_config_discard)https://gitlab.flux.utah.edu/xcap/xcap-capability-linux/-/blob/llvm_v4.8/drivers/nvme/host/core.c#L885 ], ",
    "call path (type)": "",
    "cond_num": "0",
    "isControl": "1",
    "t_trace": "[ INST || DATA_DEF_USE || https://gitlab.flux.utah.edu/xcap/xcap-capability-linux/-/blob/llvm_v4.8/block/blk-settings.c#L615 ] -> ",
    "isTrue": "-",
    "atk_reason": "",
    "defense": ""
  }
]
[
  {
    "struct name": "hd_struct",
    "No.fields": 15,
    "No.classified fields": 0
  }
]
[
  {
    "struct name": "class",
    "No.fields": 15,
    "No.classified fields": 0
  }
]
[
  {
    "struct name": "device_attribute",
    "No.fields": 3,
    "No.classified fields": 2,
    "FUNC_PTR": 2
  }
]
[
  {
    "struct name": "thread_info",
    "No.fields": 4,
    "No.classified fields": 0
  }
]
[
  {
    "struct name": "block_device_operations",
    "No.fields": 14,
    "No.classified fields": 3,
    "FUNC_PTR": 3
  }
]
[
  {
    "struct name": "block_device",
    "No.fields": 21,
    "No.classified fields": 0
  }
]
[
  {
    "struct name": "file",
    "No.fields": 18,
    "No.classified fields": 0
  }
]
[
  {
    "struct name": "task_struct",
    "No.fields": 155,
    "No.classified fields": 0
  }
]
[
  {
    "struct name": "kobject",
    "No.fields": 12,
    "No.classified fields": 0
  }
]
[
  {
    "struct name": "module",
    "No.fields": 46,
    "No.classified fields": 0
  }
]
[
  {
    "struct name": "inode",
    "No.fields": 46,
    "No.classified fields": 0
  }
]
[
  {
    "struct name": "spinlock",
    "No.fields": 1,
    "No.classified fields": 0
  }
]
[
  {
    "struct name": "list_head",
    "No.fields": 2,
    "No.classified fields": 0
  }
]
[
  {
    "struct name": "attribute",
    "No.fields": 2,
    "No.classified fields": 0
  }
]
[
  {
    "struct name": "mutex",
    "No.fields": 5,
    "No.classified fields": 0
  }
]
[
  {
    "struct name": "work_struct",
    "No.fields": 3,
    "No.classified fields": 1,
    "FUNC_PTR": 1
  }
]
[
  {
    "struct name": "timer_list",
    "No.fields": 5,
    "No.classified fields": 2,
    "FUNC_PTR": 1,
    "UNCLASSIFY": 1
  }
]
[
  {
    "struct name": "page",
    "No.fields": 7,
    "No.classified fields": 0
  }
]
[
  {
    "struct name": "ida",
    "No.fields": 2,
    "No.classified fields": 0
  }
]
[
  {
    "struct name": "mem_section",
    "No.fields": 2,
    "No.classified fields": 0
  }
]
[
  {
    "struct name": "kmem_cache",
    "No.fields": 0,
    "No.classified fields": 0
  }
]
[
  {
    "struct name": "workqueue_struct",
    "No.fields": 0,
    "No.classified fields": 0
  }
]
