[]
[]
[
  {
    "id": "12",
    "risky": "ptr-array",
    "acc_path": "pwcs",
    "src": "https://gitlab.flux.utah.edu/xcap/xcap-capability-linux/-/blob/llvm_v4.8/fs/nls/nls_base.c#L165",
    "dst": "https://gitlab.flux.utah.edu/xcap/xcap-capability-linux/-/blob/llvm_v4.8/fs/nls/nls_base.c#L165",
    "drv caller (param)": "[ os_desc_qw_sign_store | https://gitlab.flux.utah.edu/xcap/xcap-capability-linux/-/blob/llvm_v4.8/drivers/usb/gadget/configfs.c#L806 ], ",
    "call path (param)": " [os_desc_qw_sign_store->utf8s_to_utf16s] ",
    "cond_num": "0",
    "isControl": "1",
    "t_trace": "",
    "isTrue": "-",
    "atk_reason": "",
    "defense": ""
  },
  {
    "id": "12",
    "risky": "ptr-arith",
    "acc_path": "pwcs",
    "src": "https://gitlab.flux.utah.edu/xcap/xcap-capability-linux/-/blob/llvm_v4.8/fs/nls/nls_base.c#L165",
    "dst": "https://gitlab.flux.utah.edu/xcap/xcap-capability-linux/-/blob/llvm_v4.8/fs/nls/nls_base.c#L165",
    "drv caller (param)": "[ os_desc_qw_sign_store | https://gitlab.flux.utah.edu/xcap/xcap-capability-linux/-/blob/llvm_v4.8/drivers/usb/gadget/configfs.c#L806 ], ",
    "call path (param)": " [os_desc_qw_sign_store->utf8s_to_utf16s] ",
    "cond_num": "0",
    "isControl": "1",
    "t_trace": "",
    "isTrue": "-",
    "atk_reason": "",
    "defense": ""
  },
  {
    "id": "12",
    "risky": "ptr-write",
    "acc_path": "pwcs",
    "src": "https://gitlab.flux.utah.edu/xcap/xcap-capability-linux/-/blob/llvm_v4.8/fs/nls/nls_base.c#L165",
    "dst": "https://gitlab.flux.utah.edu/xcap/xcap-capability-linux/-/blob/llvm_v4.8/fs/nls/nls_base.c#L121",
    "drv caller (param)": "[ os_desc_qw_sign_store | https://gitlab.flux.utah.edu/xcap/xcap-capability-linux/-/blob/llvm_v4.8/drivers/usb/gadget/configfs.c#L806 ], ",
    "call path (param)": " [os_desc_qw_sign_store->utf8s_to_utf16s->put_utf16] ",
    "cond_num": "6",
    "isControl": "0"
  }
]
[]
[]
[
  {
    "id": "15",
    "risky": "val-sen-api (kmalloc)",
    "acc_path": "size",
    "src": "https://gitlab.flux.utah.edu/xcap/xcap-capability-linux/-/blob/llvm_v4.8/mm/slab_common.c#L1018",
    "dst": "https://gitlab.flux.utah.edu/xcap/xcap-capability-linux/-/blob/llvm_v4.8/mm/slab_common.c#L1018",
    "drv caller (param)": "[ copy_gadget_strings | https://gitlab.flux.utah.edu/xcap/xcap-capability-linux/-/blob/llvm_v4.8/./include/linux/slab.h#L415 ], ",
    "call path (param)": " [copy_gadget_strings->kmalloc_order] ",
    "cond_num": "0",
    "isControl": "1",
    "t_trace": "",
    "isTrue": "-",
    "atk_reason": "",
    "defense": ""
  }
]
[
  {
    "id": "16",
    "risky": "val-sen-api (kmalloc)",
    "acc_path": "flags",
    "src": "https://gitlab.flux.utah.edu/xcap/xcap-capability-linux/-/blob/llvm_v4.8/mm/slab_common.c#L1018",
    "dst": "https://gitlab.flux.utah.edu/xcap/xcap-capability-linux/-/blob/llvm_v4.8/mm/slab_common.c#L1018",
    "drv caller (param)": "[ copy_gadget_strings | https://gitlab.flux.utah.edu/xcap/xcap-capability-linux/-/blob/llvm_v4.8/./include/linux/slab.h#L415 ], ",
    "call path (param)": " [copy_gadget_strings->kmalloc_order] ",
    "cond_num": "0",
    "isControl": "1",
    "t_trace": "",
    "isTrue": "-",
    "atk_reason": "",
    "defense": ""
  }
]
[]
[]
[]
[]
