[
  {
    "struct name": "device_attribute",
    "No.fields": 3,
    "No.classified fields": 1,
    "FUNC_PTR": 1
  }
]
[
  {
    "struct name": "device_driver",
    "No.fields": 16,
    "No.classified fields": 1,
    "PTR_READ": 1
  },
  {
    "id": "1",
    "risky": "ptr-read",
    "acc_path": "device_driver->name",
    "src": "https://gitlab.flux.utah.edu/xcap/xcap-capability-linux/-/blob/llvm_v4.8/drivers/base/core.c#L105",
    "dst": "https://gitlab.flux.utah.edu/xcap/xcap-capability-linux/-/blob/llvm_v4.8/drivers/base/core.c#L105",
    "drv caller (param)": "",
    "call path (param)": "",
    "drv_update loc (shared field)": "[ (usb_composite_probe)https://gitlab.flux.utah.edu/xcap/xcap-capability-linux/-/blob/llvm_v4.8/drivers/usb/gadget/composite.c#L2321 ], ",
    "call path (type)": " [_dev_info->__dev_printk->dev_driver_string] ",
    "cond_num": "0",
    "isControl": "1",
    "t_trace": "",
    "isTrue": "-",
    "atk_reason": "",
    "defense": ""
  }
]
[
  {
    "struct name": "device",
    "No.fields": 35,
    "No.classified fields": 0
  }
]
[
  {
    "struct name": "static_key",
    "No.fields": 3,
    "No.classified fields": 0
  }
]
[
  {
    "struct name": "module",
    "No.fields": 46,
    "No.classified fields": 0
  }
]
[
  {
    "struct name": "spinlock",
    "No.fields": 1,
    "No.classified fields": 0
  }
]
[
  {
    "struct name": "list_head",
    "No.fields": 2,
    "No.classified fields": 0
  }
]
[
  {
    "struct name": "configfs_attribute",
    "No.fields": 5,
    "No.classified fields": 0
  }
]
[
  {
    "struct name": "configfs_group_operations",
    "No.fields": 5,
    "No.classified fields": 3,
    "FUNC_PTR": 3
  }
]
[
  {
    "struct name": "config_item_type",
    "No.fields": 5,
    "No.classified fields": 4,
    "PTR_READ": 4,
    "PTR_WRITE": 2,
    "PTR_BUFFER": 1,
    "PTR_ARITH_BASE": 1,
    "CONTROL_SENB_RANCH": 1
  },
  {
    "id": "5",
    "risky": "ptr-read",
    "acc_path": "config_item_type->ct_owner",
    "src": "https://gitlab.flux.utah.edu/xcap/xcap-capability-linux/-/blob/llvm_v4.8/fs/configfs/dir.c#L1499",
    "dst": "https://gitlab.flux.utah.edu/xcap/xcap-capability-linux/-/blob/llvm_v4.8/fs/configfs/dir.c#L1499",
    "drv_update loc (shared field)": "[ (ext_prop_make)https://gitlab.flux.utah.edu/xcap/xcap-capability-linux/-/blob/llvm_v4.8/drivers/usb/gadget/configfs.c#L1039 ], [ (usb_os_desc_prepare_interf_dir)https://gitlab.flux.utah.edu/xcap/xcap-capability-linux/-/blob/llvm_v4.8/drivers/usb/gadget/configfs.c#L1165 ], [ (usb_put_function_instance)https://gitlab.flux.utah.edu/xcap/xcap-capability-linux/-/blob/llvm_v4.8/drivers/usb/gadget/functions.c#L68 |   %3 = alloca %struct.module*, align 8 ], [ (usb_os_desc_prepare_interf_dir)https://gitlab.flux.utah.edu/xcap/xcap-capability-linux/-/blob/llvm_v4.8/drivers/usb/gadget/configfs.c#L1177 ], [ (usb_os_desc_prepare_interf_dir)https://gitlab.flux.utah.edu/xcap/xcap-capability-linux/-/blob/llvm_v4.8/drivers/usb/gadget/configfs.c#L1171 ], ",
    "call path (type)": "",
    "cond_num": "0",
    "isControl": "1",
    "t_trace": "",
    "isTrue": "-",
    "atk_reason": "",
    "defense": ""
  },
  {
    "id": "5",
    "risky": "ptr-write",
    "acc_path": "config_item_type->ct_owner",
    "src": "https://gitlab.flux.utah.edu/xcap/xcap-capability-linux/-/blob/llvm_v4.8/fs/configfs/dir.c#L1499",
    "dst": "https://gitlab.flux.utah.edu/xcap/xcap-capability-linux/-/blob/llvm_v4.8/fs/configfs/dir.c#L1429 |   %13 = alloca %struct.module*, align 8",
    "drv_update loc (shared field)": "[ (ext_prop_make)https://gitlab.flux.utah.edu/xcap/xcap-capability-linux/-/blob/llvm_v4.8/drivers/usb/gadget/configfs.c#L1039 ], [ (usb_os_desc_prepare_interf_dir)https://gitlab.flux.utah.edu/xcap/xcap-capability-linux/-/blob/llvm_v4.8/drivers/usb/gadget/configfs.c#L1165 ], [ (usb_put_function_instance)https://gitlab.flux.utah.edu/xcap/xcap-capability-linux/-/blob/llvm_v4.8/drivers/usb/gadget/functions.c#L68 |   %3 = alloca %struct.module*, align 8 ], [ (usb_os_desc_prepare_interf_dir)https://gitlab.flux.utah.edu/xcap/xcap-capability-linux/-/blob/llvm_v4.8/drivers/usb/gadget/configfs.c#L1177 ], [ (usb_os_desc_prepare_interf_dir)https://gitlab.flux.utah.edu/xcap/xcap-capability-linux/-/blob/llvm_v4.8/drivers/usb/gadget/configfs.c#L1171 ], ",
    "call path (type)": "",
    "cond_num": "0",
    "isControl": "1",
    "t_trace": "[ INST || DATA_DEF_USE || https://gitlab.flux.utah.edu/xcap/xcap-capability-linux/-/blob/llvm_v4.8/fs/configfs/dir.c#L1499 ] -> [ INST || DATA_ST || https://gitlab.flux.utah.edu/xcap/xcap-capability-linux/-/blob/llvm_v4.8/fs/configfs/dir.c#L1429 |   %13 = alloca %struct.module*, align 8 ] -> ",
    "isTrue": "-",
    "atk_reason": "",
    "defense": ""
  },
  {
    "id": "6",
    "risky": "ptr-read",
    "acc_path": "config_item_type->ct_item_ops",
    "src": "https://gitlab.flux.utah.edu/xcap/xcap-capability-linux/-/blob/llvm_v4.8/fs/configfs/item.c#L151",
    "dst": "https://gitlab.flux.utah.edu/xcap/xcap-capability-linux/-/blob/llvm_v4.8/fs/configfs/item.c#L151",
    "drv caller (param)": "",
    "call path (param)": "",
    "drv_update loc (shared field)": "[ (ext_prop_make)https://gitlab.flux.utah.edu/xcap/xcap-capability-linux/-/blob/llvm_v4.8/drivers/usb/gadget/configfs.c#L1037 ], ",
    "call path (type)": "",
    "cond_num": "0",
    "isControl": "1",
    "t_trace": "",
    "isTrue": "-",
    "atk_reason": "",
    "defense": ""
  },
  {
    "id": "7",
    "risky": "ptr-read",
    "acc_path": "config_item_type->ct_group_ops",
    "src": "https://gitlab.flux.utah.edu/xcap/xcap-capability-linux/-/blob/llvm_v4.8/fs/configfs/dir.c#L909",
    "dst": "https://gitlab.flux.utah.edu/xcap/xcap-capability-linux/-/blob/llvm_v4.8/fs/configfs/dir.c#L909",
    "drv caller (param)": "",
    "call path (param)": "",
    "drv_update loc (shared field)": "[ (usb_os_desc_prepare_interf_dir)https://gitlab.flux.utah.edu/xcap/xcap-capability-linux/-/blob/llvm_v4.8/drivers/usb/gadget/configfs.c#L1169 ], ",
    "call path (type)": "",
    "cond_num": "0",
    "isControl": "1",
    "t_trace": "",
    "isTrue": "-",
    "atk_reason": "",
    "defense": ""
  },
  {
    "id": "7",
    "risky": "ptr-sen-branch (kfree)",
    "acc_path": "config_item_type->ct_group_ops",
    "src": "https://gitlab.flux.utah.edu/xcap/xcap-capability-linux/-/blob/llvm_v4.8/fs/configfs/dir.c#L1289",
    "dst": "https://gitlab.flux.utah.edu/xcap/xcap-capability-linux/-/blob/llvm_v4.8/fs/configfs/dir.c#L1289",
    "drv_update loc (shared field)": "[ (usb_os_desc_prepare_interf_dir)https://gitlab.flux.utah.edu/xcap/xcap-capability-linux/-/blob/llvm_v4.8/drivers/usb/gadget/configfs.c#L1169 ], ",
    "call path (type)": "",
    "cond_num": "0",
    "isControl": "1",
    "t_trace": "[ INST || DATA_DEF_USE || https://gitlab.flux.utah.edu/xcap/xcap-capability-linux/-/blob/llvm_v4.8/fs/configfs/dir.c#L1289 ] -> ",
    "isTrue": "-",
    "atk_reason": "",
    "defense": ""
  },
  {
    "id": "8",
    "risky": "ptr-write",
    "acc_path": "config_item_type->ct_attrs",
    "src": "https://gitlab.flux.utah.edu/xcap/xcap-capability-linux/-/blob/llvm_v4.8/fs/configfs/dir.c#L596",
    "dst": "https://gitlab.flux.utah.edu/xcap/xcap-capability-linux/-/blob/llvm_v4.8/fs/configfs/dir.c#L585 |   %5 = alloca %struct.configfs_attribute*, align 8",
    "drv caller (param)": "",
    "call path (param)": "",
    "drv_update loc (shared field)": "[ (ext_prop_make)https://gitlab.flux.utah.edu/xcap/xcap-capability-linux/-/blob/llvm_v4.8/drivers/usb/gadget/configfs.c#L1038 ], [ (usb_os_desc_prepare_interf_dir)https://gitlab.flux.utah.edu/xcap/xcap-capability-linux/-/blob/llvm_v4.8/drivers/usb/gadget/configfs.c#L1170 ], ",
    "call path (type)": " [configfs_register_subsystem->configfs_attach_group->configfs_attach_item->populate_attrs] ",
    "cond_num": "0",
    "isControl": "1",
    "t_trace": "[ INST || DATA_DEF_USE || https://gitlab.flux.utah.edu/xcap/xcap-capability-linux/-/blob/llvm_v4.8/fs/configfs/dir.c#L596 ] -> [ INST || DATA_DEF_USE || https://gitlab.flux.utah.edu/xcap/xcap-capability-linux/-/blob/llvm_v4.8/fs/configfs/dir.c#L596 ] -> [ INST || DATA_DEF_USE || https://gitlab.flux.utah.edu/xcap/xcap-capability-linux/-/blob/llvm_v4.8/fs/configfs/dir.c#L596 ] -> [ INST || DATA_ST || https://gitlab.flux.utah.edu/xcap/xcap-capability-linux/-/blob/llvm_v4.8/fs/configfs/dir.c#L585 |   %5 = alloca %struct.configfs_attribute*, align 8 ] -> ",
    "isTrue": "-",
    "atk_reason": "",
    "defense": ""
  },
  {
    "id": "8",
    "risky": "ptr-array",
    "acc_path": "config_item_type->ct_attrs",
    "src": "https://gitlab.flux.utah.edu/xcap/xcap-capability-linux/-/blob/llvm_v4.8/fs/configfs/dir.c#L596",
    "dst": "https://gitlab.flux.utah.edu/xcap/xcap-capability-linux/-/blob/llvm_v4.8/fs/configfs/dir.c#L596",
    "drv caller (param)": "",
    "call path (param)": "",
    "drv_update loc (shared field)": "[ (ext_prop_make)https://gitlab.flux.utah.edu/xcap/xcap-capability-linux/-/blob/llvm_v4.8/drivers/usb/gadget/configfs.c#L1038 ], [ (usb_os_desc_prepare_interf_dir)https://gitlab.flux.utah.edu/xcap/xcap-capability-linux/-/blob/llvm_v4.8/drivers/usb/gadget/configfs.c#L1170 ], ",
    "call path (type)": " [configfs_register_subsystem->configfs_attach_group->configfs_attach_item->populate_attrs] ",
    "cond_num": "0",
    "isControl": "1",
    "t_trace": "[ INST || DATA_DEF_USE || https://gitlab.flux.utah.edu/xcap/xcap-capability-linux/-/blob/llvm_v4.8/fs/configfs/dir.c#L596 ] -> ",
    "isTrue": "-",
    "atk_reason": "",
    "defense": ""
  },
  {
    "id": "8",
    "risky": "ptr-arith",
    "acc_path": "config_item_type->ct_attrs",
    "src": "https://gitlab.flux.utah.edu/xcap/xcap-capability-linux/-/blob/llvm_v4.8/fs/configfs/dir.c#L596",
    "dst": "https://gitlab.flux.utah.edu/xcap/xcap-capability-linux/-/blob/llvm_v4.8/fs/configfs/dir.c#L596",
    "drv caller (param)": "",
    "call path (param)": "",
    "drv_update loc (shared field)": "[ (ext_prop_make)https://gitlab.flux.utah.edu/xcap/xcap-capability-linux/-/blob/llvm_v4.8/drivers/usb/gadget/configfs.c#L1038 ], [ (usb_os_desc_prepare_interf_dir)https://gitlab.flux.utah.edu/xcap/xcap-capability-linux/-/blob/llvm_v4.8/drivers/usb/gadget/configfs.c#L1170 ], ",
    "call path (type)": " [configfs_register_subsystem->configfs_attach_group->configfs_attach_item->populate_attrs] ",
    "cond_num": "0",
    "isControl": "1",
    "t_trace": "[ INST || DATA_DEF_USE || https://gitlab.flux.utah.edu/xcap/xcap-capability-linux/-/blob/llvm_v4.8/fs/configfs/dir.c#L596 ] -> ",
    "isTrue": "-",
    "atk_reason": "",
    "defense": ""
  },
  {
    "id": "8",
    "risky": "ptr-read",
    "acc_path": "config_item_type->ct_attrs",
    "src": "https://gitlab.flux.utah.edu/xcap/xcap-capability-linux/-/blob/llvm_v4.8/fs/configfs/dir.c#L596",
    "dst": "https://gitlab.flux.utah.edu/xcap/xcap-capability-linux/-/blob/llvm_v4.8/fs/configfs/dir.c#L596",
    "drv caller (param)": "",
    "call path (param)": "",
    "drv_update loc (shared field)": "[ (ext_prop_make)https://gitlab.flux.utah.edu/xcap/xcap-capability-linux/-/blob/llvm_v4.8/drivers/usb/gadget/configfs.c#L1038 ], [ (usb_os_desc_prepare_interf_dir)https://gitlab.flux.utah.edu/xcap/xcap-capability-linux/-/blob/llvm_v4.8/drivers/usb/gadget/configfs.c#L1170 ], ",
    "call path (type)": " [configfs_register_subsystem->configfs_attach_group->configfs_attach_item->populate_attrs] ",
    "cond_num": "0",
    "isControl": "1",
    "t_trace": "[ INST || DATA_DEF_USE || https://gitlab.flux.utah.edu/xcap/xcap-capability-linux/-/blob/llvm_v4.8/fs/configfs/dir.c#L596 ] -> [ INST || DATA_DEF_USE || https://gitlab.flux.utah.edu/xcap/xcap-capability-linux/-/blob/llvm_v4.8/fs/configfs/dir.c#L596 ] -> ",
    "isTrue": "-",
    "atk_reason": "",
    "defense": ""
  }
]
[
  {
    "struct name": "config_item",
    "No.fields": 8,
    "No.classified fields": 0
  }
]
[
  {
    "struct name": "config_group",
    "No.fields": 5,
    "No.classified fields": 0
  }
]
[
  {
    "struct name": "configfs_item_operations",
    "No.fields": 3,
    "No.classified fields": 1,
    "FUNC_PTR": 1
  }
]
[
  {
    "struct name": "kmem_cache",
    "No.fields": 0,
    "No.classified fields": 0
  }
]
