[]
[]
[]
[]
[]
[]
[]
[]
[]
[]
[
  {
    "id": "28",
    "risky": "numeric-arith",
    "acc_path": "expires",
    "src": "https://gitlab.flux.utah.edu/xcap/xcap-capability-linux/-/blob/llvm_v4.8/kernel/time/timer.c#L1086",
    "dst": "https://gitlab.flux.utah.edu/xcap/xcap-capability-linux/-/blob/llvm_v4.8/kernel/time/timer.c#L471",
    "drv caller (param)": "[ nbd_handle_req | https://gitlab.flux.utah.edu/xcap/xcap-capability-linux/-/blob/llvm_v4.8/drivers/block/nbd.c#L539 ], ",
    "call path (param)": " [nbd_handle_req->nbd_send_req->sock_xmit->mod_timer->__mod_timer->calc_wheel_index->calc_index] ",
    "cond_num": "12",
    "isControl": "0"
  },
  {
    "id": "28",
    "risky": "val-sen-branch (memcpy)",
    "acc_path": "expires",
    "src": "https://gitlab.flux.utah.edu/xcap/xcap-capability-linux/-/blob/llvm_v4.8/kernel/time/timer.c#L1086",
    "dst": "https://gitlab.flux.utah.edu/xcap/xcap-capability-linux/-/blob/llvm_v4.8/kernel/time/timer.c#L973",
    "drv caller (param)": "[ nbd_handle_req | https://gitlab.flux.utah.edu/xcap/xcap-capability-linux/-/blob/llvm_v4.8/drivers/block/nbd.c#L539 ], ",
    "call path (param)": " [nbd_handle_req->nbd_send_req->sock_xmit->mod_timer->__mod_timer] ",
    "cond_num": "1",
    "isControl": "0"
  }
]
[]
[]
[]
[
  {
    "id": "32",
    "risky": "arr-idx",
    "acc_path": "action",
    "src": "https://gitlab.flux.utah.edu/xcap/xcap-capability-linux/-/blob/llvm_v4.8/lib/kobject_uevent.c#L374",
    "dst": "https://gitlab.flux.utah.edu/xcap/xcap-capability-linux/-/blob/llvm_v4.8/lib/kobject_uevent.c#L168",
    "drv caller (param)": "[ nbd_size_clear | https://gitlab.flux.utah.edu/xcap/xcap-capability-linux/-/blob/llvm_v4.8/drivers/block/nbd.c#L124 ], ",
    "call path (param)": " [nbd_size_clear->kobject_uevent->kobject_uevent_env] ",
    "cond_num": "0",
    "isControl": "1",
    "t_trace": "[ ACTUAL_IN || PARAMETER_INkobject_action ] -> [ FORMAL_IN || PARAMETER_INaction ] -> [ INST || PARAMETER_IN || https://gitlab.flux.utah.edu/xcap/xcap-capability-linux/-/blob/llvm_v4.8/lib/kobject_uevent.c#L168 ] -> [ INST || DATA_DEF_USE || https://gitlab.flux.utah.edu/xcap/xcap-capability-linux/-/blob/llvm_v4.8/lib/kobject_uevent.c#L168 ] -> ",
    "isTrue": "-",
    "atk_reason": "",
    "defense": ""
  }
]
[]
[]
[]
[]
[]
[]
[]
[]
[]
[]
[]
