[
  {
    "struct name": "spinlock",
    "No.fields": 1,
    "No.classified fields": 0
  }
]
[
  {
    "struct name": "snd_card",
    "No.fields": 33,
    "No.classified fields": 0
  }
]
[
  {
    "struct name": "snd_rawmidi",
    "No.fields": 14,
    "No.classified fields": 1,
    "UNCLASSIFY": 1
  }
]
[
  {
    "struct name": "snd_rawmidi_substream",
    "No.fields": 14,
    "No.classified fields": 0
  }
]
[
  {
    "struct name": "__kfifo",
    "No.fields": 5,
    "No.classified fields": 2,
    "ARR_IDX": 2,
    "NUM_ARITH": 2,
    "CONTROL_SENB_RANCH": 2,
    "SEN_API": 2
  },
  {
    "id": "1",
    "risky": "val-sen-branch (memcpy)",
    "acc_path": "__kfifo->in",
    "src": "https://gitlab.flux.utah.edu/xcap/xcap-capability-linux/-/blob/llvm_v4.8/lib/kfifo.c#L459",
    "dst": "https://gitlab.flux.utah.edu/xcap/xcap-capability-linux/-/blob/llvm_v4.8/lib/kfifo.c#L117",
    "drv caller (param)": "[ f_midi_do_transmit | https://gitlab.flux.utah.edu/xcap/xcap-capability-linux/-/blob/llvm_v4.8/drivers/usb/gadget/function/f_midi.c#L593 ], ",
    "call path (param)": " [f_midi_do_transmit->__kfifo_in_r->kfifo_copy_in] ",
    "drv_update loc (shared field)": "[ (f_midi_set_alt)https://gitlab.flux.utah.edu/xcap/xcap-capability-linux/-/blob/llvm_v4.8/drivers/usb/gadget/function/f_midi.c#L357 ], [ (f_midi_do_transmit)https://gitlab.flux.utah.edu/xcap/xcap-capability-linux/-/blob/llvm_v4.8/drivers/usb/gadget/function/f_midi.c#L593 ], ",
    "call path (type)": " [__kfifo_in_r->kfifo_copy_in] ",
    "cond_num": "3",
    "isControl": "0"
  },
  {
    "id": "1",
    "risky": "val-sen-api (memcpy)",
    "acc_path": "__kfifo->in",
    "src": "https://gitlab.flux.utah.edu/xcap/xcap-capability-linux/-/blob/llvm_v4.8/lib/kfifo.c#L459",
    "dst": "https://gitlab.flux.utah.edu/xcap/xcap-capability-linux/-/blob/llvm_v4.8/lib/kfifo.c#L117",
    "drv caller (param)": "[ f_midi_do_transmit | https://gitlab.flux.utah.edu/xcap/xcap-capability-linux/-/blob/llvm_v4.8/drivers/usb/gadget/function/f_midi.c#L593 ], ",
    "call path (param)": " [f_midi_do_transmit->__kfifo_in_r->kfifo_copy_in] ",
    "drv_update loc (shared field)": "[ (f_midi_set_alt)https://gitlab.flux.utah.edu/xcap/xcap-capability-linux/-/blob/llvm_v4.8/drivers/usb/gadget/function/f_midi.c#L357 ], [ (f_midi_do_transmit)https://gitlab.flux.utah.edu/xcap/xcap-capability-linux/-/blob/llvm_v4.8/drivers/usb/gadget/function/f_midi.c#L593 ], ",
    "call path (type)": " [__kfifo_in_r->kfifo_copy_in] ",
    "cond_num": "4",
    "isControl": "0"
  },
  {
    "id": "1",
    "risky": "numeric-arith",
    "acc_path": "__kfifo->in",
    "src": "https://gitlab.flux.utah.edu/xcap/xcap-capability-linux/-/blob/llvm_v4.8/lib/kfifo.c#L459",
    "dst": "https://gitlab.flux.utah.edu/xcap/xcap-capability-linux/-/blob/llvm_v4.8/lib/kfifo.c#L118",
    "drv caller (param)": "[ f_midi_do_transmit | https://gitlab.flux.utah.edu/xcap/xcap-capability-linux/-/blob/llvm_v4.8/drivers/usb/gadget/function/f_midi.c#L593 ], ",
    "call path (param)": " [f_midi_do_transmit->__kfifo_in_r->kfifo_copy_in] ",
    "drv_update loc (shared field)": "[ (f_midi_set_alt)https://gitlab.flux.utah.edu/xcap/xcap-capability-linux/-/blob/llvm_v4.8/drivers/usb/gadget/function/f_midi.c#L357 ], [ (f_midi_do_transmit)https://gitlab.flux.utah.edu/xcap/xcap-capability-linux/-/blob/llvm_v4.8/drivers/usb/gadget/function/f_midi.c#L593 ], ",
    "call path (type)": " [__kfifo_in_r->kfifo_copy_in] ",
    "cond_num": "4",
    "isControl": "0"
  },
  {
    "id": "1",
    "risky": "arr-idx",
    "acc_path": "__kfifo->in",
    "src": "https://gitlab.flux.utah.edu/xcap/xcap-capability-linux/-/blob/llvm_v4.8/lib/kfifo.c#L459",
    "dst": "https://gitlab.flux.utah.edu/xcap/xcap-capability-linux/-/blob/llvm_v4.8/lib/kfifo.c#L117",
    "drv caller (param)": "[ f_midi_do_transmit | https://gitlab.flux.utah.edu/xcap/xcap-capability-linux/-/blob/llvm_v4.8/drivers/usb/gadget/function/f_midi.c#L593 ], ",
    "call path (param)": " [f_midi_do_transmit->__kfifo_in_r->kfifo_copy_in] ",
    "drv_update loc (shared field)": "[ (f_midi_set_alt)https://gitlab.flux.utah.edu/xcap/xcap-capability-linux/-/blob/llvm_v4.8/drivers/usb/gadget/function/f_midi.c#L357 ], [ (f_midi_do_transmit)https://gitlab.flux.utah.edu/xcap/xcap-capability-linux/-/blob/llvm_v4.8/drivers/usb/gadget/function/f_midi.c#L593 ], ",
    "call path (type)": " [__kfifo_in_r->kfifo_copy_in] ",
    "cond_num": "4",
    "isControl": "0"
  },
  {
    "id": "2",
    "risky": "numeric-arith",
    "acc_path": "__kfifo->out",
    "src": "https://gitlab.flux.utah.edu/xcap/xcap-capability-linux/-/blob/llvm_v4.8/lib/kfifo.c#L508",
    "dst": "https://gitlab.flux.utah.edu/xcap/xcap-capability-linux/-/blob/llvm_v4.8/lib/kfifo.c#L508",
    "drv caller (param)": "",
    "call path (param)": "",
    "drv_update loc (shared field)": "[ (f_midi_do_transmit)https://gitlab.flux.utah.edu/xcap/xcap-capability-linux/-/blob/llvm_v4.8/drivers/usb/gadget/function/f_midi.c#L592 ], [ (f_midi_disable)https://gitlab.flux.utah.edu/xcap/xcap-capability-linux/-/blob/llvm_v4.8/drivers/usb/gadget/function/f_midi.c#L398 ], ",
    "call path (type)": "",
    "cond_num": "0",
    "isControl": "1",
    "t_trace": "[ INST || DATA_DEF_USE || https://gitlab.flux.utah.edu/xcap/xcap-capability-linux/-/blob/llvm_v4.8/lib/kfifo.c#L508 ] -> [ INST || DATA_DEF_USE || https://gitlab.flux.utah.edu/xcap/xcap-capability-linux/-/blob/llvm_v4.8/lib/kfifo.c#L508 ] -> ",
    "isTrue": "-",
    "atk_reason": "",
    "defense": ""
  },
  {
    "id": "2",
    "risky": "arr-idx",
    "acc_path": "__kfifo->out",
    "src": "https://gitlab.flux.utah.edu/xcap/xcap-capability-linux/-/blob/llvm_v4.8/lib/kfifo.c#L594",
    "dst": "https://gitlab.flux.utah.edu/xcap/xcap-capability-linux/-/blob/llvm_v4.8/lib/kfifo.c#L363",
    "drv caller (param)": "",
    "call path (param)": "",
    "drv_update loc (shared field)": "[ (f_midi_do_transmit)https://gitlab.flux.utah.edu/xcap/xcap-capability-linux/-/blob/llvm_v4.8/drivers/usb/gadget/function/f_midi.c#L592 ], [ (f_midi_disable)https://gitlab.flux.utah.edu/xcap/xcap-capability-linux/-/blob/llvm_v4.8/drivers/usb/gadget/function/f_midi.c#L398 ], ",
    "call path (type)": "",
    "cond_num": "2",
    "isControl": "0"
  },
  {
    "id": "2",
    "risky": "val-sen-branch (copy_to_user)",
    "acc_path": "__kfifo->out",
    "src": "https://gitlab.flux.utah.edu/xcap/xcap-capability-linux/-/blob/llvm_v4.8/lib/kfifo.c#L297",
    "dst": "https://gitlab.flux.utah.edu/xcap/xcap-capability-linux/-/blob/llvm_v4.8/lib/kfifo.c#L266",
    "drv caller (param)": "",
    "call path (param)": "",
    "drv_update loc (shared field)": "[ (f_midi_do_transmit)https://gitlab.flux.utah.edu/xcap/xcap-capability-linux/-/blob/llvm_v4.8/drivers/usb/gadget/function/f_midi.c#L592 ], [ (f_midi_disable)https://gitlab.flux.utah.edu/xcap/xcap-capability-linux/-/blob/llvm_v4.8/drivers/usb/gadget/function/f_midi.c#L398 ], ",
    "call path (type)": "",
    "cond_num": "4",
    "isControl": "0"
  },
  {
    "id": "2",
    "risky": "val-sen-api (copy_to_user)",
    "acc_path": "__kfifo->out",
    "src": "https://gitlab.flux.utah.edu/xcap/xcap-capability-linux/-/blob/llvm_v4.8/lib/kfifo.c#L297",
    "dst": "https://gitlab.flux.utah.edu/xcap/xcap-capability-linux/-/blob/llvm_v4.8/./arch/x86/include/asm/uaccess.h#L743",
    "drv caller (param)": "",
    "call path (param)": "",
    "drv_update loc (shared field)": "[ (f_midi_do_transmit)https://gitlab.flux.utah.edu/xcap/xcap-capability-linux/-/blob/llvm_v4.8/drivers/usb/gadget/function/f_midi.c#L592 ], [ (f_midi_disable)https://gitlab.flux.utah.edu/xcap/xcap-capability-linux/-/blob/llvm_v4.8/drivers/usb/gadget/function/f_midi.c#L398 ], ",
    "call path (type)": "",
    "cond_num": "4",
    "isControl": "0"
  }
]
[
  {
    "struct name": "device",
    "No.fields": 35,
    "No.classified fields": 0
  }
]
[
  {
    "struct name": "tasklet_struct",
    "No.fields": 5,
    "No.classified fields": 0
  }
]
[
  {
    "struct name": "static_key",
    "No.fields": 3,
    "No.classified fields": 0
  }
]
[
  {
    "struct name": "config_group",
    "No.fields": 5,
    "No.classified fields": 0
  }
]
[
  {
    "struct name": "config_item",
    "No.fields": 8,
    "No.classified fields": 0
  }
]
[
  {
    "struct name": "snd_device",
    "No.fields": 6,
    "No.classified fields": 0
  }
]
[
  {
    "struct name": "kmem_cache",
    "No.fields": 0,
    "No.classified fields": 0
  }
]
