[
  {
    "struct name": "of_device_id",
    "No.fields": 4,
    "No.classified fields": 0
  }
]
[
  {
    "struct name": "device_node",
    "No.fields": 13,
    "No.classified fields": 0
  }
]
[
  {
    "struct name": "clk",
    "No.fields": 6,
    "No.classified fields": 0
  }
]
[
  {
    "struct name": "dma_map_ops",
    "No.fields": 16,
    "No.classified fields": 0
  }
]
[
  {
    "struct name": "device",
    "No.fields": 35,
    "No.classified fields": 0
  }
]
[
  {
    "struct name": "usb_bus",
    "No.fields": 20,
    "No.classified fields": 0
  }
]
[
  {
    "struct name": "usb_phy",
    "No.fields": 21,
    "No.classified fields": 0
  }
]
[
  {
    "struct name": "hc_driver",
    "No.fields": 44,
    "No.classified fields": 0
  }
]
[
  {
    "struct name": "usb_hcd",
    "No.fields": 36,
    "No.classified fields": 3,
    "PTR_READ": 1,
    "UNCLASSIFY": 2
  },
  {
    "id": "0",
    "risky": "ptr-read",
    "acc_path": "usb_hcd->usb_phy",
    "src": "https://gitlab.flux.utah.edu/xcap/xcap-capability-linux/-/blob/llvm_v4.8/drivers/usb/core/hcd.c#L2933",
    "dst": "https://gitlab.flux.utah.edu/xcap/xcap-capability-linux/-/blob/llvm_v4.8/drivers/usb/core/hcd.c#L2933",
    "drv caller (param)": "[ xhci_plat_probe | https://gitlab.flux.utah.edu/xcap/xcap-capability-linux/-/blob/llvm_v4.8/drivers/usb/host/xhci-plat.c#L245 ], ",
    "call path (param)": " [xhci_plat_probe->usb_add_hcd] ",
    "drv_update loc (shared field)": "[ (xhci_plat_probe)https://gitlab.flux.utah.edu/xcap/xcap-capability-linux/-/blob/llvm_v4.8/drivers/usb/host/xhci-plat.c#L234 ], [ (xhci_plat_probe)https://gitlab.flux.utah.edu/xcap/xcap-capability-linux/-/blob/llvm_v4.8/drivers/usb/host/xhci-plat.c#L229 ], ",
    "call path (type)": " [usb_add_hcd] ",
    "cond_num": "0",
    "isControl": "1",
    "t_trace": "",
    "isTrue": "-",
    "atk_reason": "",
    "defense": ""
  }
]
[
  {
    "struct name": "resource",
    "No.fields": 8,
    "No.classified fields": 0
  }
]
[
  {
    "struct name": "platform_device",
    "No.fields": 10,
    "No.classified fields": 0
  }
]
