[
  {
    "struct name": "pci_dev",
    "No.fields": 90,
    "No.classified fields": 0
  }
]
[
  {
    "struct name": "pci_device_id",
    "No.fields": 7,
    "No.classified fields": 0
  }
]
[
  {
    "struct name": "attribute_group",
    "No.fields": 5,
    "No.classified fields": 0
  }
]
[
  {
    "struct name": "device_attribute",
    "No.fields": 3,
    "No.classified fields": 2,
    "FUNC_PTR": 2
  }
]
[
  {
    "struct name": "device",
    "No.fields": 35,
    "No.classified fields": 0
  }
]
[
  {
    "struct name": "attribute",
    "No.fields": 2,
    "No.classified fields": 0
  }
]
[
  {
    "struct name": "pci_bus",
    "No.fields": 25,
    "No.classified fields": 0
  }
]
[
  {
    "struct name": "cpumask",
    "No.fields": 1,
    "No.classified fields": 0
  }
]
