[
  {
    "struct name": "clk",
    "No.fields": 6,
    "No.classified fields": 0
  }
]
[
  {
    "struct name": "static_key",
    "No.fields": 3,
    "No.classified fields": 0
  }
]
[
  {
    "struct name": "dma_map_ops",
    "No.fields": 16,
    "No.classified fields": 0
  }
]
[
  {
    "struct name": "spinlock",
    "No.fields": 1,
    "No.classified fields": 0
  }
]
[
  {
    "struct name": "bus_type",
    "No.fields": 20,
    "No.classified fields": 0
  }
]
[
  {
    "struct name": "device_driver",
    "No.fields": 16,
    "No.classified fields": 1,
    "PTR_READ": 1,
    "PTR_WRITE": 1,
    "PTR_BUFFER": 1,
    "PTR_ARITH_BASE": 1,
    "SEN_API": 1
  },
  {
    "id": "0",
    "risky": "ptr-array",
    "acc_path": "device_driver->bus",
    "src": "https://gitlab.flux.utah.edu/xcap/xcap-capability-linux/-/blob/llvm_v4.8/drivers/base/platform.c#L698",
    "dst": "https://gitlab.flux.utah.edu/xcap/xcap-capability-linux/-/blob/llvm_v4.8/kernel/locking/spinlock_debug.c#L64",
    "drv caller (param)": "",
    "call path (param)": "",
    "drv_update loc (shared field)": "[ (mv_udc_start)https://gitlab.flux.utah.edu/xcap/xcap-capability-linux/-/blob/llvm_v4.8/drivers/usb/gadget/udc/mv_udc_core.c#L1365 ], ",
    "call path (type)": " [wait_for_completion->wait_for_common->__wait_for_common->_raw_spin_lock_irq->__raw_spin_lock_irq->do_raw_spin_lock->debug_spin_lock_before->spin_bug->spin_dump] ",
    "cond_num": "11",
    "isControl": "0"
  },
  {
    "id": "0",
    "risky": "ptr-arith",
    "acc_path": "device_driver->bus",
    "src": "https://gitlab.flux.utah.edu/xcap/xcap-capability-linux/-/blob/llvm_v4.8/drivers/base/platform.c#L698",
    "dst": "https://gitlab.flux.utah.edu/xcap/xcap-capability-linux/-/blob/llvm_v4.8/kernel/locking/spinlock_debug.c#L64",
    "drv caller (param)": "",
    "call path (param)": "",
    "drv_update loc (shared field)": "[ (mv_udc_start)https://gitlab.flux.utah.edu/xcap/xcap-capability-linux/-/blob/llvm_v4.8/drivers/usb/gadget/udc/mv_udc_core.c#L1365 ], ",
    "call path (type)": " [wait_for_completion->wait_for_common->__wait_for_common->_raw_spin_lock_irq->__raw_spin_lock_irq->do_raw_spin_lock->debug_spin_lock_before->spin_bug->spin_dump] ",
    "cond_num": "11",
    "isControl": "0"
  },
  {
    "id": "0",
    "risky": "ptr-write",
    "acc_path": "device_driver->bus",
    "src": "https://gitlab.flux.utah.edu/xcap/xcap-capability-linux/-/blob/llvm_v4.8/drivers/base/platform.c#L698",
    "dst": "https://gitlab.flux.utah.edu/xcap/xcap-capability-linux/-/blob/llvm_v4.8/./arch/x86/include/asm/qspinlock.h#L15 |   %7 = alloca i8, align 1",
    "drv caller (param)": "",
    "call path (param)": "",
    "drv_update loc (shared field)": "[ (mv_udc_start)https://gitlab.flux.utah.edu/xcap/xcap-capability-linux/-/blob/llvm_v4.8/drivers/usb/gadget/udc/mv_udc_core.c#L1365 ], ",
    "call path (type)": " [wait_for_completion->wait_for_common->__wait_for_common->do_wait_for_common->_raw_spin_unlock_irq->__raw_spin_unlock_irq->do_raw_spin_unlock->queued_spin_unlock->native_queued_spin_unlock] ",
    "cond_num": "0",
    "isControl": "1",
    "t_trace": "",
    "isTrue": "-",
    "atk_reason": "",
    "defense": ""
  },
  {
    "id": "0",
    "risky": "ptr-read",
    "acc_path": "device_driver->bus",
    "src": "https://gitlab.flux.utah.edu/xcap/xcap-capability-linux/-/blob/llvm_v4.8/drivers/base/platform.c#L698",
    "dst": "https://gitlab.flux.utah.edu/xcap/xcap-capability-linux/-/blob/llvm_v4.8/./include/linux/compiler.h#L249",
    "drv caller (param)": "",
    "call path (param)": "",
    "drv_update loc (shared field)": "[ (mv_udc_start)https://gitlab.flux.utah.edu/xcap/xcap-capability-linux/-/blob/llvm_v4.8/drivers/usb/gadget/udc/mv_udc_core.c#L1365 ], ",
    "call path (type)": " [wait_for_completion->wait_for_common->__wait_for_common->do_wait_for_common->_raw_spin_unlock_irq->__raw_spin_unlock_irq->do_raw_spin_unlock->queued_spin_unlock->native_queued_spin_unlock] ",
    "cond_num": "1",
    "isControl": "0"
  },
  {
    "id": "0",
    "risky": "ptr-sen-api (memcpy)",
    "acc_path": "device_driver->bus",
    "src": "https://gitlab.flux.utah.edu/xcap/xcap-capability-linux/-/blob/llvm_v4.8/drivers/base/platform.c#L698",
    "dst": "https://gitlab.flux.utah.edu/xcap/xcap-capability-linux/-/blob/llvm_v4.8/./include/linux/compiler.h#L252",
    "drv caller (param)": "",
    "call path (param)": "",
    "drv_update loc (shared field)": "[ (mv_udc_start)https://gitlab.flux.utah.edu/xcap/xcap-capability-linux/-/blob/llvm_v4.8/drivers/usb/gadget/udc/mv_udc_core.c#L1365 ], ",
    "call path (type)": " [wait_for_completion->wait_for_common->__wait_for_common->do_wait_for_common->_raw_spin_unlock_irq->__raw_spin_unlock_irq->do_raw_spin_unlock->queued_spin_unlock->native_queued_spin_unlock] ",
    "cond_num": "1",
    "isControl": "0"
  }
]
[
  {
    "struct name": "device",
    "No.fields": 35,
    "No.classified fields": 0
  }
]
[
  {
    "struct name": "list_head",
    "No.fields": 2,
    "No.classified fields": 0
  }
]
[
  {
    "struct name": "platform_device",
    "No.fields": 10,
    "No.classified fields": 0
  }
]
[
  {
    "struct name": "resource",
    "No.fields": 8,
    "No.classified fields": 0
  }
]
[
  {
    "struct name": "work_struct",
    "No.fields": 3,
    "No.classified fields": 1,
    "FUNC_PTR": 1
  }
]
[
  {
    "struct name": "workqueue_struct",
    "No.fields": 21,
    "No.classified fields": 0
  }
]
[
  {
    "struct name": "completion",
    "No.fields": 2,
    "No.classified fields": 0
  }
]
[
  {
    "struct name": "kmem_cache",
    "No.fields": 24,
    "No.classified fields": 0
  }
]
[
  {
    "struct name": "page",
    "No.fields": 7,
    "No.classified fields": 0
  }
]
