[
  {
    "id": "23",
    "risky": "arr-idx",
    "acc_path": "clock_id",
    "src": "https://gitlab.flux.utah.edu/xcap/xcap-capability-linux/-/blob/llvm_v4.8/kernel/time/hrtimer.c#L1149",
    "dst": "https://gitlab.flux.utah.edu/xcap/xcap-capability-linux/-/blob/llvm_v4.8/kernel/time/hrtimer.c#L105",
    "drv caller (param)": "[ null_queue_rq | https://gitlab.flux.utah.edu/xcap/xcap-capability-linux/-/blob/llvm_v4.8/drivers/block/null_blk.c#L360 ], ",
    "call path (param)": " [null_queue_rq->hrtimer_init->__hrtimer_init->hrtimer_clockid_to_base] ",
    "cond_num": "2",
    "isControl": "0"
  }
]
[]
[]
[]
[]
[]
[
  {
    "id": "29",
    "risky": "val-sen-api (kzalloc)",
    "acc_path": "node_id",
    "src": "https://gitlab.flux.utah.edu/xcap/xcap-capability-linux/-/blob/llvm_v4.8/block/genhd.c#L1294",
    "dst": "https://gitlab.flux.utah.edu/xcap/xcap-capability-linux/-/blob/llvm_v4.8/block/genhd.c#L1294",
    "drv caller (param)": "[ null_add_dev | https://gitlab.flux.utah.edu/xcap/xcap-capability-linux/-/blob/llvm_v4.8/drivers/block/null_blk.c#L727 ], ",
    "call path (param)": " [null_add_dev->alloc_disk_node] ",
    "cond_num": "0",
    "isControl": "1",
    "t_trace": "",
    "isTrue": "-",
    "atk_reason": "",
    "defense": ""
  }
]
[]
[]
[]
[]
[]
[]
[]
[]
